[0.083s] Invoking command in '/home/jason/Desktop/zam_ws/build/realsense2_camera': CMAKE_PREFIX_PATH=/home/jason/Desktop/zam_ws/install/realsense2_camera_msgs:/home/jason/Desktop/dev_ws/install/articubot_one:/home/jason/Desktop/zam_ws/install/realsense2_description:/home/jason/Desktop/zam_ws/install/realsense2_camera:/home/jason/Desktop/zam_ws/src/AutoCarROS2/install/launches:/home/jason/Desktop/zam_ws/src/AutoCarROS2/install/autocar_nav:/home/jason/Desktop/zam_ws/src/AutoCarROS2/install/autocar_msgs:/home/jason/Desktop/zam_ws/src/AutoCarROS2/install/autocar_map:/home/jason/Desktop/zam_ws/src/AutoCarROS2/install/autocar_gazebo:/home/jason/Desktop/zam_ws/src/AutoCarROS2/install/autocar_description:/home/jason/Desktop/zam_ws/install/launches:/home/jason/Desktop/zam_ws/install/autocar_nav:/home/jason/Desktop/zam_ws/install/autocar_msgs:/home/jason/Desktop/zam_ws/install/autocar_map:/home/jason/Desktop/zam_ws/install/autocar_gazebo:/home/jason/Desktop/zam_ws/install/autocar_description:/home/jason/Desktop/autocarws/install/launches:/home/jason/Desktop/autocarws/install/autocar_nav:/home/jason/Desktop/autocarws/install/autocar_msgs:/home/jason/Desktop/autocarws/install/autocar_map:/home/jason/Desktop/autocarws/install/autocar_gazebo:/home/jason/Desktop/autocarws/install/autocar_description:/opt/ros/foxy LD_LIBRARY_PATH=/home/jason/Desktop/zam_ws/install/realsense2_camera_msgs/lib:/home/jason/Desktop/zam_ws/install/realsense2_camera/lib:/home/jason/Desktop/zam_ws/src/AutoCarROS2/install/autocar_msgs/lib:/home/jason/Desktop/zam_ws/install/autocar_msgs/lib:/home/jason/Desktop/autocarws/install/autocar_msgs/lib:/usr/lib/x86_64-linux-gnu/gazebo-11/plugins:/opt/ros/foxy/opt/yaml_cpp_vendor/lib:/opt/ros/foxy/opt/rviz_ogre_vendor/lib:/opt/ros/foxy/lib/x86_64-linux-gnu:/opt/ros/foxy/lib /usr/bin/cmake --build /home/jason/Desktop/zam_ws/build/realsense2_camera -- -j4 -l4
[0.225s] [ 12%] Built target realsense2_camera_node
[0.399s] [100%] Built target realsense2_camera
[0.441s] Invoked command in '/home/jason/Desktop/zam_ws/build/realsense2_camera' returned '0': CMAKE_PREFIX_PATH=/home/jason/Desktop/zam_ws/install/realsense2_camera_msgs:/home/jason/Desktop/dev_ws/install/articubot_one:/home/jason/Desktop/zam_ws/install/realsense2_description:/home/jason/Desktop/zam_ws/install/realsense2_camera:/home/jason/Desktop/zam_ws/src/AutoCarROS2/install/launches:/home/jason/Desktop/zam_ws/src/AutoCarROS2/install/autocar_nav:/home/jason/Desktop/zam_ws/src/AutoCarROS2/install/autocar_msgs:/home/jason/Desktop/zam_ws/src/AutoCarROS2/install/autocar_map:/home/jason/Desktop/zam_ws/src/AutoCarROS2/install/autocar_gazebo:/home/jason/Desktop/zam_ws/src/AutoCarROS2/install/autocar_description:/home/jason/Desktop/zam_ws/install/launches:/home/jason/Desktop/zam_ws/install/autocar_nav:/home/jason/Desktop/zam_ws/install/autocar_msgs:/home/jason/Desktop/zam_ws/install/autocar_map:/home/jason/Desktop/zam_ws/install/autocar_gazebo:/home/jason/Desktop/zam_ws/install/autocar_description:/home/jason/Desktop/autocarws/install/launches:/home/jason/Desktop/autocarws/install/autocar_nav:/home/jason/Desktop/autocarws/install/autocar_msgs:/home/jason/Desktop/autocarws/install/autocar_map:/home/jason/Desktop/autocarws/install/autocar_gazebo:/home/jason/Desktop/autocarws/install/autocar_description:/opt/ros/foxy LD_LIBRARY_PATH=/home/jason/Desktop/zam_ws/install/realsense2_camera_msgs/lib:/home/jason/Desktop/zam_ws/install/realsense2_camera/lib:/home/jason/Desktop/zam_ws/src/AutoCarROS2/install/autocar_msgs/lib:/home/jason/Desktop/zam_ws/install/autocar_msgs/lib:/home/jason/Desktop/autocarws/install/autocar_msgs/lib:/usr/lib/x86_64-linux-gnu/gazebo-11/plugins:/opt/ros/foxy/opt/yaml_cpp_vendor/lib:/opt/ros/foxy/opt/rviz_ogre_vendor/lib:/opt/ros/foxy/lib/x86_64-linux-gnu:/opt/ros/foxy/lib /usr/bin/cmake --build /home/jason/Desktop/zam_ws/build/realsense2_camera -- -j4 -l4
[0.545s] Invoking command in '/home/jason/Desktop/zam_ws/build/realsense2_camera': CMAKE_PREFIX_PATH=/home/jason/Desktop/zam_ws/install/realsense2_camera_msgs:/home/jason/Desktop/dev_ws/install/articubot_one:/home/jason/Desktop/zam_ws/install/realsense2_description:/home/jason/Desktop/zam_ws/install/realsense2_camera:/home/jason/Desktop/zam_ws/src/AutoCarROS2/install/launches:/home/jason/Desktop/zam_ws/src/AutoCarROS2/install/autocar_nav:/home/jason/Desktop/zam_ws/src/AutoCarROS2/install/autocar_msgs:/home/jason/Desktop/zam_ws/src/AutoCarROS2/install/autocar_map:/home/jason/Desktop/zam_ws/src/AutoCarROS2/install/autocar_gazebo:/home/jason/Desktop/zam_ws/src/AutoCarROS2/install/autocar_description:/home/jason/Desktop/zam_ws/install/launches:/home/jason/Desktop/zam_ws/install/autocar_nav:/home/jason/Desktop/zam_ws/install/autocar_msgs:/home/jason/Desktop/zam_ws/install/autocar_map:/home/jason/Desktop/zam_ws/install/autocar_gazebo:/home/jason/Desktop/zam_ws/install/autocar_description:/home/jason/Desktop/autocarws/install/launches:/home/jason/Desktop/autocarws/install/autocar_nav:/home/jason/Desktop/autocarws/install/autocar_msgs:/home/jason/Desktop/autocarws/install/autocar_map:/home/jason/Desktop/autocarws/install/autocar_gazebo:/home/jason/Desktop/autocarws/install/autocar_description:/opt/ros/foxy LD_LIBRARY_PATH=/home/jason/Desktop/zam_ws/install/realsense2_camera_msgs/lib:/home/jason/Desktop/zam_ws/install/realsense2_camera/lib:/home/jason/Desktop/zam_ws/src/AutoCarROS2/install/autocar_msgs/lib:/home/jason/Desktop/zam_ws/install/autocar_msgs/lib:/home/jason/Desktop/autocarws/install/autocar_msgs/lib:/usr/lib/x86_64-linux-gnu/gazebo-11/plugins:/opt/ros/foxy/opt/yaml_cpp_vendor/lib:/opt/ros/foxy/opt/rviz_ogre_vendor/lib:/opt/ros/foxy/lib/x86_64-linux-gnu:/opt/ros/foxy/lib /usr/bin/cmake --install /home/jason/Desktop/zam_ws/build/realsense2_camera
[0.559s] -- Install configuration: "Release"
[0.559s] -- Execute custom install script
[0.560s] -- Up-to-date symlink: /home/jason/Desktop/zam_ws/install/realsense2_camera/lib/realsense2_camera/realsense2_camera_node
[0.561s] -- Up-to-date symlink: /home/jason/Desktop/zam_ws/install/realsense2_camera/lib/librealsense2_camera.so
[0.562s] -- Up-to-date symlink: /home/jason/Desktop/zam_ws/install/realsense2_camera/include/base_realsense_node.h
[0.562s] -- Up-to-date symlink: /home/jason/Desktop/zam_ws/install/realsense2_camera/include/constants.h
[0.562s] -- Up-to-date symlink: /home/jason/Desktop/zam_ws/install/realsense2_camera/include/dynamic_params.h
[0.563s] -- Up-to-date symlink: /home/jason/Desktop/zam_ws/install/realsense2_camera/include/image_publisher.h
[0.563s] -- Up-to-date symlink: /home/jason/Desktop/zam_ws/install/realsense2_camera/include/named_filter.h
[0.563s] -- Up-to-date symlink: /home/jason/Desktop/zam_ws/install/realsense2_camera/include/profile_manager.h
[0.563s] -- Up-to-date symlink: /home/jason/Desktop/zam_ws/install/realsense2_camera/include/realsense_node_factory.h
[0.564s] -- Up-to-date symlink: /home/jason/Desktop/zam_ws/install/realsense2_camera/include/ros_param_backend.h
[0.564s] -- Up-to-date symlink: /home/jason/Desktop/zam_ws/install/realsense2_camera/include/ros_sensor.h
[0.564s] -- Up-to-date symlink: /home/jason/Desktop/zam_ws/install/realsense2_camera/include/ros_utils.h
[0.565s] -- Up-to-date symlink: /home/jason/Desktop/zam_ws/install/realsense2_camera/include/sensor_params.h
[0.565s] -- Up-to-date symlink: /home/jason/Desktop/zam_ws/install/realsense2_camera/include/t265_realsense_node.h
[0.566s] -- Up-to-date symlink: /home/jason/Desktop/zam_ws/install/realsense2_camera/share/realsense2_camera/launch/default.rviz
[0.566s] -- Up-to-date symlink: /home/jason/Desktop/zam_ws/install/realsense2_camera/share/realsense2_camera/launch/rs_d400_and_t265_launch.py
[0.567s] -- Up-to-date symlink: /home/jason/Desktop/zam_ws/install/realsense2_camera/share/realsense2_camera/launch/rs_intra_process_demo_launch.py
[0.567s] -- Up-to-date symlink: /home/jason/Desktop/zam_ws/install/realsense2_camera/share/realsense2_camera/launch/rs_launch.py
[0.567s] -- Up-to-date symlink: /home/jason/Desktop/zam_ws/install/realsense2_camera/share/realsense2_camera/launch/rs_multi_camera_launch.py
[0.568s] -- Up-to-date symlink: /home/jason/Desktop/zam_ws/install/realsense2_camera/share/realsense2_camera/environment/library_path.sh
[0.568s] -- Up-to-date symlink: /home/jason/Desktop/zam_ws/install/realsense2_camera/share/realsense2_camera/environment/library_path.dsv
[0.569s] -- Up-to-date symlink: /home/jason/Desktop/zam_ws/install/realsense2_camera/share/ament_index/resource_index/package_run_dependencies/realsense2_camera
[0.569s] -- Up-to-date symlink: /home/jason/Desktop/zam_ws/install/realsense2_camera/share/ament_index/resource_index/parent_prefix_path/realsense2_camera
[0.570s] -- Up-to-date symlink: /home/jason/Desktop/zam_ws/install/realsense2_camera/share/realsense2_camera/environment/ament_prefix_path.sh
[0.570s] -- Up-to-date symlink: /home/jason/Desktop/zam_ws/install/realsense2_camera/share/realsense2_camera/environment/ament_prefix_path.dsv
[0.570s] -- Up-to-date symlink: /home/jason/Desktop/zam_ws/install/realsense2_camera/share/realsense2_camera/environment/path.sh
[0.571s] -- Up-to-date symlink: /home/jason/Desktop/zam_ws/install/realsense2_camera/share/realsense2_camera/environment/path.dsv
[0.571s] -- Up-to-date symlink: /home/jason/Desktop/zam_ws/install/realsense2_camera/share/realsense2_camera/local_setup.bash
[0.572s] -- Up-to-date symlink: /home/jason/Desktop/zam_ws/install/realsense2_camera/share/realsense2_camera/local_setup.sh
[0.572s] -- Up-to-date symlink: /home/jason/Desktop/zam_ws/install/realsense2_camera/share/realsense2_camera/local_setup.zsh
[0.572s] -- Up-to-date symlink: /home/jason/Desktop/zam_ws/install/realsense2_camera/share/realsense2_camera/local_setup.dsv
[0.573s] -- Symlinking: /home/jason/Desktop/zam_ws/install/realsense2_camera/share/realsense2_camera/package.dsv
[0.585s] -- Up-to-date symlink: /home/jason/Desktop/zam_ws/install/realsense2_camera/share/ament_index/resource_index/packages/realsense2_camera
[0.585s] -- Up-to-date symlink: /home/jason/Desktop/zam_ws/install/realsense2_camera/share/ament_index/resource_index/rclcpp_components/realsense2_camera
[0.585s] -- Up-to-date symlink: /home/jason/Desktop/zam_ws/install/realsense2_camera/share/realsense2_camera/cmake/ament_cmake_export_include_directories-extras.cmake
[0.586s] -- Up-to-date symlink: /home/jason/Desktop/zam_ws/install/realsense2_camera/share/realsense2_camera/cmake/ament_cmake_export_libraries-extras.cmake
[0.588s] -- Up-to-date symlink: /home/jason/Desktop/zam_ws/install/realsense2_camera/share/realsense2_camera/cmake/ament_cmake_export_dependencies-extras.cmake
[0.588s] -- Up-to-date symlink: /home/jason/Desktop/zam_ws/install/realsense2_camera/share/realsense2_camera/cmake/realsense2_cameraConfig.cmake
[0.588s] -- Up-to-date symlink: /home/jason/Desktop/zam_ws/install/realsense2_camera/share/realsense2_camera/cmake/realsense2_cameraConfig-version.cmake
[0.588s] -- Up-to-date symlink: /home/jason/Desktop/zam_ws/install/realsense2_camera/share/realsense2_camera/package.xml
[0.594s] Invoked command in '/home/jason/Desktop/zam_ws/build/realsense2_camera' returned '0': CMAKE_PREFIX_PATH=/home/jason/Desktop/zam_ws/install/realsense2_camera_msgs:/home/jason/Desktop/dev_ws/install/articubot_one:/home/jason/Desktop/zam_ws/install/realsense2_description:/home/jason/Desktop/zam_ws/install/realsense2_camera:/home/jason/Desktop/zam_ws/src/AutoCarROS2/install/launches:/home/jason/Desktop/zam_ws/src/AutoCarROS2/install/autocar_nav:/home/jason/Desktop/zam_ws/src/AutoCarROS2/install/autocar_msgs:/home/jason/Desktop/zam_ws/src/AutoCarROS2/install/autocar_map:/home/jason/Desktop/zam_ws/src/AutoCarROS2/install/autocar_gazebo:/home/jason/Desktop/zam_ws/src/AutoCarROS2/install/autocar_description:/home/jason/Desktop/zam_ws/install/launches:/home/jason/Desktop/zam_ws/install/autocar_nav:/home/jason/Desktop/zam_ws/install/autocar_msgs:/home/jason/Desktop/zam_ws/install/autocar_map:/home/jason/Desktop/zam_ws/install/autocar_gazebo:/home/jason/Desktop/zam_ws/install/autocar_description:/home/jason/Desktop/autocarws/install/launches:/home/jason/Desktop/autocarws/install/autocar_nav:/home/jason/Desktop/autocarws/install/autocar_msgs:/home/jason/Desktop/autocarws/install/autocar_map:/home/jason/Desktop/autocarws/install/autocar_gazebo:/home/jason/Desktop/autocarws/install/autocar_description:/opt/ros/foxy LD_LIBRARY_PATH=/home/jason/Desktop/zam_ws/install/realsense2_camera_msgs/lib:/home/jason/Desktop/zam_ws/install/realsense2_camera/lib:/home/jason/Desktop/zam_ws/src/AutoCarROS2/install/autocar_msgs/lib:/home/jason/Desktop/zam_ws/install/autocar_msgs/lib:/home/jason/Desktop/autocarws/install/autocar_msgs/lib:/usr/lib/x86_64-linux-gnu/gazebo-11/plugins:/opt/ros/foxy/opt/yaml_cpp_vendor/lib:/opt/ros/foxy/opt/rviz_ogre_vendor/lib:/opt/ros/foxy/lib/x86_64-linux-gnu:/opt/ros/foxy/lib /usr/bin/cmake --install /home/jason/Desktop/zam_ws/build/realsense2_camera
