[0.044s] Invoking command in '/home/jason/Desktop/zam_ws/build/realsense2_camera': CMAKE_PREFIX_PATH=/home/jason/Desktop/zam_ws/install/realsense2_camera_msgs:/home/jason/Desktop/zam_ws/install/realsense_ros2:/home/jason/Desktop/zam_ws/install/realsense_examples:/home/jason/Desktop/zam_ws/install/realsense_node:/home/jason/Desktop/zam_ws/install/realsense_ros:/home/jason/Desktop/zam_ws/install/realsense_msgs:/home/jason/Desktop/zam_ws/install/keyboard_control:/home/jason/Desktop/zam_ws/install/zam_tools:/opt/ros/foxy:/home/jason/Desktop/zam_ws/install/realsense_gazebo_plugin:/home/jason/Desktop/zam_ws/install/realsense2_description:/home/jason/Desktop/zam_ws/install/realsense2_camera:/home/jason/Desktop/zam_ws/install/launches:/home/jason/Desktop/zam_ws/install/autocar_nav:/home/jason/Desktop/zam_ws/install/autocar_msgs:/home/jason/Desktop/zam_ws/install/autocar_map:/home/jason/Desktop/zam_ws/install/autocar_gazebo:/home/jason/Desktop/zam_ws/install/autocar_description LD_LIBRARY_PATH=/home/jason/Desktop/zam_ws/install/realsense2_camera_msgs/lib:/home/jason/Desktop/zam_ws/install/realsense_ros/lib:/home/jason/Desktop/zam_ws/install/realsense_msgs/lib:/home/jason/Desktop/zam_ws/install/realsense_gazebo_plugin/lib:/home/jason/Desktop/zam_ws/install/realsense2_camera/lib:/home/jason/Desktop/zam_ws/install/autocar_msgs/lib:/usr/lib/x86_64-linux-gnu/gazebo-11/plugins:/opt/ros/foxy/opt/yaml_cpp_vendor/lib:/opt/ros/foxy/opt/rviz_ogre_vendor/lib:/opt/ros/foxy/lib/x86_64-linux-gnu:/opt/ros/foxy/lib PYTHONPATH=/home/jason/Desktop/zam_ws/install/realsense2_camera_msgs/lib/python3.8/site-packages:/home/jason/Desktop/zam_ws/install/realsense_msgs/lib/python3.8/site-packages:/home/jason/Desktop/zam_ws/build/keyboard_control:/home/jason/Desktop/zam_ws/install/keyboard_control/lib/python3.8/site-packages:/home/jason/Desktop/zam_ws/build/zam_tools:/home/jason/Desktop/zam_ws/install/zam_tools/lib/python3.8/site-packages:/home/jason/Desktop/zam_ws/install/autocar_nav/lib/python3.8/site-packages:/home/jason/Desktop/zam_ws/install/autocar_msgs/lib/python3.8/site-packages:/opt/ros/foxy/lib/python3.8/site-packages /usr/bin/cmake --build /home/jason/Desktop/zam_ws/build/realsense2_camera -- -j4 -l4
[0.310s] [ 12%] Built target realsense2_camera_node
[0.631s] [100%] Built target realsense2_camera
[0.750s] Invoked command in '/home/jason/Desktop/zam_ws/build/realsense2_camera' returned '0': CMAKE_PREFIX_PATH=/home/jason/Desktop/zam_ws/install/realsense2_camera_msgs:/home/jason/Desktop/zam_ws/install/realsense_ros2:/home/jason/Desktop/zam_ws/install/realsense_examples:/home/jason/Desktop/zam_ws/install/realsense_node:/home/jason/Desktop/zam_ws/install/realsense_ros:/home/jason/Desktop/zam_ws/install/realsense_msgs:/home/jason/Desktop/zam_ws/install/keyboard_control:/home/jason/Desktop/zam_ws/install/zam_tools:/opt/ros/foxy:/home/jason/Desktop/zam_ws/install/realsense_gazebo_plugin:/home/jason/Desktop/zam_ws/install/realsense2_description:/home/jason/Desktop/zam_ws/install/realsense2_camera:/home/jason/Desktop/zam_ws/install/launches:/home/jason/Desktop/zam_ws/install/autocar_nav:/home/jason/Desktop/zam_ws/install/autocar_msgs:/home/jason/Desktop/zam_ws/install/autocar_map:/home/jason/Desktop/zam_ws/install/autocar_gazebo:/home/jason/Desktop/zam_ws/install/autocar_description LD_LIBRARY_PATH=/home/jason/Desktop/zam_ws/install/realsense2_camera_msgs/lib:/home/jason/Desktop/zam_ws/install/realsense_ros/lib:/home/jason/Desktop/zam_ws/install/realsense_msgs/lib:/home/jason/Desktop/zam_ws/install/realsense_gazebo_plugin/lib:/home/jason/Desktop/zam_ws/install/realsense2_camera/lib:/home/jason/Desktop/zam_ws/install/autocar_msgs/lib:/usr/lib/x86_64-linux-gnu/gazebo-11/plugins:/opt/ros/foxy/opt/yaml_cpp_vendor/lib:/opt/ros/foxy/opt/rviz_ogre_vendor/lib:/opt/ros/foxy/lib/x86_64-linux-gnu:/opt/ros/foxy/lib PYTHONPATH=/home/jason/Desktop/zam_ws/install/realsense2_camera_msgs/lib/python3.8/site-packages:/home/jason/Desktop/zam_ws/install/realsense_msgs/lib/python3.8/site-packages:/home/jason/Desktop/zam_ws/build/keyboard_control:/home/jason/Desktop/zam_ws/install/keyboard_control/lib/python3.8/site-packages:/home/jason/Desktop/zam_ws/build/zam_tools:/home/jason/Desktop/zam_ws/install/zam_tools/lib/python3.8/site-packages:/home/jason/Desktop/zam_ws/install/autocar_nav/lib/python3.8/site-packages:/home/jason/Desktop/zam_ws/install/autocar_msgs/lib/python3.8/site-packages:/opt/ros/foxy/lib/python3.8/site-packages /usr/bin/cmake --build /home/jason/Desktop/zam_ws/build/realsense2_camera -- -j4 -l4
[1.006s] Invoking command in '/home/jason/Desktop/zam_ws/build/realsense2_camera': CMAKE_PREFIX_PATH=/home/jason/Desktop/zam_ws/install/realsense2_camera_msgs:/home/jason/Desktop/zam_ws/install/realsense_ros2:/home/jason/Desktop/zam_ws/install/realsense_examples:/home/jason/Desktop/zam_ws/install/realsense_node:/home/jason/Desktop/zam_ws/install/realsense_ros:/home/jason/Desktop/zam_ws/install/realsense_msgs:/home/jason/Desktop/zam_ws/install/keyboard_control:/home/jason/Desktop/zam_ws/install/zam_tools:/opt/ros/foxy:/home/jason/Desktop/zam_ws/install/realsense_gazebo_plugin:/home/jason/Desktop/zam_ws/install/realsense2_description:/home/jason/Desktop/zam_ws/install/realsense2_camera:/home/jason/Desktop/zam_ws/install/launches:/home/jason/Desktop/zam_ws/install/autocar_nav:/home/jason/Desktop/zam_ws/install/autocar_msgs:/home/jason/Desktop/zam_ws/install/autocar_map:/home/jason/Desktop/zam_ws/install/autocar_gazebo:/home/jason/Desktop/zam_ws/install/autocar_description LD_LIBRARY_PATH=/home/jason/Desktop/zam_ws/install/realsense2_camera_msgs/lib:/home/jason/Desktop/zam_ws/install/realsense_ros/lib:/home/jason/Desktop/zam_ws/install/realsense_msgs/lib:/home/jason/Desktop/zam_ws/install/realsense_gazebo_plugin/lib:/home/jason/Desktop/zam_ws/install/realsense2_camera/lib:/home/jason/Desktop/zam_ws/install/autocar_msgs/lib:/usr/lib/x86_64-linux-gnu/gazebo-11/plugins:/opt/ros/foxy/opt/yaml_cpp_vendor/lib:/opt/ros/foxy/opt/rviz_ogre_vendor/lib:/opt/ros/foxy/lib/x86_64-linux-gnu:/opt/ros/foxy/lib PYTHONPATH=/home/jason/Desktop/zam_ws/install/realsense2_camera_msgs/lib/python3.8/site-packages:/home/jason/Desktop/zam_ws/install/realsense_msgs/lib/python3.8/site-packages:/home/jason/Desktop/zam_ws/build/keyboard_control:/home/jason/Desktop/zam_ws/install/keyboard_control/lib/python3.8/site-packages:/home/jason/Desktop/zam_ws/build/zam_tools:/home/jason/Desktop/zam_ws/install/zam_tools/lib/python3.8/site-packages:/home/jason/Desktop/zam_ws/install/autocar_nav/lib/python3.8/site-packages:/home/jason/Desktop/zam_ws/install/autocar_msgs/lib/python3.8/site-packages:/opt/ros/foxy/lib/python3.8/site-packages /usr/bin/cmake --install /home/jason/Desktop/zam_ws/build/realsense2_camera
[1.037s] -- Install configuration: "Release"
[1.037s] -- Execute custom install script
[1.037s] -- Up-to-date symlink: /home/jason/Desktop/zam_ws/install/realsense2_camera/lib/realsense2_camera/realsense2_camera_node
[1.037s] -- Up-to-date symlink: /home/jason/Desktop/zam_ws/install/realsense2_camera/lib/librealsense2_camera.so
[1.037s] -- Up-to-date symlink: /home/jason/Desktop/zam_ws/install/realsense2_camera/include/base_realsense_node.h
[1.038s] -- Up-to-date symlink: /home/jason/Desktop/zam_ws/install/realsense2_camera/include/constants.h
[1.038s] -- Up-to-date symlink: /home/jason/Desktop/zam_ws/install/realsense2_camera/include/dynamic_params.h
[1.038s] -- Up-to-date symlink: /home/jason/Desktop/zam_ws/install/realsense2_camera/include/image_publisher.h
[1.038s] -- Up-to-date symlink: /home/jason/Desktop/zam_ws/install/realsense2_camera/include/named_filter.h
[1.038s] -- Up-to-date symlink: /home/jason/Desktop/zam_ws/install/realsense2_camera/include/profile_manager.h
[1.038s] -- Up-to-date symlink: /home/jason/Desktop/zam_ws/install/realsense2_camera/include/realsense_node_factory.h
[1.040s] -- Up-to-date symlink: /home/jason/Desktop/zam_ws/install/realsense2_camera/include/ros_param_backend.h
[1.040s] -- Up-to-date symlink: /home/jason/Desktop/zam_ws/install/realsense2_camera/include/ros_sensor.h
[1.040s] -- Up-to-date symlink: /home/jason/Desktop/zam_ws/install/realsense2_camera/include/ros_utils.h
[1.040s] -- Up-to-date symlink: /home/jason/Desktop/zam_ws/install/realsense2_camera/include/sensor_params.h
[1.040s] -- Up-to-date symlink: /home/jason/Desktop/zam_ws/install/realsense2_camera/include/t265_realsense_node.h
[1.040s] -- Up-to-date symlink: /home/jason/Desktop/zam_ws/install/realsense2_camera/share/realsense2_camera/launch/default.rviz
[1.040s] -- Up-to-date symlink: /home/jason/Desktop/zam_ws/install/realsense2_camera/share/realsense2_camera/launch/rs_d400_and_t265_launch.py
[1.041s] -- Up-to-date symlink: /home/jason/Desktop/zam_ws/install/realsense2_camera/share/realsense2_camera/launch/rs_intra_process_demo_launch.py
[1.041s] -- Up-to-date symlink: /home/jason/Desktop/zam_ws/install/realsense2_camera/share/realsense2_camera/launch/rs_launch.py
[1.041s] -- Up-to-date symlink: /home/jason/Desktop/zam_ws/install/realsense2_camera/share/realsense2_camera/launch/rs_multi_camera_launch.py
[1.041s] -- Up-to-date symlink: /home/jason/Desktop/zam_ws/install/realsense2_camera/share/realsense2_camera/environment/library_path.sh
[1.046s] -- Up-to-date symlink: /home/jason/Desktop/zam_ws/install/realsense2_camera/share/realsense2_camera/environment/library_path.dsv
[1.046s] -- Up-to-date symlink: /home/jason/Desktop/zam_ws/install/realsense2_camera/share/ament_index/resource_index/package_run_dependencies/realsense2_camera
[1.046s] -- Up-to-date symlink: /home/jason/Desktop/zam_ws/install/realsense2_camera/share/ament_index/resource_index/parent_prefix_path/realsense2_camera
[1.046s] -- Up-to-date symlink: /home/jason/Desktop/zam_ws/install/realsense2_camera/share/realsense2_camera/environment/ament_prefix_path.sh
[1.046s] -- Up-to-date symlink: /home/jason/Desktop/zam_ws/install/realsense2_camera/share/realsense2_camera/environment/ament_prefix_path.dsv
[1.046s] -- Up-to-date symlink: /home/jason/Desktop/zam_ws/install/realsense2_camera/share/realsense2_camera/environment/path.sh
[1.047s] -- Up-to-date symlink: /home/jason/Desktop/zam_ws/install/realsense2_camera/share/realsense2_camera/environment/path.dsv
[1.047s] -- Up-to-date symlink: /home/jason/Desktop/zam_ws/install/realsense2_camera/share/realsense2_camera/local_setup.bash
[1.048s] -- Up-to-date symlink: /home/jason/Desktop/zam_ws/install/realsense2_camera/share/realsense2_camera/local_setup.sh
[1.049s] -- Up-to-date symlink: /home/jason/Desktop/zam_ws/install/realsense2_camera/share/realsense2_camera/local_setup.zsh
[1.049s] -- Up-to-date symlink: /home/jason/Desktop/zam_ws/install/realsense2_camera/share/realsense2_camera/local_setup.dsv
[1.050s] -- Symlinking: /home/jason/Desktop/zam_ws/install/realsense2_camera/share/realsense2_camera/package.dsv
[1.070s] -- Up-to-date symlink: /home/jason/Desktop/zam_ws/install/realsense2_camera/share/ament_index/resource_index/packages/realsense2_camera
[1.070s] -- Up-to-date symlink: /home/jason/Desktop/zam_ws/install/realsense2_camera/share/ament_index/resource_index/rclcpp_components/realsense2_camera
[1.070s] -- Up-to-date symlink: /home/jason/Desktop/zam_ws/install/realsense2_camera/share/realsense2_camera/cmake/ament_cmake_export_include_directories-extras.cmake
[1.072s] -- Up-to-date symlink: /home/jason/Desktop/zam_ws/install/realsense2_camera/share/realsense2_camera/cmake/ament_cmake_export_libraries-extras.cmake
[1.072s] -- Up-to-date symlink: /home/jason/Desktop/zam_ws/install/realsense2_camera/share/realsense2_camera/cmake/ament_cmake_export_dependencies-extras.cmake
[1.078s] -- Up-to-date symlink: /home/jason/Desktop/zam_ws/install/realsense2_camera/share/realsense2_camera/cmake/realsense2_cameraConfig.cmake
[1.078s] -- Up-to-date symlink: /home/jason/Desktop/zam_ws/install/realsense2_camera/share/realsense2_camera/cmake/realsense2_cameraConfig-version.cmake
[1.079s] -- Up-to-date symlink: /home/jason/Desktop/zam_ws/install/realsense2_camera/share/realsense2_camera/package.xml
[1.109s] Invoked command in '/home/jason/Desktop/zam_ws/build/realsense2_camera' returned '0': CMAKE_PREFIX_PATH=/home/jason/Desktop/zam_ws/install/realsense2_camera_msgs:/home/jason/Desktop/zam_ws/install/realsense_ros2:/home/jason/Desktop/zam_ws/install/realsense_examples:/home/jason/Desktop/zam_ws/install/realsense_node:/home/jason/Desktop/zam_ws/install/realsense_ros:/home/jason/Desktop/zam_ws/install/realsense_msgs:/home/jason/Desktop/zam_ws/install/keyboard_control:/home/jason/Desktop/zam_ws/install/zam_tools:/opt/ros/foxy:/home/jason/Desktop/zam_ws/install/realsense_gazebo_plugin:/home/jason/Desktop/zam_ws/install/realsense2_description:/home/jason/Desktop/zam_ws/install/realsense2_camera:/home/jason/Desktop/zam_ws/install/launches:/home/jason/Desktop/zam_ws/install/autocar_nav:/home/jason/Desktop/zam_ws/install/autocar_msgs:/home/jason/Desktop/zam_ws/install/autocar_map:/home/jason/Desktop/zam_ws/install/autocar_gazebo:/home/jason/Desktop/zam_ws/install/autocar_description LD_LIBRARY_PATH=/home/jason/Desktop/zam_ws/install/realsense2_camera_msgs/lib:/home/jason/Desktop/zam_ws/install/realsense_ros/lib:/home/jason/Desktop/zam_ws/install/realsense_msgs/lib:/home/jason/Desktop/zam_ws/install/realsense_gazebo_plugin/lib:/home/jason/Desktop/zam_ws/install/realsense2_camera/lib:/home/jason/Desktop/zam_ws/install/autocar_msgs/lib:/usr/lib/x86_64-linux-gnu/gazebo-11/plugins:/opt/ros/foxy/opt/yaml_cpp_vendor/lib:/opt/ros/foxy/opt/rviz_ogre_vendor/lib:/opt/ros/foxy/lib/x86_64-linux-gnu:/opt/ros/foxy/lib PYTHONPATH=/home/jason/Desktop/zam_ws/install/realsense2_camera_msgs/lib/python3.8/site-packages:/home/jason/Desktop/zam_ws/install/realsense_msgs/lib/python3.8/site-packages:/home/jason/Desktop/zam_ws/build/keyboard_control:/home/jason/Desktop/zam_ws/install/keyboard_control/lib/python3.8/site-packages:/home/jason/Desktop/zam_ws/build/zam_tools:/home/jason/Desktop/zam_ws/install/zam_tools/lib/python3.8/site-packages:/home/jason/Desktop/zam_ws/install/autocar_nav/lib/python3.8/site-packages:/home/jason/Desktop/zam_ws/install/autocar_msgs/lib/python3.8/site-packages:/opt/ros/foxy/lib/python3.8/site-packages /usr/bin/cmake --install /home/jason/Desktop/zam_ws/build/realsense2_camera
