-- The C compiler identification is GNU 9.4.0
-- The CXX compiler identification is GNU 9.4.0
-- Check for working C compiler: /usr/bin/cc
-- Check for working C compiler: /usr/bin/cc -- works
-- Detecting C compiler ABI info
-- Detecting C compiler ABI info - done
-- Detecting C compile features
-- Detecting C compile features - done
-- Check for working CXX compiler: /usr/bin/c++
-- Check for working CXX compiler: /usr/bin/c++ -- works
-- Detecting CXX compiler ABI info
-- Detecting CXX compiler ABI info - done
-- Detecting CXX compile features
-- Detecting CXX compile features - done
-- Found ament_cmake: 0.9.11 (/opt/ros/foxy/share/ament_cmake/cmake)
-- Found PythonInterp: /usr/bin/python3 (found suitable version "3.8.10", minimum required is "3") 
-- Using PYTHON_EXECUTABLE: /usr/bin/python3
-- Found ament_lint_auto: 0.9.7 (/opt/ros/foxy/share/ament_lint_auto/cmake)
-- Added test 'copyright' to check source files copyright and LICENSE
-- Added test 'flake8' to check Python code syntax and style conventions
-- Added test 'lint_cmake' to check CMake code style
-- Added test 'pep257' to check Python code against some of the style conventions in PEP 257
-- Added test 'xmllint' to check XML markup files
-- Configuring done
-- Generating done
-- Build files have been written to: /home/jason/Desktop/zam_ws/build/launches
-- Install configuration: ""
-- Installing: /home/jason/Desktop/zam_ws/install/launches/share/launches/launch
-- Installing: /home/jason/Desktop/zam_ws/install/launches/share/launches/launch/default_launch.py
-- Installing: /home/jason/Desktop/zam_ws/install/launches/share/launches/launch/click_launch.py
-- Installing: /home/jason/Desktop/zam_ws/install/launches/share/ament_index/resource_index/package_run_dependencies/launches
-- Installing: /home/jason/Desktop/zam_ws/install/launches/share/ament_index/resource_index/parent_prefix_path/launches
-- Installing: /home/jason/Desktop/zam_ws/install/launches/share/launches/environment/ament_prefix_path.sh
-- Installing: /home/jason/Desktop/zam_ws/install/launches/share/launches/environment/ament_prefix_path.dsv
-- Installing: /home/jason/Desktop/zam_ws/install/launches/share/launches/environment/path.sh
-- Installing: /home/jason/Desktop/zam_ws/install/launches/share/launches/environment/path.dsv
-- Installing: /home/jason/Desktop/zam_ws/install/launches/share/launches/local_setup.bash
-- Installing: /home/jason/Desktop/zam_ws/install/launches/share/launches/local_setup.sh
-- Installing: /home/jason/Desktop/zam_ws/install/launches/share/launches/local_setup.zsh
-- Installing: /home/jason/Desktop/zam_ws/install/launches/share/launches/local_setup.dsv
-- Installing: /home/jason/Desktop/zam_ws/install/launches/share/launches/package.dsv
-- Installing: /home/jason/Desktop/zam_ws/install/launches/share/ament_index/resource_index/packages/launches
-- Installing: /home/jason/Desktop/zam_ws/install/launches/share/launches/cmake/launchesConfig.cmake
-- Installing: /home/jason/Desktop/zam_ws/install/launches/share/launches/cmake/launchesConfig-version.cmake
-- Installing: /home/jason/Desktop/zam_ws/install/launches/share/launches/package.xml
