[0.032s] Invoking command in '/home/jason/Desktop/zam_ws/build/realsense_ros2': CMAKE_PREFIX_PATH=/home/jason/Desktop/zam_ws/install/realsense_ros2:/home/jason/Desktop/zam_ws/install/realsense_examples:/home/jason/Desktop/zam_ws/install/realsense_node:/home/jason/Desktop/zam_ws/install/realsense_ros:/home/jason/Desktop/zam_ws/install/realsense_msgs:/home/jason/Desktop/zam_ws/install/zam_tools:/home/jason/Desktop/zam_ws/install/keyboard_control:/opt/ros/foxy:/home/jason/Desktop/zam_ws/install/realsense_gazebo_plugin:/home/jason/Desktop/zam_ws/install/realsense2_description:/home/jason/Desktop/zam_ws/install/realsense2_camera:/home/jason/Desktop/zam_ws/install/realsense2_camera_msgs:/home/jason/Desktop/zam_ws/install/launches:/home/jason/Desktop/zam_ws/install/autocar_nav:/home/jason/Desktop/zam_ws/install/autocar_msgs:/home/jason/Desktop/zam_ws/install/autocar_map:/home/jason/Desktop/zam_ws/install/autocar_gazebo:/home/jason/Desktop/zam_ws/install/autocar_description /usr/bin/cmake /home/jason/Desktop/zam_ws/src/realsense_ros2/realsense_ros2 -DAMENT_CMAKE_SYMLINK_INSTALL=1 -DCMAKE_INSTALL_PREFIX=/home/jason/Desktop/zam_ws/install/realsense_ros2
[0.077s] -- Found ament_cmake: 0.9.11 (/opt/ros/foxy/share/ament_cmake/cmake)
[0.154s] -- Using PYTHON_EXECUTABLE: /usr/bin/python3
[0.587s] -- Override CMake install command with custom implementation using symlinks instead of copying resources
[0.610s] -- Found rclcpp: 2.4.2 (/opt/ros/foxy/share/rclcpp/cmake)
[0.711s] -- Using all available rosidl_typesupport_c: rosidl_typesupport_fastrtps_c;rosidl_typesupport_introspection_c
[0.722s] -- Found rosidl_adapter: 1.3.0 (/opt/ros/foxy/share/rosidl_adapter/cmake)
[1.024s] -- Using all available rosidl_typesupport_cpp: rosidl_typesupport_fastrtps_cpp;rosidl_typesupport_introspection_cpp
[1.173s] -- Found rmw_implementation_cmake: 1.0.3 (/opt/ros/foxy/share/rmw_implementation_cmake/cmake)
[1.177s] -- Using RMW implementation 'rmw_fastrtps_cpp' as default
[1.565s] -- Found geometry_msgs: 2.0.5 (/opt/ros/foxy/share/geometry_msgs/cmake)
[1.652s] -- Found nav_msgs: 2.0.5 (/opt/ros/foxy/share/nav_msgs/cmake)
[1.840s] -- Found sensor_msgs: 2.0.5 (/opt/ros/foxy/share/sensor_msgs/cmake)
[2.062s] -- Found tf2_msgs: 0.13.13 (/opt/ros/foxy/share/tf2_msgs/cmake)
[2.583s] -- Found tf2_ros: 0.13.13 (/opt/ros/foxy/share/tf2_ros/cmake)
[2.983s] -- Found pcl_conversions: 2.2.1 (/opt/ros/foxy/share/pcl_conversions/cmake)
[3.430s] -- Found cv_bridge: 3.0.7 (/opt/ros/foxy/share/cv_bridge/cmake)
[3.494s] -- Found image_transport: 2.4.0 (/opt/ros/foxy/share/image_transport/cmake)
[3.578s] -- Found Boost: /usr/lib/x86_64-linux-gnu/cmake/Boost-1.71.0/BoostConfig.cmake (found version "1.71.0") found components: system 
[3.598s] -- Eigen found (include: /usr/include/eigen3, version: 3.3.7)
[3.627s] -- Found Boost: /usr/include (found suitable version "1.71.0", minimum required is "1.55.0") found components: system filesystem date_time iostreams regex 
[3.636s] -- looking for PCL_COMMON
[4.130s] -- Found ament_lint_auto: 0.9.7 (/opt/ros/foxy/share/ament_lint_auto/cmake)
[4.286s] -- Added test 'copyright' to check source files copyright and LICENSE
[4.290s] -- Added test 'cppcheck' to perform static code analysis on C / C++ code
[4.293s] -- Configured cppcheck include dirs: /home/jason/Desktop/zam_ws/src/realsense_ros2/realsense_ros2/include;$<BUILD_INTERFACE:/home/jason/Desktop/zam_ws/src/realsense_ros2/realsense_ros2/include>
[4.293s] -- Configured cppcheck exclude dirs and/or files: 
[4.296s] -- Added test 'cpplint' to check C / C++ code against the Google style
[4.296s] -- Configured cpplint exclude dirs and/or files: 
[4.298s] -- Added test 'flake8' to check Python code syntax and style conventions
[4.310s] -- Added test 'lint_cmake' to check CMake code style
[4.312s] -- Added test 'pep257' to check Python code against some of the style conventions in PEP 257
[4.312s] -- Added test 'uncrustify' to check C / C++ code style
[4.312s] -- Configured uncrustify additional arguments: 
[4.313s] -- Added test 'xmllint' to check XML markup files
[4.321s] -- Configuring done
[4.472s] -- Generating done
[4.473s] -- Build files have been written to: /home/jason/Desktop/zam_ws/build/realsense_ros2
[4.514s] Invoked command in '/home/jason/Desktop/zam_ws/build/realsense_ros2' returned '0': CMAKE_PREFIX_PATH=/home/jason/Desktop/zam_ws/install/realsense_ros2:/home/jason/Desktop/zam_ws/install/realsense_examples:/home/jason/Desktop/zam_ws/install/realsense_node:/home/jason/Desktop/zam_ws/install/realsense_ros:/home/jason/Desktop/zam_ws/install/realsense_msgs:/home/jason/Desktop/zam_ws/install/zam_tools:/home/jason/Desktop/zam_ws/install/keyboard_control:/opt/ros/foxy:/home/jason/Desktop/zam_ws/install/realsense_gazebo_plugin:/home/jason/Desktop/zam_ws/install/realsense2_description:/home/jason/Desktop/zam_ws/install/realsense2_camera:/home/jason/Desktop/zam_ws/install/realsense2_camera_msgs:/home/jason/Desktop/zam_ws/install/launches:/home/jason/Desktop/zam_ws/install/autocar_nav:/home/jason/Desktop/zam_ws/install/autocar_msgs:/home/jason/Desktop/zam_ws/install/autocar_map:/home/jason/Desktop/zam_ws/install/autocar_gazebo:/home/jason/Desktop/zam_ws/install/autocar_description /usr/bin/cmake /home/jason/Desktop/zam_ws/src/realsense_ros2/realsense_ros2 -DAMENT_CMAKE_SYMLINK_INSTALL=1 -DCMAKE_INSTALL_PREFIX=/home/jason/Desktop/zam_ws/install/realsense_ros2
[4.520s] Invoking command in '/home/jason/Desktop/zam_ws/build/realsense_ros2': CMAKE_PREFIX_PATH=/home/jason/Desktop/zam_ws/install/realsense_ros2:/home/jason/Desktop/zam_ws/install/realsense_examples:/home/jason/Desktop/zam_ws/install/realsense_node:/home/jason/Desktop/zam_ws/install/realsense_ros:/home/jason/Desktop/zam_ws/install/realsense_msgs:/home/jason/Desktop/zam_ws/install/zam_tools:/home/jason/Desktop/zam_ws/install/keyboard_control:/opt/ros/foxy:/home/jason/Desktop/zam_ws/install/realsense_gazebo_plugin:/home/jason/Desktop/zam_ws/install/realsense2_description:/home/jason/Desktop/zam_ws/install/realsense2_camera:/home/jason/Desktop/zam_ws/install/realsense2_camera_msgs:/home/jason/Desktop/zam_ws/install/launches:/home/jason/Desktop/zam_ws/install/autocar_nav:/home/jason/Desktop/zam_ws/install/autocar_msgs:/home/jason/Desktop/zam_ws/install/autocar_map:/home/jason/Desktop/zam_ws/install/autocar_gazebo:/home/jason/Desktop/zam_ws/install/autocar_description /usr/bin/cmake --build /home/jason/Desktop/zam_ws/build/realsense_ros2 -- -j4 -l4
[4.615s] [35m[1mScanning dependencies of target rs_d435_node[0m
[4.701s] [ 25%] [32m[1mLinking CXX executable rs_t265_node[0m
[4.765s] [ 50%] [32mBuilding CXX object CMakeFiles/rs_d435_node.dir/src/rs_d435_node.cpp.o[0m
[6.562s] [ 75%] Built target rs_t265_node
[7.938s] In file included from [01m[K/home/jason/Desktop/zam_ws/src/realsense_ros2/realsense_ros2/src/rs_d435_node.cpp:21[m[K:
[7.938s] [01m[K/opt/ros/foxy/include/image_transport/image_transport.h:41:89:[m[K [01;36m[Knote: [m[K#pragma message: Warning: This header is deprecated. Use 'image_transport.hpp' instead
[7.938s]    41 | #pragma message ("Warning: This header is deprecated. Use 'image_transport.hpp' instead"[01;36m[K)[m[K
[7.938s]       |                                                                                         [01;36m[K^[m[K
[13.315s] [100%] [32m[1mLinking CXX executable rs_d435_node[0m
[14.514s] [100%] Built target rs_d435_node
[14.531s] Invoked command in '/home/jason/Desktop/zam_ws/build/realsense_ros2' returned '0': CMAKE_PREFIX_PATH=/home/jason/Desktop/zam_ws/install/realsense_ros2:/home/jason/Desktop/zam_ws/install/realsense_examples:/home/jason/Desktop/zam_ws/install/realsense_node:/home/jason/Desktop/zam_ws/install/realsense_ros:/home/jason/Desktop/zam_ws/install/realsense_msgs:/home/jason/Desktop/zam_ws/install/zam_tools:/home/jason/Desktop/zam_ws/install/keyboard_control:/opt/ros/foxy:/home/jason/Desktop/zam_ws/install/realsense_gazebo_plugin:/home/jason/Desktop/zam_ws/install/realsense2_description:/home/jason/Desktop/zam_ws/install/realsense2_camera:/home/jason/Desktop/zam_ws/install/realsense2_camera_msgs:/home/jason/Desktop/zam_ws/install/launches:/home/jason/Desktop/zam_ws/install/autocar_nav:/home/jason/Desktop/zam_ws/install/autocar_msgs:/home/jason/Desktop/zam_ws/install/autocar_map:/home/jason/Desktop/zam_ws/install/autocar_gazebo:/home/jason/Desktop/zam_ws/install/autocar_description /usr/bin/cmake --build /home/jason/Desktop/zam_ws/build/realsense_ros2 -- -j4 -l4
[14.565s] Invoking command in '/home/jason/Desktop/zam_ws/build/realsense_ros2': CMAKE_PREFIX_PATH=/home/jason/Desktop/zam_ws/install/realsense_ros2:/home/jason/Desktop/zam_ws/install/realsense_examples:/home/jason/Desktop/zam_ws/install/realsense_node:/home/jason/Desktop/zam_ws/install/realsense_ros:/home/jason/Desktop/zam_ws/install/realsense_msgs:/home/jason/Desktop/zam_ws/install/zam_tools:/home/jason/Desktop/zam_ws/install/keyboard_control:/opt/ros/foxy:/home/jason/Desktop/zam_ws/install/realsense_gazebo_plugin:/home/jason/Desktop/zam_ws/install/realsense2_description:/home/jason/Desktop/zam_ws/install/realsense2_camera:/home/jason/Desktop/zam_ws/install/realsense2_camera_msgs:/home/jason/Desktop/zam_ws/install/launches:/home/jason/Desktop/zam_ws/install/autocar_nav:/home/jason/Desktop/zam_ws/install/autocar_msgs:/home/jason/Desktop/zam_ws/install/autocar_map:/home/jason/Desktop/zam_ws/install/autocar_gazebo:/home/jason/Desktop/zam_ws/install/autocar_description /usr/bin/cmake --install /home/jason/Desktop/zam_ws/build/realsense_ros2
[14.576s] -- Install configuration: ""
[14.576s] -- Execute custom install script
[14.577s] -- Symlinking: /home/jason/Desktop/zam_ws/install/realsense_ros2/share/realsense_ros2//launch/online_async_launch.py
[14.588s] -- Symlinking: /home/jason/Desktop/zam_ws/install/realsense_ros2/share/realsense_ros2//launch/realsense_2d_slam_launch.py
[14.597s] -- Symlinking: /home/jason/Desktop/zam_ws/install/realsense_ros2/share/realsense_ros2//launch/realsense_launch.py
[14.609s] -- Symlinking: /home/jason/Desktop/zam_ws/install/realsense_ros2/share/realsense_ros2//launch/realsense_rtabmap.py
[14.620s] -- Symlinking: /home/jason/Desktop/zam_ws/install/realsense_ros2/share/realsense_ros2//config/mapper_params_online_async.yaml
[14.630s] -- Symlinking: /home/jason/Desktop/zam_ws/install/realsense_ros2/share/realsense_ros2//config/rs_cartographer.lua
[14.642s] -- Symlinking: /home/jason/Desktop/zam_ws/install/realsense_ros2/lib/realsense_ros2/rs_t265_node
[14.654s] -- Symlinking: /home/jason/Desktop/zam_ws/install/realsense_ros2/lib/realsense_ros2/rs_d435_node
[14.668s] -- Symlinking: /home/jason/Desktop/zam_ws/install/realsense_ros2/share/ament_index/resource_index/package_run_dependencies/realsense_ros2
[14.681s] -- Symlinking: /home/jason/Desktop/zam_ws/install/realsense_ros2/share/ament_index/resource_index/parent_prefix_path/realsense_ros2
[14.693s] -- Symlinking: /home/jason/Desktop/zam_ws/install/realsense_ros2/share/realsense_ros2/environment/ament_prefix_path.sh
[14.706s] -- Symlinking: /home/jason/Desktop/zam_ws/install/realsense_ros2/share/realsense_ros2/environment/ament_prefix_path.dsv
[14.718s] -- Symlinking: /home/jason/Desktop/zam_ws/install/realsense_ros2/share/realsense_ros2/environment/path.sh
[14.730s] -- Symlinking: /home/jason/Desktop/zam_ws/install/realsense_ros2/share/realsense_ros2/environment/path.dsv
[14.742s] -- Symlinking: /home/jason/Desktop/zam_ws/install/realsense_ros2/share/realsense_ros2/local_setup.bash
[14.757s] -- Symlinking: /home/jason/Desktop/zam_ws/install/realsense_ros2/share/realsense_ros2/local_setup.sh
[14.770s] -- Symlinking: /home/jason/Desktop/zam_ws/install/realsense_ros2/share/realsense_ros2/local_setup.zsh
[14.783s] -- Symlinking: /home/jason/Desktop/zam_ws/install/realsense_ros2/share/realsense_ros2/local_setup.dsv
[14.795s] -- Symlinking: /home/jason/Desktop/zam_ws/install/realsense_ros2/share/realsense_ros2/package.dsv
[14.809s] -- Symlinking: /home/jason/Desktop/zam_ws/install/realsense_ros2/share/ament_index/resource_index/packages/realsense_ros2
[14.827s] -- Symlinking: /home/jason/Desktop/zam_ws/install/realsense_ros2/share/realsense_ros2/cmake/realsense_ros2Config.cmake
[14.842s] -- Symlinking: /home/jason/Desktop/zam_ws/install/realsense_ros2/share/realsense_ros2/cmake/realsense_ros2Config-version.cmake
[14.856s] -- Symlinking: /home/jason/Desktop/zam_ws/install/realsense_ros2/share/realsense_ros2/package.xml
[14.877s] Invoked command in '/home/jason/Desktop/zam_ws/build/realsense_ros2' returned '0': CMAKE_PREFIX_PATH=/home/jason/Desktop/zam_ws/install/realsense_ros2:/home/jason/Desktop/zam_ws/install/realsense_examples:/home/jason/Desktop/zam_ws/install/realsense_node:/home/jason/Desktop/zam_ws/install/realsense_ros:/home/jason/Desktop/zam_ws/install/realsense_msgs:/home/jason/Desktop/zam_ws/install/zam_tools:/home/jason/Desktop/zam_ws/install/keyboard_control:/opt/ros/foxy:/home/jason/Desktop/zam_ws/install/realsense_gazebo_plugin:/home/jason/Desktop/zam_ws/install/realsense2_description:/home/jason/Desktop/zam_ws/install/realsense2_camera:/home/jason/Desktop/zam_ws/install/realsense2_camera_msgs:/home/jason/Desktop/zam_ws/install/launches:/home/jason/Desktop/zam_ws/install/autocar_nav:/home/jason/Desktop/zam_ws/install/autocar_msgs:/home/jason/Desktop/zam_ws/install/autocar_map:/home/jason/Desktop/zam_ws/install/autocar_gazebo:/home/jason/Desktop/zam_ws/install/autocar_description /usr/bin/cmake --install /home/jason/Desktop/zam_ws/build/realsense_ros2
