[0.064s] Invoking command in '/home/jason/Desktop/zam_ws/build/realsense2_camera_msgs': CMAKE_PREFIX_PATH=/home/jason/Desktop/zam_ws/install/keyboard_control:/home/jason/Desktop/zam_ws/install/zam_tools:/opt/ros/foxy:${CMAKE_PREFIX_PATH} /usr/bin/cmake --build /home/jason/Desktop/zam_ws/build/realsense2_camera_msgs -- -j4 -l4
[0.264s] [  1%] Built target realsense2_camera_msgs__cpp
[0.291s] [ 12%] Built target realsense2_camera_msgs__rosidl_generator_c
[0.442s] [ 23%] Built target realsense2_camera_msgs__rosidl_typesupport_fastrtps_cpp
[0.456s] [ 34%] Built target realsense2_camera_msgs__rosidl_typesupport_introspection_cpp
[0.479s] [ 45%] Built target realsense2_camera_msgs__rosidl_typesupport_cpp
[0.571s] [ 56%] Built target realsense2_camera_msgs__rosidl_typesupport_introspection_c
[0.583s] [ 67%] Built target realsense2_camera_msgs__rosidl_typesupport_fastrtps_c
[0.607s] [ 78%] Built target realsense2_camera_msgs__rosidl_typesupport_c
[0.687s] [ 78%] Built target realsense2_camera_msgs
[0.765s] [ 80%] Built target realsense2_camera_msgs__py
[0.855s] [ 89%] Built target realsense2_camera_msgs__python
[0.988s] [ 92%] Built target realsense2_camera_msgs__rosidl_typesupport_fastrtps_c__pyext
[1.000s] [ 96%] Built target realsense2_camera_msgs__rosidl_typesupport_introspection_c__pyext
[1.015s] [100%] Built target realsense2_camera_msgs__rosidl_typesupport_c__pyext
[1.092s] Invoked command in '/home/jason/Desktop/zam_ws/build/realsense2_camera_msgs' returned '0': CMAKE_PREFIX_PATH=/home/jason/Desktop/zam_ws/install/keyboard_control:/home/jason/Desktop/zam_ws/install/zam_tools:/opt/ros/foxy:${CMAKE_PREFIX_PATH} /usr/bin/cmake --build /home/jason/Desktop/zam_ws/build/realsense2_camera_msgs -- -j4 -l4
[1.663s] Invoking command in '/home/jason/Desktop/zam_ws/build/realsense2_camera_msgs': CMAKE_PREFIX_PATH=/home/jason/Desktop/zam_ws/install/keyboard_control:/home/jason/Desktop/zam_ws/install/zam_tools:/opt/ros/foxy:${CMAKE_PREFIX_PATH} /usr/bin/cmake --install /home/jason/Desktop/zam_ws/build/realsense2_camera_msgs
[1.688s] -- Install configuration: ""
[1.688s] -- Execute custom install script
[1.689s] -- Up-to-date symlink: /home/jason/Desktop/zam_ws/install/realsense2_camera_msgs/share/ament_index/resource_index/rosidl_interfaces/realsense2_camera_msgs
[1.700s] -- Up-to-date symlink: /home/jason/Desktop/zam_ws/install/realsense2_camera_msgs/include/realsense2_camera_msgs/msg/detail/extrinsics__functions.h
[1.701s] -- Up-to-date symlink: /home/jason/Desktop/zam_ws/install/realsense2_camera_msgs/include/realsense2_camera_msgs/msg/detail/extrinsics__struct.h
[1.701s] -- Up-to-date symlink: /home/jason/Desktop/zam_ws/install/realsense2_camera_msgs/include/realsense2_camera_msgs/msg/detail/extrinsics__type_support.h
[1.701s] -- Up-to-date symlink: /home/jason/Desktop/zam_ws/install/realsense2_camera_msgs/include/realsense2_camera_msgs/msg/detail/imu_info__functions.h
[1.702s] -- Up-to-date symlink: /home/jason/Desktop/zam_ws/install/realsense2_camera_msgs/include/realsense2_camera_msgs/msg/detail/imu_info__struct.h
[1.702s] -- Up-to-date symlink: /home/jason/Desktop/zam_ws/install/realsense2_camera_msgs/include/realsense2_camera_msgs/msg/detail/imu_info__type_support.h
[1.702s] -- Up-to-date symlink: /home/jason/Desktop/zam_ws/install/realsense2_camera_msgs/include/realsense2_camera_msgs/msg/detail/metadata__functions.h
[1.702s] -- Up-to-date symlink: /home/jason/Desktop/zam_ws/install/realsense2_camera_msgs/include/realsense2_camera_msgs/msg/detail/metadata__struct.h
[1.705s] -- Up-to-date symlink: /home/jason/Desktop/zam_ws/install/realsense2_camera_msgs/include/realsense2_camera_msgs/msg/detail/metadata__type_support.h
[1.705s] -- Up-to-date symlink: /home/jason/Desktop/zam_ws/install/realsense2_camera_msgs/include/realsense2_camera_msgs/msg/extrinsics.h
[1.705s] -- Up-to-date symlink: /home/jason/Desktop/zam_ws/install/realsense2_camera_msgs/include/realsense2_camera_msgs/msg/imu_info.h
[1.706s] -- Up-to-date symlink: /home/jason/Desktop/zam_ws/install/realsense2_camera_msgs/include/realsense2_camera_msgs/msg/metadata.h
[1.706s] -- Up-to-date symlink: /home/jason/Desktop/zam_ws/install/realsense2_camera_msgs/include/realsense2_camera_msgs/msg/rosidl_generator_c__visibility_control.h
[1.706s] -- Up-to-date symlink: /home/jason/Desktop/zam_ws/install/realsense2_camera_msgs/include/realsense2_camera_msgs/srv/detail/device_info__functions.h
[1.706s] -- Up-to-date symlink: /home/jason/Desktop/zam_ws/install/realsense2_camera_msgs/include/realsense2_camera_msgs/srv/detail/device_info__struct.h
[1.706s] -- Up-to-date symlink: /home/jason/Desktop/zam_ws/install/realsense2_camera_msgs/include/realsense2_camera_msgs/srv/detail/device_info__type_support.h
[1.706s] -- Up-to-date symlink: /home/jason/Desktop/zam_ws/install/realsense2_camera_msgs/include/realsense2_camera_msgs/srv/device_info.h
[1.706s] -- Up-to-date symlink: /home/jason/Desktop/zam_ws/install/realsense2_camera_msgs/share/realsense2_camera_msgs/environment/library_path.sh
[1.706s] -- Up-to-date symlink: /home/jason/Desktop/zam_ws/install/realsense2_camera_msgs/share/realsense2_camera_msgs/environment/library_path.dsv
[1.707s] -- Up-to-date symlink: /home/jason/Desktop/zam_ws/install/realsense2_camera_msgs/include/realsense2_camera_msgs/msg/detail/extrinsics__rosidl_typesupport_fastrtps_c.h
[1.708s] -- Up-to-date symlink: /home/jason/Desktop/zam_ws/install/realsense2_camera_msgs/include/realsense2_camera_msgs/msg/detail/imu_info__rosidl_typesupport_fastrtps_c.h
[1.708s] -- Up-to-date symlink: /home/jason/Desktop/zam_ws/install/realsense2_camera_msgs/include/realsense2_camera_msgs/msg/detail/metadata__rosidl_typesupport_fastrtps_c.h
[1.708s] -- Up-to-date symlink: /home/jason/Desktop/zam_ws/install/realsense2_camera_msgs/include/realsense2_camera_msgs/msg/rosidl_typesupport_fastrtps_c__visibility_control.h
[1.709s] -- Up-to-date symlink: /home/jason/Desktop/zam_ws/install/realsense2_camera_msgs/include/realsense2_camera_msgs/srv/detail/device_info__rosidl_typesupport_fastrtps_c.h
[1.710s] -- Up-to-date symlink: /home/jason/Desktop/zam_ws/install/realsense2_camera_msgs/lib/librealsense2_camera_msgs__rosidl_typesupport_fastrtps_c.so
[1.711s] -- Up-to-date symlink: /home/jason/Desktop/zam_ws/install/realsense2_camera_msgs/include/realsense2_camera_msgs/msg/detail/extrinsics__rosidl_typesupport_fastrtps_cpp.hpp
[1.712s] -- Up-to-date symlink: /home/jason/Desktop/zam_ws/install/realsense2_camera_msgs/include/realsense2_camera_msgs/msg/detail/imu_info__rosidl_typesupport_fastrtps_cpp.hpp
[1.716s] -- Up-to-date symlink: /home/jason/Desktop/zam_ws/install/realsense2_camera_msgs/include/realsense2_camera_msgs/msg/detail/metadata__rosidl_typesupport_fastrtps_cpp.hpp
[1.717s] -- Up-to-date symlink: /home/jason/Desktop/zam_ws/install/realsense2_camera_msgs/include/realsense2_camera_msgs/msg/rosidl_typesupport_fastrtps_cpp__visibility_control.h
[1.717s] -- Up-to-date symlink: /home/jason/Desktop/zam_ws/install/realsense2_camera_msgs/include/realsense2_camera_msgs/srv/detail/device_info__rosidl_typesupport_fastrtps_cpp.hpp
[1.718s] -- Up-to-date symlink: /home/jason/Desktop/zam_ws/install/realsense2_camera_msgs/lib/librealsense2_camera_msgs__rosidl_typesupport_fastrtps_cpp.so
[1.718s] -- Up-to-date symlink: /home/jason/Desktop/zam_ws/install/realsense2_camera_msgs/include/realsense2_camera_msgs/msg/detail/extrinsics__rosidl_typesupport_introspection_c.h
[1.718s] -- Up-to-date symlink: /home/jason/Desktop/zam_ws/install/realsense2_camera_msgs/include/realsense2_camera_msgs/msg/detail/imu_info__rosidl_typesupport_introspection_c.h
[1.718s] -- Up-to-date symlink: /home/jason/Desktop/zam_ws/install/realsense2_camera_msgs/include/realsense2_camera_msgs/msg/detail/metadata__rosidl_typesupport_introspection_c.h
[1.718s] -- Up-to-date symlink: /home/jason/Desktop/zam_ws/install/realsense2_camera_msgs/include/realsense2_camera_msgs/msg/rosidl_typesupport_introspection_c__visibility_control.h
[1.718s] -- Up-to-date symlink: /home/jason/Desktop/zam_ws/install/realsense2_camera_msgs/include/realsense2_camera_msgs/srv/detail/device_info__rosidl_typesupport_introspection_c.h
[1.718s] -- Up-to-date symlink: /home/jason/Desktop/zam_ws/install/realsense2_camera_msgs/include/realsense2_camera_msgs/msg/detail/extrinsics__builder.hpp
[1.719s] -- Up-to-date symlink: /home/jason/Desktop/zam_ws/install/realsense2_camera_msgs/include/realsense2_camera_msgs/msg/detail/extrinsics__struct.hpp
[1.719s] -- Up-to-date symlink: /home/jason/Desktop/zam_ws/install/realsense2_camera_msgs/include/realsense2_camera_msgs/msg/detail/extrinsics__traits.hpp
[1.720s] -- Up-to-date symlink: /home/jason/Desktop/zam_ws/install/realsense2_camera_msgs/include/realsense2_camera_msgs/msg/detail/imu_info__builder.hpp
[1.720s] -- Up-to-date symlink: /home/jason/Desktop/zam_ws/install/realsense2_camera_msgs/include/realsense2_camera_msgs/msg/detail/imu_info__struct.hpp
[1.720s] -- Up-to-date symlink: /home/jason/Desktop/zam_ws/install/realsense2_camera_msgs/include/realsense2_camera_msgs/msg/detail/imu_info__traits.hpp
[1.720s] -- Up-to-date symlink: /home/jason/Desktop/zam_ws/install/realsense2_camera_msgs/include/realsense2_camera_msgs/msg/detail/metadata__builder.hpp
[1.721s] -- Up-to-date symlink: /home/jason/Desktop/zam_ws/install/realsense2_camera_msgs/include/realsense2_camera_msgs/msg/detail/metadata__struct.hpp
[1.721s] -- Up-to-date symlink: /home/jason/Desktop/zam_ws/install/realsense2_camera_msgs/include/realsense2_camera_msgs/msg/detail/metadata__traits.hpp
[1.721s] -- Up-to-date symlink: /home/jason/Desktop/zam_ws/install/realsense2_camera_msgs/include/realsense2_camera_msgs/msg/extrinsics.hpp
[1.725s] -- Up-to-date symlink: /home/jason/Desktop/zam_ws/install/realsense2_camera_msgs/include/realsense2_camera_msgs/msg/imu_info.hpp
[1.725s] -- Up-to-date symlink: /home/jason/Desktop/zam_ws/install/realsense2_camera_msgs/include/realsense2_camera_msgs/msg/metadata.hpp
[1.725s] -- Up-to-date symlink: /home/jason/Desktop/zam_ws/install/realsense2_camera_msgs/include/realsense2_camera_msgs/srv/detail/device_info__builder.hpp
[1.725s] -- Up-to-date symlink: /home/jason/Desktop/zam_ws/install/realsense2_camera_msgs/include/realsense2_camera_msgs/srv/detail/device_info__struct.hpp
[1.725s] -- Up-to-date symlink: /home/jason/Desktop/zam_ws/install/realsense2_camera_msgs/include/realsense2_camera_msgs/srv/detail/device_info__traits.hpp
[1.725s] -- Up-to-date symlink: /home/jason/Desktop/zam_ws/install/realsense2_camera_msgs/include/realsense2_camera_msgs/srv/device_info.hpp
[1.726s] -- Up-to-date symlink: /home/jason/Desktop/zam_ws/install/realsense2_camera_msgs/include/realsense2_camera_msgs/msg/detail/extrinsics__rosidl_typesupport_introspection_cpp.hpp
[1.726s] -- Up-to-date symlink: /home/jason/Desktop/zam_ws/install/realsense2_camera_msgs/include/realsense2_camera_msgs/msg/detail/imu_info__rosidl_typesupport_introspection_cpp.hpp
[1.726s] -- Up-to-date symlink: /home/jason/Desktop/zam_ws/install/realsense2_camera_msgs/include/realsense2_camera_msgs/msg/detail/metadata__rosidl_typesupport_introspection_cpp.hpp
[1.726s] -- Up-to-date symlink: /home/jason/Desktop/zam_ws/install/realsense2_camera_msgs/include/realsense2_camera_msgs/srv/detail/device_info__rosidl_typesupport_introspection_cpp.hpp
[1.726s] -- Up-to-date symlink: /home/jason/Desktop/zam_ws/install/realsense2_camera_msgs/share/realsense2_camera_msgs/environment/pythonpath.sh
[1.726s] -- Up-to-date symlink: /home/jason/Desktop/zam_ws/install/realsense2_camera_msgs/share/realsense2_camera_msgs/environment/pythonpath.dsv
[1.726s] -- Up-to-date symlink: /home/jason/Desktop/zam_ws/install/realsense2_camera_msgs/lib/python3.8/site-packages/realsense2_camera_msgs/__init__.py
[1.727s] -- Up-to-date symlink: /home/jason/Desktop/zam_ws/install/realsense2_camera_msgs/lib/python3.8/site-packages/realsense2_camera_msgs/msg/__init__.py
[1.728s] -- Up-to-date symlink: /home/jason/Desktop/zam_ws/install/realsense2_camera_msgs/lib/python3.8/site-packages/realsense2_camera_msgs/msg/_extrinsics.py
[1.728s] -- Up-to-date symlink: /home/jason/Desktop/zam_ws/install/realsense2_camera_msgs/lib/python3.8/site-packages/realsense2_camera_msgs/msg/_imu_info.py
[1.729s] -- Up-to-date symlink: /home/jason/Desktop/zam_ws/install/realsense2_camera_msgs/lib/python3.8/site-packages/realsense2_camera_msgs/msg/_metadata.py
[1.731s] -- Up-to-date symlink: /home/jason/Desktop/zam_ws/install/realsense2_camera_msgs/lib/python3.8/site-packages/realsense2_camera_msgs/srv/__init__.py
[1.732s] -- Up-to-date symlink: /home/jason/Desktop/zam_ws/install/realsense2_camera_msgs/lib/python3.8/site-packages/realsense2_camera_msgs/srv/_device_info.py
[1.732s] -- Up-to-date symlink: /home/jason/Desktop/zam_ws/install/realsense2_camera_msgs/lib/python3.8/site-packages/realsense2_camera_msgs/realsense2_camera_msgs_s__rosidl_typesupport_fastrtps_c.cpython-38-x86_64-linux-gnu.so
[1.732s] -- Up-to-date symlink: /home/jason/Desktop/zam_ws/install/realsense2_camera_msgs/lib/python3.8/site-packages/realsense2_camera_msgs/realsense2_camera_msgs_s__rosidl_typesupport_introspection_c.cpython-38-x86_64-linux-gnu.so
[1.733s] -- Up-to-date symlink: /home/jason/Desktop/zam_ws/install/realsense2_camera_msgs/lib/python3.8/site-packages/realsense2_camera_msgs/realsense2_camera_msgs_s__rosidl_typesupport_c.cpython-38-x86_64-linux-gnu.so
[1.734s] -- Up-to-date symlink: /home/jason/Desktop/zam_ws/install/realsense2_camera_msgs/lib/librealsense2_camera_msgs__python.so
[1.735s] -- Up-to-date symlink: /home/jason/Desktop/zam_ws/install/realsense2_camera_msgs/share/realsense2_camera_msgs/msg/IMUInfo.idl
[1.735s] -- Up-to-date symlink: /home/jason/Desktop/zam_ws/install/realsense2_camera_msgs/share/realsense2_camera_msgs/msg/Extrinsics.idl
[1.737s] -- Up-to-date symlink: /home/jason/Desktop/zam_ws/install/realsense2_camera_msgs/share/realsense2_camera_msgs/msg/Metadata.idl
[1.737s] -- Up-to-date symlink: /home/jason/Desktop/zam_ws/install/realsense2_camera_msgs/share/realsense2_camera_msgs/srv/DeviceInfo.idl
[1.737s] -- Up-to-date symlink: /home/jason/Desktop/zam_ws/install/realsense2_camera_msgs/share/realsense2_camera_msgs/msg/IMUInfo.msg
[1.737s] -- Up-to-date symlink: /home/jason/Desktop/zam_ws/install/realsense2_camera_msgs/share/realsense2_camera_msgs/msg/Extrinsics.msg
[1.739s] -- Up-to-date symlink: /home/jason/Desktop/zam_ws/install/realsense2_camera_msgs/share/realsense2_camera_msgs/msg/Metadata.msg
[1.739s] -- Up-to-date symlink: /home/jason/Desktop/zam_ws/install/realsense2_camera_msgs/share/realsense2_camera_msgs/srv/DeviceInfo.srv
[1.739s] -- Up-to-date symlink: /home/jason/Desktop/zam_ws/install/realsense2_camera_msgs/share/realsense2_camera_msgs/srv/DeviceInfo_Request.msg
[1.740s] -- Up-to-date symlink: /home/jason/Desktop/zam_ws/install/realsense2_camera_msgs/share/realsense2_camera_msgs/srv/DeviceInfo_Response.msg
[1.740s] -- Up-to-date symlink: /home/jason/Desktop/zam_ws/install/realsense2_camera_msgs/share/ament_index/resource_index/package_run_dependencies/realsense2_camera_msgs
[1.740s] -- Up-to-date symlink: /home/jason/Desktop/zam_ws/install/realsense2_camera_msgs/share/ament_index/resource_index/parent_prefix_path/realsense2_camera_msgs
[1.741s] -- Up-to-date symlink: /home/jason/Desktop/zam_ws/install/realsense2_camera_msgs/share/realsense2_camera_msgs/environment/ament_prefix_path.sh
[1.742s] -- Up-to-date symlink: /home/jason/Desktop/zam_ws/install/realsense2_camera_msgs/share/realsense2_camera_msgs/environment/ament_prefix_path.dsv
[1.742s] -- Up-to-date symlink: /home/jason/Desktop/zam_ws/install/realsense2_camera_msgs/share/realsense2_camera_msgs/environment/path.sh
[1.743s] -- Up-to-date symlink: /home/jason/Desktop/zam_ws/install/realsense2_camera_msgs/share/realsense2_camera_msgs/environment/path.dsv
[1.748s] -- Up-to-date symlink: /home/jason/Desktop/zam_ws/install/realsense2_camera_msgs/share/realsense2_camera_msgs/local_setup.bash
[1.748s] -- Up-to-date symlink: /home/jason/Desktop/zam_ws/install/realsense2_camera_msgs/share/realsense2_camera_msgs/local_setup.sh
[1.749s] -- Up-to-date symlink: /home/jason/Desktop/zam_ws/install/realsense2_camera_msgs/share/realsense2_camera_msgs/local_setup.zsh
[1.749s] -- Up-to-date symlink: /home/jason/Desktop/zam_ws/install/realsense2_camera_msgs/share/realsense2_camera_msgs/local_setup.dsv
[1.749s] -- Symlinking: /home/jason/Desktop/zam_ws/install/realsense2_camera_msgs/share/realsense2_camera_msgs/package.dsv
[1.766s] -- Up-to-date symlink: /home/jason/Desktop/zam_ws/install/realsense2_camera_msgs/share/ament_index/resource_index/packages/realsense2_camera_msgs
[1.766s] -- Up-to-date symlink: /home/jason/Desktop/zam_ws/install/realsense2_camera_msgs/share/realsense2_camera_msgs/cmake/rosidl_cmake-extras.cmake
[1.767s] -- Up-to-date symlink: /home/jason/Desktop/zam_ws/install/realsense2_camera_msgs/share/realsense2_camera_msgs/cmake/ament_cmake_export_dependencies-extras.cmake
[1.767s] -- Up-to-date symlink: /home/jason/Desktop/zam_ws/install/realsense2_camera_msgs/share/realsense2_camera_msgs/cmake/ament_cmake_export_libraries-extras.cmake
[1.768s] -- Up-to-date symlink: /home/jason/Desktop/zam_ws/install/realsense2_camera_msgs/share/realsense2_camera_msgs/cmake/ament_cmake_export_targets-extras.cmake
[1.768s] -- Up-to-date symlink: /home/jason/Desktop/zam_ws/install/realsense2_camera_msgs/share/realsense2_camera_msgs/cmake/ament_cmake_export_include_directories-extras.cmake
[1.769s] -- Up-to-date symlink: /home/jason/Desktop/zam_ws/install/realsense2_camera_msgs/share/realsense2_camera_msgs/cmake/rosidl_cmake_export_typesupport_libraries-extras.cmake
[1.769s] -- Up-to-date symlink: /home/jason/Desktop/zam_ws/install/realsense2_camera_msgs/share/realsense2_camera_msgs/cmake/rosidl_cmake_export_typesupport_targets-extras.cmake
[1.770s] -- Up-to-date symlink: /home/jason/Desktop/zam_ws/install/realsense2_camera_msgs/share/realsense2_camera_msgs/cmake/realsense2_camera_msgsConfig.cmake
[1.770s] -- Up-to-date symlink: /home/jason/Desktop/zam_ws/install/realsense2_camera_msgs/share/realsense2_camera_msgs/cmake/realsense2_camera_msgsConfig-version.cmake
[1.770s] -- Up-to-date symlink: /home/jason/Desktop/zam_ws/install/realsense2_camera_msgs/share/realsense2_camera_msgs/package.xml
[1.771s] -- Up-to-date: /home/jason/Desktop/zam_ws/install/realsense2_camera_msgs/lib/librealsense2_camera_msgs__rosidl_generator_c.so
[1.772s] -- Up-to-date: /home/jason/Desktop/zam_ws/install/realsense2_camera_msgs/lib/librealsense2_camera_msgs__rosidl_typesupport_introspection_c.so
[1.772s] -- Up-to-date: /home/jason/Desktop/zam_ws/install/realsense2_camera_msgs/lib/librealsense2_camera_msgs__rosidl_typesupport_c.so
[1.773s] -- Up-to-date: /home/jason/Desktop/zam_ws/install/realsense2_camera_msgs/lib/librealsense2_camera_msgs__rosidl_typesupport_introspection_cpp.so
[1.774s] -- Up-to-date: /home/jason/Desktop/zam_ws/install/realsense2_camera_msgs/lib/librealsense2_camera_msgs__rosidl_typesupport_cpp.so
[1.862s] -- Up-to-date: /home/jason/Desktop/zam_ws/install/realsense2_camera_msgs/share/realsense2_camera_msgs/cmake/realsense2_camera_msgs__rosidl_generator_cExport.cmake
[1.862s] -- Up-to-date: /home/jason/Desktop/zam_ws/install/realsense2_camera_msgs/share/realsense2_camera_msgs/cmake/realsense2_camera_msgs__rosidl_generator_cExport-noconfig.cmake
[1.863s] -- Up-to-date: /home/jason/Desktop/zam_ws/install/realsense2_camera_msgs/share/realsense2_camera_msgs/cmake/realsense2_camera_msgs__rosidl_typesupport_introspection_cExport.cmake
[1.863s] -- Up-to-date: /home/jason/Desktop/zam_ws/install/realsense2_camera_msgs/share/realsense2_camera_msgs/cmake/realsense2_camera_msgs__rosidl_typesupport_introspection_cExport-noconfig.cmake
[1.864s] -- Up-to-date: /home/jason/Desktop/zam_ws/install/realsense2_camera_msgs/share/realsense2_camera_msgs/cmake/realsense2_camera_msgs__rosidl_typesupport_cExport.cmake
[1.864s] -- Up-to-date: /home/jason/Desktop/zam_ws/install/realsense2_camera_msgs/share/realsense2_camera_msgs/cmake/realsense2_camera_msgs__rosidl_typesupport_cExport-noconfig.cmake
[1.864s] -- Up-to-date: /home/jason/Desktop/zam_ws/install/realsense2_camera_msgs/share/realsense2_camera_msgs/cmake/realsense2_camera_msgs__rosidl_generator_cppExport.cmake
[1.870s] -- Up-to-date: /home/jason/Desktop/zam_ws/install/realsense2_camera_msgs/share/realsense2_camera_msgs/cmake/realsense2_camera_msgs__rosidl_typesupport_introspection_cppExport.cmake
[1.870s] -- Up-to-date: /home/jason/Desktop/zam_ws/install/realsense2_camera_msgs/share/realsense2_camera_msgs/cmake/realsense2_camera_msgs__rosidl_typesupport_introspection_cppExport-noconfig.cmake
[1.870s] -- Up-to-date: /home/jason/Desktop/zam_ws/install/realsense2_camera_msgs/share/realsense2_camera_msgs/cmake/realsense2_camera_msgs__rosidl_typesupport_cppExport.cmake
[1.870s] -- Up-to-date: /home/jason/Desktop/zam_ws/install/realsense2_camera_msgs/share/realsense2_camera_msgs/cmake/realsense2_camera_msgs__rosidl_typesupport_cppExport-noconfig.cmake
[1.882s] Invoked command in '/home/jason/Desktop/zam_ws/build/realsense2_camera_msgs' returned '0': CMAKE_PREFIX_PATH=/home/jason/Desktop/zam_ws/install/keyboard_control:/home/jason/Desktop/zam_ws/install/zam_tools:/opt/ros/foxy:${CMAKE_PREFIX_PATH} /usr/bin/cmake --install /home/jason/Desktop/zam_ws/build/realsense2_camera_msgs
