[0.048s] Invoking command in '/home/jason/Desktop/zam_ws/build/autocar_msgs': CMAKE_PREFIX_PATH=/opt/ros/foxy /usr/bin/cmake --build /home/jason/Desktop/zam_ws/build/autocar_msgs -- -j4 -l4
[0.170s] [  2%] Built target autocar_msgs__cpp
[0.215s] [ 16%] Built target autocar_msgs__rosidl_generator_c
[0.277s] [ 30%] Built target autocar_msgs__rosidl_typesupport_cpp
[0.305s] [ 44%] Built target autocar_msgs__rosidl_typesupport_introspection_cpp
[0.317s] [ 58%] Built target autocar_msgs__rosidl_typesupport_introspection_c
[0.327s] [ 72%] Built target autocar_msgs__rosidl_typesupport_fastrtps_cpp
[0.358s] [ 86%] Built target autocar_msgs__rosidl_typesupport_c
[0.406s] [100%] Built target autocar_msgs__rosidl_typesupport_fastrtps_c
[0.460s] [100%] Built target autocar_msgs
[0.511s] Invoked command in '/home/jason/Desktop/zam_ws/build/autocar_msgs' returned '0': CMAKE_PREFIX_PATH=/opt/ros/foxy /usr/bin/cmake --build /home/jason/Desktop/zam_ws/build/autocar_msgs -- -j4 -l4
[0.699s] Invoking command in '/home/jason/Desktop/zam_ws/build/autocar_msgs': CMAKE_PREFIX_PATH=/opt/ros/foxy /usr/bin/cmake --install /home/jason/Desktop/zam_ws/build/autocar_msgs
[0.713s] -- Install configuration: ""
[0.715s] -- Execute custom install script
[0.716s] -- Up-to-date symlink: /home/jason/Desktop/zam_ws/install/autocar_msgs/share/ament_index/resource_index/rosidl_interfaces/autocar_msgs
[0.717s] -- Up-to-date symlink: /home/jason/Desktop/zam_ws/install/autocar_msgs/include/autocar_msgs/msg/detail/path2_d__functions.h
[0.718s] -- Up-to-date symlink: /home/jason/Desktop/zam_ws/install/autocar_msgs/include/autocar_msgs/msg/detail/path2_d__struct.h
[0.719s] -- Up-to-date symlink: /home/jason/Desktop/zam_ws/install/autocar_msgs/include/autocar_msgs/msg/detail/path2_d__type_support.h
[0.719s] -- Up-to-date symlink: /home/jason/Desktop/zam_ws/install/autocar_msgs/include/autocar_msgs/msg/detail/state2_d__functions.h
[0.720s] -- Up-to-date symlink: /home/jason/Desktop/zam_ws/install/autocar_msgs/include/autocar_msgs/msg/detail/state2_d__struct.h
[0.721s] -- Up-to-date symlink: /home/jason/Desktop/zam_ws/install/autocar_msgs/include/autocar_msgs/msg/detail/state2_d__type_support.h
[0.723s] -- Up-to-date symlink: /home/jason/Desktop/zam_ws/install/autocar_msgs/include/autocar_msgs/msg/detail/twist2_d__functions.h
[0.724s] -- Up-to-date symlink: /home/jason/Desktop/zam_ws/install/autocar_msgs/include/autocar_msgs/msg/detail/twist2_d__struct.h
[0.730s] -- Up-to-date symlink: /home/jason/Desktop/zam_ws/install/autocar_msgs/include/autocar_msgs/msg/detail/twist2_d__type_support.h
[0.730s] -- Up-to-date symlink: /home/jason/Desktop/zam_ws/install/autocar_msgs/include/autocar_msgs/msg/path2_d.h
[0.730s] -- Up-to-date symlink: /home/jason/Desktop/zam_ws/install/autocar_msgs/include/autocar_msgs/msg/rosidl_generator_c__visibility_control.h
[0.730s] -- Up-to-date symlink: /home/jason/Desktop/zam_ws/install/autocar_msgs/include/autocar_msgs/msg/state2_d.h
[0.730s] -- Up-to-date symlink: /home/jason/Desktop/zam_ws/install/autocar_msgs/include/autocar_msgs/msg/twist2_d.h
[0.730s] -- Up-to-date symlink: /home/jason/Desktop/zam_ws/install/autocar_msgs/share/autocar_msgs/environment/library_path.sh
[0.730s] -- Up-to-date symlink: /home/jason/Desktop/zam_ws/install/autocar_msgs/share/autocar_msgs/environment/library_path.dsv
[0.731s] -- Up-to-date symlink: /home/jason/Desktop/zam_ws/install/autocar_msgs/include/autocar_msgs/msg/detail/path2_d__rosidl_typesupport_fastrtps_c.h
[0.731s] -- Up-to-date symlink: /home/jason/Desktop/zam_ws/install/autocar_msgs/include/autocar_msgs/msg/detail/state2_d__rosidl_typesupport_fastrtps_c.h
[0.731s] -- Up-to-date symlink: /home/jason/Desktop/zam_ws/install/autocar_msgs/include/autocar_msgs/msg/detail/twist2_d__rosidl_typesupport_fastrtps_c.h
[0.731s] -- Up-to-date symlink: /home/jason/Desktop/zam_ws/install/autocar_msgs/include/autocar_msgs/msg/rosidl_typesupport_fastrtps_c__visibility_control.h
[0.731s] -- Up-to-date symlink: /home/jason/Desktop/zam_ws/install/autocar_msgs/lib/libautocar_msgs__rosidl_typesupport_fastrtps_c.so
[0.731s] -- Up-to-date symlink: /home/jason/Desktop/zam_ws/install/autocar_msgs/include/autocar_msgs/msg/detail/path2_d__rosidl_typesupport_fastrtps_cpp.hpp
[0.732s] -- Up-to-date symlink: /home/jason/Desktop/zam_ws/install/autocar_msgs/include/autocar_msgs/msg/detail/state2_d__rosidl_typesupport_fastrtps_cpp.hpp
[0.732s] -- Up-to-date symlink: /home/jason/Desktop/zam_ws/install/autocar_msgs/include/autocar_msgs/msg/detail/twist2_d__rosidl_typesupport_fastrtps_cpp.hpp
[0.732s] -- Up-to-date symlink: /home/jason/Desktop/zam_ws/install/autocar_msgs/include/autocar_msgs/msg/rosidl_typesupport_fastrtps_cpp__visibility_control.h
[0.732s] -- Up-to-date symlink: /home/jason/Desktop/zam_ws/install/autocar_msgs/lib/libautocar_msgs__rosidl_typesupport_fastrtps_cpp.so
[0.733s] -- Up-to-date symlink: /home/jason/Desktop/zam_ws/install/autocar_msgs/include/autocar_msgs/msg/detail/path2_d__rosidl_typesupport_introspection_c.h
[0.734s] -- Up-to-date symlink: /home/jason/Desktop/zam_ws/install/autocar_msgs/include/autocar_msgs/msg/detail/state2_d__rosidl_typesupport_introspection_c.h
[0.734s] -- Up-to-date symlink: /home/jason/Desktop/zam_ws/install/autocar_msgs/include/autocar_msgs/msg/detail/twist2_d__rosidl_typesupport_introspection_c.h
[0.734s] -- Up-to-date symlink: /home/jason/Desktop/zam_ws/install/autocar_msgs/include/autocar_msgs/msg/rosidl_typesupport_introspection_c__visibility_control.h
[0.739s] -- Up-to-date symlink: /home/jason/Desktop/zam_ws/install/autocar_msgs/include/autocar_msgs/msg/detail/path2_d__builder.hpp
[0.740s] -- Up-to-date symlink: /home/jason/Desktop/zam_ws/install/autocar_msgs/include/autocar_msgs/msg/detail/path2_d__struct.hpp
[0.740s] -- Up-to-date symlink: /home/jason/Desktop/zam_ws/install/autocar_msgs/include/autocar_msgs/msg/detail/path2_d__traits.hpp
[0.740s] -- Up-to-date symlink: /home/jason/Desktop/zam_ws/install/autocar_msgs/include/autocar_msgs/msg/detail/state2_d__builder.hpp
[0.740s] -- Up-to-date symlink: /home/jason/Desktop/zam_ws/install/autocar_msgs/include/autocar_msgs/msg/detail/state2_d__struct.hpp
[0.740s] -- Up-to-date symlink: /home/jason/Desktop/zam_ws/install/autocar_msgs/include/autocar_msgs/msg/detail/state2_d__traits.hpp
[0.740s] -- Up-to-date symlink: /home/jason/Desktop/zam_ws/install/autocar_msgs/include/autocar_msgs/msg/detail/twist2_d__builder.hpp
[0.740s] -- Up-to-date symlink: /home/jason/Desktop/zam_ws/install/autocar_msgs/include/autocar_msgs/msg/detail/twist2_d__struct.hpp
[0.741s] -- Up-to-date symlink: /home/jason/Desktop/zam_ws/install/autocar_msgs/include/autocar_msgs/msg/detail/twist2_d__traits.hpp
[0.741s] -- Up-to-date symlink: /home/jason/Desktop/zam_ws/install/autocar_msgs/include/autocar_msgs/msg/path2_d.hpp
[0.741s] -- Up-to-date symlink: /home/jason/Desktop/zam_ws/install/autocar_msgs/include/autocar_msgs/msg/state2_d.hpp
[0.741s] -- Up-to-date symlink: /home/jason/Desktop/zam_ws/install/autocar_msgs/include/autocar_msgs/msg/twist2_d.hpp
[0.746s] -- Up-to-date symlink: /home/jason/Desktop/zam_ws/install/autocar_msgs/include/autocar_msgs/msg/detail/path2_d__rosidl_typesupport_introspection_cpp.hpp
[0.747s] -- Up-to-date symlink: /home/jason/Desktop/zam_ws/install/autocar_msgs/include/autocar_msgs/msg/detail/state2_d__rosidl_typesupport_introspection_cpp.hpp
[0.747s] -- Up-to-date symlink: /home/jason/Desktop/zam_ws/install/autocar_msgs/include/autocar_msgs/msg/detail/twist2_d__rosidl_typesupport_introspection_cpp.hpp
[0.747s] -- Up-to-date symlink: /home/jason/Desktop/zam_ws/install/autocar_msgs/share/autocar_msgs/msg/Path2D.idl
[0.747s] -- Up-to-date symlink: /home/jason/Desktop/zam_ws/install/autocar_msgs/share/autocar_msgs/msg/State2D.idl
[0.747s] -- Up-to-date symlink: /home/jason/Desktop/zam_ws/install/autocar_msgs/share/autocar_msgs/msg/Twist2D.idl
[0.747s] -- Up-to-date symlink: /home/jason/Desktop/zam_ws/install/autocar_msgs/share/autocar_msgs/msg/Path2D.msg
[0.747s] -- Up-to-date symlink: /home/jason/Desktop/zam_ws/install/autocar_msgs/share/autocar_msgs/msg/State2D.msg
[0.748s] -- Up-to-date symlink: /home/jason/Desktop/zam_ws/install/autocar_msgs/share/autocar_msgs/msg/Twist2D.msg
[0.748s] -- Up-to-date symlink: /home/jason/Desktop/zam_ws/install/autocar_msgs/share/ament_index/resource_index/package_run_dependencies/autocar_msgs
[0.752s] -- Up-to-date symlink: /home/jason/Desktop/zam_ws/install/autocar_msgs/share/ament_index/resource_index/parent_prefix_path/autocar_msgs
[0.752s] -- Up-to-date symlink: /home/jason/Desktop/zam_ws/install/autocar_msgs/share/autocar_msgs/environment/ament_prefix_path.sh
[0.752s] -- Up-to-date symlink: /home/jason/Desktop/zam_ws/install/autocar_msgs/share/autocar_msgs/environment/ament_prefix_path.dsv
[0.753s] -- Up-to-date symlink: /home/jason/Desktop/zam_ws/install/autocar_msgs/share/autocar_msgs/environment/path.sh
[0.753s] -- Up-to-date symlink: /home/jason/Desktop/zam_ws/install/autocar_msgs/share/autocar_msgs/environment/path.dsv
[0.754s] -- Up-to-date symlink: /home/jason/Desktop/zam_ws/install/autocar_msgs/share/autocar_msgs/local_setup.bash
[0.754s] -- Up-to-date symlink: /home/jason/Desktop/zam_ws/install/autocar_msgs/share/autocar_msgs/local_setup.sh
[0.755s] -- Up-to-date symlink: /home/jason/Desktop/zam_ws/install/autocar_msgs/share/autocar_msgs/local_setup.zsh
[0.755s] -- Up-to-date symlink: /home/jason/Desktop/zam_ws/install/autocar_msgs/share/autocar_msgs/local_setup.dsv
[0.755s] -- Symlinking: /home/jason/Desktop/zam_ws/install/autocar_msgs/share/autocar_msgs/package.dsv
[0.768s] -- Up-to-date symlink: /home/jason/Desktop/zam_ws/install/autocar_msgs/share/ament_index/resource_index/packages/autocar_msgs
[0.769s] -- Up-to-date symlink: /home/jason/Desktop/zam_ws/install/autocar_msgs/share/autocar_msgs/cmake/rosidl_cmake-extras.cmake
[0.769s] -- Up-to-date symlink: /home/jason/Desktop/zam_ws/install/autocar_msgs/share/autocar_msgs/cmake/ament_cmake_export_dependencies-extras.cmake
[0.770s] -- Up-to-date symlink: /home/jason/Desktop/zam_ws/install/autocar_msgs/share/autocar_msgs/cmake/ament_cmake_export_libraries-extras.cmake
[0.770s] -- Up-to-date symlink: /home/jason/Desktop/zam_ws/install/autocar_msgs/share/autocar_msgs/cmake/ament_cmake_export_targets-extras.cmake
[0.771s] -- Up-to-date symlink: /home/jason/Desktop/zam_ws/install/autocar_msgs/share/autocar_msgs/cmake/ament_cmake_export_include_directories-extras.cmake
[0.771s] -- Up-to-date symlink: /home/jason/Desktop/zam_ws/install/autocar_msgs/share/autocar_msgs/cmake/rosidl_cmake_export_typesupport_libraries-extras.cmake
[0.772s] -- Up-to-date symlink: /home/jason/Desktop/zam_ws/install/autocar_msgs/share/autocar_msgs/cmake/rosidl_cmake_export_typesupport_targets-extras.cmake
[0.772s] -- Up-to-date symlink: /home/jason/Desktop/zam_ws/install/autocar_msgs/share/autocar_msgs/cmake/autocar_msgsConfig.cmake
[0.772s] -- Up-to-date symlink: /home/jason/Desktop/zam_ws/install/autocar_msgs/share/autocar_msgs/cmake/autocar_msgsConfig-version.cmake
[0.773s] -- Up-to-date symlink: /home/jason/Desktop/zam_ws/install/autocar_msgs/share/autocar_msgs/package.xml
[0.774s] -- Up-to-date: /home/jason/Desktop/zam_ws/install/autocar_msgs/lib/libautocar_msgs__rosidl_generator_c.so
[0.776s] -- Up-to-date: /home/jason/Desktop/zam_ws/install/autocar_msgs/lib/libautocar_msgs__rosidl_typesupport_introspection_c.so
[0.777s] -- Up-to-date: /home/jason/Desktop/zam_ws/install/autocar_msgs/lib/libautocar_msgs__rosidl_typesupport_c.so
[0.781s] -- Up-to-date: /home/jason/Desktop/zam_ws/install/autocar_msgs/lib/libautocar_msgs__rosidl_typesupport_introspection_cpp.so
[0.782s] -- Up-to-date: /home/jason/Desktop/zam_ws/install/autocar_msgs/lib/libautocar_msgs__rosidl_typesupport_cpp.so
[0.782s] -- Up-to-date: /home/jason/Desktop/zam_ws/install/autocar_msgs/share/autocar_msgs/cmake/autocar_msgs__rosidl_generator_cExport.cmake
[0.784s] -- Up-to-date: /home/jason/Desktop/zam_ws/install/autocar_msgs/share/autocar_msgs/cmake/autocar_msgs__rosidl_generator_cExport-noconfig.cmake
[0.785s] -- Up-to-date: /home/jason/Desktop/zam_ws/install/autocar_msgs/share/autocar_msgs/cmake/autocar_msgs__rosidl_typesupport_introspection_cExport.cmake
[0.785s] -- Up-to-date: /home/jason/Desktop/zam_ws/install/autocar_msgs/share/autocar_msgs/cmake/autocar_msgs__rosidl_typesupport_introspection_cExport-noconfig.cmake
[0.785s] -- Up-to-date: /home/jason/Desktop/zam_ws/install/autocar_msgs/share/autocar_msgs/cmake/autocar_msgs__rosidl_typesupport_cExport.cmake
[0.786s] -- Up-to-date: /home/jason/Desktop/zam_ws/install/autocar_msgs/share/autocar_msgs/cmake/autocar_msgs__rosidl_typesupport_cExport-noconfig.cmake
[0.786s] -- Up-to-date: /home/jason/Desktop/zam_ws/install/autocar_msgs/share/autocar_msgs/cmake/autocar_msgs__rosidl_generator_cppExport.cmake
[0.786s] -- Up-to-date: /home/jason/Desktop/zam_ws/install/autocar_msgs/share/autocar_msgs/cmake/autocar_msgs__rosidl_typesupport_introspection_cppExport.cmake
[0.786s] -- Up-to-date: /home/jason/Desktop/zam_ws/install/autocar_msgs/share/autocar_msgs/cmake/autocar_msgs__rosidl_typesupport_introspection_cppExport-noconfig.cmake
[0.786s] -- Up-to-date: /home/jason/Desktop/zam_ws/install/autocar_msgs/share/autocar_msgs/cmake/autocar_msgs__rosidl_typesupport_cppExport.cmake
[0.786s] -- Up-to-date: /home/jason/Desktop/zam_ws/install/autocar_msgs/share/autocar_msgs/cmake/autocar_msgs__rosidl_typesupport_cppExport-noconfig.cmake
[0.795s] Invoked command in '/home/jason/Desktop/zam_ws/build/autocar_msgs' returned '0': CMAKE_PREFIX_PATH=/opt/ros/foxy /usr/bin/cmake --install /home/jason/Desktop/zam_ws/build/autocar_msgs
