[0.050s] Invoking command in '/home/jason/Desktop/zam_ws/build/autocar_description': CMAKE_PREFIX_PATH=${CMAKE_PREFIX_PATH}:/opt/ros/foxy /usr/bin/cmake /home/jason/Desktop/zam_ws/src/AutoCarROS2/autocar_description -DCMAKE_INSTALL_PREFIX=/home/jason/Desktop/zam_ws/install/autocar_description
[0.182s] -- The C compiler identification is GNU 9.4.0
[0.296s] -- The CXX compiler identification is GNU 9.4.0
[0.304s] -- Check for working C compiler: /usr/bin/cc
[0.485s] -- Check for working C compiler: /usr/bin/cc -- works
[0.485s] -- Detecting C compiler ABI info
[0.674s] -- Detecting C compiler ABI info - done
[0.706s] -- Detecting C compile features
[0.706s] -- Detecting C compile features - done
[0.710s] -- Check for working CXX compiler: /usr/bin/c++
[0.979s] -- Check for working CXX compiler: /usr/bin/c++ -- works
[0.981s] -- Detecting CXX compiler ABI info
[1.198s] -- Detecting CXX compiler ABI info - done
[1.244s] -- Detecting CXX compile features
[1.246s] -- Detecting CXX compile features - done
[1.267s] -- Found ament_cmake: 0.9.11 (/opt/ros/foxy/share/ament_cmake/cmake)
[1.353s] -- Found PythonInterp: /usr/bin/python3 (found suitable version "3.8.10", minimum required is "3") 
[1.353s] -- Using PYTHON_EXECUTABLE: /usr/bin/python3
[1.886s] -- Found ament_lint_auto: 0.9.7 (/opt/ros/foxy/share/ament_lint_auto/cmake)
[2.178s] -- Added test 'copyright' to check source files copyright and LICENSE
[2.179s] -- Added test 'lint_cmake' to check CMake code style
[2.179s] -- Added test 'xmllint' to check XML markup files
[2.189s] -- Configuring done
[2.189s] -- Generating done
[2.189s] -- Build files have been written to: /home/jason/Desktop/zam_ws/build/autocar_description
[2.209s] Invoked command in '/home/jason/Desktop/zam_ws/build/autocar_description' returned '0': CMAKE_PREFIX_PATH=${CMAKE_PREFIX_PATH}:/opt/ros/foxy /usr/bin/cmake /home/jason/Desktop/zam_ws/src/AutoCarROS2/autocar_description -DCMAKE_INSTALL_PREFIX=/home/jason/Desktop/zam_ws/install/autocar_description
[2.210s] Invoking command in '/home/jason/Desktop/zam_ws/build/autocar_description': CMAKE_PREFIX_PATH=${CMAKE_PREFIX_PATH}:/opt/ros/foxy /usr/bin/cmake --build /home/jason/Desktop/zam_ws/build/autocar_description -- -j4 -l4
[2.284s] Invoked command in '/home/jason/Desktop/zam_ws/build/autocar_description' returned '0': CMAKE_PREFIX_PATH=${CMAKE_PREFIX_PATH}:/opt/ros/foxy /usr/bin/cmake --build /home/jason/Desktop/zam_ws/build/autocar_description -- -j4 -l4
[2.370s] Invoking command in '/home/jason/Desktop/zam_ws/build/autocar_description': CMAKE_PREFIX_PATH=${CMAKE_PREFIX_PATH}:/opt/ros/foxy /usr/bin/cmake --install /home/jason/Desktop/zam_ws/build/autocar_description
[2.388s] -- Install configuration: ""
[2.388s] -- Installing: /home/jason/Desktop/zam_ws/install/autocar_description/share/autocar_description//meshes
[2.389s] -- Installing: /home/jason/Desktop/zam_ws/install/autocar_description/share/autocar_description//meshes/fl_1.stl
[2.389s] -- Installing: /home/jason/Desktop/zam_ws/install/autocar_description/share/autocar_description//meshes/hokuyo.dae
[2.390s] -- Installing: /home/jason/Desktop/zam_ws/install/autocar_description/share/autocar_description//meshes/fr_1.stl
[2.390s] -- Installing: /home/jason/Desktop/zam_ws/install/autocar_description/share/autocar_description//meshes/lds.dae
[2.391s] -- Installing: /home/jason/Desktop/zam_ws/install/autocar_description/share/autocar_description//meshes/tire.dae
[2.391s] -- Installing: /home/jason/Desktop/zam_ws/install/autocar_description/share/autocar_description//meshes/bl_1.stl
[2.392s] -- Installing: /home/jason/Desktop/zam_ws/install/autocar_description/share/autocar_description//meshes/spoiler.stl
[2.392s] -- Installing: /home/jason/Desktop/zam_ws/install/autocar_description/share/autocar_description//meshes/br_1.stl
[2.393s] -- Installing: /home/jason/Desktop/zam_ws/install/autocar_description/share/autocar_description//meshes/chassis_link.stl
[2.395s] -- Installing: /home/jason/Desktop/zam_ws/install/autocar_description/share/autocar_description//urdf
[2.395s] -- Installing: /home/jason/Desktop/zam_ws/install/autocar_description/share/autocar_description//urdf/autocar.xacro
[2.396s] -- Installing: /home/jason/Desktop/zam_ws/install/autocar_description/share/autocar_description//rviz
[2.396s] -- Installing: /home/jason/Desktop/zam_ws/install/autocar_description/share/autocar_description//rviz/view.rviz
[2.397s] -- Installing: /home/jason/Desktop/zam_ws/install/autocar_description/share/ament_index/resource_index/package_run_dependencies/autocar_description
[2.399s] -- Installing: /home/jason/Desktop/zam_ws/install/autocar_description/share/ament_index/resource_index/parent_prefix_path/autocar_description
[2.400s] -- Installing: /home/jason/Desktop/zam_ws/install/autocar_description/share/autocar_description/environment/ament_prefix_path.sh
[2.401s] -- Installing: /home/jason/Desktop/zam_ws/install/autocar_description/share/autocar_description/environment/ament_prefix_path.dsv
[2.401s] -- Installing: /home/jason/Desktop/zam_ws/install/autocar_description/share/autocar_description/environment/path.sh
[2.402s] -- Installing: /home/jason/Desktop/zam_ws/install/autocar_description/share/autocar_description/environment/path.dsv
[2.402s] -- Installing: /home/jason/Desktop/zam_ws/install/autocar_description/share/autocar_description/local_setup.bash
[2.403s] -- Installing: /home/jason/Desktop/zam_ws/install/autocar_description/share/autocar_description/local_setup.sh
[2.403s] -- Installing: /home/jason/Desktop/zam_ws/install/autocar_description/share/autocar_description/local_setup.zsh
[2.404s] -- Installing: /home/jason/Desktop/zam_ws/install/autocar_description/share/autocar_description/local_setup.dsv
[2.405s] -- Installing: /home/jason/Desktop/zam_ws/install/autocar_description/share/autocar_description/package.dsv
[2.405s] -- Installing: /home/jason/Desktop/zam_ws/install/autocar_description/share/ament_index/resource_index/packages/autocar_description
[2.407s] -- Installing: /home/jason/Desktop/zam_ws/install/autocar_description/share/autocar_description/cmake/autocar_descriptionConfig.cmake
[2.407s] -- Installing: /home/jason/Desktop/zam_ws/install/autocar_description/share/autocar_description/cmake/autocar_descriptionConfig-version.cmake
[2.407s] -- Installing: /home/jason/Desktop/zam_ws/install/autocar_description/share/autocar_description/package.xml
[2.414s] Invoked command in '/home/jason/Desktop/zam_ws/build/autocar_description' returned '0': CMAKE_PREFIX_PATH=${CMAKE_PREFIX_PATH}:/opt/ros/foxy /usr/bin/cmake --install /home/jason/Desktop/zam_ws/build/autocar_description
