[0.206s] Invoking command in '/home/jason/Desktop/zam_ws/build/autocar_gazebo': CMAKE_PREFIX_PATH=${CMAKE_PREFIX_PATH}:/home/jason/Desktop/zam_ws/install/zam_tools:/home/jason/Desktop/zam_ws/install/keyboard_control:/opt/ros/foxy /usr/bin/cmake --build /home/jason/Desktop/zam_ws/build/autocar_gazebo -- -j4 -l4
[0.694s] Invoked command in '/home/jason/Desktop/zam_ws/build/autocar_gazebo' returned '0': CMAKE_PREFIX_PATH=${CMAKE_PREFIX_PATH}:/home/jason/Desktop/zam_ws/install/zam_tools:/home/jason/Desktop/zam_ws/install/keyboard_control:/opt/ros/foxy /usr/bin/cmake --build /home/jason/Desktop/zam_ws/build/autocar_gazebo -- -j4 -l4
[0.986s] Invoking command in '/home/jason/Desktop/zam_ws/build/autocar_gazebo': CMAKE_PREFIX_PATH=${CMAKE_PREFIX_PATH}:/home/jason/Desktop/zam_ws/install/zam_tools:/home/jason/Desktop/zam_ws/install/keyboard_control:/opt/ros/foxy /usr/bin/cmake --install /home/jason/Desktop/zam_ws/build/autocar_gazebo
[1.066s] -- Install configuration: ""
[1.083s] -- Execute custom install script
[1.083s] -- Up-to-date symlink: /home/jason/Desktop/zam_ws/install/autocar_gazebo/share/autocar_gazebo/worlds/autocar.world
[1.084s] -- Up-to-date symlink: /home/jason/Desktop/zam_ws/install/autocar_gazebo/share/autocar_gazebo/worlds/autocar_city.world
[1.085s] -- Up-to-date symlink: /home/jason/Desktop/zam_ws/install/autocar_gazebo/share/autocar_gazebo/worlds/autocar_spawn.world
[1.086s] -- Up-to-date symlink: /home/jason/Desktop/zam_ws/install/autocar_gazebo/share/autocar_gazebo/worlds/empty.world
[1.087s] -- Up-to-date symlink: /home/jason/Desktop/zam_ws/install/autocar_gazebo/share/autocar_gazebo/worlds/hockey_rink.jpg
[1.087s] -- Up-to-date symlink: /home/jason/Desktop/zam_ws/install/autocar_gazebo/share/autocar_gazebo/worlds/ice_rink.world
[1.087s] -- Up-to-date symlink: /home/jason/Desktop/zam_ws/install/autocar_gazebo/share/autocar_gazebo/worlds/populated_road.world
[1.090s] -- Up-to-date symlink: /home/jason/Desktop/zam_ws/install/autocar_gazebo/share/autocar_gazebo/worlds/road.world
[1.090s] -- Up-to-date symlink: /home/jason/Desktop/zam_ws/install/autocar_gazebo/share/autocar_gazebo/worlds/temp.xml
[1.094s] -- Up-to-date symlink: /home/jason/.gazebo/models/autocar/meshes/bl_1.stl
[1.094s] -- Up-to-date symlink: /home/jason/.gazebo/models/autocar/meshes/br_1.stl
[1.094s] -- Up-to-date symlink: /home/jason/.gazebo/models/autocar/meshes/burger_base.dae
[1.098s] -- Up-to-date symlink: /home/jason/.gazebo/models/autocar/meshes/chassis_link.stl
[1.098s] -- Up-to-date symlink: /home/jason/.gazebo/models/autocar/meshes/fl_1.stl
[1.098s] -- Up-to-date symlink: /home/jason/.gazebo/models/autocar/meshes/fr_1.stl
[1.098s] -- Up-to-date symlink: /home/jason/.gazebo/models/autocar/meshes/hokuyo.dae
[1.098s] -- Up-to-date symlink: /home/jason/.gazebo/models/autocar/meshes/lds.dae
[1.098s] -- Up-to-date symlink: /home/jason/.gazebo/models/autocar/meshes/spoiler.stl
[1.109s] -- Up-to-date symlink: /home/jason/.gazebo/models/autocar/meshes/tire.dae
[1.110s] -- Up-to-date symlink: /home/jason/.gazebo/models/autocar/meshes/zamboni2.stl
[1.110s] -- Up-to-date symlink: /home/jason/.gazebo/models/autocar/meshes/zamboni_v2.stl
[1.110s] -- Up-to-date symlink: /home/jason/.gazebo/models/autocar/model.config
[1.110s] -- Up-to-date symlink: /home/jason/.gazebo/models/autocar/model.sdf
[1.110s] -- Up-to-date symlink: /home/jason/Desktop/zam_ws/install/autocar_gazebo/share/ament_index/resource_index/package_run_dependencies/autocar_gazebo
[1.111s] -- Up-to-date symlink: /home/jason/Desktop/zam_ws/install/autocar_gazebo/share/ament_index/resource_index/parent_prefix_path/autocar_gazebo
[1.111s] -- Up-to-date symlink: /home/jason/Desktop/zam_ws/install/autocar_gazebo/share/autocar_gazebo/environment/ament_prefix_path.sh
[1.131s] -- Up-to-date symlink: /home/jason/Desktop/zam_ws/install/autocar_gazebo/share/autocar_gazebo/environment/ament_prefix_path.dsv
[1.131s] -- Up-to-date symlink: /home/jason/Desktop/zam_ws/install/autocar_gazebo/share/autocar_gazebo/environment/path.sh
[1.132s] -- Up-to-date symlink: /home/jason/Desktop/zam_ws/install/autocar_gazebo/share/autocar_gazebo/environment/path.dsv
[1.132s] -- Up-to-date symlink: /home/jason/Desktop/zam_ws/install/autocar_gazebo/share/autocar_gazebo/local_setup.bash
[1.139s] -- Up-to-date symlink: /home/jason/Desktop/zam_ws/install/autocar_gazebo/share/autocar_gazebo/local_setup.sh
[1.139s] -- Up-to-date symlink: /home/jason/Desktop/zam_ws/install/autocar_gazebo/share/autocar_gazebo/local_setup.zsh
[1.140s] -- Up-to-date symlink: /home/jason/Desktop/zam_ws/install/autocar_gazebo/share/autocar_gazebo/local_setup.dsv
[1.140s] -- Symlinking: /home/jason/Desktop/zam_ws/install/autocar_gazebo/share/autocar_gazebo/package.dsv
[1.271s] -- Up-to-date symlink: /home/jason/Desktop/zam_ws/install/autocar_gazebo/share/ament_index/resource_index/packages/autocar_gazebo
[1.272s] -- Up-to-date symlink: /home/jason/Desktop/zam_ws/install/autocar_gazebo/share/autocar_gazebo/cmake/autocar_gazeboConfig.cmake
[1.274s] -- Up-to-date symlink: /home/jason/Desktop/zam_ws/install/autocar_gazebo/share/autocar_gazebo/cmake/autocar_gazeboConfig-version.cmake
[1.274s] -- Up-to-date symlink: /home/jason/Desktop/zam_ws/install/autocar_gazebo/share/autocar_gazebo/package.xml
[1.298s] Invoked command in '/home/jason/Desktop/zam_ws/build/autocar_gazebo' returned '0': CMAKE_PREFIX_PATH=${CMAKE_PREFIX_PATH}:/home/jason/Desktop/zam_ws/install/zam_tools:/home/jason/Desktop/zam_ws/install/keyboard_control:/opt/ros/foxy /usr/bin/cmake --install /home/jason/Desktop/zam_ws/build/autocar_gazebo
