[0.029s] Invoking command in '/home/jason/Desktop/zam_ws/build/realsense_examples': AMENT_PREFIX_PATH=/home/jason/Desktop/zam_ws/install/realsense_node:/home/jason/Desktop/zam_ws/install/realsense_ros:/home/jason/Desktop/zam_ws/install/realsense_msgs:${AMENT_PREFIX_PATH} CMAKE_PREFIX_PATH=/home/jason/Desktop/zam_ws/install/realsense_node:/home/jason/Desktop/zam_ws/install/realsense_ros:/home/jason/Desktop/zam_ws/install/realsense_msgs:/home/jason/Desktop/zam_ws/install/keyboard_control:/home/jason/Desktop/zam_ws/install/zam_tools:/opt/ros/foxy:${CMAKE_PREFIX_PATH} LD_LIBRARY_PATH=/home/jason/Desktop/zam_ws/install/realsense_ros/lib:/home/jason/Desktop/zam_ws/install/realsense_msgs/lib:${LD_LIBRARY_PATH} PATH=/home/jason/Desktop/zam_ws/install/realsense_node/bin:${PATH} PYTHONPATH=/home/jason/Desktop/zam_ws/install/realsense_msgs/lib/python3.8/site-packages:${PYTHONPATH} /usr/bin/cmake /home/jason/Desktop/zam_ws/src/ros2_intel_realsense/realsense_examples -DAMENT_CMAKE_SYMLINK_INSTALL=1 -DCMAKE_INSTALL_PREFIX=/home/jason/Desktop/zam_ws/install/realsense_examples
[0.116s] -- The C compiler identification is GNU 9.4.0
[0.215s] -- The CXX compiler identification is GNU 9.4.0
[0.218s] -- Check for working C compiler: /usr/bin/cc
[0.334s] -- Check for working C compiler: /usr/bin/cc -- works
[0.335s] -- Detecting C compiler ABI info
[0.445s] -- Detecting C compiler ABI info - done
[0.468s] -- Detecting C compile features
[0.468s] -- Detecting C compile features - done
[0.473s] -- Check for working CXX compiler: /usr/bin/c++
[0.601s] -- Check for working CXX compiler: /usr/bin/c++ -- works
[0.602s] -- Detecting CXX compiler ABI info
[0.740s] -- Detecting CXX compiler ABI info - done
[0.756s] -- Detecting CXX compile features
[0.757s] -- Detecting CXX compile features - done
[0.768s] -- Found ament_cmake: 0.9.11 (/opt/ros/foxy/share/ament_cmake/cmake)
[0.824s] -- Found PythonInterp: /usr/bin/python3 (found suitable version "3.8.10", minimum required is "3") 
[0.825s] -- Using PYTHON_EXECUTABLE: /usr/bin/python3
[1.098s] -- Override CMake install command with custom implementation using symlinks instead of copying resources
[1.137s] -- Found realsense_ros: 2.0.8 (/home/jason/Desktop/zam_ws/install/realsense_ros/share/realsense_ros/cmake)
[1.140s] -- Found realsense_node: 2.0.8 (/home/jason/Desktop/zam_ws/install/realsense_node/share/realsense_node/cmake)
[1.264s] -- Configuring done
[1.268s] -- Generating done
[1.268s] -- Build files have been written to: /home/jason/Desktop/zam_ws/build/realsense_examples
[1.274s] Invoked command in '/home/jason/Desktop/zam_ws/build/realsense_examples' returned '0': AMENT_PREFIX_PATH=/home/jason/Desktop/zam_ws/install/realsense_node:/home/jason/Desktop/zam_ws/install/realsense_ros:/home/jason/Desktop/zam_ws/install/realsense_msgs:${AMENT_PREFIX_PATH} CMAKE_PREFIX_PATH=/home/jason/Desktop/zam_ws/install/realsense_node:/home/jason/Desktop/zam_ws/install/realsense_ros:/home/jason/Desktop/zam_ws/install/realsense_msgs:/home/jason/Desktop/zam_ws/install/keyboard_control:/home/jason/Desktop/zam_ws/install/zam_tools:/opt/ros/foxy:${CMAKE_PREFIX_PATH} LD_LIBRARY_PATH=/home/jason/Desktop/zam_ws/install/realsense_ros/lib:/home/jason/Desktop/zam_ws/install/realsense_msgs/lib:${LD_LIBRARY_PATH} PATH=/home/jason/Desktop/zam_ws/install/realsense_node/bin:${PATH} PYTHONPATH=/home/jason/Desktop/zam_ws/install/realsense_msgs/lib/python3.8/site-packages:${PYTHONPATH} /usr/bin/cmake /home/jason/Desktop/zam_ws/src/ros2_intel_realsense/realsense_examples -DAMENT_CMAKE_SYMLINK_INSTALL=1 -DCMAKE_INSTALL_PREFIX=/home/jason/Desktop/zam_ws/install/realsense_examples
[1.276s] Invoking command in '/home/jason/Desktop/zam_ws/build/realsense_examples': AMENT_PREFIX_PATH=/home/jason/Desktop/zam_ws/install/realsense_node:/home/jason/Desktop/zam_ws/install/realsense_ros:/home/jason/Desktop/zam_ws/install/realsense_msgs:${AMENT_PREFIX_PATH} CMAKE_PREFIX_PATH=/home/jason/Desktop/zam_ws/install/realsense_node:/home/jason/Desktop/zam_ws/install/realsense_ros:/home/jason/Desktop/zam_ws/install/realsense_msgs:/home/jason/Desktop/zam_ws/install/keyboard_control:/home/jason/Desktop/zam_ws/install/zam_tools:/opt/ros/foxy:${CMAKE_PREFIX_PATH} LD_LIBRARY_PATH=/home/jason/Desktop/zam_ws/install/realsense_ros/lib:/home/jason/Desktop/zam_ws/install/realsense_msgs/lib:${LD_LIBRARY_PATH} PATH=/home/jason/Desktop/zam_ws/install/realsense_node/bin:${PATH} PYTHONPATH=/home/jason/Desktop/zam_ws/install/realsense_msgs/lib/python3.8/site-packages:${PYTHONPATH} /usr/bin/cmake --build /home/jason/Desktop/zam_ws/build/realsense_examples -- -j4 -l4
[1.327s] Invoked command in '/home/jason/Desktop/zam_ws/build/realsense_examples' returned '0': AMENT_PREFIX_PATH=/home/jason/Desktop/zam_ws/install/realsense_node:/home/jason/Desktop/zam_ws/install/realsense_ros:/home/jason/Desktop/zam_ws/install/realsense_msgs:${AMENT_PREFIX_PATH} CMAKE_PREFIX_PATH=/home/jason/Desktop/zam_ws/install/realsense_node:/home/jason/Desktop/zam_ws/install/realsense_ros:/home/jason/Desktop/zam_ws/install/realsense_msgs:/home/jason/Desktop/zam_ws/install/keyboard_control:/home/jason/Desktop/zam_ws/install/zam_tools:/opt/ros/foxy:${CMAKE_PREFIX_PATH} LD_LIBRARY_PATH=/home/jason/Desktop/zam_ws/install/realsense_ros/lib:/home/jason/Desktop/zam_ws/install/realsense_msgs/lib:${LD_LIBRARY_PATH} PATH=/home/jason/Desktop/zam_ws/install/realsense_node/bin:${PATH} PYTHONPATH=/home/jason/Desktop/zam_ws/install/realsense_msgs/lib/python3.8/site-packages:${PYTHONPATH} /usr/bin/cmake --build /home/jason/Desktop/zam_ws/build/realsense_examples -- -j4 -l4
[1.368s] Invoking command in '/home/jason/Desktop/zam_ws/build/realsense_examples': AMENT_PREFIX_PATH=/home/jason/Desktop/zam_ws/install/realsense_node:/home/jason/Desktop/zam_ws/install/realsense_ros:/home/jason/Desktop/zam_ws/install/realsense_msgs:${AMENT_PREFIX_PATH} CMAKE_PREFIX_PATH=/home/jason/Desktop/zam_ws/install/realsense_node:/home/jason/Desktop/zam_ws/install/realsense_ros:/home/jason/Desktop/zam_ws/install/realsense_msgs:/home/jason/Desktop/zam_ws/install/keyboard_control:/home/jason/Desktop/zam_ws/install/zam_tools:/opt/ros/foxy:${CMAKE_PREFIX_PATH} LD_LIBRARY_PATH=/home/jason/Desktop/zam_ws/install/realsense_ros/lib:/home/jason/Desktop/zam_ws/install/realsense_msgs/lib:${LD_LIBRARY_PATH} PATH=/home/jason/Desktop/zam_ws/install/realsense_node/bin:${PATH} PYTHONPATH=/home/jason/Desktop/zam_ws/install/realsense_msgs/lib/python3.8/site-packages:${PYTHONPATH} /usr/bin/cmake --install /home/jason/Desktop/zam_ws/build/realsense_examples
[1.381s] -- Install configuration: ""
[1.381s] -- Execute custom install script
[1.383s] -- Symlinking: /home/jason/Desktop/zam_ws/install/realsense_examples/share/realsense_examples/launch/rs_camera.launch.py
[1.399s] -- Symlinking: /home/jason/Desktop/zam_ws/install/realsense_examples/share/realsense_examples/launch/rs_cartographer.launch.py
[1.412s] -- Symlinking: /home/jason/Desktop/zam_ws/install/realsense_examples/share/realsense_examples/launch/rs_demo_rgbd.launch.py
[1.424s] -- Symlinking: /home/jason/Desktop/zam_ws/install/realsense_examples/share/realsense_examples/launch/rs_demo_t265.launch.py
[1.437s] -- Symlinking: /home/jason/Desktop/zam_ws/install/realsense_examples/share/realsense_examples/launch/rs_multiple_devices.launch.py
[1.449s] -- Symlinking: /home/jason/Desktop/zam_ws/install/realsense_examples/share/realsense_examples/launch/rs_nav.launch.py
[1.463s] -- Symlinking: /home/jason/Desktop/zam_ws/install/realsense_examples/share/realsense_examples/launch/rs_t265_and_d400.launch.py
[1.478s] -- Symlinking: /home/jason/Desktop/zam_ws/install/realsense_examples/share/realsense_examples/launch/tb3_robot.launch.py
[1.495s] -- Symlinking: /home/jason/Desktop/zam_ws/install/realsense_examples/share/realsense_examples/launch/template.launch.py
[1.510s] -- Symlinking: /home/jason/Desktop/zam_ws/install/realsense_examples/share/realsense_examples/config/d415.yaml
[1.524s] -- Symlinking: /home/jason/Desktop/zam_ws/install/realsense_examples/share/realsense_examples/config/d435.yaml
[1.535s] -- Symlinking: /home/jason/Desktop/zam_ws/install/realsense_examples/share/realsense_examples/config/d435i.yaml
[1.547s] -- Symlinking: /home/jason/Desktop/zam_ws/install/realsense_examples/share/realsense_examples/config/demo_rgbd.rviz
[1.559s] -- Symlinking: /home/jason/Desktop/zam_ws/install/realsense_examples/share/realsense_examples/config/demo_t265.rviz
[1.572s] -- Symlinking: /home/jason/Desktop/zam_ws/install/realsense_examples/share/realsense_examples/config/rs_cartographer.lua
[1.585s] -- Symlinking: /home/jason/Desktop/zam_ws/install/realsense_examples/share/realsense_examples/config/rs_cartographer.rviz
[1.596s] -- Symlinking: /home/jason/Desktop/zam_ws/install/realsense_examples/share/realsense_examples/config/t265.yaml
[1.607s] -- Symlinking: /home/jason/Desktop/zam_ws/install/realsense_examples/share/ament_index/resource_index/package_run_dependencies/realsense_examples
[1.619s] -- Symlinking: /home/jason/Desktop/zam_ws/install/realsense_examples/share/ament_index/resource_index/parent_prefix_path/realsense_examples
[1.631s] -- Symlinking: /home/jason/Desktop/zam_ws/install/realsense_examples/share/realsense_examples/environment/ament_prefix_path.sh
[1.643s] -- Symlinking: /home/jason/Desktop/zam_ws/install/realsense_examples/share/realsense_examples/environment/ament_prefix_path.dsv
[1.656s] -- Symlinking: /home/jason/Desktop/zam_ws/install/realsense_examples/share/realsense_examples/environment/path.sh
[1.668s] -- Symlinking: /home/jason/Desktop/zam_ws/install/realsense_examples/share/realsense_examples/environment/path.dsv
[1.680s] -- Symlinking: /home/jason/Desktop/zam_ws/install/realsense_examples/share/realsense_examples/local_setup.bash
[1.700s] -- Symlinking: /home/jason/Desktop/zam_ws/install/realsense_examples/share/realsense_examples/local_setup.sh
[1.709s] -- Symlinking: /home/jason/Desktop/zam_ws/install/realsense_examples/share/realsense_examples/local_setup.zsh
[1.721s] -- Symlinking: /home/jason/Desktop/zam_ws/install/realsense_examples/share/realsense_examples/local_setup.dsv
[1.734s] -- Symlinking: /home/jason/Desktop/zam_ws/install/realsense_examples/share/realsense_examples/package.dsv
[1.746s] -- Symlinking: /home/jason/Desktop/zam_ws/install/realsense_examples/share/ament_index/resource_index/packages/realsense_examples
[1.757s] -- Symlinking: /home/jason/Desktop/zam_ws/install/realsense_examples/share/realsense_examples/cmake/realsense_examplesConfig.cmake
[1.769s] -- Symlinking: /home/jason/Desktop/zam_ws/install/realsense_examples/share/realsense_examples/cmake/realsense_examplesConfig-version.cmake
[1.780s] -- Symlinking: /home/jason/Desktop/zam_ws/install/realsense_examples/share/realsense_examples/package.xml
[1.800s] Invoked command in '/home/jason/Desktop/zam_ws/build/realsense_examples' returned '0': AMENT_PREFIX_PATH=/home/jason/Desktop/zam_ws/install/realsense_node:/home/jason/Desktop/zam_ws/install/realsense_ros:/home/jason/Desktop/zam_ws/install/realsense_msgs:${AMENT_PREFIX_PATH} CMAKE_PREFIX_PATH=/home/jason/Desktop/zam_ws/install/realsense_node:/home/jason/Desktop/zam_ws/install/realsense_ros:/home/jason/Desktop/zam_ws/install/realsense_msgs:/home/jason/Desktop/zam_ws/install/keyboard_control:/home/jason/Desktop/zam_ws/install/zam_tools:/opt/ros/foxy:${CMAKE_PREFIX_PATH} LD_LIBRARY_PATH=/home/jason/Desktop/zam_ws/install/realsense_ros/lib:/home/jason/Desktop/zam_ws/install/realsense_msgs/lib:${LD_LIBRARY_PATH} PATH=/home/jason/Desktop/zam_ws/install/realsense_node/bin:${PATH} PYTHONPATH=/home/jason/Desktop/zam_ws/install/realsense_msgs/lib/python3.8/site-packages:${PYTHONPATH} /usr/bin/cmake --install /home/jason/Desktop/zam_ws/build/realsense_examples
