[0.033s] Invoking command in '/home/jason/Desktop/zam_ws/build/realsense2_description': AMENT_PREFIX_PATH=/home/jason/Desktop/zam_ws/install/realsense2_camera_msgs:${AMENT_PREFIX_PATH} CMAKE_PREFIX_PATH=/home/jason/Desktop/zam_ws/install/realsense2_camera_msgs:/home/jason/Desktop/zam_ws/src/AutoCarROS2/install/launches:/home/jason/Desktop/zam_ws/src/AutoCarROS2/install/autocar_nav:/home/jason/Desktop/zam_ws/src/AutoCarROS2/install/autocar_msgs:/home/jason/Desktop/zam_ws/src/AutoCarROS2/install/autocar_map:/home/jason/Desktop/zam_ws/src/AutoCarROS2/install/autocar_gazebo:/home/jason/Desktop/zam_ws/src/AutoCarROS2/install/autocar_description:/home/jason/Desktop/zam_ws/install/launches:/home/jason/Desktop/zam_ws/install/autocar_nav:/home/jason/Desktop/zam_ws/install/autocar_msgs:/home/jason/Desktop/zam_ws/install/autocar_map:/home/jason/Desktop/zam_ws/install/autocar_gazebo:/home/jason/Desktop/zam_ws/install/autocar_description:/home/jason/Desktop/autocarws/install/launches:/home/jason/Desktop/autocarws/install/autocar_nav:/home/jason/Desktop/autocarws/install/autocar_msgs:/home/jason/Desktop/autocarws/install/autocar_map:/home/jason/Desktop/autocarws/install/autocar_gazebo:/home/jason/Desktop/autocarws/install/autocar_description:/opt/ros/foxy LD_LIBRARY_PATH=/home/jason/Desktop/zam_ws/install/realsense2_camera_msgs/lib:${LD_LIBRARY_PATH} PYTHONPATH=/home/jason/Desktop/zam_ws/install/realsense2_camera_msgs/lib/python3.8/site-packages:${PYTHONPATH} /usr/bin/cmake /home/jason/Desktop/zam_ws/src/realsense-ros/realsense2_description -DAMENT_CMAKE_SYMLINK_INSTALL=1 -DCMAKE_INSTALL_PREFIX=/home/jason/Desktop/zam_ws/install/realsense2_description
[0.061s] -- Found ament_cmake: 0.9.11 (/opt/ros/foxy/share/ament_cmake/cmake)
[0.107s] -- Using PYTHON_EXECUTABLE: /usr/bin/python3
[0.442s] -- Override CMake install command with custom implementation using symlinks instead of copying resources
[0.537s] -- Configuring done
[0.540s] -- Generating done
[0.554s] -- Build files have been written to: /home/jason/Desktop/zam_ws/build/realsense2_description
[0.556s] Invoked command in '/home/jason/Desktop/zam_ws/build/realsense2_description' returned '0': AMENT_PREFIX_PATH=/home/jason/Desktop/zam_ws/install/realsense2_camera_msgs:${AMENT_PREFIX_PATH} CMAKE_PREFIX_PATH=/home/jason/Desktop/zam_ws/install/realsense2_camera_msgs:/home/jason/Desktop/zam_ws/src/AutoCarROS2/install/launches:/home/jason/Desktop/zam_ws/src/AutoCarROS2/install/autocar_nav:/home/jason/Desktop/zam_ws/src/AutoCarROS2/install/autocar_msgs:/home/jason/Desktop/zam_ws/src/AutoCarROS2/install/autocar_map:/home/jason/Desktop/zam_ws/src/AutoCarROS2/install/autocar_gazebo:/home/jason/Desktop/zam_ws/src/AutoCarROS2/install/autocar_description:/home/jason/Desktop/zam_ws/install/launches:/home/jason/Desktop/zam_ws/install/autocar_nav:/home/jason/Desktop/zam_ws/install/autocar_msgs:/home/jason/Desktop/zam_ws/install/autocar_map:/home/jason/Desktop/zam_ws/install/autocar_gazebo:/home/jason/Desktop/zam_ws/install/autocar_description:/home/jason/Desktop/autocarws/install/launches:/home/jason/Desktop/autocarws/install/autocar_nav:/home/jason/Desktop/autocarws/install/autocar_msgs:/home/jason/Desktop/autocarws/install/autocar_map:/home/jason/Desktop/autocarws/install/autocar_gazebo:/home/jason/Desktop/autocarws/install/autocar_description:/opt/ros/foxy LD_LIBRARY_PATH=/home/jason/Desktop/zam_ws/install/realsense2_camera_msgs/lib:${LD_LIBRARY_PATH} PYTHONPATH=/home/jason/Desktop/zam_ws/install/realsense2_camera_msgs/lib/python3.8/site-packages:${PYTHONPATH} /usr/bin/cmake /home/jason/Desktop/zam_ws/src/realsense-ros/realsense2_description -DAMENT_CMAKE_SYMLINK_INSTALL=1 -DCMAKE_INSTALL_PREFIX=/home/jason/Desktop/zam_ws/install/realsense2_description
[0.560s] Invoking command in '/home/jason/Desktop/zam_ws/build/realsense2_description': AMENT_PREFIX_PATH=/home/jason/Desktop/zam_ws/install/realsense2_camera_msgs:${AMENT_PREFIX_PATH} CMAKE_PREFIX_PATH=/home/jason/Desktop/zam_ws/install/realsense2_camera_msgs:/home/jason/Desktop/zam_ws/src/AutoCarROS2/install/launches:/home/jason/Desktop/zam_ws/src/AutoCarROS2/install/autocar_nav:/home/jason/Desktop/zam_ws/src/AutoCarROS2/install/autocar_msgs:/home/jason/Desktop/zam_ws/src/AutoCarROS2/install/autocar_map:/home/jason/Desktop/zam_ws/src/AutoCarROS2/install/autocar_gazebo:/home/jason/Desktop/zam_ws/src/AutoCarROS2/install/autocar_description:/home/jason/Desktop/zam_ws/install/launches:/home/jason/Desktop/zam_ws/install/autocar_nav:/home/jason/Desktop/zam_ws/install/autocar_msgs:/home/jason/Desktop/zam_ws/install/autocar_map:/home/jason/Desktop/zam_ws/install/autocar_gazebo:/home/jason/Desktop/zam_ws/install/autocar_description:/home/jason/Desktop/autocarws/install/launches:/home/jason/Desktop/autocarws/install/autocar_nav:/home/jason/Desktop/autocarws/install/autocar_msgs:/home/jason/Desktop/autocarws/install/autocar_map:/home/jason/Desktop/autocarws/install/autocar_gazebo:/home/jason/Desktop/autocarws/install/autocar_description:/opt/ros/foxy LD_LIBRARY_PATH=/home/jason/Desktop/zam_ws/install/realsense2_camera_msgs/lib:${LD_LIBRARY_PATH} PYTHONPATH=/home/jason/Desktop/zam_ws/install/realsense2_camera_msgs/lib/python3.8/site-packages:${PYTHONPATH} /usr/bin/cmake --build /home/jason/Desktop/zam_ws/build/realsense2_description -- -j4 -l4
[0.615s] Invoked command in '/home/jason/Desktop/zam_ws/build/realsense2_description' returned '0': AMENT_PREFIX_PATH=/home/jason/Desktop/zam_ws/install/realsense2_camera_msgs:${AMENT_PREFIX_PATH} CMAKE_PREFIX_PATH=/home/jason/Desktop/zam_ws/install/realsense2_camera_msgs:/home/jason/Desktop/zam_ws/src/AutoCarROS2/install/launches:/home/jason/Desktop/zam_ws/src/AutoCarROS2/install/autocar_nav:/home/jason/Desktop/zam_ws/src/AutoCarROS2/install/autocar_msgs:/home/jason/Desktop/zam_ws/src/AutoCarROS2/install/autocar_map:/home/jason/Desktop/zam_ws/src/AutoCarROS2/install/autocar_gazebo:/home/jason/Desktop/zam_ws/src/AutoCarROS2/install/autocar_description:/home/jason/Desktop/zam_ws/install/launches:/home/jason/Desktop/zam_ws/install/autocar_nav:/home/jason/Desktop/zam_ws/install/autocar_msgs:/home/jason/Desktop/zam_ws/install/autocar_map:/home/jason/Desktop/zam_ws/install/autocar_gazebo:/home/jason/Desktop/zam_ws/install/autocar_description:/home/jason/Desktop/autocarws/install/launches:/home/jason/Desktop/autocarws/install/autocar_nav:/home/jason/Desktop/autocarws/install/autocar_msgs:/home/jason/Desktop/autocarws/install/autocar_map:/home/jason/Desktop/autocarws/install/autocar_gazebo:/home/jason/Desktop/autocarws/install/autocar_description:/opt/ros/foxy LD_LIBRARY_PATH=/home/jason/Desktop/zam_ws/install/realsense2_camera_msgs/lib:${LD_LIBRARY_PATH} PYTHONPATH=/home/jason/Desktop/zam_ws/install/realsense2_camera_msgs/lib/python3.8/site-packages:${PYTHONPATH} /usr/bin/cmake --build /home/jason/Desktop/zam_ws/build/realsense2_description -- -j4 -l4
[0.666s] Invoking command in '/home/jason/Desktop/zam_ws/build/realsense2_description': AMENT_PREFIX_PATH=/home/jason/Desktop/zam_ws/install/realsense2_camera_msgs:${AMENT_PREFIX_PATH} CMAKE_PREFIX_PATH=/home/jason/Desktop/zam_ws/install/realsense2_camera_msgs:/home/jason/Desktop/zam_ws/src/AutoCarROS2/install/launches:/home/jason/Desktop/zam_ws/src/AutoCarROS2/install/autocar_nav:/home/jason/Desktop/zam_ws/src/AutoCarROS2/install/autocar_msgs:/home/jason/Desktop/zam_ws/src/AutoCarROS2/install/autocar_map:/home/jason/Desktop/zam_ws/src/AutoCarROS2/install/autocar_gazebo:/home/jason/Desktop/zam_ws/src/AutoCarROS2/install/autocar_description:/home/jason/Desktop/zam_ws/install/launches:/home/jason/Desktop/zam_ws/install/autocar_nav:/home/jason/Desktop/zam_ws/install/autocar_msgs:/home/jason/Desktop/zam_ws/install/autocar_map:/home/jason/Desktop/zam_ws/install/autocar_gazebo:/home/jason/Desktop/zam_ws/install/autocar_description:/home/jason/Desktop/autocarws/install/launches:/home/jason/Desktop/autocarws/install/autocar_nav:/home/jason/Desktop/autocarws/install/autocar_msgs:/home/jason/Desktop/autocarws/install/autocar_map:/home/jason/Desktop/autocarws/install/autocar_gazebo:/home/jason/Desktop/autocarws/install/autocar_description:/opt/ros/foxy LD_LIBRARY_PATH=/home/jason/Desktop/zam_ws/install/realsense2_camera_msgs/lib:${LD_LIBRARY_PATH} PYTHONPATH=/home/jason/Desktop/zam_ws/install/realsense2_camera_msgs/lib/python3.8/site-packages:${PYTHONPATH} /usr/bin/cmake --install /home/jason/Desktop/zam_ws/build/realsense2_description
[0.673s] -- Install configuration: ""
[0.674s] -- Execute custom install script
[0.675s] -- Symlinking: /home/jason/Desktop/zam_ws/install/realsense2_description/share/realsense2_description/launch/launch_utils.py
[0.693s] -- Symlinking: /home/jason/Desktop/zam_ws/install/realsense2_description/share/realsense2_description/launch/view_model.launch.py
[0.713s] -- Symlinking: /home/jason/Desktop/zam_ws/install/realsense2_description/share/realsense2_description/meshes/d415.stl
[0.730s] -- Symlinking: /home/jason/Desktop/zam_ws/install/realsense2_description/share/realsense2_description/meshes/d435.dae
[0.749s] -- Symlinking: /home/jason/Desktop/zam_ws/install/realsense2_description/share/realsense2_description/meshes/d455.stl
[0.765s] -- Symlinking: /home/jason/Desktop/zam_ws/install/realsense2_description/share/realsense2_description/meshes/l515.dae
[0.777s] -- Symlinking: /home/jason/Desktop/zam_ws/install/realsense2_description/share/realsense2_description/meshes/plug.stl
[0.794s] -- Symlinking: /home/jason/Desktop/zam_ws/install/realsense2_description/share/realsense2_description/meshes/plug_collision.stl
[0.807s] -- Symlinking: /home/jason/Desktop/zam_ws/install/realsense2_description/share/realsense2_description/rviz/urdf.rviz
[0.823s] -- Symlinking: /home/jason/Desktop/zam_ws/install/realsense2_description/share/realsense2_description/urdf/_d415.urdf.xacro
[0.838s] -- Symlinking: /home/jason/Desktop/zam_ws/install/realsense2_description/share/realsense2_description/urdf/_d435.urdf.xacro
[0.852s] -- Symlinking: /home/jason/Desktop/zam_ws/install/realsense2_description/share/realsense2_description/urdf/_d435i.urdf.xacro
[0.870s] -- Symlinking: /home/jason/Desktop/zam_ws/install/realsense2_description/share/realsense2_description/urdf/_d435i_imu_modules.urdf.xacro
[0.888s] -- Symlinking: /home/jason/Desktop/zam_ws/install/realsense2_description/share/realsense2_description/urdf/_d455.urdf.xacro
[0.903s] -- Symlinking: /home/jason/Desktop/zam_ws/install/realsense2_description/share/realsense2_description/urdf/_l515.urdf.xacro
[0.919s] -- Symlinking: /home/jason/Desktop/zam_ws/install/realsense2_description/share/realsense2_description/urdf/_materials.urdf.xacro
[0.931s] -- Symlinking: /home/jason/Desktop/zam_ws/install/realsense2_description/share/realsense2_description/urdf/_r410.urdf.xacro
[0.942s] -- Symlinking: /home/jason/Desktop/zam_ws/install/realsense2_description/share/realsense2_description/urdf/_r430.urdf.xacro
[0.953s] -- Symlinking: /home/jason/Desktop/zam_ws/install/realsense2_description/share/realsense2_description/urdf/_usb_plug.urdf.xacro
[0.967s] -- Symlinking: /home/jason/Desktop/zam_ws/install/realsense2_description/share/realsense2_description/urdf/test_d415_camera.urdf.xacro
[0.982s] -- Symlinking: /home/jason/Desktop/zam_ws/install/realsense2_description/share/realsense2_description/urdf/test_d435_camera.urdf.xacro
[0.993s] -- Symlinking: /home/jason/Desktop/zam_ws/install/realsense2_description/share/realsense2_description/urdf/test_d435_multiple_cameras.urdf.xacro
[1.004s] -- Symlinking: /home/jason/Desktop/zam_ws/install/realsense2_description/share/realsense2_description/urdf/test_d435i_camera.urdf.xacro
[1.015s] -- Symlinking: /home/jason/Desktop/zam_ws/install/realsense2_description/share/realsense2_description/urdf/test_d455_camera.urdf.xacro
[1.029s] -- Symlinking: /home/jason/Desktop/zam_ws/install/realsense2_description/share/realsense2_description/urdf/test_l515_camera.urdf.xacro
[1.041s] -- Symlinking: /home/jason/Desktop/zam_ws/install/realsense2_description/share/realsense2_description/urdf/test_r410_camera.urdf.xacro
[1.067s] -- Symlinking: /home/jason/Desktop/zam_ws/install/realsense2_description/share/realsense2_description/urdf/test_r430_camera.urdf.xacro
[1.083s] -- Symlinking: /home/jason/Desktop/zam_ws/install/realsense2_description/share/ament_index/resource_index/package_run_dependencies/realsense2_description
[1.089s] -- Symlinking: /home/jason/Desktop/zam_ws/install/realsense2_description/share/ament_index/resource_index/parent_prefix_path/realsense2_description
[1.104s] -- Symlinking: /home/jason/Desktop/zam_ws/install/realsense2_description/share/realsense2_description/environment/ament_prefix_path.sh
[1.120s] -- Symlinking: /home/jason/Desktop/zam_ws/install/realsense2_description/share/realsense2_description/environment/ament_prefix_path.dsv
[1.138s] -- Symlinking: /home/jason/Desktop/zam_ws/install/realsense2_description/share/realsense2_description/environment/path.sh
[1.155s] -- Symlinking: /home/jason/Desktop/zam_ws/install/realsense2_description/share/realsense2_description/environment/path.dsv
[1.176s] -- Symlinking: /home/jason/Desktop/zam_ws/install/realsense2_description/share/realsense2_description/local_setup.bash
[1.199s] -- Symlinking: /home/jason/Desktop/zam_ws/install/realsense2_description/share/realsense2_description/local_setup.sh
[1.220s] -- Symlinking: /home/jason/Desktop/zam_ws/install/realsense2_description/share/realsense2_description/local_setup.zsh
[1.242s] -- Symlinking: /home/jason/Desktop/zam_ws/install/realsense2_description/share/realsense2_description/local_setup.dsv
[1.256s] -- Symlinking: /home/jason/Desktop/zam_ws/install/realsense2_description/share/realsense2_description/package.dsv
[1.274s] -- Symlinking: /home/jason/Desktop/zam_ws/install/realsense2_description/share/ament_index/resource_index/packages/realsense2_description
[1.278s] -- Symlinking: /home/jason/Desktop/zam_ws/install/realsense2_description/share/realsense2_description/cmake/realsense2_descriptionConfig.cmake
[1.290s] -- Symlinking: /home/jason/Desktop/zam_ws/install/realsense2_description/share/realsense2_description/cmake/realsense2_descriptionConfig-version.cmake
[1.301s] -- Symlinking: /home/jason/Desktop/zam_ws/install/realsense2_description/share/realsense2_description/package.xml
[1.318s] Invoked command in '/home/jason/Desktop/zam_ws/build/realsense2_description' returned '0': AMENT_PREFIX_PATH=/home/jason/Desktop/zam_ws/install/realsense2_camera_msgs:${AMENT_PREFIX_PATH} CMAKE_PREFIX_PATH=/home/jason/Desktop/zam_ws/install/realsense2_camera_msgs:/home/jason/Desktop/zam_ws/src/AutoCarROS2/install/launches:/home/jason/Desktop/zam_ws/src/AutoCarROS2/install/autocar_nav:/home/jason/Desktop/zam_ws/src/AutoCarROS2/install/autocar_msgs:/home/jason/Desktop/zam_ws/src/AutoCarROS2/install/autocar_map:/home/jason/Desktop/zam_ws/src/AutoCarROS2/install/autocar_gazebo:/home/jason/Desktop/zam_ws/src/AutoCarROS2/install/autocar_description:/home/jason/Desktop/zam_ws/install/launches:/home/jason/Desktop/zam_ws/install/autocar_nav:/home/jason/Desktop/zam_ws/install/autocar_msgs:/home/jason/Desktop/zam_ws/install/autocar_map:/home/jason/Desktop/zam_ws/install/autocar_gazebo:/home/jason/Desktop/zam_ws/install/autocar_description:/home/jason/Desktop/autocarws/install/launches:/home/jason/Desktop/autocarws/install/autocar_nav:/home/jason/Desktop/autocarws/install/autocar_msgs:/home/jason/Desktop/autocarws/install/autocar_map:/home/jason/Desktop/autocarws/install/autocar_gazebo:/home/jason/Desktop/autocarws/install/autocar_description:/opt/ros/foxy LD_LIBRARY_PATH=/home/jason/Desktop/zam_ws/install/realsense2_camera_msgs/lib:${LD_LIBRARY_PATH} PYTHONPATH=/home/jason/Desktop/zam_ws/install/realsense2_camera_msgs/lib/python3.8/site-packages:${PYTHONPATH} /usr/bin/cmake --install /home/jason/Desktop/zam_ws/build/realsense2_description
