[0.164s] Invoking command in '/home/jason/Desktop/zam_ws/build/realsense2_camera_msgs': CMAKE_PREFIX_PATH=${CMAKE_PREFIX_PATH}:/home/jason/Desktop/zam_ws/install/zam_tools:/home/jason/Desktop/zam_ws/install/keyboard_control:/opt/ros/foxy /usr/bin/cmake --build /home/jason/Desktop/zam_ws/build/realsense2_camera_msgs -- -j4 -l4
[0.656s] [  1%] Built target realsense2_camera_msgs__cpp
[0.758s] [ 12%] Built target realsense2_camera_msgs__rosidl_generator_c
[0.922s] [ 23%] Built target realsense2_camera_msgs__rosidl_typesupport_introspection_cpp
[1.041s] [ 34%] Built target realsense2_camera_msgs__rosidl_typesupport_introspection_c
[1.146s] [ 45%] Built target realsense2_camera_msgs__rosidl_typesupport_c
[1.247s] [ 56%] Built target realsense2_camera_msgs__rosidl_typesupport_fastrtps_cpp
[1.311s] [ 67%] Built target realsense2_camera_msgs__rosidl_typesupport_cpp
[1.392s] [ 78%] Built target realsense2_camera_msgs__rosidl_typesupport_fastrtps_c
[1.474s] [ 78%] Built target realsense2_camera_msgs
[1.531s] [ 80%] Built target realsense2_camera_msgs__py
[1.602s] [ 89%] Built target realsense2_camera_msgs__python
[1.656s] [ 92%] Built target realsense2_camera_msgs__rosidl_typesupport_c__pyext
[1.716s] [ 96%] Built target realsense2_camera_msgs__rosidl_typesupport_fastrtps_c__pyext
[1.764s] [100%] Built target realsense2_camera_msgs__rosidl_typesupport_introspection_c__pyext
[1.904s] Invoked command in '/home/jason/Desktop/zam_ws/build/realsense2_camera_msgs' returned '0': CMAKE_PREFIX_PATH=${CMAKE_PREFIX_PATH}:/home/jason/Desktop/zam_ws/install/zam_tools:/home/jason/Desktop/zam_ws/install/keyboard_control:/opt/ros/foxy /usr/bin/cmake --build /home/jason/Desktop/zam_ws/build/realsense2_camera_msgs -- -j4 -l4
[2.309s] Invoking command in '/home/jason/Desktop/zam_ws/build/realsense2_camera_msgs': CMAKE_PREFIX_PATH=${CMAKE_PREFIX_PATH}:/home/jason/Desktop/zam_ws/install/zam_tools:/home/jason/Desktop/zam_ws/install/keyboard_control:/opt/ros/foxy /usr/bin/cmake --install /home/jason/Desktop/zam_ws/build/realsense2_camera_msgs
[2.366s] -- Install configuration: ""
[2.366s] -- Execute custom install script
[2.366s] -- Up-to-date symlink: /home/jason/Desktop/zam_ws/install/realsense2_camera_msgs/share/ament_index/resource_index/rosidl_interfaces/realsense2_camera_msgs
[2.387s] -- Up-to-date symlink: /home/jason/Desktop/zam_ws/install/realsense2_camera_msgs/include/realsense2_camera_msgs/msg/detail/extrinsics__functions.h
[2.387s] -- Up-to-date symlink: /home/jason/Desktop/zam_ws/install/realsense2_camera_msgs/include/realsense2_camera_msgs/msg/detail/extrinsics__struct.h
[2.387s] -- Up-to-date symlink: /home/jason/Desktop/zam_ws/install/realsense2_camera_msgs/include/realsense2_camera_msgs/msg/detail/extrinsics__type_support.h
[2.388s] -- Up-to-date symlink: /home/jason/Desktop/zam_ws/install/realsense2_camera_msgs/include/realsense2_camera_msgs/msg/detail/imu_info__functions.h
[2.388s] -- Up-to-date symlink: /home/jason/Desktop/zam_ws/install/realsense2_camera_msgs/include/realsense2_camera_msgs/msg/detail/imu_info__struct.h
[2.388s] -- Up-to-date symlink: /home/jason/Desktop/zam_ws/install/realsense2_camera_msgs/include/realsense2_camera_msgs/msg/detail/imu_info__type_support.h
[2.388s] -- Up-to-date symlink: /home/jason/Desktop/zam_ws/install/realsense2_camera_msgs/include/realsense2_camera_msgs/msg/detail/metadata__functions.h
[2.388s] -- Up-to-date symlink: /home/jason/Desktop/zam_ws/install/realsense2_camera_msgs/include/realsense2_camera_msgs/msg/detail/metadata__struct.h
[2.389s] -- Up-to-date symlink: /home/jason/Desktop/zam_ws/install/realsense2_camera_msgs/include/realsense2_camera_msgs/msg/detail/metadata__type_support.h
[2.389s] -- Up-to-date symlink: /home/jason/Desktop/zam_ws/install/realsense2_camera_msgs/include/realsense2_camera_msgs/msg/extrinsics.h
[2.389s] -- Up-to-date symlink: /home/jason/Desktop/zam_ws/install/realsense2_camera_msgs/include/realsense2_camera_msgs/msg/imu_info.h
[2.389s] -- Up-to-date symlink: /home/jason/Desktop/zam_ws/install/realsense2_camera_msgs/include/realsense2_camera_msgs/msg/metadata.h
[2.390s] -- Up-to-date symlink: /home/jason/Desktop/zam_ws/install/realsense2_camera_msgs/include/realsense2_camera_msgs/msg/rosidl_generator_c__visibility_control.h
[2.390s] -- Up-to-date symlink: /home/jason/Desktop/zam_ws/install/realsense2_camera_msgs/include/realsense2_camera_msgs/srv/detail/device_info__functions.h
[2.391s] -- Up-to-date symlink: /home/jason/Desktop/zam_ws/install/realsense2_camera_msgs/include/realsense2_camera_msgs/srv/detail/device_info__struct.h
[2.391s] -- Up-to-date symlink: /home/jason/Desktop/zam_ws/install/realsense2_camera_msgs/include/realsense2_camera_msgs/srv/detail/device_info__type_support.h
[2.391s] -- Up-to-date symlink: /home/jason/Desktop/zam_ws/install/realsense2_camera_msgs/include/realsense2_camera_msgs/srv/device_info.h
[2.393s] -- Up-to-date symlink: /home/jason/Desktop/zam_ws/install/realsense2_camera_msgs/share/realsense2_camera_msgs/environment/library_path.sh
[2.403s] -- Up-to-date symlink: /home/jason/Desktop/zam_ws/install/realsense2_camera_msgs/share/realsense2_camera_msgs/environment/library_path.dsv
[2.406s] -- Up-to-date symlink: /home/jason/Desktop/zam_ws/install/realsense2_camera_msgs/include/realsense2_camera_msgs/msg/detail/extrinsics__rosidl_typesupport_fastrtps_c.h
[2.407s] -- Up-to-date symlink: /home/jason/Desktop/zam_ws/install/realsense2_camera_msgs/include/realsense2_camera_msgs/msg/detail/imu_info__rosidl_typesupport_fastrtps_c.h
[2.407s] -- Up-to-date symlink: /home/jason/Desktop/zam_ws/install/realsense2_camera_msgs/include/realsense2_camera_msgs/msg/detail/metadata__rosidl_typesupport_fastrtps_c.h
[2.407s] -- Up-to-date symlink: /home/jason/Desktop/zam_ws/install/realsense2_camera_msgs/include/realsense2_camera_msgs/msg/rosidl_typesupport_fastrtps_c__visibility_control.h
[2.407s] -- Up-to-date symlink: /home/jason/Desktop/zam_ws/install/realsense2_camera_msgs/include/realsense2_camera_msgs/srv/detail/device_info__rosidl_typesupport_fastrtps_c.h
[2.408s] -- Up-to-date symlink: /home/jason/Desktop/zam_ws/install/realsense2_camera_msgs/lib/librealsense2_camera_msgs__rosidl_typesupport_fastrtps_c.so
[2.408s] -- Up-to-date symlink: /home/jason/Desktop/zam_ws/install/realsense2_camera_msgs/include/realsense2_camera_msgs/msg/detail/extrinsics__rosidl_typesupport_fastrtps_cpp.hpp
[2.413s] -- Up-to-date symlink: /home/jason/Desktop/zam_ws/install/realsense2_camera_msgs/include/realsense2_camera_msgs/msg/detail/imu_info__rosidl_typesupport_fastrtps_cpp.hpp
[2.414s] -- Up-to-date symlink: /home/jason/Desktop/zam_ws/install/realsense2_camera_msgs/include/realsense2_camera_msgs/msg/detail/metadata__rosidl_typesupport_fastrtps_cpp.hpp
[2.414s] -- Up-to-date symlink: /home/jason/Desktop/zam_ws/install/realsense2_camera_msgs/include/realsense2_camera_msgs/msg/rosidl_typesupport_fastrtps_cpp__visibility_control.h
[2.414s] -- Up-to-date symlink: /home/jason/Desktop/zam_ws/install/realsense2_camera_msgs/include/realsense2_camera_msgs/srv/detail/device_info__rosidl_typesupport_fastrtps_cpp.hpp
[2.414s] -- Up-to-date symlink: /home/jason/Desktop/zam_ws/install/realsense2_camera_msgs/lib/librealsense2_camera_msgs__rosidl_typesupport_fastrtps_cpp.so
[2.414s] -- Up-to-date symlink: /home/jason/Desktop/zam_ws/install/realsense2_camera_msgs/include/realsense2_camera_msgs/msg/detail/extrinsics__rosidl_typesupport_introspection_c.h
[2.414s] -- Up-to-date symlink: /home/jason/Desktop/zam_ws/install/realsense2_camera_msgs/include/realsense2_camera_msgs/msg/detail/imu_info__rosidl_typesupport_introspection_c.h
[2.414s] -- Up-to-date symlink: /home/jason/Desktop/zam_ws/install/realsense2_camera_msgs/include/realsense2_camera_msgs/msg/detail/metadata__rosidl_typesupport_introspection_c.h
[2.415s] -- Up-to-date symlink: /home/jason/Desktop/zam_ws/install/realsense2_camera_msgs/include/realsense2_camera_msgs/msg/rosidl_typesupport_introspection_c__visibility_control.h
[2.415s] -- Up-to-date symlink: /home/jason/Desktop/zam_ws/install/realsense2_camera_msgs/include/realsense2_camera_msgs/srv/detail/device_info__rosidl_typesupport_introspection_c.h
[2.416s] -- Up-to-date symlink: /home/jason/Desktop/zam_ws/install/realsense2_camera_msgs/include/realsense2_camera_msgs/msg/detail/extrinsics__builder.hpp
[2.416s] -- Up-to-date symlink: /home/jason/Desktop/zam_ws/install/realsense2_camera_msgs/include/realsense2_camera_msgs/msg/detail/extrinsics__struct.hpp
[2.417s] -- Up-to-date symlink: /home/jason/Desktop/zam_ws/install/realsense2_camera_msgs/include/realsense2_camera_msgs/msg/detail/extrinsics__traits.hpp
[2.417s] -- Up-to-date symlink: /home/jason/Desktop/zam_ws/install/realsense2_camera_msgs/include/realsense2_camera_msgs/msg/detail/imu_info__builder.hpp
[2.418s] -- Up-to-date symlink: /home/jason/Desktop/zam_ws/install/realsense2_camera_msgs/include/realsense2_camera_msgs/msg/detail/imu_info__struct.hpp
[2.418s] -- Up-to-date symlink: /home/jason/Desktop/zam_ws/install/realsense2_camera_msgs/include/realsense2_camera_msgs/msg/detail/imu_info__traits.hpp
[2.419s] -- Up-to-date symlink: /home/jason/Desktop/zam_ws/install/realsense2_camera_msgs/include/realsense2_camera_msgs/msg/detail/metadata__builder.hpp
[2.419s] -- Up-to-date symlink: /home/jason/Desktop/zam_ws/install/realsense2_camera_msgs/include/realsense2_camera_msgs/msg/detail/metadata__struct.hpp
[2.420s] -- Up-to-date symlink: /home/jason/Desktop/zam_ws/install/realsense2_camera_msgs/include/realsense2_camera_msgs/msg/detail/metadata__traits.hpp
[2.420s] -- Up-to-date symlink: /home/jason/Desktop/zam_ws/install/realsense2_camera_msgs/include/realsense2_camera_msgs/msg/extrinsics.hpp
[2.420s] -- Up-to-date symlink: /home/jason/Desktop/zam_ws/install/realsense2_camera_msgs/include/realsense2_camera_msgs/msg/imu_info.hpp
[2.420s] -- Up-to-date symlink: /home/jason/Desktop/zam_ws/install/realsense2_camera_msgs/include/realsense2_camera_msgs/msg/metadata.hpp
[2.421s] -- Up-to-date symlink: /home/jason/Desktop/zam_ws/install/realsense2_camera_msgs/include/realsense2_camera_msgs/srv/detail/device_info__builder.hpp
[2.421s] -- Up-to-date symlink: /home/jason/Desktop/zam_ws/install/realsense2_camera_msgs/include/realsense2_camera_msgs/srv/detail/device_info__struct.hpp
[2.422s] -- Up-to-date symlink: /home/jason/Desktop/zam_ws/install/realsense2_camera_msgs/include/realsense2_camera_msgs/srv/detail/device_info__traits.hpp
[2.422s] -- Up-to-date symlink: /home/jason/Desktop/zam_ws/install/realsense2_camera_msgs/include/realsense2_camera_msgs/srv/device_info.hpp
[2.423s] -- Up-to-date symlink: /home/jason/Desktop/zam_ws/install/realsense2_camera_msgs/include/realsense2_camera_msgs/msg/detail/extrinsics__rosidl_typesupport_introspection_cpp.hpp
[2.424s] -- Up-to-date symlink: /home/jason/Desktop/zam_ws/install/realsense2_camera_msgs/include/realsense2_camera_msgs/msg/detail/imu_info__rosidl_typesupport_introspection_cpp.hpp
[2.425s] -- Up-to-date symlink: /home/jason/Desktop/zam_ws/install/realsense2_camera_msgs/include/realsense2_camera_msgs/msg/detail/metadata__rosidl_typesupport_introspection_cpp.hpp
[2.425s] -- Up-to-date symlink: /home/jason/Desktop/zam_ws/install/realsense2_camera_msgs/include/realsense2_camera_msgs/srv/detail/device_info__rosidl_typesupport_introspection_cpp.hpp
[2.426s] -- Up-to-date symlink: /home/jason/Desktop/zam_ws/install/realsense2_camera_msgs/share/realsense2_camera_msgs/environment/pythonpath.sh
[2.428s] -- Up-to-date symlink: /home/jason/Desktop/zam_ws/install/realsense2_camera_msgs/share/realsense2_camera_msgs/environment/pythonpath.dsv
[2.428s] -- Up-to-date symlink: /home/jason/Desktop/zam_ws/install/realsense2_camera_msgs/lib/python3.8/site-packages/realsense2_camera_msgs/__init__.py
[2.428s] -- Up-to-date symlink: /home/jason/Desktop/zam_ws/install/realsense2_camera_msgs/lib/python3.8/site-packages/realsense2_camera_msgs/msg/__init__.py
[2.428s] -- Up-to-date symlink: /home/jason/Desktop/zam_ws/install/realsense2_camera_msgs/lib/python3.8/site-packages/realsense2_camera_msgs/msg/_extrinsics.py
[2.429s] -- Up-to-date symlink: /home/jason/Desktop/zam_ws/install/realsense2_camera_msgs/lib/python3.8/site-packages/realsense2_camera_msgs/msg/_imu_info.py
[2.429s] -- Up-to-date symlink: /home/jason/Desktop/zam_ws/install/realsense2_camera_msgs/lib/python3.8/site-packages/realsense2_camera_msgs/msg/_metadata.py
[2.431s] -- Up-to-date symlink: /home/jason/Desktop/zam_ws/install/realsense2_camera_msgs/lib/python3.8/site-packages/realsense2_camera_msgs/srv/__init__.py
[2.431s] -- Up-to-date symlink: /home/jason/Desktop/zam_ws/install/realsense2_camera_msgs/lib/python3.8/site-packages/realsense2_camera_msgs/srv/_device_info.py
[2.432s] -- Up-to-date symlink: /home/jason/Desktop/zam_ws/install/realsense2_camera_msgs/lib/python3.8/site-packages/realsense2_camera_msgs/realsense2_camera_msgs_s__rosidl_typesupport_fastrtps_c.cpython-38-x86_64-linux-gnu.so
[2.432s] -- Up-to-date symlink: /home/jason/Desktop/zam_ws/install/realsense2_camera_msgs/lib/python3.8/site-packages/realsense2_camera_msgs/realsense2_camera_msgs_s__rosidl_typesupport_introspection_c.cpython-38-x86_64-linux-gnu.so
[2.433s] -- Up-to-date symlink: /home/jason/Desktop/zam_ws/install/realsense2_camera_msgs/lib/python3.8/site-packages/realsense2_camera_msgs/realsense2_camera_msgs_s__rosidl_typesupport_c.cpython-38-x86_64-linux-gnu.so
[2.434s] -- Up-to-date symlink: /home/jason/Desktop/zam_ws/install/realsense2_camera_msgs/lib/librealsense2_camera_msgs__python.so
[2.435s] -- Up-to-date symlink: /home/jason/Desktop/zam_ws/install/realsense2_camera_msgs/share/realsense2_camera_msgs/msg/IMUInfo.idl
[2.435s] -- Up-to-date symlink: /home/jason/Desktop/zam_ws/install/realsense2_camera_msgs/share/realsense2_camera_msgs/msg/Extrinsics.idl
[2.436s] -- Up-to-date symlink: /home/jason/Desktop/zam_ws/install/realsense2_camera_msgs/share/realsense2_camera_msgs/msg/Metadata.idl
[2.436s] -- Up-to-date symlink: /home/jason/Desktop/zam_ws/install/realsense2_camera_msgs/share/realsense2_camera_msgs/srv/DeviceInfo.idl
[2.437s] -- Up-to-date symlink: /home/jason/Desktop/zam_ws/install/realsense2_camera_msgs/share/realsense2_camera_msgs/msg/IMUInfo.msg
[2.437s] -- Up-to-date symlink: /home/jason/Desktop/zam_ws/install/realsense2_camera_msgs/share/realsense2_camera_msgs/msg/Extrinsics.msg
[2.438s] -- Up-to-date symlink: /home/jason/Desktop/zam_ws/install/realsense2_camera_msgs/share/realsense2_camera_msgs/msg/Metadata.msg
[2.446s] -- Up-to-date symlink: /home/jason/Desktop/zam_ws/install/realsense2_camera_msgs/share/realsense2_camera_msgs/srv/DeviceInfo.srv
[2.447s] -- Up-to-date symlink: /home/jason/Desktop/zam_ws/install/realsense2_camera_msgs/share/realsense2_camera_msgs/srv/DeviceInfo_Request.msg
[2.447s] -- Up-to-date symlink: /home/jason/Desktop/zam_ws/install/realsense2_camera_msgs/share/realsense2_camera_msgs/srv/DeviceInfo_Response.msg
[2.448s] -- Up-to-date symlink: /home/jason/Desktop/zam_ws/install/realsense2_camera_msgs/share/ament_index/resource_index/package_run_dependencies/realsense2_camera_msgs
[2.450s] -- Up-to-date symlink: /home/jason/Desktop/zam_ws/install/realsense2_camera_msgs/share/ament_index/resource_index/parent_prefix_path/realsense2_camera_msgs
[2.452s] -- Up-to-date symlink: /home/jason/Desktop/zam_ws/install/realsense2_camera_msgs/share/realsense2_camera_msgs/environment/ament_prefix_path.sh
[2.452s] -- Up-to-date symlink: /home/jason/Desktop/zam_ws/install/realsense2_camera_msgs/share/realsense2_camera_msgs/environment/ament_prefix_path.dsv
[2.452s] -- Up-to-date symlink: /home/jason/Desktop/zam_ws/install/realsense2_camera_msgs/share/realsense2_camera_msgs/environment/path.sh
[2.452s] -- Up-to-date symlink: /home/jason/Desktop/zam_ws/install/realsense2_camera_msgs/share/realsense2_camera_msgs/environment/path.dsv
[2.453s] -- Up-to-date symlink: /home/jason/Desktop/zam_ws/install/realsense2_camera_msgs/share/realsense2_camera_msgs/local_setup.bash
[2.453s] -- Up-to-date symlink: /home/jason/Desktop/zam_ws/install/realsense2_camera_msgs/share/realsense2_camera_msgs/local_setup.sh
[2.454s] -- Up-to-date symlink: /home/jason/Desktop/zam_ws/install/realsense2_camera_msgs/share/realsense2_camera_msgs/local_setup.zsh
[2.455s] -- Up-to-date symlink: /home/jason/Desktop/zam_ws/install/realsense2_camera_msgs/share/realsense2_camera_msgs/local_setup.dsv
[2.455s] -- Symlinking: /home/jason/Desktop/zam_ws/install/realsense2_camera_msgs/share/realsense2_camera_msgs/package.dsv
[2.485s] -- Up-to-date symlink: /home/jason/Desktop/zam_ws/install/realsense2_camera_msgs/share/ament_index/resource_index/packages/realsense2_camera_msgs
[2.485s] -- Up-to-date symlink: /home/jason/Desktop/zam_ws/install/realsense2_camera_msgs/share/realsense2_camera_msgs/cmake/rosidl_cmake-extras.cmake
[2.486s] -- Up-to-date symlink: /home/jason/Desktop/zam_ws/install/realsense2_camera_msgs/share/realsense2_camera_msgs/cmake/ament_cmake_export_dependencies-extras.cmake
[2.491s] -- Up-to-date symlink: /home/jason/Desktop/zam_ws/install/realsense2_camera_msgs/share/realsense2_camera_msgs/cmake/ament_cmake_export_libraries-extras.cmake
[2.491s] -- Up-to-date symlink: /home/jason/Desktop/zam_ws/install/realsense2_camera_msgs/share/realsense2_camera_msgs/cmake/ament_cmake_export_targets-extras.cmake
[2.491s] -- Up-to-date symlink: /home/jason/Desktop/zam_ws/install/realsense2_camera_msgs/share/realsense2_camera_msgs/cmake/ament_cmake_export_include_directories-extras.cmake
[2.491s] -- Up-to-date symlink: /home/jason/Desktop/zam_ws/install/realsense2_camera_msgs/share/realsense2_camera_msgs/cmake/rosidl_cmake_export_typesupport_libraries-extras.cmake
[2.491s] -- Up-to-date symlink: /home/jason/Desktop/zam_ws/install/realsense2_camera_msgs/share/realsense2_camera_msgs/cmake/rosidl_cmake_export_typesupport_targets-extras.cmake
[2.491s] -- Up-to-date symlink: /home/jason/Desktop/zam_ws/install/realsense2_camera_msgs/share/realsense2_camera_msgs/cmake/realsense2_camera_msgsConfig.cmake
[2.492s] -- Up-to-date symlink: /home/jason/Desktop/zam_ws/install/realsense2_camera_msgs/share/realsense2_camera_msgs/cmake/realsense2_camera_msgsConfig-version.cmake
[2.492s] -- Up-to-date symlink: /home/jason/Desktop/zam_ws/install/realsense2_camera_msgs/share/realsense2_camera_msgs/package.xml
[2.492s] -- Up-to-date: /home/jason/Desktop/zam_ws/install/realsense2_camera_msgs/lib/librealsense2_camera_msgs__rosidl_generator_c.so
[2.493s] -- Up-to-date: /home/jason/Desktop/zam_ws/install/realsense2_camera_msgs/lib/librealsense2_camera_msgs__rosidl_typesupport_introspection_c.so
[2.494s] -- Up-to-date: /home/jason/Desktop/zam_ws/install/realsense2_camera_msgs/lib/librealsense2_camera_msgs__rosidl_typesupport_c.so
[2.495s] -- Up-to-date: /home/jason/Desktop/zam_ws/install/realsense2_camera_msgs/lib/librealsense2_camera_msgs__rosidl_typesupport_introspection_cpp.so
[2.495s] -- Up-to-date: /home/jason/Desktop/zam_ws/install/realsense2_camera_msgs/lib/librealsense2_camera_msgs__rosidl_typesupport_cpp.so
[2.585s] -- Up-to-date: /home/jason/Desktop/zam_ws/install/realsense2_camera_msgs/share/realsense2_camera_msgs/cmake/realsense2_camera_msgs__rosidl_generator_cExport.cmake
[2.586s] -- Up-to-date: /home/jason/Desktop/zam_ws/install/realsense2_camera_msgs/share/realsense2_camera_msgs/cmake/realsense2_camera_msgs__rosidl_generator_cExport-noconfig.cmake
[2.586s] -- Up-to-date: /home/jason/Desktop/zam_ws/install/realsense2_camera_msgs/share/realsense2_camera_msgs/cmake/realsense2_camera_msgs__rosidl_typesupport_introspection_cExport.cmake
[2.586s] -- Up-to-date: /home/jason/Desktop/zam_ws/install/realsense2_camera_msgs/share/realsense2_camera_msgs/cmake/realsense2_camera_msgs__rosidl_typesupport_introspection_cExport-noconfig.cmake
[2.586s] -- Up-to-date: /home/jason/Desktop/zam_ws/install/realsense2_camera_msgs/share/realsense2_camera_msgs/cmake/realsense2_camera_msgs__rosidl_typesupport_cExport.cmake
[2.586s] -- Up-to-date: /home/jason/Desktop/zam_ws/install/realsense2_camera_msgs/share/realsense2_camera_msgs/cmake/realsense2_camera_msgs__rosidl_typesupport_cExport-noconfig.cmake
[2.586s] -- Up-to-date: /home/jason/Desktop/zam_ws/install/realsense2_camera_msgs/share/realsense2_camera_msgs/cmake/realsense2_camera_msgs__rosidl_generator_cppExport.cmake
[2.587s] -- Up-to-date: /home/jason/Desktop/zam_ws/install/realsense2_camera_msgs/share/realsense2_camera_msgs/cmake/realsense2_camera_msgs__rosidl_typesupport_introspection_cppExport.cmake
[2.587s] -- Up-to-date: /home/jason/Desktop/zam_ws/install/realsense2_camera_msgs/share/realsense2_camera_msgs/cmake/realsense2_camera_msgs__rosidl_typesupport_introspection_cppExport-noconfig.cmake
[2.587s] -- Up-to-date: /home/jason/Desktop/zam_ws/install/realsense2_camera_msgs/share/realsense2_camera_msgs/cmake/realsense2_camera_msgs__rosidl_typesupport_cppExport.cmake
[2.595s] -- Up-to-date: /home/jason/Desktop/zam_ws/install/realsense2_camera_msgs/share/realsense2_camera_msgs/cmake/realsense2_camera_msgs__rosidl_typesupport_cppExport-noconfig.cmake
[2.631s] Invoked command in '/home/jason/Desktop/zam_ws/build/realsense2_camera_msgs' returned '0': CMAKE_PREFIX_PATH=${CMAKE_PREFIX_PATH}:/home/jason/Desktop/zam_ws/install/zam_tools:/home/jason/Desktop/zam_ws/install/keyboard_control:/opt/ros/foxy /usr/bin/cmake --install /home/jason/Desktop/zam_ws/build/realsense2_camera_msgs
