[0.258s] Invoking command in '/home/jason/Desktop/zam_ws/build/realsense2_description': AMENT_PREFIX_PATH=/home/jason/Desktop/zam_ws/install/realsense2_camera_msgs:${AMENT_PREFIX_PATH} CMAKE_PREFIX_PATH=/home/jason/Desktop/zam_ws/install/realsense2_camera_msgs:/opt/ros/foxy LD_LIBRARY_PATH=/home/jason/Desktop/zam_ws/install/realsense2_camera_msgs/lib:${LD_LIBRARY_PATH} PYTHONPATH=/home/jason/Desktop/zam_ws/install/realsense2_camera_msgs/lib/python3.8/site-packages:${PYTHONPATH} /usr/bin/cmake --build /home/jason/Desktop/zam_ws/build/realsense2_description -- -j4 -l4
[0.817s] Invoked command in '/home/jason/Desktop/zam_ws/build/realsense2_description' returned '0': AMENT_PREFIX_PATH=/home/jason/Desktop/zam_ws/install/realsense2_camera_msgs:${AMENT_PREFIX_PATH} CMAKE_PREFIX_PATH=/home/jason/Desktop/zam_ws/install/realsense2_camera_msgs:/opt/ros/foxy LD_LIBRARY_PATH=/home/jason/Desktop/zam_ws/install/realsense2_camera_msgs/lib:${LD_LIBRARY_PATH} PYTHONPATH=/home/jason/Desktop/zam_ws/install/realsense2_camera_msgs/lib/python3.8/site-packages:${PYTHONPATH} /usr/bin/cmake --build /home/jason/Desktop/zam_ws/build/realsense2_description -- -j4 -l4
[0.943s] Invoking command in '/home/jason/Desktop/zam_ws/build/realsense2_description': AMENT_PREFIX_PATH=/home/jason/Desktop/zam_ws/install/realsense2_camera_msgs:${AMENT_PREFIX_PATH} CMAKE_PREFIX_PATH=/home/jason/Desktop/zam_ws/install/realsense2_camera_msgs:/opt/ros/foxy LD_LIBRARY_PATH=/home/jason/Desktop/zam_ws/install/realsense2_camera_msgs/lib:${LD_LIBRARY_PATH} PYTHONPATH=/home/jason/Desktop/zam_ws/install/realsense2_camera_msgs/lib/python3.8/site-packages:${PYTHONPATH} /usr/bin/cmake --install /home/jason/Desktop/zam_ws/build/realsense2_description
[1.063s] -- Install configuration: ""
[1.067s] -- Execute custom install script
[1.083s] -- Up-to-date symlink: /home/jason/Desktop/zam_ws/install/realsense2_description/share/realsense2_description/launch/launch_utils.py
[1.084s] -- Up-to-date symlink: /home/jason/Desktop/zam_ws/install/realsense2_description/share/realsense2_description/launch/view_model.launch.py
[1.086s] -- Up-to-date symlink: /home/jason/Desktop/zam_ws/install/realsense2_description/share/realsense2_description/meshes/d415.stl
[1.087s] -- Up-to-date symlink: /home/jason/Desktop/zam_ws/install/realsense2_description/share/realsense2_description/meshes/d435.dae
[1.089s] -- Up-to-date symlink: /home/jason/Desktop/zam_ws/install/realsense2_description/share/realsense2_description/meshes/d455.stl
[1.097s] -- Up-to-date symlink: /home/jason/Desktop/zam_ws/install/realsense2_description/share/realsense2_description/meshes/l515.dae
[1.098s] -- Up-to-date symlink: /home/jason/Desktop/zam_ws/install/realsense2_description/share/realsense2_description/meshes/plug.stl
[1.098s] -- Up-to-date symlink: /home/jason/Desktop/zam_ws/install/realsense2_description/share/realsense2_description/meshes/plug_collision.stl
[1.099s] -- Up-to-date symlink: /home/jason/Desktop/zam_ws/install/realsense2_description/share/realsense2_description/rviz/urdf.rviz
[1.100s] -- Up-to-date symlink: /home/jason/Desktop/zam_ws/install/realsense2_description/share/realsense2_description/urdf/_d415.urdf.xacro
[1.106s] -- Up-to-date symlink: /home/jason/Desktop/zam_ws/install/realsense2_description/share/realsense2_description/urdf/_d435.urdf.xacro
[1.107s] -- Up-to-date symlink: /home/jason/Desktop/zam_ws/install/realsense2_description/share/realsense2_description/urdf/_d435i.urdf.xacro
[1.115s] -- Up-to-date symlink: /home/jason/Desktop/zam_ws/install/realsense2_description/share/realsense2_description/urdf/_d435i_imu_modules.urdf.xacro
[1.115s] -- Up-to-date symlink: /home/jason/Desktop/zam_ws/install/realsense2_description/share/realsense2_description/urdf/_d455.urdf.xacro
[1.118s] -- Up-to-date symlink: /home/jason/Desktop/zam_ws/install/realsense2_description/share/realsense2_description/urdf/_l515.urdf.xacro
[1.124s] -- Up-to-date symlink: /home/jason/Desktop/zam_ws/install/realsense2_description/share/realsense2_description/urdf/_materials.urdf.xacro
[1.130s] -- Up-to-date symlink: /home/jason/Desktop/zam_ws/install/realsense2_description/share/realsense2_description/urdf/_r410.urdf.xacro
[1.139s] -- Up-to-date symlink: /home/jason/Desktop/zam_ws/install/realsense2_description/share/realsense2_description/urdf/_r430.urdf.xacro
[1.141s] -- Up-to-date symlink: /home/jason/Desktop/zam_ws/install/realsense2_description/share/realsense2_description/urdf/_usb_plug.urdf.xacro
[1.143s] -- Up-to-date symlink: /home/jason/Desktop/zam_ws/install/realsense2_description/share/realsense2_description/urdf/test_d415_camera.urdf.xacro
[1.143s] -- Up-to-date symlink: /home/jason/Desktop/zam_ws/install/realsense2_description/share/realsense2_description/urdf/test_d435_camera.urdf.xacro
[1.147s] -- Up-to-date symlink: /home/jason/Desktop/zam_ws/install/realsense2_description/share/realsense2_description/urdf/test_d435_multiple_cameras.urdf.xacro
[1.152s] -- Up-to-date symlink: /home/jason/Desktop/zam_ws/install/realsense2_description/share/realsense2_description/urdf/test_d435i_camera.urdf.xacro
[1.154s] -- Up-to-date symlink: /home/jason/Desktop/zam_ws/install/realsense2_description/share/realsense2_description/urdf/test_d455_camera.urdf.xacro
[1.162s] -- Up-to-date symlink: /home/jason/Desktop/zam_ws/install/realsense2_description/share/realsense2_description/urdf/test_l515_camera.urdf.xacro
[1.163s] -- Up-to-date symlink: /home/jason/Desktop/zam_ws/install/realsense2_description/share/realsense2_description/urdf/test_r410_camera.urdf.xacro
[1.164s] -- Up-to-date symlink: /home/jason/Desktop/zam_ws/install/realsense2_description/share/realsense2_description/urdf/test_r430_camera.urdf.xacro
[1.183s] -- Up-to-date symlink: /home/jason/Desktop/zam_ws/install/realsense2_description/share/ament_index/resource_index/package_run_dependencies/realsense2_description
[1.187s] -- Up-to-date symlink: /home/jason/Desktop/zam_ws/install/realsense2_description/share/ament_index/resource_index/parent_prefix_path/realsense2_description
[1.191s] -- Up-to-date symlink: /home/jason/Desktop/zam_ws/install/realsense2_description/share/realsense2_description/environment/ament_prefix_path.sh
[1.192s] -- Up-to-date symlink: /home/jason/Desktop/zam_ws/install/realsense2_description/share/realsense2_description/environment/ament_prefix_path.dsv
[1.194s] -- Up-to-date symlink: /home/jason/Desktop/zam_ws/install/realsense2_description/share/realsense2_description/environment/path.sh
[1.200s] -- Up-to-date symlink: /home/jason/Desktop/zam_ws/install/realsense2_description/share/realsense2_description/environment/path.dsv
[1.200s] -- Up-to-date symlink: /home/jason/Desktop/zam_ws/install/realsense2_description/share/realsense2_description/local_setup.bash
[1.204s] -- Up-to-date symlink: /home/jason/Desktop/zam_ws/install/realsense2_description/share/realsense2_description/local_setup.sh
[1.208s] -- Up-to-date symlink: /home/jason/Desktop/zam_ws/install/realsense2_description/share/realsense2_description/local_setup.zsh
[1.216s] -- Up-to-date symlink: /home/jason/Desktop/zam_ws/install/realsense2_description/share/realsense2_description/local_setup.dsv
[1.217s] -- Symlinking: /home/jason/Desktop/zam_ws/install/realsense2_description/share/realsense2_description/package.dsv
[1.266s] -- Up-to-date symlink: /home/jason/Desktop/zam_ws/install/realsense2_description/share/ament_index/resource_index/packages/realsense2_description
[1.267s] -- Up-to-date symlink: /home/jason/Desktop/zam_ws/install/realsense2_description/share/realsense2_description/cmake/realsense2_descriptionConfig.cmake
[1.268s] -- Up-to-date symlink: /home/jason/Desktop/zam_ws/install/realsense2_description/share/realsense2_description/cmake/realsense2_descriptionConfig-version.cmake
[1.271s] -- Up-to-date symlink: /home/jason/Desktop/zam_ws/install/realsense2_description/share/realsense2_description/package.xml
[1.286s] Invoked command in '/home/jason/Desktop/zam_ws/build/realsense2_description' returned '0': AMENT_PREFIX_PATH=/home/jason/Desktop/zam_ws/install/realsense2_camera_msgs:${AMENT_PREFIX_PATH} CMAKE_PREFIX_PATH=/home/jason/Desktop/zam_ws/install/realsense2_camera_msgs:/opt/ros/foxy LD_LIBRARY_PATH=/home/jason/Desktop/zam_ws/install/realsense2_camera_msgs/lib:${LD_LIBRARY_PATH} PYTHONPATH=/home/jason/Desktop/zam_ws/install/realsense2_camera_msgs/lib/python3.8/site-packages:${PYTHONPATH} /usr/bin/cmake --install /home/jason/Desktop/zam_ws/build/realsense2_description
