[0.041s] Invoking command in '/home/jason/Desktop/zam_ws/build/autocar_gazebo': CMAKE_PREFIX_PATH=/home/jason/Desktop/zam_ws/install/realsense_ros2:/home/jason/Desktop/zam_ws/install/realsense_examples:/home/jason/Desktop/zam_ws/install/realsense_node:/home/jason/Desktop/zam_ws/install/realsense_ros:/home/jason/Desktop/zam_ws/install/realsense_msgs:/home/jason/Desktop/zam_ws/install/zam_tools:/home/jason/Desktop/zam_ws/install/keyboard_control:/opt/ros/foxy:/home/jason/Desktop/zam_ws/install/realsense_gazebo_plugin:/home/jason/Desktop/zam_ws/install/realsense2_description:/home/jason/Desktop/zam_ws/install/realsense2_camera:/home/jason/Desktop/zam_ws/install/realsense2_camera_msgs:/home/jason/Desktop/zam_ws/install/launches:/home/jason/Desktop/zam_ws/install/autocar_nav:/home/jason/Desktop/zam_ws/install/autocar_msgs:/home/jason/Desktop/zam_ws/install/autocar_map:/home/jason/Desktop/zam_ws/install/autocar_gazebo:/home/jason/Desktop/zam_ws/install/autocar_description /usr/bin/cmake /home/jason/Desktop/zam_ws/src/AutoCarROS2/autocar_gazebo -DAMENT_CMAKE_SYMLINK_INSTALL=1 -DCMAKE_INSTALL_PREFIX=/home/jason/Desktop/zam_ws/install/autocar_gazebo
[0.137s] -- Found ament_cmake: 0.9.11 (/opt/ros/foxy/share/ament_cmake/cmake)
[0.216s] -- Using PYTHON_EXECUTABLE: /usr/bin/python3
[0.612s] -- Override CMake install command with custom implementation using symlinks instead of copying resources
[0.625s] -- Found ament_lint_auto: 0.9.7 (/opt/ros/foxy/share/ament_lint_auto/cmake)
[0.761s] -- Added test 'copyright' to check source files copyright and LICENSE
[0.767s] -- Added test 'lint_cmake' to check CMake code style
[0.771s] -- Added test 'xmllint' to check XML markup files
[0.773s] -- Configuring done
[0.777s] -- Generating done
[0.779s] -- Build files have been written to: /home/jason/Desktop/zam_ws/build/autocar_gazebo
[0.786s] Invoked command in '/home/jason/Desktop/zam_ws/build/autocar_gazebo' returned '0': CMAKE_PREFIX_PATH=/home/jason/Desktop/zam_ws/install/realsense_ros2:/home/jason/Desktop/zam_ws/install/realsense_examples:/home/jason/Desktop/zam_ws/install/realsense_node:/home/jason/Desktop/zam_ws/install/realsense_ros:/home/jason/Desktop/zam_ws/install/realsense_msgs:/home/jason/Desktop/zam_ws/install/zam_tools:/home/jason/Desktop/zam_ws/install/keyboard_control:/opt/ros/foxy:/home/jason/Desktop/zam_ws/install/realsense_gazebo_plugin:/home/jason/Desktop/zam_ws/install/realsense2_description:/home/jason/Desktop/zam_ws/install/realsense2_camera:/home/jason/Desktop/zam_ws/install/realsense2_camera_msgs:/home/jason/Desktop/zam_ws/install/launches:/home/jason/Desktop/zam_ws/install/autocar_nav:/home/jason/Desktop/zam_ws/install/autocar_msgs:/home/jason/Desktop/zam_ws/install/autocar_map:/home/jason/Desktop/zam_ws/install/autocar_gazebo:/home/jason/Desktop/zam_ws/install/autocar_description /usr/bin/cmake /home/jason/Desktop/zam_ws/src/AutoCarROS2/autocar_gazebo -DAMENT_CMAKE_SYMLINK_INSTALL=1 -DCMAKE_INSTALL_PREFIX=/home/jason/Desktop/zam_ws/install/autocar_gazebo
[0.788s] Invoking command in '/home/jason/Desktop/zam_ws/build/autocar_gazebo': CMAKE_PREFIX_PATH=/home/jason/Desktop/zam_ws/install/realsense_ros2:/home/jason/Desktop/zam_ws/install/realsense_examples:/home/jason/Desktop/zam_ws/install/realsense_node:/home/jason/Desktop/zam_ws/install/realsense_ros:/home/jason/Desktop/zam_ws/install/realsense_msgs:/home/jason/Desktop/zam_ws/install/zam_tools:/home/jason/Desktop/zam_ws/install/keyboard_control:/opt/ros/foxy:/home/jason/Desktop/zam_ws/install/realsense_gazebo_plugin:/home/jason/Desktop/zam_ws/install/realsense2_description:/home/jason/Desktop/zam_ws/install/realsense2_camera:/home/jason/Desktop/zam_ws/install/realsense2_camera_msgs:/home/jason/Desktop/zam_ws/install/launches:/home/jason/Desktop/zam_ws/install/autocar_nav:/home/jason/Desktop/zam_ws/install/autocar_msgs:/home/jason/Desktop/zam_ws/install/autocar_map:/home/jason/Desktop/zam_ws/install/autocar_gazebo:/home/jason/Desktop/zam_ws/install/autocar_description /usr/bin/cmake --build /home/jason/Desktop/zam_ws/build/autocar_gazebo -- -j4 -l4
[0.915s] Invoked command in '/home/jason/Desktop/zam_ws/build/autocar_gazebo' returned '0': CMAKE_PREFIX_PATH=/home/jason/Desktop/zam_ws/install/realsense_ros2:/home/jason/Desktop/zam_ws/install/realsense_examples:/home/jason/Desktop/zam_ws/install/realsense_node:/home/jason/Desktop/zam_ws/install/realsense_ros:/home/jason/Desktop/zam_ws/install/realsense_msgs:/home/jason/Desktop/zam_ws/install/zam_tools:/home/jason/Desktop/zam_ws/install/keyboard_control:/opt/ros/foxy:/home/jason/Desktop/zam_ws/install/realsense_gazebo_plugin:/home/jason/Desktop/zam_ws/install/realsense2_description:/home/jason/Desktop/zam_ws/install/realsense2_camera:/home/jason/Desktop/zam_ws/install/realsense2_camera_msgs:/home/jason/Desktop/zam_ws/install/launches:/home/jason/Desktop/zam_ws/install/autocar_nav:/home/jason/Desktop/zam_ws/install/autocar_msgs:/home/jason/Desktop/zam_ws/install/autocar_map:/home/jason/Desktop/zam_ws/install/autocar_gazebo:/home/jason/Desktop/zam_ws/install/autocar_description /usr/bin/cmake --build /home/jason/Desktop/zam_ws/build/autocar_gazebo -- -j4 -l4
[1.048s] Invoking command in '/home/jason/Desktop/zam_ws/build/autocar_gazebo': CMAKE_PREFIX_PATH=/home/jason/Desktop/zam_ws/install/realsense_ros2:/home/jason/Desktop/zam_ws/install/realsense_examples:/home/jason/Desktop/zam_ws/install/realsense_node:/home/jason/Desktop/zam_ws/install/realsense_ros:/home/jason/Desktop/zam_ws/install/realsense_msgs:/home/jason/Desktop/zam_ws/install/zam_tools:/home/jason/Desktop/zam_ws/install/keyboard_control:/opt/ros/foxy:/home/jason/Desktop/zam_ws/install/realsense_gazebo_plugin:/home/jason/Desktop/zam_ws/install/realsense2_description:/home/jason/Desktop/zam_ws/install/realsense2_camera:/home/jason/Desktop/zam_ws/install/realsense2_camera_msgs:/home/jason/Desktop/zam_ws/install/launches:/home/jason/Desktop/zam_ws/install/autocar_nav:/home/jason/Desktop/zam_ws/install/autocar_msgs:/home/jason/Desktop/zam_ws/install/autocar_map:/home/jason/Desktop/zam_ws/install/autocar_gazebo:/home/jason/Desktop/zam_ws/install/autocar_description /usr/bin/cmake --install /home/jason/Desktop/zam_ws/build/autocar_gazebo
[1.060s] -- Install configuration: ""
[1.060s] -- Execute custom install script
[1.060s] -- Up-to-date symlink: /home/jason/Desktop/zam_ws/install/autocar_gazebo/share/autocar_gazebo/worlds/autocar.world
[1.060s] -- Up-to-date symlink: /home/jason/Desktop/zam_ws/install/autocar_gazebo/share/autocar_gazebo/worlds/autocar_city.world
[1.061s] -- Up-to-date symlink: /home/jason/Desktop/zam_ws/install/autocar_gazebo/share/autocar_gazebo/worlds/autocar_spawn.world
[1.061s] -- Up-to-date symlink: /home/jason/Desktop/zam_ws/install/autocar_gazebo/share/autocar_gazebo/worlds/empty.world
[1.061s] -- Up-to-date symlink: /home/jason/Desktop/zam_ws/install/autocar_gazebo/share/autocar_gazebo/worlds/hockey_rink.jpg
[1.061s] -- Up-to-date symlink: /home/jason/Desktop/zam_ws/install/autocar_gazebo/share/autocar_gazebo/worlds/ice_rink.world
[1.061s] -- Up-to-date symlink: /home/jason/Desktop/zam_ws/install/autocar_gazebo/share/autocar_gazebo/worlds/populated_road.world
[1.061s] -- Up-to-date symlink: /home/jason/Desktop/zam_ws/install/autocar_gazebo/share/autocar_gazebo/worlds/road.world
[1.062s] -- Up-to-date symlink: /home/jason/Desktop/zam_ws/install/autocar_gazebo/share/autocar_gazebo/worlds/temp.xml
[1.062s] -- Up-to-date symlink: /home/jason/.gazebo/models/autocar/meshes/bl_1.stl
[1.063s] -- Up-to-date symlink: /home/jason/.gazebo/models/autocar/meshes/br_1.stl
[1.063s] -- Up-to-date symlink: /home/jason/.gazebo/models/autocar/meshes/burger_base.dae
[1.063s] -- Up-to-date symlink: /home/jason/.gazebo/models/autocar/meshes/chassis_link.stl
[1.064s] -- Up-to-date symlink: /home/jason/.gazebo/models/autocar/meshes/fl_1.stl
[1.064s] -- Up-to-date symlink: /home/jason/.gazebo/models/autocar/meshes/fr_1.stl
[1.064s] -- Up-to-date symlink: /home/jason/.gazebo/models/autocar/meshes/hokuyo.dae
[1.065s] -- Up-to-date symlink: /home/jason/.gazebo/models/autocar/meshes/lds.dae
[1.065s] -- Up-to-date symlink: /home/jason/.gazebo/models/autocar/meshes/spoiler.stl
[1.065s] -- Up-to-date symlink: /home/jason/.gazebo/models/autocar/meshes/tire.dae
[1.065s] -- Up-to-date symlink: /home/jason/.gazebo/models/autocar/meshes/zamboni2.stl
[1.066s] -- Up-to-date symlink: /home/jason/.gazebo/models/autocar/meshes/zamboni_v2.stl
[1.066s] -- Up-to-date symlink: /home/jason/.gazebo/models/autocar/model.config
[1.066s] -- Up-to-date symlink: /home/jason/.gazebo/models/autocar/model.sdf
[1.067s] -- Up-to-date symlink: /home/jason/Desktop/zam_ws/install/autocar_gazebo/share/ament_index/resource_index/package_run_dependencies/autocar_gazebo
[1.067s] -- Up-to-date symlink: /home/jason/Desktop/zam_ws/install/autocar_gazebo/share/ament_index/resource_index/parent_prefix_path/autocar_gazebo
[1.068s] -- Up-to-date symlink: /home/jason/Desktop/zam_ws/install/autocar_gazebo/share/autocar_gazebo/environment/ament_prefix_path.sh
[1.068s] -- Up-to-date symlink: /home/jason/Desktop/zam_ws/install/autocar_gazebo/share/autocar_gazebo/environment/ament_prefix_path.dsv
[1.069s] -- Up-to-date symlink: /home/jason/Desktop/zam_ws/install/autocar_gazebo/share/autocar_gazebo/environment/path.sh
[1.071s] -- Up-to-date symlink: /home/jason/Desktop/zam_ws/install/autocar_gazebo/share/autocar_gazebo/environment/path.dsv
[1.072s] -- Up-to-date symlink: /home/jason/Desktop/zam_ws/install/autocar_gazebo/share/autocar_gazebo/local_setup.bash
[1.072s] -- Up-to-date symlink: /home/jason/Desktop/zam_ws/install/autocar_gazebo/share/autocar_gazebo/local_setup.sh
[1.072s] -- Up-to-date symlink: /home/jason/Desktop/zam_ws/install/autocar_gazebo/share/autocar_gazebo/local_setup.zsh
[1.072s] -- Up-to-date symlink: /home/jason/Desktop/zam_ws/install/autocar_gazebo/share/autocar_gazebo/local_setup.dsv
[1.072s] -- Symlinking: /home/jason/Desktop/zam_ws/install/autocar_gazebo/share/autocar_gazebo/package.dsv
[1.090s] -- Up-to-date symlink: /home/jason/Desktop/zam_ws/install/autocar_gazebo/share/ament_index/resource_index/packages/autocar_gazebo
[1.090s] -- Up-to-date symlink: /home/jason/Desktop/zam_ws/install/autocar_gazebo/share/autocar_gazebo/cmake/autocar_gazeboConfig.cmake
[1.091s] -- Up-to-date symlink: /home/jason/Desktop/zam_ws/install/autocar_gazebo/share/autocar_gazebo/cmake/autocar_gazeboConfig-version.cmake
[1.091s] -- Up-to-date symlink: /home/jason/Desktop/zam_ws/install/autocar_gazebo/share/autocar_gazebo/package.xml
[1.104s] Invoked command in '/home/jason/Desktop/zam_ws/build/autocar_gazebo' returned '0': CMAKE_PREFIX_PATH=/home/jason/Desktop/zam_ws/install/realsense_ros2:/home/jason/Desktop/zam_ws/install/realsense_examples:/home/jason/Desktop/zam_ws/install/realsense_node:/home/jason/Desktop/zam_ws/install/realsense_ros:/home/jason/Desktop/zam_ws/install/realsense_msgs:/home/jason/Desktop/zam_ws/install/zam_tools:/home/jason/Desktop/zam_ws/install/keyboard_control:/opt/ros/foxy:/home/jason/Desktop/zam_ws/install/realsense_gazebo_plugin:/home/jason/Desktop/zam_ws/install/realsense2_description:/home/jason/Desktop/zam_ws/install/realsense2_camera:/home/jason/Desktop/zam_ws/install/realsense2_camera_msgs:/home/jason/Desktop/zam_ws/install/launches:/home/jason/Desktop/zam_ws/install/autocar_nav:/home/jason/Desktop/zam_ws/install/autocar_msgs:/home/jason/Desktop/zam_ws/install/autocar_map:/home/jason/Desktop/zam_ws/install/autocar_gazebo:/home/jason/Desktop/zam_ws/install/autocar_description /usr/bin/cmake --install /home/jason/Desktop/zam_ws/build/autocar_gazebo
