[0.068s] Invoking command in '/home/jason/Desktop/zam_ws/build/autocar_gazebo': CMAKE_PREFIX_PATH=${CMAKE_PREFIX_PATH}:/home/jason/Desktop/zam_ws/install/zam_tools:/home/jason/Desktop/zam_ws/install/keyboard_control:/opt/ros/foxy /usr/bin/cmake --build /home/jason/Desktop/zam_ws/build/autocar_gazebo -- -j4 -l4
[0.169s] Invoked command in '/home/jason/Desktop/zam_ws/build/autocar_gazebo' returned '0': CMAKE_PREFIX_PATH=${CMAKE_PREFIX_PATH}:/home/jason/Desktop/zam_ws/install/zam_tools:/home/jason/Desktop/zam_ws/install/keyboard_control:/opt/ros/foxy /usr/bin/cmake --build /home/jason/Desktop/zam_ws/build/autocar_gazebo -- -j4 -l4
[0.410s] Invoking command in '/home/jason/Desktop/zam_ws/build/autocar_gazebo': CMAKE_PREFIX_PATH=${CMAKE_PREFIX_PATH}:/home/jason/Desktop/zam_ws/install/zam_tools:/home/jason/Desktop/zam_ws/install/keyboard_control:/opt/ros/foxy /usr/bin/cmake --install /home/jason/Desktop/zam_ws/build/autocar_gazebo
[0.426s] -- Install configuration: ""
[0.427s] -- Execute custom install script
[0.428s] -- Up-to-date symlink: /home/jason/Desktop/zam_ws/install/autocar_gazebo/share/autocar_gazebo/worlds/autocar.world
[0.428s] -- Up-to-date symlink: /home/jason/Desktop/zam_ws/install/autocar_gazebo/share/autocar_gazebo/worlds/autocar_city.world
[0.428s] -- Up-to-date symlink: /home/jason/Desktop/zam_ws/install/autocar_gazebo/share/autocar_gazebo/worlds/autocar_spawn.world
[0.429s] -- Up-to-date symlink: /home/jason/Desktop/zam_ws/install/autocar_gazebo/share/autocar_gazebo/worlds/empty.world
[0.429s] -- Up-to-date symlink: /home/jason/Desktop/zam_ws/install/autocar_gazebo/share/autocar_gazebo/worlds/hockey_rink.jpg
[0.429s] -- Up-to-date symlink: /home/jason/Desktop/zam_ws/install/autocar_gazebo/share/autocar_gazebo/worlds/ice_rink.world
[0.429s] -- Up-to-date symlink: /home/jason/Desktop/zam_ws/install/autocar_gazebo/share/autocar_gazebo/worlds/populated_road.world
[0.430s] -- Up-to-date symlink: /home/jason/Desktop/zam_ws/install/autocar_gazebo/share/autocar_gazebo/worlds/road.world
[0.430s] -- Up-to-date symlink: /home/jason/Desktop/zam_ws/install/autocar_gazebo/share/autocar_gazebo/worlds/temp.xml
[0.431s] -- Up-to-date symlink: /home/jason/.gazebo/models/autocar/meshes/bl_1.stl
[0.431s] -- Up-to-date symlink: /home/jason/.gazebo/models/autocar/meshes/br_1.stl
[0.432s] -- Up-to-date symlink: /home/jason/.gazebo/models/autocar/meshes/burger_base.dae
[0.432s] -- Up-to-date symlink: /home/jason/.gazebo/models/autocar/meshes/chassis_link.stl
[0.433s] -- Up-to-date symlink: /home/jason/.gazebo/models/autocar/meshes/fl_1.stl
[0.433s] -- Up-to-date symlink: /home/jason/.gazebo/models/autocar/meshes/fr_1.stl
[0.433s] -- Up-to-date symlink: /home/jason/.gazebo/models/autocar/meshes/hokuyo.dae
[0.434s] -- Up-to-date symlink: /home/jason/.gazebo/models/autocar/meshes/lds.dae
[0.434s] -- Up-to-date symlink: /home/jason/.gazebo/models/autocar/meshes/spoiler.stl
[0.436s] -- Up-to-date symlink: /home/jason/.gazebo/models/autocar/meshes/tire.dae
[0.436s] -- Up-to-date symlink: /home/jason/.gazebo/models/autocar/meshes/zamboni2.stl
[0.436s] -- Up-to-date symlink: /home/jason/.gazebo/models/autocar/meshes/zamboni_v2.stl
[0.437s] -- Up-to-date symlink: /home/jason/.gazebo/models/autocar/model.config
[0.437s] -- Up-to-date symlink: /home/jason/.gazebo/models/autocar/model.sdf
[0.437s] -- Up-to-date symlink: /home/jason/Desktop/zam_ws/install/autocar_gazebo/share/ament_index/resource_index/package_run_dependencies/autocar_gazebo
[0.438s] -- Up-to-date symlink: /home/jason/Desktop/zam_ws/install/autocar_gazebo/share/ament_index/resource_index/parent_prefix_path/autocar_gazebo
[0.438s] -- Up-to-date symlink: /home/jason/Desktop/zam_ws/install/autocar_gazebo/share/autocar_gazebo/environment/ament_prefix_path.sh
[0.439s] -- Up-to-date symlink: /home/jason/Desktop/zam_ws/install/autocar_gazebo/share/autocar_gazebo/environment/ament_prefix_path.dsv
[0.439s] -- Up-to-date symlink: /home/jason/Desktop/zam_ws/install/autocar_gazebo/share/autocar_gazebo/environment/path.sh
[0.440s] -- Up-to-date symlink: /home/jason/Desktop/zam_ws/install/autocar_gazebo/share/autocar_gazebo/environment/path.dsv
[0.440s] -- Up-to-date symlink: /home/jason/Desktop/zam_ws/install/autocar_gazebo/share/autocar_gazebo/local_setup.bash
[0.441s] -- Up-to-date symlink: /home/jason/Desktop/zam_ws/install/autocar_gazebo/share/autocar_gazebo/local_setup.sh
[0.441s] -- Up-to-date symlink: /home/jason/Desktop/zam_ws/install/autocar_gazebo/share/autocar_gazebo/local_setup.zsh
[0.442s] -- Up-to-date symlink: /home/jason/Desktop/zam_ws/install/autocar_gazebo/share/autocar_gazebo/local_setup.dsv
[0.442s] -- Symlinking: /home/jason/Desktop/zam_ws/install/autocar_gazebo/share/autocar_gazebo/package.dsv
[0.461s] -- Up-to-date symlink: /home/jason/Desktop/zam_ws/install/autocar_gazebo/share/ament_index/resource_index/packages/autocar_gazebo
[0.461s] -- Up-to-date symlink: /home/jason/Desktop/zam_ws/install/autocar_gazebo/share/autocar_gazebo/cmake/autocar_gazeboConfig.cmake
[0.462s] -- Up-to-date symlink: /home/jason/Desktop/zam_ws/install/autocar_gazebo/share/autocar_gazebo/cmake/autocar_gazeboConfig-version.cmake
[0.462s] -- Up-to-date symlink: /home/jason/Desktop/zam_ws/install/autocar_gazebo/share/autocar_gazebo/package.xml
[0.470s] Invoked command in '/home/jason/Desktop/zam_ws/build/autocar_gazebo' returned '0': CMAKE_PREFIX_PATH=${CMAKE_PREFIX_PATH}:/home/jason/Desktop/zam_ws/install/zam_tools:/home/jason/Desktop/zam_ws/install/keyboard_control:/opt/ros/foxy /usr/bin/cmake --install /home/jason/Desktop/zam_ws/build/autocar_gazebo
