[0.407s] Invoking command in '/home/jason/Desktop/zam_ws/build/realsense_ros': CMAKE_PREFIX_PATH=/home/jason/Desktop/zam_ws/install/realsense_msgs:/home/jason/Desktop/zam_ws/install/realsense_ros2:/home/jason/Desktop/zam_ws/install/realsense_examples:/home/jason/Desktop/zam_ws/install/realsense_node:/home/jason/Desktop/zam_ws/install/realsense_ros:/home/jason/Desktop/zam_ws/install/keyboard_control:/home/jason/Desktop/zam_ws/install/zam_tools:/opt/ros/foxy:/home/jason/Desktop/zam_ws/install/realsense_gazebo_plugin:/home/jason/Desktop/zam_ws/install/realsense2_description:/home/jason/Desktop/zam_ws/install/realsense2_camera:/home/jason/Desktop/zam_ws/install/realsense2_camera_msgs:/home/jason/Desktop/zam_ws/install/launches:/home/jason/Desktop/zam_ws/install/autocar_nav:/home/jason/Desktop/zam_ws/install/autocar_msgs:/home/jason/Desktop/zam_ws/install/autocar_map:/home/jason/Desktop/zam_ws/install/autocar_gazebo:/home/jason/Desktop/zam_ws/install/autocar_description LD_LIBRARY_PATH=/home/jason/Desktop/zam_ws/install/realsense_msgs/lib:/home/jason/Desktop/zam_ws/install/realsense_ros/lib:/home/jason/Desktop/zam_ws/install/realsense_gazebo_plugin/lib:/home/jason/Desktop/zam_ws/install/realsense2_camera/lib:/home/jason/Desktop/zam_ws/install/realsense2_camera_msgs/lib:/home/jason/Desktop/zam_ws/install/autocar_msgs/lib:/usr/lib/x86_64-linux-gnu/gazebo-11/plugins:/opt/ros/foxy/opt/yaml_cpp_vendor/lib:/opt/ros/foxy/opt/rviz_ogre_vendor/lib:/opt/ros/foxy/lib/x86_64-linux-gnu:/opt/ros/foxy/lib /usr/bin/cmake --build /home/jason/Desktop/zam_ws/build/realsense_ros -- -j4 -l4
[0.544s] [ 16%] Built target gtest
[0.615s] [ 66%] Built target realsense_ros
[0.664s] [ 83%] Built target gtest_main
[0.883s] [100%] Built target camera_core
[0.950s] Invoked command in '/home/jason/Desktop/zam_ws/build/realsense_ros' returned '0': CMAKE_PREFIX_PATH=/home/jason/Desktop/zam_ws/install/realsense_msgs:/home/jason/Desktop/zam_ws/install/realsense_ros2:/home/jason/Desktop/zam_ws/install/realsense_examples:/home/jason/Desktop/zam_ws/install/realsense_node:/home/jason/Desktop/zam_ws/install/realsense_ros:/home/jason/Desktop/zam_ws/install/keyboard_control:/home/jason/Desktop/zam_ws/install/zam_tools:/opt/ros/foxy:/home/jason/Desktop/zam_ws/install/realsense_gazebo_plugin:/home/jason/Desktop/zam_ws/install/realsense2_description:/home/jason/Desktop/zam_ws/install/realsense2_camera:/home/jason/Desktop/zam_ws/install/realsense2_camera_msgs:/home/jason/Desktop/zam_ws/install/launches:/home/jason/Desktop/zam_ws/install/autocar_nav:/home/jason/Desktop/zam_ws/install/autocar_msgs:/home/jason/Desktop/zam_ws/install/autocar_map:/home/jason/Desktop/zam_ws/install/autocar_gazebo:/home/jason/Desktop/zam_ws/install/autocar_description LD_LIBRARY_PATH=/home/jason/Desktop/zam_ws/install/realsense_msgs/lib:/home/jason/Desktop/zam_ws/install/realsense_ros/lib:/home/jason/Desktop/zam_ws/install/realsense_gazebo_plugin/lib:/home/jason/Desktop/zam_ws/install/realsense2_camera/lib:/home/jason/Desktop/zam_ws/install/realsense2_camera_msgs/lib:/home/jason/Desktop/zam_ws/install/autocar_msgs/lib:/usr/lib/x86_64-linux-gnu/gazebo-11/plugins:/opt/ros/foxy/opt/yaml_cpp_vendor/lib:/opt/ros/foxy/opt/rviz_ogre_vendor/lib:/opt/ros/foxy/lib/x86_64-linux-gnu:/opt/ros/foxy/lib /usr/bin/cmake --build /home/jason/Desktop/zam_ws/build/realsense_ros -- -j4 -l4
[1.159s] Invoking command in '/home/jason/Desktop/zam_ws/build/realsense_ros': CMAKE_PREFIX_PATH=/home/jason/Desktop/zam_ws/install/realsense_msgs:/home/jason/Desktop/zam_ws/install/realsense_ros2:/home/jason/Desktop/zam_ws/install/realsense_examples:/home/jason/Desktop/zam_ws/install/realsense_node:/home/jason/Desktop/zam_ws/install/realsense_ros:/home/jason/Desktop/zam_ws/install/keyboard_control:/home/jason/Desktop/zam_ws/install/zam_tools:/opt/ros/foxy:/home/jason/Desktop/zam_ws/install/realsense_gazebo_plugin:/home/jason/Desktop/zam_ws/install/realsense2_description:/home/jason/Desktop/zam_ws/install/realsense2_camera:/home/jason/Desktop/zam_ws/install/realsense2_camera_msgs:/home/jason/Desktop/zam_ws/install/launches:/home/jason/Desktop/zam_ws/install/autocar_nav:/home/jason/Desktop/zam_ws/install/autocar_msgs:/home/jason/Desktop/zam_ws/install/autocar_map:/home/jason/Desktop/zam_ws/install/autocar_gazebo:/home/jason/Desktop/zam_ws/install/autocar_description LD_LIBRARY_PATH=/home/jason/Desktop/zam_ws/install/realsense_msgs/lib:/home/jason/Desktop/zam_ws/install/realsense_ros/lib:/home/jason/Desktop/zam_ws/install/realsense_gazebo_plugin/lib:/home/jason/Desktop/zam_ws/install/realsense2_camera/lib:/home/jason/Desktop/zam_ws/install/realsense2_camera_msgs/lib:/home/jason/Desktop/zam_ws/install/autocar_msgs/lib:/usr/lib/x86_64-linux-gnu/gazebo-11/plugins:/opt/ros/foxy/opt/yaml_cpp_vendor/lib:/opt/ros/foxy/opt/rviz_ogre_vendor/lib:/opt/ros/foxy/lib/x86_64-linux-gnu:/opt/ros/foxy/lib /usr/bin/cmake --install /home/jason/Desktop/zam_ws/build/realsense_ros
[1.213s] -- Install configuration: ""
[1.223s] -- Execute custom install script
[1.224s] -- Up-to-date symlink: /home/jason/Desktop/zam_ws/install/realsense_ros/lib/librealsense_ros.so
[1.225s] -- Up-to-date symlink: /home/jason/Desktop/zam_ws/install/realsense_ros/include/realsense/rs_base.hpp
[1.231s] -- Up-to-date symlink: /home/jason/Desktop/zam_ws/install/realsense_ros/include/realsense/rs_constants.hpp
[1.232s] -- Up-to-date symlink: /home/jason/Desktop/zam_ws/install/realsense_ros/include/realsense/rs_d435.hpp
[1.232s] -- Up-to-date symlink: /home/jason/Desktop/zam_ws/install/realsense_ros/include/realsense/rs_d435i.hpp
[1.233s] -- Up-to-date symlink: /home/jason/Desktop/zam_ws/install/realsense_ros/include/realsense/rs_factory.hpp
[1.233s] -- Up-to-date symlink: /home/jason/Desktop/zam_ws/install/realsense_ros/include/realsense/rs_t265.hpp
[1.234s] -- Up-to-date symlink: /home/jason/Desktop/zam_ws/install/realsense_ros/share/realsense_ros/environment/library_path.sh
[1.236s] -- Up-to-date symlink: /home/jason/Desktop/zam_ws/install/realsense_ros/share/realsense_ros/environment/library_path.dsv
[1.236s] -- Up-to-date symlink: /home/jason/Desktop/zam_ws/install/realsense_ros/share/ament_index/resource_index/package_run_dependencies/realsense_ros
[1.237s] -- Up-to-date symlink: /home/jason/Desktop/zam_ws/install/realsense_ros/share/ament_index/resource_index/parent_prefix_path/realsense_ros
[1.237s] -- Up-to-date symlink: /home/jason/Desktop/zam_ws/install/realsense_ros/share/realsense_ros/environment/ament_prefix_path.sh
[1.237s] -- Up-to-date symlink: /home/jason/Desktop/zam_ws/install/realsense_ros/share/realsense_ros/environment/ament_prefix_path.dsv
[1.237s] -- Up-to-date symlink: /home/jason/Desktop/zam_ws/install/realsense_ros/share/realsense_ros/environment/path.sh
[1.238s] -- Up-to-date symlink: /home/jason/Desktop/zam_ws/install/realsense_ros/share/realsense_ros/environment/path.dsv
[1.238s] -- Up-to-date symlink: /home/jason/Desktop/zam_ws/install/realsense_ros/share/realsense_ros/local_setup.bash
[1.239s] -- Up-to-date symlink: /home/jason/Desktop/zam_ws/install/realsense_ros/share/realsense_ros/local_setup.sh
[1.239s] -- Up-to-date symlink: /home/jason/Desktop/zam_ws/install/realsense_ros/share/realsense_ros/local_setup.zsh
[1.240s] -- Up-to-date symlink: /home/jason/Desktop/zam_ws/install/realsense_ros/share/realsense_ros/local_setup.dsv
[1.240s] -- Symlinking: /home/jason/Desktop/zam_ws/install/realsense_ros/share/realsense_ros/package.dsv
[1.270s] -- Up-to-date symlink: /home/jason/Desktop/zam_ws/install/realsense_ros/share/ament_index/resource_index/packages/realsense_ros
[1.271s] -- Up-to-date symlink: /home/jason/Desktop/zam_ws/install/realsense_ros/share/ament_index/resource_index/rclcpp_components/realsense_ros
[1.272s] -- Up-to-date symlink: /home/jason/Desktop/zam_ws/install/realsense_ros/share/realsense_ros/cmake/ament_cmake_export_include_directories-extras.cmake
[1.274s] -- Up-to-date symlink: /home/jason/Desktop/zam_ws/install/realsense_ros/share/realsense_ros/cmake/ament_cmake_export_libraries-extras.cmake
[1.275s] -- Up-to-date symlink: /home/jason/Desktop/zam_ws/install/realsense_ros/share/realsense_ros/cmake/realsense_rosConfig.cmake
[1.275s] -- Up-to-date symlink: /home/jason/Desktop/zam_ws/install/realsense_ros/share/realsense_ros/cmake/realsense_rosConfig-version.cmake
[1.275s] -- Up-to-date symlink: /home/jason/Desktop/zam_ws/install/realsense_ros/share/realsense_ros/package.xml
[1.278s] Invoked command in '/home/jason/Desktop/zam_ws/build/realsense_ros' returned '0': CMAKE_PREFIX_PATH=/home/jason/Desktop/zam_ws/install/realsense_msgs:/home/jason/Desktop/zam_ws/install/realsense_ros2:/home/jason/Desktop/zam_ws/install/realsense_examples:/home/jason/Desktop/zam_ws/install/realsense_node:/home/jason/Desktop/zam_ws/install/realsense_ros:/home/jason/Desktop/zam_ws/install/keyboard_control:/home/jason/Desktop/zam_ws/install/zam_tools:/opt/ros/foxy:/home/jason/Desktop/zam_ws/install/realsense_gazebo_plugin:/home/jason/Desktop/zam_ws/install/realsense2_description:/home/jason/Desktop/zam_ws/install/realsense2_camera:/home/jason/Desktop/zam_ws/install/realsense2_camera_msgs:/home/jason/Desktop/zam_ws/install/launches:/home/jason/Desktop/zam_ws/install/autocar_nav:/home/jason/Desktop/zam_ws/install/autocar_msgs:/home/jason/Desktop/zam_ws/install/autocar_map:/home/jason/Desktop/zam_ws/install/autocar_gazebo:/home/jason/Desktop/zam_ws/install/autocar_description LD_LIBRARY_PATH=/home/jason/Desktop/zam_ws/install/realsense_msgs/lib:/home/jason/Desktop/zam_ws/install/realsense_ros/lib:/home/jason/Desktop/zam_ws/install/realsense_gazebo_plugin/lib:/home/jason/Desktop/zam_ws/install/realsense2_camera/lib:/home/jason/Desktop/zam_ws/install/realsense2_camera_msgs/lib:/home/jason/Desktop/zam_ws/install/autocar_msgs/lib:/usr/lib/x86_64-linux-gnu/gazebo-11/plugins:/opt/ros/foxy/opt/yaml_cpp_vendor/lib:/opt/ros/foxy/opt/rviz_ogre_vendor/lib:/opt/ros/foxy/lib/x86_64-linux-gnu:/opt/ros/foxy/lib /usr/bin/cmake --install /home/jason/Desktop/zam_ws/build/realsense_ros
