[0.022s] Invoking command in '/home/jason/Desktop/zam_ws/build/autocar_nav': AMENT_PREFIX_PATH=/home/jason/Desktop/zam_ws/install/autocar_msgs:${AMENT_PREFIX_PATH} CMAKE_PREFIX_PATH=/home/jason/Desktop/zam_ws/install/autocar_msgs:/home/jason/Desktop/autocarws/install/launches:/home/jason/Desktop/autocarws/install/autocar_nav:/home/jason/Desktop/autocarws/install/autocar_msgs:/home/jason/Desktop/autocarws/install/autocar_map:/home/jason/Desktop/autocarws/install/autocar_gazebo:/home/jason/Desktop/autocarws/install/autocar_description:/opt/ros/foxy LD_LIBRARY_PATH=/home/jason/Desktop/zam_ws/install/autocar_msgs/lib:${LD_LIBRARY_PATH} PYTHONPATH=/home/jason/Desktop/zam_ws/install/autocar_msgs/lib/python3.8/site-packages:${PYTHONPATH} /usr/bin/cmake --build /home/jason/Desktop/zam_ws/build/autocar_nav -- -j4 -l4
[0.076s] Invoked command in '/home/jason/Desktop/zam_ws/build/autocar_nav' returned '0': AMENT_PREFIX_PATH=/home/jason/Desktop/zam_ws/install/autocar_msgs:${AMENT_PREFIX_PATH} CMAKE_PREFIX_PATH=/home/jason/Desktop/zam_ws/install/autocar_msgs:/home/jason/Desktop/autocarws/install/launches:/home/jason/Desktop/autocarws/install/autocar_nav:/home/jason/Desktop/autocarws/install/autocar_msgs:/home/jason/Desktop/autocarws/install/autocar_map:/home/jason/Desktop/autocarws/install/autocar_gazebo:/home/jason/Desktop/autocarws/install/autocar_description:/opt/ros/foxy LD_LIBRARY_PATH=/home/jason/Desktop/zam_ws/install/autocar_msgs/lib:${LD_LIBRARY_PATH} PYTHONPATH=/home/jason/Desktop/zam_ws/install/autocar_msgs/lib/python3.8/site-packages:${PYTHONPATH} /usr/bin/cmake --build /home/jason/Desktop/zam_ws/build/autocar_nav -- -j4 -l4
[0.106s] Invoking command in '/home/jason/Desktop/zam_ws/build/autocar_nav': AMENT_PREFIX_PATH=/home/jason/Desktop/zam_ws/install/autocar_msgs:${AMENT_PREFIX_PATH} CMAKE_PREFIX_PATH=/home/jason/Desktop/zam_ws/install/autocar_msgs:/home/jason/Desktop/autocarws/install/launches:/home/jason/Desktop/autocarws/install/autocar_nav:/home/jason/Desktop/autocarws/install/autocar_msgs:/home/jason/Desktop/autocarws/install/autocar_map:/home/jason/Desktop/autocarws/install/autocar_gazebo:/home/jason/Desktop/autocarws/install/autocar_description:/opt/ros/foxy LD_LIBRARY_PATH=/home/jason/Desktop/zam_ws/install/autocar_msgs/lib:${LD_LIBRARY_PATH} PYTHONPATH=/home/jason/Desktop/zam_ws/install/autocar_msgs/lib/python3.8/site-packages:${PYTHONPATH} /usr/bin/cmake --install /home/jason/Desktop/zam_ws/build/autocar_nav
[0.117s] -- Install configuration: ""
[0.117s] -- Execute custom install script
[0.118s] -- Up-to-date symlink: /home/jason/Desktop/zam_ws/install/autocar_nav/share/autocar_nav/environment/pythonpath.sh
[0.118s] -- Up-to-date symlink: /home/jason/Desktop/zam_ws/install/autocar_nav/share/autocar_nav/environment/pythonpath.dsv
[0.119s] -- Up-to-date symlink: /home/jason/Desktop/zam_ws/install/autocar_nav/lib/python3.8/site-packages/autocar_nav/__init__.py
[0.119s] -- Up-to-date symlink: /home/jason/Desktop/zam_ws/install/autocar_nav/lib/python3.8/site-packages/autocar_nav/cubic_spline_interpolator.py
[0.119s] -- Up-to-date symlink: /home/jason/Desktop/zam_ws/install/autocar_nav/lib/python3.8/site-packages/autocar_nav/normalise_angle.py
[0.120s] -- Up-to-date symlink: /home/jason/Desktop/zam_ws/install/autocar_nav/lib/python3.8/site-packages/autocar_nav/yaw_to_quaternion.py
[0.120s] -- Up-to-date symlink: /home/jason/Desktop/zam_ws/install/autocar_nav/share/autocar_nav/config/navigation_params.yaml
[0.121s] -- Up-to-date symlink: /home/jason/Desktop/zam_ws/install/autocar_nav/share/autocar_nav/data/waypoints.csv
[0.121s] -- Up-to-date symlink: /home/jason/Desktop/zam_ws/install/autocar_nav/lib/autocar_nav/globalplanner.py
[0.121s] -- Up-to-date symlink: /home/jason/Desktop/zam_ws/install/autocar_nav/lib/autocar_nav/localisation.py
[0.122s] -- Up-to-date symlink: /home/jason/Desktop/zam_ws/install/autocar_nav/lib/autocar_nav/localplanner.py
[0.122s] -- Up-to-date symlink: /home/jason/Desktop/zam_ws/install/autocar_nav/lib/autocar_nav/clickplanner.py
[0.122s] -- Up-to-date symlink: /home/jason/Desktop/zam_ws/install/autocar_nav/lib/autocar_nav/tracker.py
[0.122s] -- Up-to-date symlink: /home/jason/Desktop/zam_ws/install/autocar_nav/share/ament_index/resource_index/package_run_dependencies/autocar_nav
[0.123s] -- Up-to-date symlink: /home/jason/Desktop/zam_ws/install/autocar_nav/share/ament_index/resource_index/parent_prefix_path/autocar_nav
[0.123s] -- Up-to-date symlink: /home/jason/Desktop/zam_ws/install/autocar_nav/share/autocar_nav/environment/ament_prefix_path.sh
[0.124s] -- Up-to-date symlink: /home/jason/Desktop/zam_ws/install/autocar_nav/share/autocar_nav/environment/ament_prefix_path.dsv
[0.124s] -- Up-to-date symlink: /home/jason/Desktop/zam_ws/install/autocar_nav/share/autocar_nav/environment/path.sh
[0.124s] -- Up-to-date symlink: /home/jason/Desktop/zam_ws/install/autocar_nav/share/autocar_nav/environment/path.dsv
[0.125s] -- Up-to-date symlink: /home/jason/Desktop/zam_ws/install/autocar_nav/share/autocar_nav/local_setup.bash
[0.125s] -- Up-to-date symlink: /home/jason/Desktop/zam_ws/install/autocar_nav/share/autocar_nav/local_setup.sh
[0.126s] -- Up-to-date symlink: /home/jason/Desktop/zam_ws/install/autocar_nav/share/autocar_nav/local_setup.zsh
[0.126s] -- Up-to-date symlink: /home/jason/Desktop/zam_ws/install/autocar_nav/share/autocar_nav/local_setup.dsv
[0.127s] -- Symlinking: /home/jason/Desktop/zam_ws/install/autocar_nav/share/autocar_nav/package.dsv
[0.137s] -- Up-to-date symlink: /home/jason/Desktop/zam_ws/install/autocar_nav/share/ament_index/resource_index/packages/autocar_nav
[0.137s] -- Up-to-date symlink: /home/jason/Desktop/zam_ws/install/autocar_nav/share/autocar_nav/cmake/autocar_navConfig.cmake
[0.137s] -- Up-to-date symlink: /home/jason/Desktop/zam_ws/install/autocar_nav/share/autocar_nav/cmake/autocar_navConfig-version.cmake
[0.138s] -- Up-to-date symlink: /home/jason/Desktop/zam_ws/install/autocar_nav/share/autocar_nav/package.xml
[0.168s] Listing '/home/jason/Desktop/zam_ws/install/autocar_nav/lib/python3.8/site-packages/autocar_nav'...
[0.178s] Invoked command in '/home/jason/Desktop/zam_ws/build/autocar_nav' returned '0': AMENT_PREFIX_PATH=/home/jason/Desktop/zam_ws/install/autocar_msgs:${AMENT_PREFIX_PATH} CMAKE_PREFIX_PATH=/home/jason/Desktop/zam_ws/install/autocar_msgs:/home/jason/Desktop/autocarws/install/launches:/home/jason/Desktop/autocarws/install/autocar_nav:/home/jason/Desktop/autocarws/install/autocar_msgs:/home/jason/Desktop/autocarws/install/autocar_map:/home/jason/Desktop/autocarws/install/autocar_gazebo:/home/jason/Desktop/autocarws/install/autocar_description:/opt/ros/foxy LD_LIBRARY_PATH=/home/jason/Desktop/zam_ws/install/autocar_msgs/lib:${LD_LIBRARY_PATH} PYTHONPATH=/home/jason/Desktop/zam_ws/install/autocar_msgs/lib/python3.8/site-packages:${PYTHONPATH} /usr/bin/cmake --install /home/jason/Desktop/zam_ws/build/autocar_nav
