[0.078s] Invoking command in '/home/jason/Desktop/zam_ws/build/launches': CMAKE_PREFIX_PATH=/opt/ros/foxy /usr/bin/cmake --build /home/jason/Desktop/zam_ws/build/launches -- -j4 -l4
[0.599s] Invoked command in '/home/jason/Desktop/zam_ws/build/launches' returned '0': CMAKE_PREFIX_PATH=/opt/ros/foxy /usr/bin/cmake --build /home/jason/Desktop/zam_ws/build/launches -- -j4 -l4
[0.958s] Invoking command in '/home/jason/Desktop/zam_ws/build/launches': CMAKE_PREFIX_PATH=/opt/ros/foxy /usr/bin/cmake --install /home/jason/Desktop/zam_ws/build/launches
[1.047s] -- Install configuration: ""
[1.052s] -- Execute custom install script
[1.064s] -- Up-to-date symlink: /home/jason/Desktop/zam_ws/install/launches/share/launches/launch/click_launch.py
[1.066s] -- Up-to-date symlink: /home/jason/Desktop/zam_ws/install/launches/share/launches/launch/default_launch.py
[1.097s] -- Up-to-date symlink: /home/jason/Desktop/zam_ws/install/launches/share/launches/launch/launch2.py
[1.114s] -- Up-to-date symlink: /home/jason/Desktop/zam_ws/install/launches/share/launches/launch/launch3.py
[1.116s] -- Up-to-date symlink: /home/jason/Desktop/zam_ws/install/launches/share/ament_index/resource_index/package_run_dependencies/launches
[1.135s] -- Up-to-date symlink: /home/jason/Desktop/zam_ws/install/launches/share/ament_index/resource_index/parent_prefix_path/launches
[1.140s] -- Up-to-date symlink: /home/jason/Desktop/zam_ws/install/launches/share/launches/environment/ament_prefix_path.sh
[1.142s] -- Up-to-date symlink: /home/jason/Desktop/zam_ws/install/launches/share/launches/environment/ament_prefix_path.dsv
[1.147s] -- Up-to-date symlink: /home/jason/Desktop/zam_ws/install/launches/share/launches/environment/path.sh
[1.158s] -- Up-to-date symlink: /home/jason/Desktop/zam_ws/install/launches/share/launches/environment/path.dsv
[1.173s] -- Up-to-date symlink: /home/jason/Desktop/zam_ws/install/launches/share/launches/local_setup.bash
[1.173s] -- Up-to-date symlink: /home/jason/Desktop/zam_ws/install/launches/share/launches/local_setup.sh
[1.176s] -- Up-to-date symlink: /home/jason/Desktop/zam_ws/install/launches/share/launches/local_setup.zsh
[1.176s] -- Up-to-date symlink: /home/jason/Desktop/zam_ws/install/launches/share/launches/local_setup.dsv
[1.177s] -- Symlinking: /home/jason/Desktop/zam_ws/install/launches/share/launches/package.dsv
[1.301s] -- Up-to-date symlink: /home/jason/Desktop/zam_ws/install/launches/share/ament_index/resource_index/packages/launches
[1.310s] -- Up-to-date symlink: /home/jason/Desktop/zam_ws/install/launches/share/launches/cmake/launchesConfig.cmake
[1.317s] -- Up-to-date symlink: /home/jason/Desktop/zam_ws/install/launches/share/launches/cmake/launchesConfig-version.cmake
[1.317s] -- Up-to-date symlink: /home/jason/Desktop/zam_ws/install/launches/share/launches/package.xml
[1.350s] Invoked command in '/home/jason/Desktop/zam_ws/build/launches' returned '0': CMAKE_PREFIX_PATH=/opt/ros/foxy /usr/bin/cmake --install /home/jason/Desktop/zam_ws/build/launches
