[0.158s] DEBUG:colcon:Command line arguments: ['/usr/bin/colcon', 'build', '--symlink-install']
[0.158s] DEBUG:colcon:Parsed command line arguments: Namespace(allow_overriding=[], ament_cmake_args=None, base_paths=['.'], build_base='build', catkin_cmake_args=None, catkin_skip_building_tests=False, cmake_args=None, cmake_clean_cache=False, cmake_clean_first=False, cmake_force_configure=False, cmake_target=None, cmake_target_skip_unavailable=False, continue_on_error=False, event_handlers=None, executor='parallel', ignore_user_meta=False, install_base='install', log_base=None, log_level=None, main=<bound method BuildVerb.main of <colcon_core.verb.build.BuildVerb object at 0x7f423db5b0d0>>, merge_install=False, metas=['./colcon.meta'], packages_above=None, packages_above_and_dependencies=None, packages_above_depth=None, packages_end=None, packages_ignore=None, packages_ignore_regex=None, packages_select=None, packages_select_build_failed=False, packages_select_by_dep=None, packages_select_regex=None, packages_select_test_failures=False, packages_skip=None, packages_skip_build_finished=False, packages_skip_by_dep=None, packages_skip_regex=None, packages_skip_test_passed=False, packages_skip_up_to=None, packages_start=None, packages_up_to=None, packages_up_to_regex=None, parallel_workers=4, paths=None, symlink_install=True, test_result_base=None, verb_extension=<colcon_core.verb.build.BuildVerb object at 0x7f423db5b0d0>, verb_name='build', verb_parser=<colcon_defaults.argument_parser.defaults.DefaultArgumentsDecorator object at 0x7f423db5b610>)
[0.186s] Level 1:colcon.colcon_core.package_discovery:discover_packages(colcon_meta) check parameters
[0.186s] Level 1:colcon.colcon_core.package_discovery:discover_packages(recursive) check parameters
[0.186s] Level 1:colcon.colcon_core.package_discovery:discover_packages(ignore) check parameters
[0.186s] Level 1:colcon.colcon_core.package_discovery:discover_packages(path) check parameters
[0.186s] Level 1:colcon.colcon_core.package_discovery:discover_packages(colcon_meta) discover
[0.186s] Level 1:colcon.colcon_core.package_discovery:discover_packages(recursive) discover
[0.186s] INFO:colcon.colcon_core.package_discovery:Crawling recursively for packages in '/home/jason/Desktop/zam_ws'
[0.187s] Level 1:colcon.colcon_core.package_identification:_identify(.) by extensions ['ignore', 'ignore_ament_install']
[0.187s] Level 1:colcon.colcon_core.package_identification:_identify(.) by extension 'ignore'
[0.187s] Level 1:colcon.colcon_core.package_identification:_identify(.) by extension 'ignore_ament_install'
[0.187s] Level 1:colcon.colcon_core.package_identification:_identify(.) by extensions ['colcon_pkg']
[0.187s] Level 1:colcon.colcon_core.package_identification:_identify(.) by extension 'colcon_pkg'
[0.187s] Level 1:colcon.colcon_core.package_identification:_identify(.) by extensions ['colcon_meta']
[0.187s] Level 1:colcon.colcon_core.package_identification:_identify(.) by extension 'colcon_meta'
[0.187s] Level 1:colcon.colcon_core.package_identification:_identify(.) by extensions ['ros']
[0.187s] Level 1:colcon.colcon_core.package_identification:_identify(.) by extension 'ros'
[0.200s] Level 1:colcon.colcon_core.package_identification:_identify(.) by extensions ['cmake', 'python']
[0.200s] Level 1:colcon.colcon_core.package_identification:_identify(.) by extension 'cmake'
[0.200s] Level 1:colcon.colcon_core.package_identification:_identify(.) by extension 'python'
[0.200s] Level 1:colcon.colcon_core.package_identification:_identify(.) by extensions ['python_setup_py']
[0.200s] Level 1:colcon.colcon_core.package_identification:_identify(.) by extension 'python_setup_py'
[0.200s] Level 1:colcon.colcon_core.package_identification:_identify(build) by extensions ['ignore', 'ignore_ament_install']
[0.200s] Level 1:colcon.colcon_core.package_identification:_identify(build) by extension 'ignore'
[0.200s] Level 1:colcon.colcon_core.package_identification:_identify(build) ignored
[0.201s] Level 1:colcon.colcon_core.package_identification:_identify(install) by extensions ['ignore', 'ignore_ament_install']
[0.201s] Level 1:colcon.colcon_core.package_identification:_identify(install) by extension 'ignore'
[0.201s] Level 1:colcon.colcon_core.package_identification:_identify(install) ignored
[0.201s] Level 1:colcon.colcon_core.package_identification:_identify(log) by extensions ['ignore', 'ignore_ament_install']
[0.201s] Level 1:colcon.colcon_core.package_identification:_identify(log) by extension 'ignore'
[0.201s] Level 1:colcon.colcon_core.package_identification:_identify(log) ignored
[0.201s] Level 1:colcon.colcon_core.package_identification:_identify(src) by extensions ['ignore', 'ignore_ament_install']
[0.201s] Level 1:colcon.colcon_core.package_identification:_identify(src) by extension 'ignore'
[0.201s] Level 1:colcon.colcon_core.package_identification:_identify(src) by extension 'ignore_ament_install'
[0.201s] Level 1:colcon.colcon_core.package_identification:_identify(src) by extensions ['colcon_pkg']
[0.201s] Level 1:colcon.colcon_core.package_identification:_identify(src) by extension 'colcon_pkg'
[0.201s] Level 1:colcon.colcon_core.package_identification:_identify(src) by extensions ['colcon_meta']
[0.201s] Level 1:colcon.colcon_core.package_identification:_identify(src) by extension 'colcon_meta'
[0.201s] Level 1:colcon.colcon_core.package_identification:_identify(src) by extensions ['ros']
[0.201s] Level 1:colcon.colcon_core.package_identification:_identify(src) by extension 'ros'
[0.201s] Level 1:colcon.colcon_core.package_identification:_identify(src) by extensions ['cmake', 'python']
[0.201s] Level 1:colcon.colcon_core.package_identification:_identify(src) by extension 'cmake'
[0.201s] Level 1:colcon.colcon_core.package_identification:_identify(src) by extension 'python'
[0.202s] Level 1:colcon.colcon_core.package_identification:_identify(src) by extensions ['python_setup_py']
[0.202s] Level 1:colcon.colcon_core.package_identification:_identify(src) by extension 'python_setup_py'
[0.202s] Level 1:colcon.colcon_core.package_identification:_identify(src/AutoCarROS2) by extensions ['ignore', 'ignore_ament_install']
[0.202s] Level 1:colcon.colcon_core.package_identification:_identify(src/AutoCarROS2) by extension 'ignore'
[0.202s] Level 1:colcon.colcon_core.package_identification:_identify(src/AutoCarROS2) by extension 'ignore_ament_install'
[0.202s] Level 1:colcon.colcon_core.package_identification:_identify(src/AutoCarROS2) by extensions ['colcon_pkg']
[0.202s] Level 1:colcon.colcon_core.package_identification:_identify(src/AutoCarROS2) by extension 'colcon_pkg'
[0.202s] Level 1:colcon.colcon_core.package_identification:_identify(src/AutoCarROS2) by extensions ['colcon_meta']
[0.202s] Level 1:colcon.colcon_core.package_identification:_identify(src/AutoCarROS2) by extension 'colcon_meta'
[0.202s] Level 1:colcon.colcon_core.package_identification:_identify(src/AutoCarROS2) by extensions ['ros']
[0.202s] Level 1:colcon.colcon_core.package_identification:_identify(src/AutoCarROS2) by extension 'ros'
[0.202s] Level 1:colcon.colcon_core.package_identification:_identify(src/AutoCarROS2) by extensions ['cmake', 'python']
[0.202s] Level 1:colcon.colcon_core.package_identification:_identify(src/AutoCarROS2) by extension 'cmake'
[0.202s] Level 1:colcon.colcon_core.package_identification:_identify(src/AutoCarROS2) by extension 'python'
[0.202s] Level 1:colcon.colcon_core.package_identification:_identify(src/AutoCarROS2) by extensions ['python_setup_py']
[0.202s] Level 1:colcon.colcon_core.package_identification:_identify(src/AutoCarROS2) by extension 'python_setup_py'
[0.202s] Level 1:colcon.colcon_core.package_identification:_identify(src/AutoCarROS2/autocar_description) by extensions ['ignore', 'ignore_ament_install']
[0.202s] Level 1:colcon.colcon_core.package_identification:_identify(src/AutoCarROS2/autocar_description) by extension 'ignore'
[0.202s] Level 1:colcon.colcon_core.package_identification:_identify(src/AutoCarROS2/autocar_description) by extension 'ignore_ament_install'
[0.203s] Level 1:colcon.colcon_core.package_identification:_identify(src/AutoCarROS2/autocar_description) by extensions ['colcon_pkg']
[0.203s] Level 1:colcon.colcon_core.package_identification:_identify(src/AutoCarROS2/autocar_description) by extension 'colcon_pkg'
[0.203s] Level 1:colcon.colcon_core.package_identification:_identify(src/AutoCarROS2/autocar_description) by extensions ['colcon_meta']
[0.203s] Level 1:colcon.colcon_core.package_identification:_identify(src/AutoCarROS2/autocar_description) by extension 'colcon_meta'
[0.203s] Level 1:colcon.colcon_core.package_identification:_identify(src/AutoCarROS2/autocar_description) by extensions ['ros']
[0.203s] Level 1:colcon.colcon_core.package_identification:_identify(src/AutoCarROS2/autocar_description) by extension 'ros'
[0.216s] DEBUG:colcon.colcon_core.package_identification:Package 'src/AutoCarROS2/autocar_description' with type 'ros.ament_cmake' and name 'autocar_description'
[0.216s] Level 1:colcon.colcon_core.package_identification:_identify(src/AutoCarROS2/autocar_gazebo) by extensions ['ignore', 'ignore_ament_install']
[0.216s] Level 1:colcon.colcon_core.package_identification:_identify(src/AutoCarROS2/autocar_gazebo) by extension 'ignore'
[0.216s] Level 1:colcon.colcon_core.package_identification:_identify(src/AutoCarROS2/autocar_gazebo) by extension 'ignore_ament_install'
[0.216s] Level 1:colcon.colcon_core.package_identification:_identify(src/AutoCarROS2/autocar_gazebo) by extensions ['colcon_pkg']
[0.216s] Level 1:colcon.colcon_core.package_identification:_identify(src/AutoCarROS2/autocar_gazebo) by extension 'colcon_pkg'
[0.216s] Level 1:colcon.colcon_core.package_identification:_identify(src/AutoCarROS2/autocar_gazebo) by extensions ['colcon_meta']
[0.216s] Level 1:colcon.colcon_core.package_identification:_identify(src/AutoCarROS2/autocar_gazebo) by extension 'colcon_meta'
[0.216s] Level 1:colcon.colcon_core.package_identification:_identify(src/AutoCarROS2/autocar_gazebo) by extensions ['ros']
[0.216s] Level 1:colcon.colcon_core.package_identification:_identify(src/AutoCarROS2/autocar_gazebo) by extension 'ros'
[0.217s] DEBUG:colcon.colcon_core.package_identification:Package 'src/AutoCarROS2/autocar_gazebo' with type 'ros.ament_cmake' and name 'autocar_gazebo'
[0.217s] Level 1:colcon.colcon_core.package_identification:_identify(src/AutoCarROS2/autocar_map) by extensions ['ignore', 'ignore_ament_install']
[0.217s] Level 1:colcon.colcon_core.package_identification:_identify(src/AutoCarROS2/autocar_map) by extension 'ignore'
[0.217s] Level 1:colcon.colcon_core.package_identification:_identify(src/AutoCarROS2/autocar_map) by extension 'ignore_ament_install'
[0.217s] Level 1:colcon.colcon_core.package_identification:_identify(src/AutoCarROS2/autocar_map) by extensions ['colcon_pkg']
[0.217s] Level 1:colcon.colcon_core.package_identification:_identify(src/AutoCarROS2/autocar_map) by extension 'colcon_pkg'
[0.217s] Level 1:colcon.colcon_core.package_identification:_identify(src/AutoCarROS2/autocar_map) by extensions ['colcon_meta']
[0.217s] Level 1:colcon.colcon_core.package_identification:_identify(src/AutoCarROS2/autocar_map) by extension 'colcon_meta'
[0.218s] Level 1:colcon.colcon_core.package_identification:_identify(src/AutoCarROS2/autocar_map) by extensions ['ros']
[0.218s] Level 1:colcon.colcon_core.package_identification:_identify(src/AutoCarROS2/autocar_map) by extension 'ros'
[0.218s] DEBUG:colcon.colcon_core.package_identification:Package 'src/AutoCarROS2/autocar_map' with type 'ros.ament_cmake' and name 'autocar_map'
[0.218s] Level 1:colcon.colcon_core.package_identification:_identify(src/AutoCarROS2/autocar_msgs) by extensions ['ignore', 'ignore_ament_install']
[0.218s] Level 1:colcon.colcon_core.package_identification:_identify(src/AutoCarROS2/autocar_msgs) by extension 'ignore'
[0.218s] Level 1:colcon.colcon_core.package_identification:_identify(src/AutoCarROS2/autocar_msgs) by extension 'ignore_ament_install'
[0.219s] Level 1:colcon.colcon_core.package_identification:_identify(src/AutoCarROS2/autocar_msgs) by extensions ['colcon_pkg']
[0.219s] Level 1:colcon.colcon_core.package_identification:_identify(src/AutoCarROS2/autocar_msgs) by extension 'colcon_pkg'
[0.219s] Level 1:colcon.colcon_core.package_identification:_identify(src/AutoCarROS2/autocar_msgs) by extensions ['colcon_meta']
[0.219s] Level 1:colcon.colcon_core.package_identification:_identify(src/AutoCarROS2/autocar_msgs) by extension 'colcon_meta'
[0.219s] Level 1:colcon.colcon_core.package_identification:_identify(src/AutoCarROS2/autocar_msgs) by extensions ['ros']
[0.219s] Level 1:colcon.colcon_core.package_identification:_identify(src/AutoCarROS2/autocar_msgs) by extension 'ros'
[0.219s] DEBUG:colcon.colcon_core.package_identification:Package 'src/AutoCarROS2/autocar_msgs' with type 'ros.ament_cmake' and name 'autocar_msgs'
[0.219s] Level 1:colcon.colcon_core.package_identification:_identify(src/AutoCarROS2/autocar_nav) by extensions ['ignore', 'ignore_ament_install']
[0.219s] Level 1:colcon.colcon_core.package_identification:_identify(src/AutoCarROS2/autocar_nav) by extension 'ignore'
[0.219s] Level 1:colcon.colcon_core.package_identification:_identify(src/AutoCarROS2/autocar_nav) by extension 'ignore_ament_install'
[0.219s] Level 1:colcon.colcon_core.package_identification:_identify(src/AutoCarROS2/autocar_nav) by extensions ['colcon_pkg']
[0.219s] Level 1:colcon.colcon_core.package_identification:_identify(src/AutoCarROS2/autocar_nav) by extension 'colcon_pkg'
[0.219s] Level 1:colcon.colcon_core.package_identification:_identify(src/AutoCarROS2/autocar_nav) by extensions ['colcon_meta']
[0.220s] Level 1:colcon.colcon_core.package_identification:_identify(src/AutoCarROS2/autocar_nav) by extension 'colcon_meta'
[0.220s] Level 1:colcon.colcon_core.package_identification:_identify(src/AutoCarROS2/autocar_nav) by extensions ['ros']
[0.220s] Level 1:colcon.colcon_core.package_identification:_identify(src/AutoCarROS2/autocar_nav) by extension 'ros'
[0.220s] DEBUG:colcon.colcon_core.package_identification:Package 'src/AutoCarROS2/autocar_nav' with type 'ros.ament_cmake' and name 'autocar_nav'
[0.220s] Level 1:colcon.colcon_core.package_identification:_identify(src/AutoCarROS2/launches) by extensions ['ignore', 'ignore_ament_install']
[0.220s] Level 1:colcon.colcon_core.package_identification:_identify(src/AutoCarROS2/launches) by extension 'ignore'
[0.221s] Level 1:colcon.colcon_core.package_identification:_identify(src/AutoCarROS2/launches) by extension 'ignore_ament_install'
[0.221s] Level 1:colcon.colcon_core.package_identification:_identify(src/AutoCarROS2/launches) by extensions ['colcon_pkg']
[0.221s] Level 1:colcon.colcon_core.package_identification:_identify(src/AutoCarROS2/launches) by extension 'colcon_pkg'
[0.221s] Level 1:colcon.colcon_core.package_identification:_identify(src/AutoCarROS2/launches) by extensions ['colcon_meta']
[0.221s] Level 1:colcon.colcon_core.package_identification:_identify(src/AutoCarROS2/launches) by extension 'colcon_meta'
[0.221s] Level 1:colcon.colcon_core.package_identification:_identify(src/AutoCarROS2/launches) by extensions ['ros']
[0.221s] Level 1:colcon.colcon_core.package_identification:_identify(src/AutoCarROS2/launches) by extension 'ros'
[0.221s] DEBUG:colcon.colcon_core.package_identification:Package 'src/AutoCarROS2/launches' with type 'ros.ament_cmake' and name 'launches'
[0.221s] Level 1:colcon.colcon_core.package_identification:_identify(src/AutoCarROS2/resources) by extensions ['ignore', 'ignore_ament_install']
[0.222s] Level 1:colcon.colcon_core.package_identification:_identify(src/AutoCarROS2/resources) by extension 'ignore'
[0.222s] Level 1:colcon.colcon_core.package_identification:_identify(src/AutoCarROS2/resources) by extension 'ignore_ament_install'
[0.222s] Level 1:colcon.colcon_core.package_identification:_identify(src/AutoCarROS2/resources) by extensions ['colcon_pkg']
[0.222s] Level 1:colcon.colcon_core.package_identification:_identify(src/AutoCarROS2/resources) by extension 'colcon_pkg'
[0.222s] Level 1:colcon.colcon_core.package_identification:_identify(src/AutoCarROS2/resources) by extensions ['colcon_meta']
[0.222s] Level 1:colcon.colcon_core.package_identification:_identify(src/AutoCarROS2/resources) by extension 'colcon_meta'
[0.222s] Level 1:colcon.colcon_core.package_identification:_identify(src/AutoCarROS2/resources) by extensions ['ros']
[0.222s] Level 1:colcon.colcon_core.package_identification:_identify(src/AutoCarROS2/resources) by extension 'ros'
[0.222s] Level 1:colcon.colcon_core.package_identification:_identify(src/AutoCarROS2/resources) by extensions ['cmake', 'python']
[0.222s] Level 1:colcon.colcon_core.package_identification:_identify(src/AutoCarROS2/resources) by extension 'cmake'
[0.222s] Level 1:colcon.colcon_core.package_identification:_identify(src/AutoCarROS2/resources) by extension 'python'
[0.222s] Level 1:colcon.colcon_core.package_identification:_identify(src/AutoCarROS2/resources) by extensions ['python_setup_py']
[0.222s] Level 1:colcon.colcon_core.package_identification:_identify(src/AutoCarROS2/resources) by extension 'python_setup_py'
[0.222s] Level 1:colcon.colcon_core.package_identification:_identify(src/keyboard_control) by extensions ['ignore', 'ignore_ament_install']
[0.222s] Level 1:colcon.colcon_core.package_identification:_identify(src/keyboard_control) by extension 'ignore'
[0.222s] Level 1:colcon.colcon_core.package_identification:_identify(src/keyboard_control) by extension 'ignore_ament_install'
[0.222s] Level 1:colcon.colcon_core.package_identification:_identify(src/keyboard_control) by extensions ['colcon_pkg']
[0.222s] Level 1:colcon.colcon_core.package_identification:_identify(src/keyboard_control) by extension 'colcon_pkg'
[0.222s] Level 1:colcon.colcon_core.package_identification:_identify(src/keyboard_control) by extensions ['colcon_meta']
[0.223s] Level 1:colcon.colcon_core.package_identification:_identify(src/keyboard_control) by extension 'colcon_meta'
[0.223s] Level 1:colcon.colcon_core.package_identification:_identify(src/keyboard_control) by extensions ['ros']
[0.223s] Level 1:colcon.colcon_core.package_identification:_identify(src/keyboard_control) by extension 'ros'
[0.223s] DEBUG:colcon.colcon_core.package_identification:Package 'src/keyboard_control' with type 'ros.ament_python' and name 'keyboard_control'
[0.223s] Level 1:colcon.colcon_core.package_identification:_identify(src/realsense-ros) by extensions ['ignore', 'ignore_ament_install']
[0.223s] Level 1:colcon.colcon_core.package_identification:_identify(src/realsense-ros) by extension 'ignore'
[0.223s] Level 1:colcon.colcon_core.package_identification:_identify(src/realsense-ros) by extension 'ignore_ament_install'
[0.223s] Level 1:colcon.colcon_core.package_identification:_identify(src/realsense-ros) by extensions ['colcon_pkg']
[0.223s] Level 1:colcon.colcon_core.package_identification:_identify(src/realsense-ros) by extension 'colcon_pkg'
[0.223s] Level 1:colcon.colcon_core.package_identification:_identify(src/realsense-ros) by extensions ['colcon_meta']
[0.223s] Level 1:colcon.colcon_core.package_identification:_identify(src/realsense-ros) by extension 'colcon_meta'
[0.224s] Level 1:colcon.colcon_core.package_identification:_identify(src/realsense-ros) by extensions ['ros']
[0.224s] Level 1:colcon.colcon_core.package_identification:_identify(src/realsense-ros) by extension 'ros'
[0.224s] Level 1:colcon.colcon_core.package_identification:_identify(src/realsense-ros) by extensions ['cmake', 'python']
[0.224s] Level 1:colcon.colcon_core.package_identification:_identify(src/realsense-ros) by extension 'cmake'
[0.224s] Level 1:colcon.colcon_core.package_identification:_identify(src/realsense-ros) by extension 'python'
[0.224s] Level 1:colcon.colcon_core.package_identification:_identify(src/realsense-ros) by extensions ['python_setup_py']
[0.224s] Level 1:colcon.colcon_core.package_identification:_identify(src/realsense-ros) by extension 'python_setup_py'
[0.224s] Level 1:colcon.colcon_core.package_identification:_identify(src/realsense-ros/realsense2_camera) by extensions ['ignore', 'ignore_ament_install']
[0.224s] Level 1:colcon.colcon_core.package_identification:_identify(src/realsense-ros/realsense2_camera) by extension 'ignore'
[0.224s] Level 1:colcon.colcon_core.package_identification:_identify(src/realsense-ros/realsense2_camera) by extension 'ignore_ament_install'
[0.224s] Level 1:colcon.colcon_core.package_identification:_identify(src/realsense-ros/realsense2_camera) by extensions ['colcon_pkg']
[0.224s] Level 1:colcon.colcon_core.package_identification:_identify(src/realsense-ros/realsense2_camera) by extension 'colcon_pkg'
[0.224s] Level 1:colcon.colcon_core.package_identification:_identify(src/realsense-ros/realsense2_camera) by extensions ['colcon_meta']
[0.224s] Level 1:colcon.colcon_core.package_identification:_identify(src/realsense-ros/realsense2_camera) by extension 'colcon_meta'
[0.224s] Level 1:colcon.colcon_core.package_identification:_identify(src/realsense-ros/realsense2_camera) by extensions ['ros']
[0.224s] Level 1:colcon.colcon_core.package_identification:_identify(src/realsense-ros/realsense2_camera) by extension 'ros'
[0.226s] DEBUG:colcon.colcon_core.package_identification:Package 'src/realsense-ros/realsense2_camera' with type 'ros.ament_cmake' and name 'realsense2_camera'
[0.226s] Level 1:colcon.colcon_core.package_identification:_identify(src/realsense-ros/realsense2_camera_msgs) by extensions ['ignore', 'ignore_ament_install']
[0.226s] Level 1:colcon.colcon_core.package_identification:_identify(src/realsense-ros/realsense2_camera_msgs) by extension 'ignore'
[0.226s] Level 1:colcon.colcon_core.package_identification:_identify(src/realsense-ros/realsense2_camera_msgs) by extension 'ignore_ament_install'
[0.226s] Level 1:colcon.colcon_core.package_identification:_identify(src/realsense-ros/realsense2_camera_msgs) by extensions ['colcon_pkg']
[0.227s] Level 1:colcon.colcon_core.package_identification:_identify(src/realsense-ros/realsense2_camera_msgs) by extension 'colcon_pkg'
[0.227s] Level 1:colcon.colcon_core.package_identification:_identify(src/realsense-ros/realsense2_camera_msgs) by extensions ['colcon_meta']
[0.227s] Level 1:colcon.colcon_core.package_identification:_identify(src/realsense-ros/realsense2_camera_msgs) by extension 'colcon_meta'
[0.227s] Level 1:colcon.colcon_core.package_identification:_identify(src/realsense-ros/realsense2_camera_msgs) by extensions ['ros']
[0.227s] Level 1:colcon.colcon_core.package_identification:_identify(src/realsense-ros/realsense2_camera_msgs) by extension 'ros'
[0.227s] DEBUG:colcon.colcon_core.package_identification:Package 'src/realsense-ros/realsense2_camera_msgs' with type 'ros.ament_cmake' and name 'realsense2_camera_msgs'
[0.227s] Level 1:colcon.colcon_core.package_identification:_identify(src/realsense-ros/realsense2_description) by extensions ['ignore', 'ignore_ament_install']
[0.228s] Level 1:colcon.colcon_core.package_identification:_identify(src/realsense-ros/realsense2_description) by extension 'ignore'
[0.228s] Level 1:colcon.colcon_core.package_identification:_identify(src/realsense-ros/realsense2_description) by extension 'ignore_ament_install'
[0.228s] Level 1:colcon.colcon_core.package_identification:_identify(src/realsense-ros/realsense2_description) by extensions ['colcon_pkg']
[0.228s] Level 1:colcon.colcon_core.package_identification:_identify(src/realsense-ros/realsense2_description) by extension 'colcon_pkg'
[0.228s] Level 1:colcon.colcon_core.package_identification:_identify(src/realsense-ros/realsense2_description) by extensions ['colcon_meta']
[0.228s] Level 1:colcon.colcon_core.package_identification:_identify(src/realsense-ros/realsense2_description) by extension 'colcon_meta'
[0.228s] Level 1:colcon.colcon_core.package_identification:_identify(src/realsense-ros/realsense2_description) by extensions ['ros']
[0.228s] Level 1:colcon.colcon_core.package_identification:_identify(src/realsense-ros/realsense2_description) by extension 'ros'
[0.229s] DEBUG:colcon.colcon_core.package_identification:Package 'src/realsense-ros/realsense2_description' with type 'ros.ament_cmake' and name 'realsense2_description'
[0.229s] Level 1:colcon.colcon_core.package_identification:_identify(src/realsense-ros/scripts) by extensions ['ignore', 'ignore_ament_install']
[0.229s] Level 1:colcon.colcon_core.package_identification:_identify(src/realsense-ros/scripts) by extension 'ignore'
[0.229s] Level 1:colcon.colcon_core.package_identification:_identify(src/realsense-ros/scripts) by extension 'ignore_ament_install'
[0.229s] Level 1:colcon.colcon_core.package_identification:_identify(src/realsense-ros/scripts) by extensions ['colcon_pkg']
[0.229s] Level 1:colcon.colcon_core.package_identification:_identify(src/realsense-ros/scripts) by extension 'colcon_pkg'
[0.229s] Level 1:colcon.colcon_core.package_identification:_identify(src/realsense-ros/scripts) by extensions ['colcon_meta']
[0.229s] Level 1:colcon.colcon_core.package_identification:_identify(src/realsense-ros/scripts) by extension 'colcon_meta'
[0.229s] Level 1:colcon.colcon_core.package_identification:_identify(src/realsense-ros/scripts) by extensions ['ros']
[0.229s] Level 1:colcon.colcon_core.package_identification:_identify(src/realsense-ros/scripts) by extension 'ros'
[0.229s] Level 1:colcon.colcon_core.package_identification:_identify(src/realsense-ros/scripts) by extensions ['cmake', 'python']
[0.229s] Level 1:colcon.colcon_core.package_identification:_identify(src/realsense-ros/scripts) by extension 'cmake'
[0.229s] Level 1:colcon.colcon_core.package_identification:_identify(src/realsense-ros/scripts) by extension 'python'
[0.229s] Level 1:colcon.colcon_core.package_identification:_identify(src/realsense-ros/scripts) by extensions ['python_setup_py']
[0.229s] Level 1:colcon.colcon_core.package_identification:_identify(src/realsense-ros/scripts) by extension 'python_setup_py'
[0.229s] Level 1:colcon.colcon_core.package_discovery:discover_packages(recursive) using defaults
[0.230s] Level 1:colcon.colcon_core.package_discovery:discover_packages(ignore) discover
[0.230s] Level 1:colcon.colcon_core.package_discovery:discover_packages(ignore) using defaults
[0.230s] Level 1:colcon.colcon_core.package_discovery:discover_packages(path) discover
[0.230s] Level 1:colcon.colcon_core.package_discovery:discover_packages(path) using defaults
[0.252s] Level 1:colcon.colcon_core.package_discovery:discover_packages(prefix_path) check parameters
[0.253s] Level 1:colcon.colcon_core.package_discovery:discover_packages(prefix_path) discover
[0.256s] DEBUG:colcon.colcon_installed_package_information.package_discovery:Found 11 installed packages in /home/jason/Desktop/zam_ws/install
[0.258s] DEBUG:colcon.colcon_installed_package_information.package_discovery:Found 341 installed packages in /opt/ros/foxy
[0.262s] Level 1:colcon.colcon_core.package_discovery:discover_packages(prefix_path) using defaults
[0.353s] Level 5:colcon.colcon_core.verb:set package 'autocar_description' build argument 'cmake_args' from command line to 'None'
[0.353s] Level 5:colcon.colcon_core.verb:set package 'autocar_description' build argument 'cmake_target' from command line to 'None'
[0.353s] Level 5:colcon.colcon_core.verb:set package 'autocar_description' build argument 'cmake_target_skip_unavailable' from command line to 'False'
[0.353s] Level 5:colcon.colcon_core.verb:set package 'autocar_description' build argument 'cmake_clean_cache' from command line to 'False'
[0.353s] Level 5:colcon.colcon_core.verb:set package 'autocar_description' build argument 'cmake_clean_first' from command line to 'False'
[0.353s] Level 5:colcon.colcon_core.verb:set package 'autocar_description' build argument 'cmake_force_configure' from command line to 'False'
[0.353s] Level 5:colcon.colcon_core.verb:set package 'autocar_description' build argument 'ament_cmake_args' from command line to 'None'
[0.353s] Level 5:colcon.colcon_core.verb:set package 'autocar_description' build argument 'catkin_cmake_args' from command line to 'None'
[0.353s] Level 5:colcon.colcon_core.verb:set package 'autocar_description' build argument 'catkin_skip_building_tests' from command line to 'False'
[0.353s] DEBUG:colcon.colcon_core.verb:Building package 'autocar_description' with the following arguments: {'ament_cmake_args': None, 'build_base': '/home/jason/Desktop/zam_ws/build/autocar_description', 'catkin_cmake_args': None, 'catkin_skip_building_tests': False, 'cmake_args': None, 'cmake_clean_cache': False, 'cmake_clean_first': False, 'cmake_force_configure': False, 'cmake_target': None, 'cmake_target_skip_unavailable': False, 'install_base': '/home/jason/Desktop/zam_ws/install/autocar_description', 'merge_install': False, 'path': '/home/jason/Desktop/zam_ws/src/AutoCarROS2/autocar_description', 'symlink_install': True, 'test_result_base': None}
[0.354s] Level 5:colcon.colcon_core.verb:set package 'autocar_gazebo' build argument 'cmake_args' from command line to 'None'
[0.354s] Level 5:colcon.colcon_core.verb:set package 'autocar_gazebo' build argument 'cmake_target' from command line to 'None'
[0.354s] Level 5:colcon.colcon_core.verb:set package 'autocar_gazebo' build argument 'cmake_target_skip_unavailable' from command line to 'False'
[0.354s] Level 5:colcon.colcon_core.verb:set package 'autocar_gazebo' build argument 'cmake_clean_cache' from command line to 'False'
[0.354s] Level 5:colcon.colcon_core.verb:set package 'autocar_gazebo' build argument 'cmake_clean_first' from command line to 'False'
[0.355s] Level 5:colcon.colcon_core.verb:set package 'autocar_gazebo' build argument 'cmake_force_configure' from command line to 'False'
[0.355s] Level 5:colcon.colcon_core.verb:set package 'autocar_gazebo' build argument 'ament_cmake_args' from command line to 'None'
[0.355s] Level 5:colcon.colcon_core.verb:set package 'autocar_gazebo' build argument 'catkin_cmake_args' from command line to 'None'
[0.355s] Level 5:colcon.colcon_core.verb:set package 'autocar_gazebo' build argument 'catkin_skip_building_tests' from command line to 'False'
[0.355s] DEBUG:colcon.colcon_core.verb:Building package 'autocar_gazebo' with the following arguments: {'ament_cmake_args': None, 'build_base': '/home/jason/Desktop/zam_ws/build/autocar_gazebo', 'catkin_cmake_args': None, 'catkin_skip_building_tests': False, 'cmake_args': None, 'cmake_clean_cache': False, 'cmake_clean_first': False, 'cmake_force_configure': False, 'cmake_target': None, 'cmake_target_skip_unavailable': False, 'install_base': '/home/jason/Desktop/zam_ws/install/autocar_gazebo', 'merge_install': False, 'path': '/home/jason/Desktop/zam_ws/src/AutoCarROS2/autocar_gazebo', 'symlink_install': True, 'test_result_base': None}
[0.356s] Level 5:colcon.colcon_core.verb:set package 'autocar_map' build argument 'cmake_args' from command line to 'None'
[0.356s] Level 5:colcon.colcon_core.verb:set package 'autocar_map' build argument 'cmake_target' from command line to 'None'
[0.356s] Level 5:colcon.colcon_core.verb:set package 'autocar_map' build argument 'cmake_target_skip_unavailable' from command line to 'False'
[0.356s] Level 5:colcon.colcon_core.verb:set package 'autocar_map' build argument 'cmake_clean_cache' from command line to 'False'
[0.356s] Level 5:colcon.colcon_core.verb:set package 'autocar_map' build argument 'cmake_clean_first' from command line to 'False'
[0.356s] Level 5:colcon.colcon_core.verb:set package 'autocar_map' build argument 'cmake_force_configure' from command line to 'False'
[0.356s] Level 5:colcon.colcon_core.verb:set package 'autocar_map' build argument 'ament_cmake_args' from command line to 'None'
[0.356s] Level 5:colcon.colcon_core.verb:set package 'autocar_map' build argument 'catkin_cmake_args' from command line to 'None'
[0.356s] Level 5:colcon.colcon_core.verb:set package 'autocar_map' build argument 'catkin_skip_building_tests' from command line to 'False'
[0.356s] DEBUG:colcon.colcon_core.verb:Building package 'autocar_map' with the following arguments: {'ament_cmake_args': None, 'build_base': '/home/jason/Desktop/zam_ws/build/autocar_map', 'catkin_cmake_args': None, 'catkin_skip_building_tests': False, 'cmake_args': None, 'cmake_clean_cache': False, 'cmake_clean_first': False, 'cmake_force_configure': False, 'cmake_target': None, 'cmake_target_skip_unavailable': False, 'install_base': '/home/jason/Desktop/zam_ws/install/autocar_map', 'merge_install': False, 'path': '/home/jason/Desktop/zam_ws/src/AutoCarROS2/autocar_map', 'symlink_install': True, 'test_result_base': None}
[0.357s] Level 5:colcon.colcon_core.verb:set package 'autocar_msgs' build argument 'cmake_args' from command line to 'None'
[0.357s] Level 5:colcon.colcon_core.verb:set package 'autocar_msgs' build argument 'cmake_target' from command line to 'None'
[0.357s] Level 5:colcon.colcon_core.verb:set package 'autocar_msgs' build argument 'cmake_target_skip_unavailable' from command line to 'False'
[0.357s] Level 5:colcon.colcon_core.verb:set package 'autocar_msgs' build argument 'cmake_clean_cache' from command line to 'False'
[0.357s] Level 5:colcon.colcon_core.verb:set package 'autocar_msgs' build argument 'cmake_clean_first' from command line to 'False'
[0.357s] Level 5:colcon.colcon_core.verb:set package 'autocar_msgs' build argument 'cmake_force_configure' from command line to 'False'
[0.357s] Level 5:colcon.colcon_core.verb:set package 'autocar_msgs' build argument 'ament_cmake_args' from command line to 'None'
[0.357s] Level 5:colcon.colcon_core.verb:set package 'autocar_msgs' build argument 'catkin_cmake_args' from command line to 'None'
[0.357s] Level 5:colcon.colcon_core.verb:set package 'autocar_msgs' build argument 'catkin_skip_building_tests' from command line to 'False'
[0.357s] DEBUG:colcon.colcon_core.verb:Building package 'autocar_msgs' with the following arguments: {'ament_cmake_args': None, 'build_base': '/home/jason/Desktop/zam_ws/build/autocar_msgs', 'catkin_cmake_args': None, 'catkin_skip_building_tests': False, 'cmake_args': None, 'cmake_clean_cache': False, 'cmake_clean_first': False, 'cmake_force_configure': False, 'cmake_target': None, 'cmake_target_skip_unavailable': False, 'install_base': '/home/jason/Desktop/zam_ws/install/autocar_msgs', 'merge_install': False, 'path': '/home/jason/Desktop/zam_ws/src/AutoCarROS2/autocar_msgs', 'symlink_install': True, 'test_result_base': None}
[0.358s] Level 5:colcon.colcon_core.verb:set package 'keyboard_control' build argument 'cmake_args' from command line to 'None'
[0.358s] Level 5:colcon.colcon_core.verb:set package 'keyboard_control' build argument 'cmake_target' from command line to 'None'
[0.358s] Level 5:colcon.colcon_core.verb:set package 'keyboard_control' build argument 'cmake_target_skip_unavailable' from command line to 'False'
[0.358s] Level 5:colcon.colcon_core.verb:set package 'keyboard_control' build argument 'cmake_clean_cache' from command line to 'False'
[0.358s] Level 5:colcon.colcon_core.verb:set package 'keyboard_control' build argument 'cmake_clean_first' from command line to 'False'
[0.358s] Level 5:colcon.colcon_core.verb:set package 'keyboard_control' build argument 'cmake_force_configure' from command line to 'False'
[0.358s] Level 5:colcon.colcon_core.verb:set package 'keyboard_control' build argument 'ament_cmake_args' from command line to 'None'
[0.358s] Level 5:colcon.colcon_core.verb:set package 'keyboard_control' build argument 'catkin_cmake_args' from command line to 'None'
[0.358s] Level 5:colcon.colcon_core.verb:set package 'keyboard_control' build argument 'catkin_skip_building_tests' from command line to 'False'
[0.358s] DEBUG:colcon.colcon_core.verb:Building package 'keyboard_control' with the following arguments: {'ament_cmake_args': None, 'build_base': '/home/jason/Desktop/zam_ws/build/keyboard_control', 'catkin_cmake_args': None, 'catkin_skip_building_tests': False, 'cmake_args': None, 'cmake_clean_cache': False, 'cmake_clean_first': False, 'cmake_force_configure': False, 'cmake_target': None, 'cmake_target_skip_unavailable': False, 'install_base': '/home/jason/Desktop/zam_ws/install/keyboard_control', 'merge_install': False, 'path': '/home/jason/Desktop/zam_ws/src/keyboard_control', 'symlink_install': True, 'test_result_base': None}
[0.360s] Level 5:colcon.colcon_core.verb:set package 'launches' build argument 'cmake_args' from command line to 'None'
[0.360s] Level 5:colcon.colcon_core.verb:set package 'launches' build argument 'cmake_target' from command line to 'None'
[0.360s] Level 5:colcon.colcon_core.verb:set package 'launches' build argument 'cmake_target_skip_unavailable' from command line to 'False'
[0.360s] Level 5:colcon.colcon_core.verb:set package 'launches' build argument 'cmake_clean_cache' from command line to 'False'
[0.360s] Level 5:colcon.colcon_core.verb:set package 'launches' build argument 'cmake_clean_first' from command line to 'False'
[0.360s] Level 5:colcon.colcon_core.verb:set package 'launches' build argument 'cmake_force_configure' from command line to 'False'
[0.360s] Level 5:colcon.colcon_core.verb:set package 'launches' build argument 'ament_cmake_args' from command line to 'None'
[0.360s] Level 5:colcon.colcon_core.verb:set package 'launches' build argument 'catkin_cmake_args' from command line to 'None'
[0.360s] Level 5:colcon.colcon_core.verb:set package 'launches' build argument 'catkin_skip_building_tests' from command line to 'False'
[0.360s] DEBUG:colcon.colcon_core.verb:Building package 'launches' with the following arguments: {'ament_cmake_args': None, 'build_base': '/home/jason/Desktop/zam_ws/build/launches', 'catkin_cmake_args': None, 'catkin_skip_building_tests': False, 'cmake_args': None, 'cmake_clean_cache': False, 'cmake_clean_first': False, 'cmake_force_configure': False, 'cmake_target': None, 'cmake_target_skip_unavailable': False, 'install_base': '/home/jason/Desktop/zam_ws/install/launches', 'merge_install': False, 'path': '/home/jason/Desktop/zam_ws/src/AutoCarROS2/launches', 'symlink_install': True, 'test_result_base': None}
[0.361s] Level 5:colcon.colcon_core.verb:set package 'realsense2_camera_msgs' build argument 'cmake_args' from command line to 'None'
[0.362s] Level 5:colcon.colcon_core.verb:set package 'realsense2_camera_msgs' build argument 'cmake_target' from command line to 'None'
[0.362s] Level 5:colcon.colcon_core.verb:set package 'realsense2_camera_msgs' build argument 'cmake_target_skip_unavailable' from command line to 'False'
[0.362s] Level 5:colcon.colcon_core.verb:set package 'realsense2_camera_msgs' build argument 'cmake_clean_cache' from command line to 'False'
[0.362s] Level 5:colcon.colcon_core.verb:set package 'realsense2_camera_msgs' build argument 'cmake_clean_first' from command line to 'False'
[0.362s] Level 5:colcon.colcon_core.verb:set package 'realsense2_camera_msgs' build argument 'cmake_force_configure' from command line to 'False'
[0.362s] Level 5:colcon.colcon_core.verb:set package 'realsense2_camera_msgs' build argument 'ament_cmake_args' from command line to 'None'
[0.362s] Level 5:colcon.colcon_core.verb:set package 'realsense2_camera_msgs' build argument 'catkin_cmake_args' from command line to 'None'
[0.362s] Level 5:colcon.colcon_core.verb:set package 'realsense2_camera_msgs' build argument 'catkin_skip_building_tests' from command line to 'False'
[0.362s] DEBUG:colcon.colcon_core.verb:Building package 'realsense2_camera_msgs' with the following arguments: {'ament_cmake_args': None, 'build_base': '/home/jason/Desktop/zam_ws/build/realsense2_camera_msgs', 'catkin_cmake_args': None, 'catkin_skip_building_tests': False, 'cmake_args': None, 'cmake_clean_cache': False, 'cmake_clean_first': False, 'cmake_force_configure': False, 'cmake_target': None, 'cmake_target_skip_unavailable': False, 'install_base': '/home/jason/Desktop/zam_ws/install/realsense2_camera_msgs', 'merge_install': False, 'path': '/home/jason/Desktop/zam_ws/src/realsense-ros/realsense2_camera_msgs', 'symlink_install': True, 'test_result_base': None}
[0.363s] Level 5:colcon.colcon_core.verb:set package 'autocar_nav' build argument 'cmake_args' from command line to 'None'
[0.363s] Level 5:colcon.colcon_core.verb:set package 'autocar_nav' build argument 'cmake_target' from command line to 'None'
[0.363s] Level 5:colcon.colcon_core.verb:set package 'autocar_nav' build argument 'cmake_target_skip_unavailable' from command line to 'False'
[0.363s] Level 5:colcon.colcon_core.verb:set package 'autocar_nav' build argument 'cmake_clean_cache' from command line to 'False'
[0.363s] Level 5:colcon.colcon_core.verb:set package 'autocar_nav' build argument 'cmake_clean_first' from command line to 'False'
[0.363s] Level 5:colcon.colcon_core.verb:set package 'autocar_nav' build argument 'cmake_force_configure' from command line to 'False'
[0.363s] Level 5:colcon.colcon_core.verb:set package 'autocar_nav' build argument 'ament_cmake_args' from command line to 'None'
[0.363s] Level 5:colcon.colcon_core.verb:set package 'autocar_nav' build argument 'catkin_cmake_args' from command line to 'None'
[0.363s] Level 5:colcon.colcon_core.verb:set package 'autocar_nav' build argument 'catkin_skip_building_tests' from command line to 'False'
[0.363s] DEBUG:colcon.colcon_core.verb:Building package 'autocar_nav' with the following arguments: {'ament_cmake_args': None, 'build_base': '/home/jason/Desktop/zam_ws/build/autocar_nav', 'catkin_cmake_args': None, 'catkin_skip_building_tests': False, 'cmake_args': None, 'cmake_clean_cache': False, 'cmake_clean_first': False, 'cmake_force_configure': False, 'cmake_target': None, 'cmake_target_skip_unavailable': False, 'install_base': '/home/jason/Desktop/zam_ws/install/autocar_nav', 'merge_install': False, 'path': '/home/jason/Desktop/zam_ws/src/AutoCarROS2/autocar_nav', 'symlink_install': True, 'test_result_base': None}
[0.364s] Level 5:colcon.colcon_core.verb:set package 'realsense2_camera' build argument 'cmake_args' from command line to 'None'
[0.364s] Level 5:colcon.colcon_core.verb:set package 'realsense2_camera' build argument 'cmake_target' from command line to 'None'
[0.364s] Level 5:colcon.colcon_core.verb:set package 'realsense2_camera' build argument 'cmake_target_skip_unavailable' from command line to 'False'
[0.364s] Level 5:colcon.colcon_core.verb:set package 'realsense2_camera' build argument 'cmake_clean_cache' from command line to 'False'
[0.364s] Level 5:colcon.colcon_core.verb:set package 'realsense2_camera' build argument 'cmake_clean_first' from command line to 'False'
[0.364s] Level 5:colcon.colcon_core.verb:set package 'realsense2_camera' build argument 'cmake_force_configure' from command line to 'False'
[0.364s] Level 5:colcon.colcon_core.verb:set package 'realsense2_camera' build argument 'ament_cmake_args' from command line to 'None'
[0.364s] Level 5:colcon.colcon_core.verb:set package 'realsense2_camera' build argument 'catkin_cmake_args' from command line to 'None'
[0.364s] Level 5:colcon.colcon_core.verb:set package 'realsense2_camera' build argument 'catkin_skip_building_tests' from command line to 'False'
[0.364s] DEBUG:colcon.colcon_core.verb:Building package 'realsense2_camera' with the following arguments: {'ament_cmake_args': None, 'build_base': '/home/jason/Desktop/zam_ws/build/realsense2_camera', 'catkin_cmake_args': None, 'catkin_skip_building_tests': False, 'cmake_args': None, 'cmake_clean_cache': False, 'cmake_clean_first': False, 'cmake_force_configure': False, 'cmake_target': None, 'cmake_target_skip_unavailable': False, 'install_base': '/home/jason/Desktop/zam_ws/install/realsense2_camera', 'merge_install': False, 'path': '/home/jason/Desktop/zam_ws/src/realsense-ros/realsense2_camera', 'symlink_install': True, 'test_result_base': None}
[0.365s] Level 5:colcon.colcon_core.verb:set package 'realsense2_description' build argument 'cmake_args' from command line to 'None'
[0.365s] Level 5:colcon.colcon_core.verb:set package 'realsense2_description' build argument 'cmake_target' from command line to 'None'
[0.365s] Level 5:colcon.colcon_core.verb:set package 'realsense2_description' build argument 'cmake_target_skip_unavailable' from command line to 'False'
[0.365s] Level 5:colcon.colcon_core.verb:set package 'realsense2_description' build argument 'cmake_clean_cache' from command line to 'False'
[0.365s] Level 5:colcon.colcon_core.verb:set package 'realsense2_description' build argument 'cmake_clean_first' from command line to 'False'
[0.365s] Level 5:colcon.colcon_core.verb:set package 'realsense2_description' build argument 'cmake_force_configure' from command line to 'False'
[0.365s] Level 5:colcon.colcon_core.verb:set package 'realsense2_description' build argument 'ament_cmake_args' from command line to 'None'
[0.365s] Level 5:colcon.colcon_core.verb:set package 'realsense2_description' build argument 'catkin_cmake_args' from command line to 'None'
[0.365s] Level 5:colcon.colcon_core.verb:set package 'realsense2_description' build argument 'catkin_skip_building_tests' from command line to 'False'
[0.366s] DEBUG:colcon.colcon_core.verb:Building package 'realsense2_description' with the following arguments: {'ament_cmake_args': None, 'build_base': '/home/jason/Desktop/zam_ws/build/realsense2_description', 'catkin_cmake_args': None, 'catkin_skip_building_tests': False, 'cmake_args': None, 'cmake_clean_cache': False, 'cmake_clean_first': False, 'cmake_force_configure': False, 'cmake_target': None, 'cmake_target_skip_unavailable': False, 'install_base': '/home/jason/Desktop/zam_ws/install/realsense2_description', 'merge_install': False, 'path': '/home/jason/Desktop/zam_ws/src/realsense-ros/realsense2_description', 'symlink_install': True, 'test_result_base': None}
[0.366s] INFO:colcon.colcon_core.executor:Executing jobs using 'parallel' executor
[0.370s] DEBUG:colcon.colcon_parallel_executor.executor.parallel:run_until_complete
[0.371s] INFO:colcon.colcon_ros.task.ament_cmake.build:Building ROS package in '/home/jason/Desktop/zam_ws/src/realsense-ros/realsense2_camera_msgs' with build type 'ament_cmake'
[0.371s] INFO:colcon.colcon_cmake.task.cmake.build:Building CMake package in '/home/jason/Desktop/zam_ws/src/realsense-ros/realsense2_camera_msgs'
[0.375s] INFO:colcon.colcon_core.plugin_system:Skipping extension 'colcon_core.shell.bat': Not used on non-Windows systems
[0.376s] INFO:colcon.colcon_core.shell:Skip shell extension 'powershell' for command environment: Not usable outside of PowerShell
[0.376s] DEBUG:colcon.colcon_core.shell:Skip shell extension 'dsv' for command environment
[0.383s] INFO:colcon.colcon_ros.task.ament_cmake.build:Building ROS package in '/home/jason/Desktop/zam_ws/src/AutoCarROS2/autocar_msgs' with build type 'ament_cmake'
[0.383s] INFO:colcon.colcon_cmake.task.cmake.build:Building CMake package in '/home/jason/Desktop/zam_ws/src/AutoCarROS2/autocar_msgs'
[0.385s] INFO:colcon.colcon_core.shell:Skip shell extension 'powershell' for command environment: Not usable outside of PowerShell
[0.385s] DEBUG:colcon.colcon_core.shell:Skip shell extension 'dsv' for command environment
[0.394s] INFO:colcon.colcon_ros.task.ament_cmake.build:Building ROS package in '/home/jason/Desktop/zam_ws/src/AutoCarROS2/autocar_description' with build type 'ament_cmake'
[0.395s] INFO:colcon.colcon_cmake.task.cmake.build:Building CMake package in '/home/jason/Desktop/zam_ws/src/AutoCarROS2/autocar_description'
[0.397s] INFO:colcon.colcon_core.shell:Skip shell extension 'powershell' for command environment: Not usable outside of PowerShell
[0.397s] DEBUG:colcon.colcon_core.shell:Skip shell extension 'dsv' for command environment
[0.404s] INFO:colcon.colcon_ros.task.ament_cmake.build:Building ROS package in '/home/jason/Desktop/zam_ws/src/AutoCarROS2/autocar_gazebo' with build type 'ament_cmake'
[0.404s] INFO:colcon.colcon_cmake.task.cmake.build:Building CMake package in '/home/jason/Desktop/zam_ws/src/AutoCarROS2/autocar_gazebo'
[0.406s] INFO:colcon.colcon_core.shell:Skip shell extension 'powershell' for command environment: Not usable outside of PowerShell
[0.406s] DEBUG:colcon.colcon_core.shell:Skip shell extension 'dsv' for command environment
[0.422s] DEBUG:colcon.colcon_core.event_handler.log_command:Invoking command in '/home/jason/Desktop/zam_ws/build/realsense2_camera_msgs': CMAKE_PREFIX_PATH=${CMAKE_PREFIX_PATH}:/home/jason/Desktop/zam_ws/install/zam_tools:/home/jason/Desktop/zam_ws/install/keyboard_control:/opt/ros/foxy /usr/bin/cmake --build /home/jason/Desktop/zam_ws/build/realsense2_camera_msgs -- -j4 -l4
[0.432s] DEBUG:colcon.colcon_core.event_handler.log_command:Invoking command in '/home/jason/Desktop/zam_ws/build/autocar_msgs': CMAKE_PREFIX_PATH=${CMAKE_PREFIX_PATH}:/home/jason/Desktop/zam_ws/install/zam_tools:/home/jason/Desktop/zam_ws/install/keyboard_control:/opt/ros/foxy /usr/bin/cmake --build /home/jason/Desktop/zam_ws/build/autocar_msgs -- -j4 -l4
[0.439s] DEBUG:colcon.colcon_core.event_handler.log_command:Invoking command in '/home/jason/Desktop/zam_ws/build/autocar_description': CMAKE_PREFIX_PATH=${CMAKE_PREFIX_PATH}:/home/jason/Desktop/zam_ws/install/zam_tools:/home/jason/Desktop/zam_ws/install/keyboard_control:/opt/ros/foxy /usr/bin/cmake --build /home/jason/Desktop/zam_ws/build/autocar_description -- -j4 -l4
[0.478s] DEBUG:colcon.colcon_core.event_handler.log_command:Invoking command in '/home/jason/Desktop/zam_ws/build/autocar_gazebo': CMAKE_PREFIX_PATH=${CMAKE_PREFIX_PATH}:/home/jason/Desktop/zam_ws/install/zam_tools:/home/jason/Desktop/zam_ws/install/keyboard_control:/opt/ros/foxy /usr/bin/cmake --build /home/jason/Desktop/zam_ws/build/autocar_gazebo -- -j4 -l4
[0.538s] DEBUG:colcon.colcon_core.event_handler.log_command:Invoked command in '/home/jason/Desktop/zam_ws/build/autocar_description' returned '0': CMAKE_PREFIX_PATH=${CMAKE_PREFIX_PATH}:/home/jason/Desktop/zam_ws/install/zam_tools:/home/jason/Desktop/zam_ws/install/keyboard_control:/opt/ros/foxy /usr/bin/cmake --build /home/jason/Desktop/zam_ws/build/autocar_description -- -j4 -l4
[0.561s] DEBUG:colcon.colcon_core.event_handler.log_command:Invoked command in '/home/jason/Desktop/zam_ws/build/autocar_gazebo' returned '0': CMAKE_PREFIX_PATH=${CMAKE_PREFIX_PATH}:/home/jason/Desktop/zam_ws/install/zam_tools:/home/jason/Desktop/zam_ws/install/keyboard_control:/opt/ros/foxy /usr/bin/cmake --build /home/jason/Desktop/zam_ws/build/autocar_gazebo -- -j4 -l4
[0.630s] DEBUG:colcon.colcon_core.event_handler.log_command:Invoking command in '/home/jason/Desktop/zam_ws/build/autocar_description': CMAKE_PREFIX_PATH=${CMAKE_PREFIX_PATH}:/home/jason/Desktop/zam_ws/install/zam_tools:/home/jason/Desktop/zam_ws/install/keyboard_control:/opt/ros/foxy /usr/bin/cmake --install /home/jason/Desktop/zam_ws/build/autocar_description
[0.647s] DEBUG:colcon.colcon_core.event_handler.log_command:Invoking command in '/home/jason/Desktop/zam_ws/build/autocar_gazebo': CMAKE_PREFIX_PATH=${CMAKE_PREFIX_PATH}:/home/jason/Desktop/zam_ws/install/zam_tools:/home/jason/Desktop/zam_ws/install/keyboard_control:/opt/ros/foxy /usr/bin/cmake --install /home/jason/Desktop/zam_ws/build/autocar_gazebo
[0.696s] Level 1:colcon.colcon_core.environment:create_environment_scripts_only(autocar_description)
[0.711s] DEBUG:colcon.colcon_core.event_handler.log_command:Invoked command in '/home/jason/Desktop/zam_ws/build/autocar_description' returned '0': CMAKE_PREFIX_PATH=${CMAKE_PREFIX_PATH}:/home/jason/Desktop/zam_ws/install/zam_tools:/home/jason/Desktop/zam_ws/install/keyboard_control:/opt/ros/foxy /usr/bin/cmake --install /home/jason/Desktop/zam_ws/build/autocar_description
[0.715s] Level 1:colcon.colcon_core.environment:checking '/home/jason/Desktop/zam_ws/install/autocar_description' for CMake module files
[0.718s] Level 1:colcon.colcon_core.environment:checking '/home/jason/Desktop/zam_ws/install/autocar_description' for CMake config files
[0.718s] Level 1:colcon.colcon_core.shell:create_environment_hook('autocar_description', 'cmake_prefix_path')
[0.724s] INFO:colcon.colcon_core.shell:Creating environment hook '/home/jason/Desktop/zam_ws/install/autocar_description/share/autocar_description/hook/cmake_prefix_path.ps1'
[0.728s] INFO:colcon.colcon_core.shell:Creating environment descriptor '/home/jason/Desktop/zam_ws/install/autocar_description/share/autocar_description/hook/cmake_prefix_path.dsv'
[0.729s] INFO:colcon.colcon_core.shell:Creating environment hook '/home/jason/Desktop/zam_ws/install/autocar_description/share/autocar_description/hook/cmake_prefix_path.sh'
[0.730s] Level 1:colcon.colcon_core.environment:checking '/home/jason/Desktop/zam_ws/install/autocar_description/bin'
[0.730s] Level 1:colcon.colcon_core.environment:checking '/home/jason/Desktop/zam_ws/install/autocar_description/lib/pkgconfig/autocar_description.pc'
[0.731s] Level 1:colcon.colcon_core.environment:checking '/home/jason/Desktop/zam_ws/install/autocar_description/lib/python3.8/site-packages'
[0.731s] Level 1:colcon.colcon_core.environment:checking '/home/jason/Desktop/zam_ws/install/autocar_description/bin'
[0.735s] INFO:colcon.colcon_core.shell:Creating package script '/home/jason/Desktop/zam_ws/install/autocar_description/share/autocar_description/package.ps1'
[0.737s] INFO:colcon.colcon_core.shell:Creating package descriptor '/home/jason/Desktop/zam_ws/install/autocar_description/share/autocar_description/package.dsv'
[0.737s] INFO:colcon.colcon_core.shell:Creating package script '/home/jason/Desktop/zam_ws/install/autocar_description/share/autocar_description/package.sh'
[0.738s] INFO:colcon.colcon_core.shell:Creating package script '/home/jason/Desktop/zam_ws/install/autocar_description/share/autocar_description/package.bash'
[0.740s] INFO:colcon.colcon_core.shell:Creating package script '/home/jason/Desktop/zam_ws/install/autocar_description/share/autocar_description/package.zsh'
[0.741s] Level 1:colcon.colcon_core.environment:create_file_with_runtime_dependencies(/home/jason/Desktop/zam_ws/install/autocar_description/share/colcon-core/packages/autocar_description)
[0.780s] Level 1:colcon.colcon_core.environment:create_environment_scripts_only(autocar_gazebo)
[0.784s] Level 1:colcon.colcon_core.environment:checking '/home/jason/Desktop/zam_ws/install/autocar_gazebo' for CMake module files
[0.785s] Level 1:colcon.colcon_core.environment:checking '/home/jason/Desktop/zam_ws/install/autocar_gazebo' for CMake config files
[0.785s] Level 1:colcon.colcon_core.shell:create_environment_hook('autocar_gazebo', 'cmake_prefix_path')
[0.788s] INFO:colcon.colcon_core.shell:Creating environment hook '/home/jason/Desktop/zam_ws/install/autocar_gazebo/share/autocar_gazebo/hook/cmake_prefix_path.ps1'
[0.788s] DEBUG:colcon.colcon_core.event_handler.log_command:Invoked command in '/home/jason/Desktop/zam_ws/build/autocar_gazebo' returned '0': CMAKE_PREFIX_PATH=${CMAKE_PREFIX_PATH}:/home/jason/Desktop/zam_ws/install/zam_tools:/home/jason/Desktop/zam_ws/install/keyboard_control:/opt/ros/foxy /usr/bin/cmake --install /home/jason/Desktop/zam_ws/build/autocar_gazebo
[0.789s] INFO:colcon.colcon_core.shell:Creating environment descriptor '/home/jason/Desktop/zam_ws/install/autocar_gazebo/share/autocar_gazebo/hook/cmake_prefix_path.dsv'
[0.790s] INFO:colcon.colcon_core.shell:Creating environment hook '/home/jason/Desktop/zam_ws/install/autocar_gazebo/share/autocar_gazebo/hook/cmake_prefix_path.sh'
[0.791s] Level 1:colcon.colcon_core.environment:checking '/home/jason/Desktop/zam_ws/install/autocar_gazebo/bin'
[0.791s] Level 1:colcon.colcon_core.environment:checking '/home/jason/Desktop/zam_ws/install/autocar_gazebo/lib/pkgconfig/autocar_gazebo.pc'
[0.791s] Level 1:colcon.colcon_core.environment:checking '/home/jason/Desktop/zam_ws/install/autocar_gazebo/lib/python3.8/site-packages'
[0.792s] Level 1:colcon.colcon_core.environment:checking '/home/jason/Desktop/zam_ws/install/autocar_gazebo/bin'
[0.796s] INFO:colcon.colcon_core.shell:Creating package script '/home/jason/Desktop/zam_ws/install/autocar_gazebo/share/autocar_gazebo/package.ps1'
[0.797s] INFO:colcon.colcon_core.shell:Creating package descriptor '/home/jason/Desktop/zam_ws/install/autocar_gazebo/share/autocar_gazebo/package.dsv'
[0.797s] INFO:colcon.colcon_core.shell:Creating package script '/home/jason/Desktop/zam_ws/install/autocar_gazebo/share/autocar_gazebo/package.sh'
[0.798s] INFO:colcon.colcon_core.shell:Creating package script '/home/jason/Desktop/zam_ws/install/autocar_gazebo/share/autocar_gazebo/package.bash'
[0.799s] INFO:colcon.colcon_core.shell:Creating package script '/home/jason/Desktop/zam_ws/install/autocar_gazebo/share/autocar_gazebo/package.zsh'
[0.799s] Level 1:colcon.colcon_core.environment:create_file_with_runtime_dependencies(/home/jason/Desktop/zam_ws/install/autocar_gazebo/share/colcon-core/packages/autocar_gazebo)
[0.846s] Level 1:colcon.colcon_core.environment:create_environment_scripts_only(autocar_description)
[0.871s] Level 1:colcon.colcon_core.environment:checking '/home/jason/Desktop/zam_ws/install/autocar_description' for CMake module files
[0.872s] Level 1:colcon.colcon_core.environment:checking '/home/jason/Desktop/zam_ws/install/autocar_description' for CMake config files
[0.872s] Level 1:colcon.colcon_core.shell:create_environment_hook('autocar_description', 'cmake_prefix_path')
[0.909s] INFO:colcon.colcon_core.shell:Creating environment hook '/home/jason/Desktop/zam_ws/install/autocar_description/share/autocar_description/hook/cmake_prefix_path.ps1'
[0.920s] INFO:colcon.colcon_core.shell:Creating environment descriptor '/home/jason/Desktop/zam_ws/install/autocar_description/share/autocar_description/hook/cmake_prefix_path.dsv'
[0.921s] INFO:colcon.colcon_core.shell:Creating environment hook '/home/jason/Desktop/zam_ws/install/autocar_description/share/autocar_description/hook/cmake_prefix_path.sh'
[0.922s] Level 1:colcon.colcon_core.environment:checking '/home/jason/Desktop/zam_ws/install/autocar_description/bin'
[0.922s] Level 1:colcon.colcon_core.environment:checking '/home/jason/Desktop/zam_ws/install/autocar_description/lib/pkgconfig/autocar_description.pc'
[0.923s] Level 1:colcon.colcon_core.environment:checking '/home/jason/Desktop/zam_ws/install/autocar_description/lib/python3.8/site-packages'
[0.923s] Level 1:colcon.colcon_core.environment:checking '/home/jason/Desktop/zam_ws/install/autocar_description/bin'
[0.925s] INFO:colcon.colcon_core.shell:Creating package script '/home/jason/Desktop/zam_ws/install/autocar_description/share/autocar_description/package.ps1'
[0.932s] INFO:colcon.colcon_core.shell:Creating package descriptor '/home/jason/Desktop/zam_ws/install/autocar_description/share/autocar_description/package.dsv'
[0.933s] INFO:colcon.colcon_core.shell:Creating package script '/home/jason/Desktop/zam_ws/install/autocar_description/share/autocar_description/package.sh'
[0.933s] INFO:colcon.colcon_core.shell:Creating package script '/home/jason/Desktop/zam_ws/install/autocar_description/share/autocar_description/package.bash'
[0.934s] INFO:colcon.colcon_core.shell:Creating package script '/home/jason/Desktop/zam_ws/install/autocar_description/share/autocar_description/package.zsh'
[0.934s] Level 1:colcon.colcon_core.environment:create_file_with_runtime_dependencies(/home/jason/Desktop/zam_ws/install/autocar_description/share/colcon-core/packages/autocar_description)
[0.935s] INFO:colcon.colcon_ros.task.ament_cmake.build:Building ROS package in '/home/jason/Desktop/zam_ws/src/AutoCarROS2/autocar_map' with build type 'ament_cmake'
[0.935s] INFO:colcon.colcon_cmake.task.cmake.build:Building CMake package in '/home/jason/Desktop/zam_ws/src/AutoCarROS2/autocar_map'
[0.938s] INFO:colcon.colcon_core.shell:Skip shell extension 'powershell' for command environment: Not usable outside of PowerShell
[0.938s] DEBUG:colcon.colcon_core.shell:Skip shell extension 'dsv' for command environment
[0.956s] Level 1:colcon.colcon_core.environment:create_environment_scripts_only(autocar_gazebo)
[0.966s] Level 1:colcon.colcon_core.environment:checking '/home/jason/Desktop/zam_ws/install/autocar_gazebo' for CMake module files
[0.966s] Level 1:colcon.colcon_core.environment:checking '/home/jason/Desktop/zam_ws/install/autocar_gazebo' for CMake config files
[0.967s] Level 1:colcon.colcon_core.shell:create_environment_hook('autocar_gazebo', 'cmake_prefix_path')
[0.970s] INFO:colcon.colcon_core.shell:Creating environment hook '/home/jason/Desktop/zam_ws/install/autocar_gazebo/share/autocar_gazebo/hook/cmake_prefix_path.ps1'
[0.970s] INFO:colcon.colcon_core.shell:Creating environment descriptor '/home/jason/Desktop/zam_ws/install/autocar_gazebo/share/autocar_gazebo/hook/cmake_prefix_path.dsv'
[0.971s] INFO:colcon.colcon_core.shell:Creating environment hook '/home/jason/Desktop/zam_ws/install/autocar_gazebo/share/autocar_gazebo/hook/cmake_prefix_path.sh'
[0.972s] Level 1:colcon.colcon_core.environment:checking '/home/jason/Desktop/zam_ws/install/autocar_gazebo/bin'
[0.972s] Level 1:colcon.colcon_core.environment:checking '/home/jason/Desktop/zam_ws/install/autocar_gazebo/lib/pkgconfig/autocar_gazebo.pc'
[0.973s] Level 1:colcon.colcon_core.environment:checking '/home/jason/Desktop/zam_ws/install/autocar_gazebo/lib/python3.8/site-packages'
[0.973s] Level 1:colcon.colcon_core.environment:checking '/home/jason/Desktop/zam_ws/install/autocar_gazebo/bin'
[0.976s] INFO:colcon.colcon_core.shell:Creating package script '/home/jason/Desktop/zam_ws/install/autocar_gazebo/share/autocar_gazebo/package.ps1'
[0.977s] INFO:colcon.colcon_core.shell:Creating package descriptor '/home/jason/Desktop/zam_ws/install/autocar_gazebo/share/autocar_gazebo/package.dsv'
[0.978s] INFO:colcon.colcon_core.shell:Creating package script '/home/jason/Desktop/zam_ws/install/autocar_gazebo/share/autocar_gazebo/package.sh'
[0.978s] INFO:colcon.colcon_core.shell:Creating package script '/home/jason/Desktop/zam_ws/install/autocar_gazebo/share/autocar_gazebo/package.bash'
[0.979s] INFO:colcon.colcon_core.shell:Creating package script '/home/jason/Desktop/zam_ws/install/autocar_gazebo/share/autocar_gazebo/package.zsh'
[0.979s] Level 1:colcon.colcon_core.environment:create_file_with_runtime_dependencies(/home/jason/Desktop/zam_ws/install/autocar_gazebo/share/colcon-core/packages/autocar_gazebo)
[0.982s] INFO:colcon.colcon_ros.task.ament_python.build:Building ROS package in '/home/jason/Desktop/zam_ws/src/keyboard_control' with build type 'ament_python'
[0.982s] Level 1:colcon.colcon_core.shell:create_environment_hook('keyboard_control', 'ament_prefix_path')
[0.986s] INFO:colcon.colcon_core.shell:Creating environment hook '/home/jason/Desktop/zam_ws/install/keyboard_control/share/keyboard_control/hook/ament_prefix_path.ps1'
[0.986s] INFO:colcon.colcon_core.shell:Creating environment descriptor '/home/jason/Desktop/zam_ws/install/keyboard_control/share/keyboard_control/hook/ament_prefix_path.dsv'
[0.987s] INFO:colcon.colcon_core.shell:Creating environment hook '/home/jason/Desktop/zam_ws/install/keyboard_control/share/keyboard_control/hook/ament_prefix_path.sh'
[0.990s] INFO:colcon.colcon_core.shell:Skip shell extension 'powershell' for command environment: Not usable outside of PowerShell
[0.991s] DEBUG:colcon.colcon_core.shell:Skip shell extension 'dsv' for command environment
[1.014s] DEBUG:colcon.colcon_core.event_handler.log_command:Invoking command in '/home/jason/Desktop/zam_ws/build/autocar_map': CMAKE_PREFIX_PATH=${CMAKE_PREFIX_PATH}:/home/jason/Desktop/zam_ws/install/zam_tools:/home/jason/Desktop/zam_ws/install/keyboard_control:/opt/ros/foxy /usr/bin/cmake --build /home/jason/Desktop/zam_ws/build/autocar_map -- -j4 -l4
[1.740s] DEBUG:colcon.colcon_parallel_executor.executor.parallel:closing loop
[1.740s] DEBUG:colcon.colcon_parallel_executor.executor.parallel:loop closed
[1.740s] DEBUG:colcon.colcon_parallel_executor.executor.parallel:run_until_complete finished with 'Command '['/usr/bin/python3', '-c', "import sys;from setuptools.extern.packaging.specifiers import SpecifierSet;from distutils.core import run_setup;dist = run_setup(    'setup.py', script_args=('--dry-run',), stop_after='config');skip_keys = ('cmdclass', 'distclass', 'ext_modules', 'metadata');data = {    key: value for key, value in dist.__dict__.items()     if (        not key.startswith('_') and         not callable(value) and         key not in skip_keys and         key not in dist.display_option_names    )};data['metadata'] = {    k: v for k, v in dist.metadata.__dict__.items()     if k not in ('license_files', 'provides_extras')};sys.stdout.buffer.write(repr(data).encode('utf-8'))"]' returned non-zero exit status 1.'
[1.741s] DEBUG:colcon.colcon_core.event_reactor:joining thread
[1.753s] INFO:colcon.colcon_core.plugin_system:Skipping extension 'colcon_notification.desktop_notification.terminal_notifier': Not used on non-Darwin systems
[1.754s] INFO:colcon.colcon_core.plugin_system:Skipping extension 'colcon_notification.desktop_notification.win32': Not used on non-Windows systems
[1.754s] INFO:colcon.colcon_notification.desktop_notification:Sending desktop notification using 'notify2'
[1.776s] DEBUG:colcon.colcon_core.event_reactor:joined thread
[1.778s] INFO:colcon.colcon_core.shell:Creating prefix script '/home/jason/Desktop/zam_ws/install/local_setup.ps1'
[1.781s] INFO:colcon.colcon_core.shell:Creating prefix util module '/home/jason/Desktop/zam_ws/install/_local_setup_util_ps1.py'
[1.783s] INFO:colcon.colcon_core.shell:Creating prefix chain script '/home/jason/Desktop/zam_ws/install/setup.ps1'
[1.786s] INFO:colcon.colcon_core.shell:Creating prefix script '/home/jason/Desktop/zam_ws/install/local_setup.sh'
[1.787s] INFO:colcon.colcon_core.shell:Creating prefix util module '/home/jason/Desktop/zam_ws/install/_local_setup_util_sh.py'
[1.788s] INFO:colcon.colcon_core.shell:Creating prefix chain script '/home/jason/Desktop/zam_ws/install/setup.sh'
[1.790s] INFO:colcon.colcon_core.shell:Creating prefix script '/home/jason/Desktop/zam_ws/install/local_setup.bash'
[1.791s] INFO:colcon.colcon_core.shell:Creating prefix chain script '/home/jason/Desktop/zam_ws/install/setup.bash'
[1.795s] INFO:colcon.colcon_core.shell:Creating prefix script '/home/jason/Desktop/zam_ws/install/local_setup.zsh'
[1.796s] INFO:colcon.colcon_core.shell:Creating prefix chain script '/home/jason/Desktop/zam_ws/install/setup.zsh'
