[0.241s] Invoking command in '/home/jason/Desktop/zam_ws/build/realsense2_camera': CMAKE_PREFIX_PATH=/home/jason/Desktop/zam_ws/install/realsense2_camera_msgs:/home/jason/Desktop/zam_ws/install/realsense2_description:/home/jason/Desktop/zam_ws/install/realsense2_camera:/home/jason/Desktop/zam_ws/install/launches:/home/jason/Desktop/zam_ws/install/autocar_nav:/home/jason/Desktop/zam_ws/install/autocar_msgs:/home/jason/Desktop/zam_ws/install/autocar_map:/home/jason/Desktop/zam_ws/install/autocar_gazebo:/home/jason/Desktop/zam_ws/install/autocar_description:/home/jason/Desktop/zam_ws/install/zam_tools:/home/jason/Desktop/zam_ws/install/keyboard_control:/opt/ros/foxy LD_LIBRARY_PATH=/home/jason/Desktop/zam_ws/install/realsense2_camera_msgs/lib:/home/jason/Desktop/zam_ws/install/realsense2_camera/lib:/home/jason/Desktop/zam_ws/install/autocar_msgs/lib:/usr/lib/x86_64-linux-gnu/gazebo-11/plugins:/opt/ros/foxy/opt/yaml_cpp_vendor/lib:/opt/ros/foxy/opt/rviz_ogre_vendor/lib:/opt/ros/foxy/lib/x86_64-linux-gnu:/opt/ros/foxy/lib PYTHONPATH=/home/jason/Desktop/zam_ws/install/realsense2_camera_msgs/lib/python3.8/site-packages:/home/jason/Desktop/zam_ws/build/zam_tools:/home/jason/Desktop/zam_ws/install/zam_tools/lib/python3.8/site-packages:/home/jason/Desktop/zam_ws/build/keyboard_control:/home/jason/Desktop/zam_ws/install/keyboard_control/lib/python3.8/site-packages:/home/jason/Desktop/zam_ws/install/autocar_nav/lib/python3.8/site-packages:/home/jason/Desktop/zam_ws/install/autocar_msgs/lib/python3.8/site-packages:/opt/ros/foxy/lib/python3.8/site-packages /usr/bin/cmake --build /home/jason/Desktop/zam_ws/build/realsense2_camera -- -j4 -l4
[1.129s] [ 12%] Built target realsense2_camera_node
[1.827s] [100%] Built target realsense2_camera
[1.931s] Invoked command in '/home/jason/Desktop/zam_ws/build/realsense2_camera' returned '0': CMAKE_PREFIX_PATH=/home/jason/Desktop/zam_ws/install/realsense2_camera_msgs:/home/jason/Desktop/zam_ws/install/realsense2_description:/home/jason/Desktop/zam_ws/install/realsense2_camera:/home/jason/Desktop/zam_ws/install/launches:/home/jason/Desktop/zam_ws/install/autocar_nav:/home/jason/Desktop/zam_ws/install/autocar_msgs:/home/jason/Desktop/zam_ws/install/autocar_map:/home/jason/Desktop/zam_ws/install/autocar_gazebo:/home/jason/Desktop/zam_ws/install/autocar_description:/home/jason/Desktop/zam_ws/install/zam_tools:/home/jason/Desktop/zam_ws/install/keyboard_control:/opt/ros/foxy LD_LIBRARY_PATH=/home/jason/Desktop/zam_ws/install/realsense2_camera_msgs/lib:/home/jason/Desktop/zam_ws/install/realsense2_camera/lib:/home/jason/Desktop/zam_ws/install/autocar_msgs/lib:/usr/lib/x86_64-linux-gnu/gazebo-11/plugins:/opt/ros/foxy/opt/yaml_cpp_vendor/lib:/opt/ros/foxy/opt/rviz_ogre_vendor/lib:/opt/ros/foxy/lib/x86_64-linux-gnu:/opt/ros/foxy/lib PYTHONPATH=/home/jason/Desktop/zam_ws/install/realsense2_camera_msgs/lib/python3.8/site-packages:/home/jason/Desktop/zam_ws/build/zam_tools:/home/jason/Desktop/zam_ws/install/zam_tools/lib/python3.8/site-packages:/home/jason/Desktop/zam_ws/build/keyboard_control:/home/jason/Desktop/zam_ws/install/keyboard_control/lib/python3.8/site-packages:/home/jason/Desktop/zam_ws/install/autocar_nav/lib/python3.8/site-packages:/home/jason/Desktop/zam_ws/install/autocar_msgs/lib/python3.8/site-packages:/opt/ros/foxy/lib/python3.8/site-packages /usr/bin/cmake --build /home/jason/Desktop/zam_ws/build/realsense2_camera -- -j4 -l4
[2.518s] Invoking command in '/home/jason/Desktop/zam_ws/build/realsense2_camera': CMAKE_PREFIX_PATH=/home/jason/Desktop/zam_ws/install/realsense2_camera_msgs:/home/jason/Desktop/zam_ws/install/realsense2_description:/home/jason/Desktop/zam_ws/install/realsense2_camera:/home/jason/Desktop/zam_ws/install/launches:/home/jason/Desktop/zam_ws/install/autocar_nav:/home/jason/Desktop/zam_ws/install/autocar_msgs:/home/jason/Desktop/zam_ws/install/autocar_map:/home/jason/Desktop/zam_ws/install/autocar_gazebo:/home/jason/Desktop/zam_ws/install/autocar_description:/home/jason/Desktop/zam_ws/install/zam_tools:/home/jason/Desktop/zam_ws/install/keyboard_control:/opt/ros/foxy LD_LIBRARY_PATH=/home/jason/Desktop/zam_ws/install/realsense2_camera_msgs/lib:/home/jason/Desktop/zam_ws/install/realsense2_camera/lib:/home/jason/Desktop/zam_ws/install/autocar_msgs/lib:/usr/lib/x86_64-linux-gnu/gazebo-11/plugins:/opt/ros/foxy/opt/yaml_cpp_vendor/lib:/opt/ros/foxy/opt/rviz_ogre_vendor/lib:/opt/ros/foxy/lib/x86_64-linux-gnu:/opt/ros/foxy/lib PYTHONPATH=/home/jason/Desktop/zam_ws/install/realsense2_camera_msgs/lib/python3.8/site-packages:/home/jason/Desktop/zam_ws/build/zam_tools:/home/jason/Desktop/zam_ws/install/zam_tools/lib/python3.8/site-packages:/home/jason/Desktop/zam_ws/build/keyboard_control:/home/jason/Desktop/zam_ws/install/keyboard_control/lib/python3.8/site-packages:/home/jason/Desktop/zam_ws/install/autocar_nav/lib/python3.8/site-packages:/home/jason/Desktop/zam_ws/install/autocar_msgs/lib/python3.8/site-packages:/opt/ros/foxy/lib/python3.8/site-packages /usr/bin/cmake --install /home/jason/Desktop/zam_ws/build/realsense2_camera
[2.652s] -- Install configuration: "Release"
[2.658s] -- Execute custom install script
[2.658s] -- Up-to-date symlink: /home/jason/Desktop/zam_ws/install/realsense2_camera/lib/realsense2_camera/realsense2_camera_node
[2.659s] -- Up-to-date symlink: /home/jason/Desktop/zam_ws/install/realsense2_camera/lib/librealsense2_camera.so
[2.663s] -- Up-to-date symlink: /home/jason/Desktop/zam_ws/install/realsense2_camera/include/base_realsense_node.h
[2.663s] -- Up-to-date symlink: /home/jason/Desktop/zam_ws/install/realsense2_camera/include/constants.h
[2.663s] -- Up-to-date symlink: /home/jason/Desktop/zam_ws/install/realsense2_camera/include/dynamic_params.h
[2.665s] -- Up-to-date symlink: /home/jason/Desktop/zam_ws/install/realsense2_camera/include/image_publisher.h
[2.667s] -- Up-to-date symlink: /home/jason/Desktop/zam_ws/install/realsense2_camera/include/named_filter.h
[2.668s] -- Up-to-date symlink: /home/jason/Desktop/zam_ws/install/realsense2_camera/include/profile_manager.h
[2.678s] -- Up-to-date symlink: /home/jason/Desktop/zam_ws/install/realsense2_camera/include/realsense_node_factory.h
[2.679s] -- Up-to-date symlink: /home/jason/Desktop/zam_ws/install/realsense2_camera/include/ros_param_backend.h
[2.681s] -- Up-to-date symlink: /home/jason/Desktop/zam_ws/install/realsense2_camera/include/ros_sensor.h
[2.682s] -- Up-to-date symlink: /home/jason/Desktop/zam_ws/install/realsense2_camera/include/ros_utils.h
[2.691s] -- Up-to-date symlink: /home/jason/Desktop/zam_ws/install/realsense2_camera/include/sensor_params.h
[2.692s] -- Up-to-date symlink: /home/jason/Desktop/zam_ws/install/realsense2_camera/include/t265_realsense_node.h
[2.693s] -- Up-to-date symlink: /home/jason/Desktop/zam_ws/install/realsense2_camera/share/realsense2_camera/launch/default.rviz
[2.693s] -- Up-to-date symlink: /home/jason/Desktop/zam_ws/install/realsense2_camera/share/realsense2_camera/launch/rs_d400_and_t265_launch.py
[2.693s] -- Up-to-date symlink: /home/jason/Desktop/zam_ws/install/realsense2_camera/share/realsense2_camera/launch/rs_intra_process_demo_launch.py
[2.693s] -- Up-to-date symlink: /home/jason/Desktop/zam_ws/install/realsense2_camera/share/realsense2_camera/launch/rs_launch.py
[2.694s] -- Up-to-date symlink: /home/jason/Desktop/zam_ws/install/realsense2_camera/share/realsense2_camera/launch/rs_multi_camera_launch.py
[2.694s] -- Up-to-date symlink: /home/jason/Desktop/zam_ws/install/realsense2_camera/share/realsense2_camera/environment/library_path.sh
[2.695s] -- Up-to-date symlink: /home/jason/Desktop/zam_ws/install/realsense2_camera/share/realsense2_camera/environment/library_path.dsv
[2.696s] -- Up-to-date symlink: /home/jason/Desktop/zam_ws/install/realsense2_camera/share/ament_index/resource_index/package_run_dependencies/realsense2_camera
[2.697s] -- Up-to-date symlink: /home/jason/Desktop/zam_ws/install/realsense2_camera/share/ament_index/resource_index/parent_prefix_path/realsense2_camera
[2.697s] -- Up-to-date symlink: /home/jason/Desktop/zam_ws/install/realsense2_camera/share/realsense2_camera/environment/ament_prefix_path.sh
[2.698s] -- Up-to-date symlink: /home/jason/Desktop/zam_ws/install/realsense2_camera/share/realsense2_camera/environment/ament_prefix_path.dsv
[2.698s] -- Up-to-date symlink: /home/jason/Desktop/zam_ws/install/realsense2_camera/share/realsense2_camera/environment/path.sh
[2.708s] -- Up-to-date symlink: /home/jason/Desktop/zam_ws/install/realsense2_camera/share/realsense2_camera/environment/path.dsv
[2.709s] -- Up-to-date symlink: /home/jason/Desktop/zam_ws/install/realsense2_camera/share/realsense2_camera/local_setup.bash
[2.710s] -- Up-to-date symlink: /home/jason/Desktop/zam_ws/install/realsense2_camera/share/realsense2_camera/local_setup.sh
[2.712s] -- Up-to-date symlink: /home/jason/Desktop/zam_ws/install/realsense2_camera/share/realsense2_camera/local_setup.zsh
[2.713s] -- Up-to-date symlink: /home/jason/Desktop/zam_ws/install/realsense2_camera/share/realsense2_camera/local_setup.dsv
[2.713s] -- Symlinking: /home/jason/Desktop/zam_ws/install/realsense2_camera/share/realsense2_camera/package.dsv
[2.753s] -- Up-to-date symlink: /home/jason/Desktop/zam_ws/install/realsense2_camera/share/ament_index/resource_index/packages/realsense2_camera
[2.753s] -- Up-to-date symlink: /home/jason/Desktop/zam_ws/install/realsense2_camera/share/ament_index/resource_index/rclcpp_components/realsense2_camera
[2.754s] -- Up-to-date symlink: /home/jason/Desktop/zam_ws/install/realsense2_camera/share/realsense2_camera/cmake/ament_cmake_export_include_directories-extras.cmake
[2.754s] -- Up-to-date symlink: /home/jason/Desktop/zam_ws/install/realsense2_camera/share/realsense2_camera/cmake/ament_cmake_export_libraries-extras.cmake
[2.755s] -- Up-to-date symlink: /home/jason/Desktop/zam_ws/install/realsense2_camera/share/realsense2_camera/cmake/ament_cmake_export_dependencies-extras.cmake
[2.755s] -- Up-to-date symlink: /home/jason/Desktop/zam_ws/install/realsense2_camera/share/realsense2_camera/cmake/realsense2_cameraConfig.cmake
[2.757s] -- Up-to-date symlink: /home/jason/Desktop/zam_ws/install/realsense2_camera/share/realsense2_camera/cmake/realsense2_cameraConfig-version.cmake
[2.757s] -- Up-to-date symlink: /home/jason/Desktop/zam_ws/install/realsense2_camera/share/realsense2_camera/package.xml
[2.775s] Invoked command in '/home/jason/Desktop/zam_ws/build/realsense2_camera' returned '0': CMAKE_PREFIX_PATH=/home/jason/Desktop/zam_ws/install/realsense2_camera_msgs:/home/jason/Desktop/zam_ws/install/realsense2_description:/home/jason/Desktop/zam_ws/install/realsense2_camera:/home/jason/Desktop/zam_ws/install/launches:/home/jason/Desktop/zam_ws/install/autocar_nav:/home/jason/Desktop/zam_ws/install/autocar_msgs:/home/jason/Desktop/zam_ws/install/autocar_map:/home/jason/Desktop/zam_ws/install/autocar_gazebo:/home/jason/Desktop/zam_ws/install/autocar_description:/home/jason/Desktop/zam_ws/install/zam_tools:/home/jason/Desktop/zam_ws/install/keyboard_control:/opt/ros/foxy LD_LIBRARY_PATH=/home/jason/Desktop/zam_ws/install/realsense2_camera_msgs/lib:/home/jason/Desktop/zam_ws/install/realsense2_camera/lib:/home/jason/Desktop/zam_ws/install/autocar_msgs/lib:/usr/lib/x86_64-linux-gnu/gazebo-11/plugins:/opt/ros/foxy/opt/yaml_cpp_vendor/lib:/opt/ros/foxy/opt/rviz_ogre_vendor/lib:/opt/ros/foxy/lib/x86_64-linux-gnu:/opt/ros/foxy/lib PYTHONPATH=/home/jason/Desktop/zam_ws/install/realsense2_camera_msgs/lib/python3.8/site-packages:/home/jason/Desktop/zam_ws/build/zam_tools:/home/jason/Desktop/zam_ws/install/zam_tools/lib/python3.8/site-packages:/home/jason/Desktop/zam_ws/build/keyboard_control:/home/jason/Desktop/zam_ws/install/keyboard_control/lib/python3.8/site-packages:/home/jason/Desktop/zam_ws/install/autocar_nav/lib/python3.8/site-packages:/home/jason/Desktop/zam_ws/install/autocar_msgs/lib/python3.8/site-packages:/opt/ros/foxy/lib/python3.8/site-packages /usr/bin/cmake --install /home/jason/Desktop/zam_ws/build/realsense2_camera
