[0.065s] Invoking command in '/home/jason/Desktop/zam_ws/build/autocar_map': CMAKE_PREFIX_PATH=${CMAKE_PREFIX_PATH}:/opt/ros/foxy /usr/bin/cmake --build /home/jason/Desktop/zam_ws/build/autocar_map -- -j4 -l4
[0.224s] [100%] Built target bof
[0.266s] Invoked command in '/home/jason/Desktop/zam_ws/build/autocar_map' returned '0': CMAKE_PREFIX_PATH=${CMAKE_PREFIX_PATH}:/opt/ros/foxy /usr/bin/cmake --build /home/jason/Desktop/zam_ws/build/autocar_map -- -j4 -l4
[0.332s] Invoking command in '/home/jason/Desktop/zam_ws/build/autocar_map': CMAKE_PREFIX_PATH=${CMAKE_PREFIX_PATH}:/opt/ros/foxy /usr/bin/cmake --install /home/jason/Desktop/zam_ws/build/autocar_map
[0.355s] -- Install configuration: ""
[0.356s] -- Execute custom install script
[0.356s] -- Up-to-date symlink: /home/jason/Desktop/zam_ws/install/autocar_map/lib/autocar_map/bof
[0.356s] -- Up-to-date symlink: /home/jason/Desktop/zam_ws/install/autocar_map/share/ament_index/resource_index/package_run_dependencies/autocar_map
[0.357s] -- Up-to-date symlink: /home/jason/Desktop/zam_ws/install/autocar_map/share/ament_index/resource_index/parent_prefix_path/autocar_map
[0.357s] -- Up-to-date symlink: /home/jason/Desktop/zam_ws/install/autocar_map/share/autocar_map/environment/ament_prefix_path.sh
[0.358s] -- Up-to-date symlink: /home/jason/Desktop/zam_ws/install/autocar_map/share/autocar_map/environment/ament_prefix_path.dsv
[0.358s] -- Up-to-date symlink: /home/jason/Desktop/zam_ws/install/autocar_map/share/autocar_map/environment/path.sh
[0.358s] -- Up-to-date symlink: /home/jason/Desktop/zam_ws/install/autocar_map/share/autocar_map/environment/path.dsv
[0.359s] -- Up-to-date symlink: /home/jason/Desktop/zam_ws/install/autocar_map/share/autocar_map/local_setup.bash
[0.364s] -- Up-to-date symlink: /home/jason/Desktop/zam_ws/install/autocar_map/share/autocar_map/local_setup.sh
[0.364s] -- Up-to-date symlink: /home/jason/Desktop/zam_ws/install/autocar_map/share/autocar_map/local_setup.zsh
[0.365s] -- Up-to-date symlink: /home/jason/Desktop/zam_ws/install/autocar_map/share/autocar_map/local_setup.dsv
[0.366s] -- Symlinking: /home/jason/Desktop/zam_ws/install/autocar_map/share/autocar_map/package.dsv
[0.382s] -- Up-to-date symlink: /home/jason/Desktop/zam_ws/install/autocar_map/share/ament_index/resource_index/packages/autocar_map
[0.384s] -- Up-to-date symlink: /home/jason/Desktop/zam_ws/install/autocar_map/share/autocar_map/cmake/autocar_mapConfig.cmake
[0.384s] -- Up-to-date symlink: /home/jason/Desktop/zam_ws/install/autocar_map/share/autocar_map/cmake/autocar_mapConfig-version.cmake
[0.385s] -- Up-to-date symlink: /home/jason/Desktop/zam_ws/install/autocar_map/share/autocar_map/package.xml
[0.386s] Invoked command in '/home/jason/Desktop/zam_ws/build/autocar_map' returned '0': CMAKE_PREFIX_PATH=${CMAKE_PREFIX_PATH}:/opt/ros/foxy /usr/bin/cmake --install /home/jason/Desktop/zam_ws/build/autocar_map
