[0.079s] Invoking command in '/home/jason/Desktop/zam_ws/build/launches': CMAKE_PREFIX_PATH=${CMAKE_PREFIX_PATH}:/opt/ros/foxy /usr/bin/cmake /home/jason/Desktop/zam_ws/src/AutoCarROS2/launches -DAMENT_CMAKE_SYMLINK_INSTALL=1 -DCMAKE_INSTALL_PREFIX=/home/jason/Desktop/zam_ws/install/launches
[0.139s] -- Found ament_cmake: 0.9.11 (/opt/ros/foxy/share/ament_cmake/cmake)
[0.195s] -- Using PYTHON_EXECUTABLE: /usr/bin/python3
[0.644s] -- Override CMake install command with custom implementation using symlinks instead of copying resources
[0.669s] -- Found ament_lint_auto: 0.9.7 (/opt/ros/foxy/share/ament_lint_auto/cmake)
[0.844s] -- Added test 'copyright' to check source files copyright and LICENSE
[0.847s] -- Added test 'flake8' to check Python code syntax and style conventions
[0.848s] -- Added test 'lint_cmake' to check CMake code style
[0.849s] -- Added test 'pep257' to check Python code against some of the style conventions in PEP 257
[0.851s] -- Added test 'xmllint' to check XML markup files
[0.867s] -- Configuring done
[0.894s] -- Generating done
[0.905s] -- Build files have been written to: /home/jason/Desktop/zam_ws/build/launches
[0.909s] Invoked command in '/home/jason/Desktop/zam_ws/build/launches' returned '0': CMAKE_PREFIX_PATH=${CMAKE_PREFIX_PATH}:/opt/ros/foxy /usr/bin/cmake /home/jason/Desktop/zam_ws/src/AutoCarROS2/launches -DAMENT_CMAKE_SYMLINK_INSTALL=1 -DCMAKE_INSTALL_PREFIX=/home/jason/Desktop/zam_ws/install/launches
[0.914s] Invoking command in '/home/jason/Desktop/zam_ws/build/launches': CMAKE_PREFIX_PATH=${CMAKE_PREFIX_PATH}:/opt/ros/foxy /usr/bin/cmake --build /home/jason/Desktop/zam_ws/build/launches -- -j4 -l4
[0.999s] Invoked command in '/home/jason/Desktop/zam_ws/build/launches' returned '0': CMAKE_PREFIX_PATH=${CMAKE_PREFIX_PATH}:/opt/ros/foxy /usr/bin/cmake --build /home/jason/Desktop/zam_ws/build/launches -- -j4 -l4
[1.040s] Invoking command in '/home/jason/Desktop/zam_ws/build/launches': CMAKE_PREFIX_PATH=${CMAKE_PREFIX_PATH}:/opt/ros/foxy /usr/bin/cmake --install /home/jason/Desktop/zam_ws/build/launches
[1.057s] -- Install configuration: ""
[1.057s] -- Execute custom install script
[1.058s] -- Symlinking: /home/jason/Desktop/zam_ws/install/launches/share/launches/launch/click_launch.py
[1.074s] -- Symlinking: /home/jason/Desktop/zam_ws/install/launches/share/launches/launch/default_launch.py
[1.093s] -- Symlinking: /home/jason/Desktop/zam_ws/install/launches/share/launches/launch/launch2.py
[1.110s] -- Symlinking: /home/jason/Desktop/zam_ws/install/launches/share/ament_index/resource_index/package_run_dependencies/launches
[1.125s] -- Symlinking: /home/jason/Desktop/zam_ws/install/launches/share/ament_index/resource_index/parent_prefix_path/launches
[1.141s] -- Symlinking: /home/jason/Desktop/zam_ws/install/launches/share/launches/environment/ament_prefix_path.sh
[1.156s] -- Symlinking: /home/jason/Desktop/zam_ws/install/launches/share/launches/environment/ament_prefix_path.dsv
[1.171s] -- Symlinking: /home/jason/Desktop/zam_ws/install/launches/share/launches/environment/path.sh
[1.188s] -- Symlinking: /home/jason/Desktop/zam_ws/install/launches/share/launches/environment/path.dsv
[1.203s] -- Symlinking: /home/jason/Desktop/zam_ws/install/launches/share/launches/local_setup.bash
[1.219s] -- Symlinking: /home/jason/Desktop/zam_ws/install/launches/share/launches/local_setup.sh
[1.236s] -- Symlinking: /home/jason/Desktop/zam_ws/install/launches/share/launches/local_setup.zsh
[1.254s] -- Symlinking: /home/jason/Desktop/zam_ws/install/launches/share/launches/local_setup.dsv
[1.270s] -- Symlinking: /home/jason/Desktop/zam_ws/install/launches/share/launches/package.dsv
[1.287s] -- Symlinking: /home/jason/Desktop/zam_ws/install/launches/share/ament_index/resource_index/packages/launches
[1.308s] -- Symlinking: /home/jason/Desktop/zam_ws/install/launches/share/launches/cmake/launchesConfig.cmake
[1.330s] -- Symlinking: /home/jason/Desktop/zam_ws/install/launches/share/launches/cmake/launchesConfig-version.cmake
[1.347s] -- Symlinking: /home/jason/Desktop/zam_ws/install/launches/share/launches/package.xml
[1.373s] Invoked command in '/home/jason/Desktop/zam_ws/build/launches' returned '0': CMAKE_PREFIX_PATH=${CMAKE_PREFIX_PATH}:/opt/ros/foxy /usr/bin/cmake --install /home/jason/Desktop/zam_ws/build/launches
