[0.113s] Invoking command in '/home/jason/Desktop/zam_ws/build/autocar_map': CMAKE_PREFIX_PATH=${CMAKE_PREFIX_PATH}:/opt/ros/foxy /usr/bin/cmake --build /home/jason/Desktop/zam_ws/build/autocar_map -- -j4 -l4
[0.312s] [100%] Built target bof
[0.352s] Invoked command in '/home/jason/Desktop/zam_ws/build/autocar_map' returned '0': CMAKE_PREFIX_PATH=${CMAKE_PREFIX_PATH}:/opt/ros/foxy /usr/bin/cmake --build /home/jason/Desktop/zam_ws/build/autocar_map -- -j4 -l4
[0.461s] Invoking command in '/home/jason/Desktop/zam_ws/build/autocar_map': CMAKE_PREFIX_PATH=${CMAKE_PREFIX_PATH}:/opt/ros/foxy /usr/bin/cmake --install /home/jason/Desktop/zam_ws/build/autocar_map
[0.481s] -- Install configuration: ""
[0.482s] -- Execute custom install script
[0.483s] -- Up-to-date symlink: /home/jason/Desktop/zam_ws/install/autocar_map/lib/autocar_map/bof
[0.484s] -- Up-to-date symlink: /home/jason/Desktop/zam_ws/install/autocar_map/share/ament_index/resource_index/package_run_dependencies/autocar_map
[0.485s] -- Up-to-date symlink: /home/jason/Desktop/zam_ws/install/autocar_map/share/ament_index/resource_index/parent_prefix_path/autocar_map
[0.488s] -- Up-to-date symlink: /home/jason/Desktop/zam_ws/install/autocar_map/share/autocar_map/environment/ament_prefix_path.sh
[0.488s] -- Up-to-date symlink: /home/jason/Desktop/zam_ws/install/autocar_map/share/autocar_map/environment/ament_prefix_path.dsv
[0.489s] -- Up-to-date symlink: /home/jason/Desktop/zam_ws/install/autocar_map/share/autocar_map/environment/path.sh
[0.490s] -- Up-to-date symlink: /home/jason/Desktop/zam_ws/install/autocar_map/share/autocar_map/environment/path.dsv
[0.490s] -- Up-to-date symlink: /home/jason/Desktop/zam_ws/install/autocar_map/share/autocar_map/local_setup.bash
[0.491s] -- Up-to-date symlink: /home/jason/Desktop/zam_ws/install/autocar_map/share/autocar_map/local_setup.sh
[0.492s] -- Up-to-date symlink: /home/jason/Desktop/zam_ws/install/autocar_map/share/autocar_map/local_setup.zsh
[0.493s] -- Up-to-date symlink: /home/jason/Desktop/zam_ws/install/autocar_map/share/autocar_map/local_setup.dsv
[0.494s] -- Symlinking: /home/jason/Desktop/zam_ws/install/autocar_map/share/autocar_map/package.dsv
[0.517s] -- Up-to-date symlink: /home/jason/Desktop/zam_ws/install/autocar_map/share/ament_index/resource_index/packages/autocar_map
[0.517s] -- Up-to-date symlink: /home/jason/Desktop/zam_ws/install/autocar_map/share/autocar_map/cmake/autocar_mapConfig.cmake
[0.517s] -- Up-to-date symlink: /home/jason/Desktop/zam_ws/install/autocar_map/share/autocar_map/cmake/autocar_mapConfig-version.cmake
[0.517s] -- Up-to-date symlink: /home/jason/Desktop/zam_ws/install/autocar_map/share/autocar_map/package.xml
[0.556s] Invoked command in '/home/jason/Desktop/zam_ws/build/autocar_map' returned '0': CMAKE_PREFIX_PATH=${CMAKE_PREFIX_PATH}:/opt/ros/foxy /usr/bin/cmake --install /home/jason/Desktop/zam_ws/build/autocar_map
