[0.102s] Invoking command in '/home/jason/Desktop/zam_ws/build/realsense_msgs': CMAKE_PREFIX_PATH=/home/jason/Desktop/zam_ws/install/realsense_ros2:/home/jason/Desktop/zam_ws/install/realsense_examples:/home/jason/Desktop/zam_ws/install/realsense_node:/home/jason/Desktop/zam_ws/install/realsense_ros:/home/jason/Desktop/zam_ws/install/realsense_msgs:/home/jason/Desktop/zam_ws/install/keyboard_control:/home/jason/Desktop/zam_ws/install/zam_tools:/opt/ros/foxy:/home/jason/Desktop/zam_ws/install/realsense_gazebo_plugin:/home/jason/Desktop/zam_ws/install/realsense2_description:/home/jason/Desktop/zam_ws/install/realsense2_camera:/home/jason/Desktop/zam_ws/install/realsense2_camera_msgs:/home/jason/Desktop/zam_ws/install/launches:/home/jason/Desktop/zam_ws/install/autocar_nav:/home/jason/Desktop/zam_ws/install/autocar_msgs:/home/jason/Desktop/zam_ws/install/autocar_map:/home/jason/Desktop/zam_ws/install/autocar_gazebo:/home/jason/Desktop/zam_ws/install/autocar_description /usr/bin/cmake --build /home/jason/Desktop/zam_ws/build/realsense_msgs -- -j4 -l4
[0.316s] [  9%] Built target realsense_msgs__rosidl_generator_c
[0.341s] [ 12%] Built target realsense_msgs__cpp
[0.463s] [ 22%] Built target realsense_msgs__rosidl_typesupport_introspection_c
[0.490s] [ 32%] Built target realsense_msgs__rosidl_typesupport_cpp
[0.493s] [ 41%] Built target realsense_msgs__rosidl_typesupport_c
[0.540s] [ 51%] Built target realsense_msgs__rosidl_typesupport_fastrtps_cpp
[0.591s] [ 61%] Built target realsense_msgs__rosidl_typesupport_introspection_cpp
[0.637s] [ 70%] Built target realsense_msgs__rosidl_typesupport_fastrtps_c
[0.678s] [ 70%] Built target realsense_msgs
[0.753s] [ 74%] Built target realsense_msgs__py
[0.889s] [ 80%] Built target realsense_msgs__python
[0.990s] [ 87%] Built target realsense_msgs__rosidl_typesupport_fastrtps_c__pyext
[1.004s] [ 93%] Built target realsense_msgs__rosidl_typesupport_introspection_c__pyext
[1.018s] [100%] Built target realsense_msgs__rosidl_typesupport_c__pyext
[1.054s] Invoked command in '/home/jason/Desktop/zam_ws/build/realsense_msgs' returned '0': CMAKE_PREFIX_PATH=/home/jason/Desktop/zam_ws/install/realsense_ros2:/home/jason/Desktop/zam_ws/install/realsense_examples:/home/jason/Desktop/zam_ws/install/realsense_node:/home/jason/Desktop/zam_ws/install/realsense_ros:/home/jason/Desktop/zam_ws/install/realsense_msgs:/home/jason/Desktop/zam_ws/install/keyboard_control:/home/jason/Desktop/zam_ws/install/zam_tools:/opt/ros/foxy:/home/jason/Desktop/zam_ws/install/realsense_gazebo_plugin:/home/jason/Desktop/zam_ws/install/realsense2_description:/home/jason/Desktop/zam_ws/install/realsense2_camera:/home/jason/Desktop/zam_ws/install/realsense2_camera_msgs:/home/jason/Desktop/zam_ws/install/launches:/home/jason/Desktop/zam_ws/install/autocar_nav:/home/jason/Desktop/zam_ws/install/autocar_msgs:/home/jason/Desktop/zam_ws/install/autocar_map:/home/jason/Desktop/zam_ws/install/autocar_gazebo:/home/jason/Desktop/zam_ws/install/autocar_description /usr/bin/cmake --build /home/jason/Desktop/zam_ws/build/realsense_msgs -- -j4 -l4
[1.265s] Invoking command in '/home/jason/Desktop/zam_ws/build/realsense_msgs': CMAKE_PREFIX_PATH=/home/jason/Desktop/zam_ws/install/realsense_ros2:/home/jason/Desktop/zam_ws/install/realsense_examples:/home/jason/Desktop/zam_ws/install/realsense_node:/home/jason/Desktop/zam_ws/install/realsense_ros:/home/jason/Desktop/zam_ws/install/realsense_msgs:/home/jason/Desktop/zam_ws/install/keyboard_control:/home/jason/Desktop/zam_ws/install/zam_tools:/opt/ros/foxy:/home/jason/Desktop/zam_ws/install/realsense_gazebo_plugin:/home/jason/Desktop/zam_ws/install/realsense2_description:/home/jason/Desktop/zam_ws/install/realsense2_camera:/home/jason/Desktop/zam_ws/install/realsense2_camera_msgs:/home/jason/Desktop/zam_ws/install/launches:/home/jason/Desktop/zam_ws/install/autocar_nav:/home/jason/Desktop/zam_ws/install/autocar_msgs:/home/jason/Desktop/zam_ws/install/autocar_map:/home/jason/Desktop/zam_ws/install/autocar_gazebo:/home/jason/Desktop/zam_ws/install/autocar_description /usr/bin/cmake --install /home/jason/Desktop/zam_ws/build/realsense_msgs
[1.294s] -- Install configuration: ""
[1.294s] -- Execute custom install script
[1.295s] -- Up-to-date symlink: /home/jason/Desktop/zam_ws/install/realsense_msgs/share/ament_index/resource_index/rosidl_interfaces/realsense_msgs
[1.295s] -- Up-to-date symlink: /home/jason/Desktop/zam_ws/install/realsense_msgs/include/realsense_msgs/msg/detail/imu_info__functions.h
[1.296s] -- Up-to-date symlink: /home/jason/Desktop/zam_ws/install/realsense_msgs/include/realsense_msgs/msg/detail/imu_info__struct.h
[1.296s] -- Up-to-date symlink: /home/jason/Desktop/zam_ws/install/realsense_msgs/include/realsense_msgs/msg/detail/imu_info__type_support.h
[1.296s] -- Up-to-date symlink: /home/jason/Desktop/zam_ws/install/realsense_msgs/include/realsense_msgs/msg/imu_info.h
[1.297s] -- Up-to-date symlink: /home/jason/Desktop/zam_ws/install/realsense_msgs/include/realsense_msgs/msg/rosidl_generator_c__visibility_control.h
[1.297s] -- Up-to-date symlink: /home/jason/Desktop/zam_ws/install/realsense_msgs/share/realsense_msgs/environment/library_path.sh
[1.298s] -- Up-to-date symlink: /home/jason/Desktop/zam_ws/install/realsense_msgs/share/realsense_msgs/environment/library_path.dsv
[1.298s] -- Up-to-date symlink: /home/jason/Desktop/zam_ws/install/realsense_msgs/include/realsense_msgs/msg/detail/imu_info__rosidl_typesupport_fastrtps_c.h
[1.299s] -- Up-to-date symlink: /home/jason/Desktop/zam_ws/install/realsense_msgs/include/realsense_msgs/msg/rosidl_typesupport_fastrtps_c__visibility_control.h
[1.299s] -- Up-to-date symlink: /home/jason/Desktop/zam_ws/install/realsense_msgs/lib/librealsense_msgs__rosidl_typesupport_fastrtps_c.so
[1.304s] -- Up-to-date symlink: /home/jason/Desktop/zam_ws/install/realsense_msgs/include/realsense_msgs/msg/detail/imu_info__rosidl_typesupport_fastrtps_cpp.hpp
[1.305s] -- Up-to-date symlink: /home/jason/Desktop/zam_ws/install/realsense_msgs/include/realsense_msgs/msg/rosidl_typesupport_fastrtps_cpp__visibility_control.h
[1.305s] -- Up-to-date symlink: /home/jason/Desktop/zam_ws/install/realsense_msgs/lib/librealsense_msgs__rosidl_typesupport_fastrtps_cpp.so
[1.305s] -- Up-to-date symlink: /home/jason/Desktop/zam_ws/install/realsense_msgs/include/realsense_msgs/msg/detail/imu_info__rosidl_typesupport_introspection_c.h
[1.305s] -- Up-to-date symlink: /home/jason/Desktop/zam_ws/install/realsense_msgs/include/realsense_msgs/msg/rosidl_typesupport_introspection_c__visibility_control.h
[1.305s] -- Up-to-date symlink: /home/jason/Desktop/zam_ws/install/realsense_msgs/include/realsense_msgs/msg/detail/imu_info__builder.hpp
[1.308s] -- Up-to-date symlink: /home/jason/Desktop/zam_ws/install/realsense_msgs/include/realsense_msgs/msg/detail/imu_info__struct.hpp
[1.308s] -- Up-to-date symlink: /home/jason/Desktop/zam_ws/install/realsense_msgs/include/realsense_msgs/msg/detail/imu_info__traits.hpp
[1.308s] -- Up-to-date symlink: /home/jason/Desktop/zam_ws/install/realsense_msgs/include/realsense_msgs/msg/imu_info.hpp
[1.308s] -- Up-to-date symlink: /home/jason/Desktop/zam_ws/install/realsense_msgs/include/realsense_msgs/msg/detail/imu_info__rosidl_typesupport_introspection_cpp.hpp
[1.309s] -- Up-to-date symlink: /home/jason/Desktop/zam_ws/install/realsense_msgs/share/realsense_msgs/environment/pythonpath.sh
[1.309s] -- Up-to-date symlink: /home/jason/Desktop/zam_ws/install/realsense_msgs/share/realsense_msgs/environment/pythonpath.dsv
[1.309s] -- Up-to-date symlink: /home/jason/Desktop/zam_ws/install/realsense_msgs/lib/python3.8/site-packages/realsense_msgs/__init__.py
[1.309s] -- Up-to-date symlink: /home/jason/Desktop/zam_ws/install/realsense_msgs/lib/python3.8/site-packages/realsense_msgs/msg/__init__.py
[1.309s] -- Up-to-date symlink: /home/jason/Desktop/zam_ws/install/realsense_msgs/lib/python3.8/site-packages/realsense_msgs/msg/_imu_info.py
[1.326s] -- Up-to-date symlink: /home/jason/Desktop/zam_ws/install/realsense_msgs/lib/python3.8/site-packages/realsense_msgs/realsense_msgs_s__rosidl_typesupport_fastrtps_c.cpython-38-x86_64-linux-gnu.so
[1.329s] -- Up-to-date symlink: /home/jason/Desktop/zam_ws/install/realsense_msgs/lib/python3.8/site-packages/realsense_msgs/realsense_msgs_s__rosidl_typesupport_introspection_c.cpython-38-x86_64-linux-gnu.so
[1.329s] -- Up-to-date symlink: /home/jason/Desktop/zam_ws/install/realsense_msgs/lib/python3.8/site-packages/realsense_msgs/realsense_msgs_s__rosidl_typesupport_c.cpython-38-x86_64-linux-gnu.so
[1.329s] -- Up-to-date symlink: /home/jason/Desktop/zam_ws/install/realsense_msgs/lib/librealsense_msgs__python.so
[1.330s] -- Up-to-date symlink: /home/jason/Desktop/zam_ws/install/realsense_msgs/share/realsense_msgs/msg/IMUInfo.idl
[1.330s] -- Up-to-date symlink: /home/jason/Desktop/zam_ws/install/realsense_msgs/share/realsense_msgs/msg/IMUInfo.msg
[1.330s] -- Up-to-date symlink: /home/jason/Desktop/zam_ws/install/realsense_msgs/share/ament_index/resource_index/package_run_dependencies/realsense_msgs
[1.330s] -- Up-to-date symlink: /home/jason/Desktop/zam_ws/install/realsense_msgs/share/ament_index/resource_index/parent_prefix_path/realsense_msgs
[1.330s] -- Up-to-date symlink: /home/jason/Desktop/zam_ws/install/realsense_msgs/share/realsense_msgs/environment/ament_prefix_path.sh
[1.330s] -- Up-to-date symlink: /home/jason/Desktop/zam_ws/install/realsense_msgs/share/realsense_msgs/environment/ament_prefix_path.dsv
[1.330s] -- Up-to-date symlink: /home/jason/Desktop/zam_ws/install/realsense_msgs/share/realsense_msgs/environment/path.sh
[1.330s] -- Up-to-date symlink: /home/jason/Desktop/zam_ws/install/realsense_msgs/share/realsense_msgs/environment/path.dsv
[1.331s] -- Up-to-date symlink: /home/jason/Desktop/zam_ws/install/realsense_msgs/share/realsense_msgs/local_setup.bash
[1.331s] -- Up-to-date symlink: /home/jason/Desktop/zam_ws/install/realsense_msgs/share/realsense_msgs/local_setup.sh
[1.331s] -- Up-to-date symlink: /home/jason/Desktop/zam_ws/install/realsense_msgs/share/realsense_msgs/local_setup.zsh
[1.331s] -- Up-to-date symlink: /home/jason/Desktop/zam_ws/install/realsense_msgs/share/realsense_msgs/local_setup.dsv
[1.331s] -- Symlinking: /home/jason/Desktop/zam_ws/install/realsense_msgs/share/realsense_msgs/package.dsv
[1.337s] -- Up-to-date symlink: /home/jason/Desktop/zam_ws/install/realsense_msgs/share/ament_index/resource_index/packages/realsense_msgs
[1.338s] -- Up-to-date symlink: /home/jason/Desktop/zam_ws/install/realsense_msgs/share/realsense_msgs/cmake/rosidl_cmake-extras.cmake
[1.338s] -- Up-to-date symlink: /home/jason/Desktop/zam_ws/install/realsense_msgs/share/realsense_msgs/cmake/ament_cmake_export_dependencies-extras.cmake
[1.338s] -- Up-to-date symlink: /home/jason/Desktop/zam_ws/install/realsense_msgs/share/realsense_msgs/cmake/ament_cmake_export_libraries-extras.cmake
[1.339s] -- Up-to-date symlink: /home/jason/Desktop/zam_ws/install/realsense_msgs/share/realsense_msgs/cmake/ament_cmake_export_targets-extras.cmake
[1.339s] -- Up-to-date symlink: /home/jason/Desktop/zam_ws/install/realsense_msgs/share/realsense_msgs/cmake/ament_cmake_export_include_directories-extras.cmake
[1.339s] -- Up-to-date symlink: /home/jason/Desktop/zam_ws/install/realsense_msgs/share/realsense_msgs/cmake/rosidl_cmake_export_typesupport_libraries-extras.cmake
[1.339s] -- Up-to-date symlink: /home/jason/Desktop/zam_ws/install/realsense_msgs/share/realsense_msgs/cmake/rosidl_cmake_export_typesupport_targets-extras.cmake
[1.340s] -- Up-to-date symlink: /home/jason/Desktop/zam_ws/install/realsense_msgs/share/realsense_msgs/cmake/realsense_msgsConfig.cmake
[1.340s] -- Up-to-date symlink: /home/jason/Desktop/zam_ws/install/realsense_msgs/share/realsense_msgs/cmake/realsense_msgsConfig-version.cmake
[1.340s] -- Up-to-date symlink: /home/jason/Desktop/zam_ws/install/realsense_msgs/share/realsense_msgs/package.xml
[1.341s] -- Up-to-date: /home/jason/Desktop/zam_ws/install/realsense_msgs/lib/librealsense_msgs__rosidl_generator_c.so
[1.341s] -- Up-to-date: /home/jason/Desktop/zam_ws/install/realsense_msgs/lib/librealsense_msgs__rosidl_typesupport_introspection_c.so
[1.342s] -- Up-to-date: /home/jason/Desktop/zam_ws/install/realsense_msgs/lib/librealsense_msgs__rosidl_typesupport_c.so
[1.343s] -- Up-to-date: /home/jason/Desktop/zam_ws/install/realsense_msgs/lib/librealsense_msgs__rosidl_typesupport_introspection_cpp.so
[1.343s] -- Up-to-date: /home/jason/Desktop/zam_ws/install/realsense_msgs/lib/librealsense_msgs__rosidl_typesupport_cpp.so
[1.422s] -- Up-to-date: /home/jason/Desktop/zam_ws/install/realsense_msgs/share/realsense_msgs/cmake/realsense_msgs__rosidl_generator_cExport.cmake
[1.423s] -- Up-to-date: /home/jason/Desktop/zam_ws/install/realsense_msgs/share/realsense_msgs/cmake/realsense_msgs__rosidl_generator_cExport-noconfig.cmake
[1.424s] -- Up-to-date: /home/jason/Desktop/zam_ws/install/realsense_msgs/share/realsense_msgs/cmake/realsense_msgs__rosidl_typesupport_introspection_cExport.cmake
[1.424s] -- Up-to-date: /home/jason/Desktop/zam_ws/install/realsense_msgs/share/realsense_msgs/cmake/realsense_msgs__rosidl_typesupport_introspection_cExport-noconfig.cmake
[1.424s] -- Up-to-date: /home/jason/Desktop/zam_ws/install/realsense_msgs/share/realsense_msgs/cmake/realsense_msgs__rosidl_typesupport_cExport.cmake
[1.425s] -- Up-to-date: /home/jason/Desktop/zam_ws/install/realsense_msgs/share/realsense_msgs/cmake/realsense_msgs__rosidl_typesupport_cExport-noconfig.cmake
[1.425s] -- Up-to-date: /home/jason/Desktop/zam_ws/install/realsense_msgs/share/realsense_msgs/cmake/realsense_msgs__rosidl_generator_cppExport.cmake
[1.425s] -- Up-to-date: /home/jason/Desktop/zam_ws/install/realsense_msgs/share/realsense_msgs/cmake/realsense_msgs__rosidl_typesupport_introspection_cppExport.cmake
[1.425s] -- Up-to-date: /home/jason/Desktop/zam_ws/install/realsense_msgs/share/realsense_msgs/cmake/realsense_msgs__rosidl_typesupport_introspection_cppExport-noconfig.cmake
[1.426s] -- Up-to-date: /home/jason/Desktop/zam_ws/install/realsense_msgs/share/realsense_msgs/cmake/realsense_msgs__rosidl_typesupport_cppExport.cmake
[1.426s] -- Up-to-date: /home/jason/Desktop/zam_ws/install/realsense_msgs/share/realsense_msgs/cmake/realsense_msgs__rosidl_typesupport_cppExport-noconfig.cmake
[1.447s] Invoked command in '/home/jason/Desktop/zam_ws/build/realsense_msgs' returned '0': CMAKE_PREFIX_PATH=/home/jason/Desktop/zam_ws/install/realsense_ros2:/home/jason/Desktop/zam_ws/install/realsense_examples:/home/jason/Desktop/zam_ws/install/realsense_node:/home/jason/Desktop/zam_ws/install/realsense_ros:/home/jason/Desktop/zam_ws/install/realsense_msgs:/home/jason/Desktop/zam_ws/install/keyboard_control:/home/jason/Desktop/zam_ws/install/zam_tools:/opt/ros/foxy:/home/jason/Desktop/zam_ws/install/realsense_gazebo_plugin:/home/jason/Desktop/zam_ws/install/realsense2_description:/home/jason/Desktop/zam_ws/install/realsense2_camera:/home/jason/Desktop/zam_ws/install/realsense2_camera_msgs:/home/jason/Desktop/zam_ws/install/launches:/home/jason/Desktop/zam_ws/install/autocar_nav:/home/jason/Desktop/zam_ws/install/autocar_msgs:/home/jason/Desktop/zam_ws/install/autocar_map:/home/jason/Desktop/zam_ws/install/autocar_gazebo:/home/jason/Desktop/zam_ws/install/autocar_description /usr/bin/cmake --install /home/jason/Desktop/zam_ws/build/realsense_msgs
