[0.039s] Invoking command in '/home/jason/Desktop/zam_ws/build/launches': CMAKE_PREFIX_PATH=${CMAKE_PREFIX_PATH}:/opt/ros/foxy /usr/bin/cmake --build /home/jason/Desktop/zam_ws/build/launches -- -j4 -l4
[0.132s] Invoked command in '/home/jason/Desktop/zam_ws/build/launches' returned '0': CMAKE_PREFIX_PATH=${CMAKE_PREFIX_PATH}:/opt/ros/foxy /usr/bin/cmake --build /home/jason/Desktop/zam_ws/build/launches -- -j4 -l4
[0.238s] Invoking command in '/home/jason/Desktop/zam_ws/build/launches': CMAKE_PREFIX_PATH=${CMAKE_PREFIX_PATH}:/opt/ros/foxy /usr/bin/cmake --install /home/jason/Desktop/zam_ws/build/launches
[0.251s] -- Install configuration: ""
[0.252s] -- Up-to-date: /home/jason/Desktop/zam_ws/install/launches/share/launches/launch
[0.252s] -- Up-to-date: /home/jason/Desktop/zam_ws/install/launches/share/launches/launch/default_launch.py
[0.252s] -- Up-to-date: /home/jason/Desktop/zam_ws/install/launches/share/launches/launch/click_launch.py
[0.253s] -- Installing: /home/jason/Desktop/zam_ws/install/launches/share/launches/launch/launch2.py
[0.253s] -- Up-to-date: /home/jason/Desktop/zam_ws/install/launches/share/ament_index/resource_index/package_run_dependencies/launches
[0.253s] -- Up-to-date: /home/jason/Desktop/zam_ws/install/launches/share/ament_index/resource_index/parent_prefix_path/launches
[0.253s] -- Up-to-date: /home/jason/Desktop/zam_ws/install/launches/share/launches/environment/ament_prefix_path.sh
[0.253s] -- Up-to-date: /home/jason/Desktop/zam_ws/install/launches/share/launches/environment/ament_prefix_path.dsv
[0.253s] -- Up-to-date: /home/jason/Desktop/zam_ws/install/launches/share/launches/environment/path.sh
[0.254s] -- Up-to-date: /home/jason/Desktop/zam_ws/install/launches/share/launches/environment/path.dsv
[0.254s] -- Up-to-date: /home/jason/Desktop/zam_ws/install/launches/share/launches/local_setup.bash
[0.254s] -- Up-to-date: /home/jason/Desktop/zam_ws/install/launches/share/launches/local_setup.sh
[0.254s] -- Up-to-date: /home/jason/Desktop/zam_ws/install/launches/share/launches/local_setup.zsh
[0.254s] -- Up-to-date: /home/jason/Desktop/zam_ws/install/launches/share/launches/local_setup.dsv
[0.254s] -- Up-to-date: /home/jason/Desktop/zam_ws/install/launches/share/launches/package.dsv
[0.254s] -- Up-to-date: /home/jason/Desktop/zam_ws/install/launches/share/ament_index/resource_index/packages/launches
[0.255s] -- Up-to-date: /home/jason/Desktop/zam_ws/install/launches/share/launches/cmake/launchesConfig.cmake
[0.255s] -- Up-to-date: /home/jason/Desktop/zam_ws/install/launches/share/launches/cmake/launchesConfig-version.cmake
[0.260s] -- Up-to-date: /home/jason/Desktop/zam_ws/install/launches/share/launches/package.xml
[0.261s] Invoked command in '/home/jason/Desktop/zam_ws/build/launches' returned '0': CMAKE_PREFIX_PATH=${CMAKE_PREFIX_PATH}:/opt/ros/foxy /usr/bin/cmake --install /home/jason/Desktop/zam_ws/build/launches
