-- Install configuration: ""
-- Execute custom install script
-- Up-to-date symlink: /home/jason/Desktop/zam_ws/install/autocar_description/share/autocar_description//meshes/Boards.stl
-- Up-to-date symlink: /home/jason/Desktop/zam_ws/install/autocar_description/share/autocar_description//meshes/HandRail.stl
-- Up-to-date symlink: /home/jason/Desktop/zam_ws/install/autocar_description/share/autocar_description//meshes/KickPlate.stl
-- Up-to-date symlink: /home/jason/Desktop/zam_ws/install/autocar_description/share/autocar_description//meshes/bl_1.stl
-- Up-to-date symlink: /home/jason/Desktop/zam_ws/install/autocar_description/share/autocar_description//meshes/br_1.stl
-- Up-to-date symlink: /home/jason/Desktop/zam_ws/install/autocar_description/share/autocar_description//meshes/chassis_link.stl
-- Up-to-date symlink: /home/jason/Desktop/zam_ws/install/autocar_description/share/autocar_description//meshes/fl_1.stl
-- Up-to-date symlink: /home/jason/Desktop/zam_ws/install/autocar_description/share/autocar_description//meshes/fr_1.stl
-- Up-to-date symlink: /home/jason/Desktop/zam_ws/install/autocar_description/share/autocar_description//meshes/hokuyo.dae
-- Up-to-date symlink: /home/jason/Desktop/zam_ws/install/autocar_description/share/autocar_description//meshes/lds.dae
-- Up-to-date symlink: /home/jason/Desktop/zam_ws/install/autocar_description/share/autocar_description//meshes/tire.dae
-- Up-to-date symlink: /home/jason/Desktop/zam_ws/install/autocar_description/share/autocar_description//meshes/zamboni2.stl
-- Up-to-date symlink: /home/jason/Desktop/zam_ws/install/autocar_description/share/autocar_description//meshes/zamboni_v2.stl
-- Up-to-date symlink: /home/jason/Desktop/zam_ws/install/autocar_description/share/autocar_description//urdf/autocar.sdf
-- Up-to-date symlink: /home/jason/Desktop/zam_ws/install/autocar_description/share/autocar_description//urdf/autocar.xacro
-- Up-to-date symlink: /home/jason/Desktop/zam_ws/install/autocar_description/share/autocar_description//urdf/temp.xml
-- Up-to-date symlink: /home/jason/Desktop/zam_ws/install/autocar_description/share/autocar_description//urdf/world_zam_model_backup.sdf
-- Up-to-date symlink: /home/jason/Desktop/zam_ws/install/autocar_description/share/autocar_description//urdf/zam.sdf
-- Up-to-date symlink: /home/jason/Desktop/zam_ws/install/autocar_description/share/autocar_description//urdf/zam.urdf
-- Up-to-date symlink: /home/jason/Desktop/zam_ws/install/autocar_description/share/autocar_description//rviz/view.rviz
-- Up-to-date symlink: /home/jason/Desktop/zam_ws/install/autocar_description/share/ament_index/resource_index/package_run_dependencies/autocar_description
-- Up-to-date symlink: /home/jason/Desktop/zam_ws/install/autocar_description/share/ament_index/resource_index/parent_prefix_path/autocar_description
-- Up-to-date symlink: /home/jason/Desktop/zam_ws/install/autocar_description/share/autocar_description/environment/ament_prefix_path.sh
-- Up-to-date symlink: /home/jason/Desktop/zam_ws/install/autocar_description/share/autocar_description/environment/ament_prefix_path.dsv
-- Up-to-date symlink: /home/jason/Desktop/zam_ws/install/autocar_description/share/autocar_description/environment/path.sh
-- Up-to-date symlink: /home/jason/Desktop/zam_ws/install/autocar_description/share/autocar_description/environment/path.dsv
-- Up-to-date symlink: /home/jason/Desktop/zam_ws/install/autocar_description/share/autocar_description/local_setup.bash
-- Up-to-date symlink: /home/jason/Desktop/zam_ws/install/autocar_description/share/autocar_description/local_setup.sh
-- Up-to-date symlink: /home/jason/Desktop/zam_ws/install/autocar_description/share/autocar_description/local_setup.zsh
-- Up-to-date symlink: /home/jason/Desktop/zam_ws/install/autocar_description/share/autocar_description/local_setup.dsv
-- Symlinking: /home/jason/Desktop/zam_ws/install/autocar_description/share/autocar_description/package.dsv
-- Up-to-date symlink: /home/jason/Desktop/zam_ws/install/autocar_description/share/ament_index/resource_index/packages/autocar_description
-- Up-to-date symlink: /home/jason/Desktop/zam_ws/install/autocar_description/share/autocar_description/cmake/autocar_descriptionConfig.cmake
-- Up-to-date symlink: /home/jason/Desktop/zam_ws/install/autocar_description/share/autocar_description/cmake/autocar_descriptionConfig-version.cmake
-- Up-to-date symlink: /home/jason/Desktop/zam_ws/install/autocar_description/share/autocar_description/package.xml
