[0.050s] Invoking command in '/home/jason/Desktop/zam_ws/build/autocar_description': CMAKE_PREFIX_PATH=${CMAKE_PREFIX_PATH}:/home/jason/Desktop/zam_ws/install/zam_tools:/home/jason/Desktop/zam_ws/install/keyboard_control:/opt/ros/foxy /usr/bin/cmake --build /home/jason/Desktop/zam_ws/build/autocar_description -- -j4 -l4
[0.218s] Invoked command in '/home/jason/Desktop/zam_ws/build/autocar_description' returned '0': CMAKE_PREFIX_PATH=${CMAKE_PREFIX_PATH}:/home/jason/Desktop/zam_ws/install/zam_tools:/home/jason/Desktop/zam_ws/install/keyboard_control:/opt/ros/foxy /usr/bin/cmake --build /home/jason/Desktop/zam_ws/build/autocar_description -- -j4 -l4
[0.439s] Invoking command in '/home/jason/Desktop/zam_ws/build/autocar_description': CMAKE_PREFIX_PATH=${CMAKE_PREFIX_PATH}:/home/jason/Desktop/zam_ws/install/zam_tools:/home/jason/Desktop/zam_ws/install/keyboard_control:/opt/ros/foxy /usr/bin/cmake --install /home/jason/Desktop/zam_ws/build/autocar_description
[0.460s] -- Install configuration: ""
[0.460s] -- Execute custom install script
[0.461s] -- Up-to-date symlink: /home/jason/Desktop/zam_ws/install/autocar_description/share/autocar_description//meshes/Boards.stl
[0.462s] -- Up-to-date symlink: /home/jason/Desktop/zam_ws/install/autocar_description/share/autocar_description//meshes/HandRail.stl
[0.462s] -- Up-to-date symlink: /home/jason/Desktop/zam_ws/install/autocar_description/share/autocar_description//meshes/KickPlate.stl
[0.462s] -- Up-to-date symlink: /home/jason/Desktop/zam_ws/install/autocar_description/share/autocar_description//meshes/bl_1.stl
[0.463s] -- Up-to-date symlink: /home/jason/Desktop/zam_ws/install/autocar_description/share/autocar_description//meshes/br_1.stl
[0.463s] -- Up-to-date symlink: /home/jason/Desktop/zam_ws/install/autocar_description/share/autocar_description//meshes/chassis_link.stl
[0.463s] -- Up-to-date symlink: /home/jason/Desktop/zam_ws/install/autocar_description/share/autocar_description//meshes/fl_1.stl
[0.464s] -- Up-to-date symlink: /home/jason/Desktop/zam_ws/install/autocar_description/share/autocar_description//meshes/fr_1.stl
[0.464s] -- Up-to-date symlink: /home/jason/Desktop/zam_ws/install/autocar_description/share/autocar_description//meshes/hokuyo.dae
[0.465s] -- Up-to-date symlink: /home/jason/Desktop/zam_ws/install/autocar_description/share/autocar_description//meshes/lds.dae
[0.465s] -- Up-to-date symlink: /home/jason/Desktop/zam_ws/install/autocar_description/share/autocar_description//meshes/tire.dae
[0.465s] -- Up-to-date symlink: /home/jason/Desktop/zam_ws/install/autocar_description/share/autocar_description//meshes/zamboni2.stl
[0.465s] -- Up-to-date symlink: /home/jason/Desktop/zam_ws/install/autocar_description/share/autocar_description//meshes/zamboni_v2.stl
[0.466s] -- Up-to-date symlink: /home/jason/Desktop/zam_ws/install/autocar_description/share/autocar_description//urdf/autocar.sdf
[0.469s] -- Up-to-date symlink: /home/jason/Desktop/zam_ws/install/autocar_description/share/autocar_description//urdf/autocar.xacro
[0.480s] -- Up-to-date symlink: /home/jason/Desktop/zam_ws/install/autocar_description/share/autocar_description//urdf/temp.xml
[0.481s] -- Up-to-date symlink: /home/jason/Desktop/zam_ws/install/autocar_description/share/autocar_description//urdf/world_zam_model_backup.sdf
[0.481s] -- Up-to-date symlink: /home/jason/Desktop/zam_ws/install/autocar_description/share/autocar_description//urdf/zam.sdf
[0.481s] -- Up-to-date symlink: /home/jason/Desktop/zam_ws/install/autocar_description/share/autocar_description//urdf/zam.urdf
[0.481s] -- Up-to-date symlink: /home/jason/Desktop/zam_ws/install/autocar_description/share/autocar_description//rviz/view.rviz
[0.481s] -- Up-to-date symlink: /home/jason/Desktop/zam_ws/install/autocar_description/share/ament_index/resource_index/package_run_dependencies/autocar_description
[0.481s] -- Up-to-date symlink: /home/jason/Desktop/zam_ws/install/autocar_description/share/ament_index/resource_index/parent_prefix_path/autocar_description
[0.481s] -- Up-to-date symlink: /home/jason/Desktop/zam_ws/install/autocar_description/share/autocar_description/environment/ament_prefix_path.sh
[0.481s] -- Up-to-date symlink: /home/jason/Desktop/zam_ws/install/autocar_description/share/autocar_description/environment/ament_prefix_path.dsv
[0.482s] -- Up-to-date symlink: /home/jason/Desktop/zam_ws/install/autocar_description/share/autocar_description/environment/path.sh
[0.482s] -- Up-to-date symlink: /home/jason/Desktop/zam_ws/install/autocar_description/share/autocar_description/environment/path.dsv
[0.482s] -- Up-to-date symlink: /home/jason/Desktop/zam_ws/install/autocar_description/share/autocar_description/local_setup.bash
[0.482s] -- Up-to-date symlink: /home/jason/Desktop/zam_ws/install/autocar_description/share/autocar_description/local_setup.sh
[0.482s] -- Up-to-date symlink: /home/jason/Desktop/zam_ws/install/autocar_description/share/autocar_description/local_setup.zsh
[0.482s] -- Up-to-date symlink: /home/jason/Desktop/zam_ws/install/autocar_description/share/autocar_description/local_setup.dsv
[0.482s] -- Symlinking: /home/jason/Desktop/zam_ws/install/autocar_description/share/autocar_description/package.dsv
[0.498s] -- Up-to-date symlink: /home/jason/Desktop/zam_ws/install/autocar_description/share/ament_index/resource_index/packages/autocar_description
[0.499s] -- Up-to-date symlink: /home/jason/Desktop/zam_ws/install/autocar_description/share/autocar_description/cmake/autocar_descriptionConfig.cmake
[0.499s] -- Up-to-date symlink: /home/jason/Desktop/zam_ws/install/autocar_description/share/autocar_description/cmake/autocar_descriptionConfig-version.cmake
[0.499s] -- Up-to-date symlink: /home/jason/Desktop/zam_ws/install/autocar_description/share/autocar_description/package.xml
[0.511s] Invoked command in '/home/jason/Desktop/zam_ws/build/autocar_description' returned '0': CMAKE_PREFIX_PATH=${CMAKE_PREFIX_PATH}:/home/jason/Desktop/zam_ws/install/zam_tools:/home/jason/Desktop/zam_ws/install/keyboard_control:/opt/ros/foxy /usr/bin/cmake --install /home/jason/Desktop/zam_ws/build/autocar_description
