-- Install configuration: ""
-- Up-to-date: /home/jason/Desktop/zam_ws/install/autocar_gazebo/share/autocar_gazebo/worlds
-- Up-to-date: /home/jason/Desktop/zam_ws/install/autocar_gazebo/share/autocar_gazebo/worlds/autocar_city.world
-- Up-to-date: /home/jason/Desktop/zam_ws/install/autocar_gazebo/share/autocar_gazebo/worlds/autocar.world
-- Up-to-date: /home/jason/Desktop/zam_ws/install/autocar_gazebo/share/autocar_gazebo/worlds/empty.world
-- Up-to-date: /home/jason/Desktop/zam_ws/install/autocar_gazebo/share/autocar_gazebo/worlds/road.world
-- Up-to-date: /home/jason/Desktop/zam_ws/install/autocar_gazebo/share/autocar_gazebo/worlds/autocar_spawn.world
-- Up-to-date: /home/jason/Desktop/zam_ws/install/autocar_gazebo/share/autocar_gazebo/worlds/populated_road.world
-- Up-to-date: /home/jason/.gazebo/models/autocar
-- Up-to-date: /home/jason/.gazebo/models/autocar/model.sdf
-- Up-to-date: /home/jason/.gazebo/models/autocar/meshes
-- Up-to-date: /home/jason/.gazebo/models/autocar/meshes/fl_1.stl
-- Up-to-date: /home/jason/.gazebo/models/autocar/meshes/hokuyo.dae
-- Up-to-date: /home/jason/.gazebo/models/autocar/meshes/fr_1.stl
-- Up-to-date: /home/jason/.gazebo/models/autocar/meshes/lds.dae
-- Up-to-date: /home/jason/.gazebo/models/autocar/meshes/tire.dae
-- Up-to-date: /home/jason/.gazebo/models/autocar/meshes/bl_1.stl
-- Up-to-date: /home/jason/.gazebo/models/autocar/meshes/spoiler.stl
-- Up-to-date: /home/jason/.gazebo/models/autocar/meshes/br_1.stl
-- Up-to-date: /home/jason/.gazebo/models/autocar/meshes/burger_base.dae
-- Up-to-date: /home/jason/.gazebo/models/autocar/meshes/chassis_link.stl
-- Up-to-date: /home/jason/.gazebo/models/autocar/model.config
-- Up-to-date: /home/jason/Desktop/zam_ws/install/autocar_gazebo/share/ament_index/resource_index/package_run_dependencies/autocar_gazebo
-- Up-to-date: /home/jason/Desktop/zam_ws/install/autocar_gazebo/share/ament_index/resource_index/parent_prefix_path/autocar_gazebo
-- Up-to-date: /home/jason/Desktop/zam_ws/install/autocar_gazebo/share/autocar_gazebo/environment/ament_prefix_path.sh
-- Up-to-date: /home/jason/Desktop/zam_ws/install/autocar_gazebo/share/autocar_gazebo/environment/ament_prefix_path.dsv
-- Up-to-date: /home/jason/Desktop/zam_ws/install/autocar_gazebo/share/autocar_gazebo/environment/path.sh
-- Up-to-date: /home/jason/Desktop/zam_ws/install/autocar_gazebo/share/autocar_gazebo/environment/path.dsv
-- Up-to-date: /home/jason/Desktop/zam_ws/install/autocar_gazebo/share/autocar_gazebo/local_setup.bash
-- Up-to-date: /home/jason/Desktop/zam_ws/install/autocar_gazebo/share/autocar_gazebo/local_setup.sh
-- Up-to-date: /home/jason/Desktop/zam_ws/install/autocar_gazebo/share/autocar_gazebo/local_setup.zsh
-- Up-to-date: /home/jason/Desktop/zam_ws/install/autocar_gazebo/share/autocar_gazebo/local_setup.dsv
-- Up-to-date: /home/jason/Desktop/zam_ws/install/autocar_gazebo/share/autocar_gazebo/package.dsv
-- Up-to-date: /home/jason/Desktop/zam_ws/install/autocar_gazebo/share/ament_index/resource_index/packages/autocar_gazebo
-- Up-to-date: /home/jason/Desktop/zam_ws/install/autocar_gazebo/share/autocar_gazebo/cmake/autocar_gazeboConfig.cmake
-- Up-to-date: /home/jason/Desktop/zam_ws/install/autocar_gazebo/share/autocar_gazebo/cmake/autocar_gazeboConfig-version.cmake
-- Up-to-date: /home/jason/Desktop/zam_ws/install/autocar_gazebo/share/autocar_gazebo/package.xml
