[0.161s] DEBUG:colcon:Command line arguments: ['/usr/bin/colcon', 'build', '--symlink-install']
[0.161s] DEBUG:colcon:Parsed command line arguments: Namespace(allow_overriding=[], ament_cmake_args=None, base_paths=['.'], build_base='build', catkin_cmake_args=None, catkin_skip_building_tests=False, cmake_args=None, cmake_clean_cache=False, cmake_clean_first=False, cmake_force_configure=False, cmake_target=None, cmake_target_skip_unavailable=False, continue_on_error=False, event_handlers=None, executor='parallel', ignore_user_meta=False, install_base='install', log_base=None, log_level=None, main=<bound method BuildVerb.main of <colcon_core.verb.build.BuildVerb object at 0x7f51d1b107c0>>, merge_install=False, metas=['./colcon.meta'], packages_above=None, packages_above_and_dependencies=None, packages_above_depth=None, packages_end=None, packages_ignore=None, packages_ignore_regex=None, packages_select=None, packages_select_build_failed=False, packages_select_by_dep=None, packages_select_regex=None, packages_select_test_failures=False, packages_skip=None, packages_skip_build_finished=False, packages_skip_by_dep=None, packages_skip_regex=None, packages_skip_test_passed=False, packages_skip_up_to=None, packages_start=None, packages_up_to=None, packages_up_to_regex=None, parallel_workers=4, paths=None, symlink_install=True, test_result_base=None, verb_extension=<colcon_core.verb.build.BuildVerb object at 0x7f51d1b107c0>, verb_name='build', verb_parser=<colcon_defaults.argument_parser.defaults.DefaultArgumentsDecorator object at 0x7f51d1a9b4c0>)
[0.189s] Level 1:colcon.colcon_core.package_discovery:discover_packages(colcon_meta) check parameters
[0.189s] Level 1:colcon.colcon_core.package_discovery:discover_packages(recursive) check parameters
[0.189s] Level 1:colcon.colcon_core.package_discovery:discover_packages(ignore) check parameters
[0.189s] Level 1:colcon.colcon_core.package_discovery:discover_packages(path) check parameters
[0.189s] Level 1:colcon.colcon_core.package_discovery:discover_packages(colcon_meta) discover
[0.189s] Level 1:colcon.colcon_core.package_discovery:discover_packages(recursive) discover
[0.189s] INFO:colcon.colcon_core.package_discovery:Crawling recursively for packages in '/home/jason/Desktop/zam_ws'
[0.189s] Level 1:colcon.colcon_core.package_identification:_identify(.) by extensions ['ignore', 'ignore_ament_install']
[0.189s] Level 1:colcon.colcon_core.package_identification:_identify(.) by extension 'ignore'
[0.189s] Level 1:colcon.colcon_core.package_identification:_identify(.) by extension 'ignore_ament_install'
[0.189s] Level 1:colcon.colcon_core.package_identification:_identify(.) by extensions ['colcon_pkg']
[0.189s] Level 1:colcon.colcon_core.package_identification:_identify(.) by extension 'colcon_pkg'
[0.190s] Level 1:colcon.colcon_core.package_identification:_identify(.) by extensions ['colcon_meta']
[0.190s] Level 1:colcon.colcon_core.package_identification:_identify(.) by extension 'colcon_meta'
[0.190s] Level 1:colcon.colcon_core.package_identification:_identify(.) by extensions ['ros']
[0.190s] Level 1:colcon.colcon_core.package_identification:_identify(.) by extension 'ros'
[0.201s] Level 1:colcon.colcon_core.package_identification:_identify(.) by extensions ['cmake', 'python']
[0.202s] Level 1:colcon.colcon_core.package_identification:_identify(.) by extension 'cmake'
[0.202s] Level 1:colcon.colcon_core.package_identification:_identify(.) by extension 'python'
[0.202s] Level 1:colcon.colcon_core.package_identification:_identify(.) by extensions ['python_setup_py']
[0.202s] Level 1:colcon.colcon_core.package_identification:_identify(.) by extension 'python_setup_py'
[0.202s] Level 1:colcon.colcon_core.package_identification:_identify(build) by extensions ['ignore', 'ignore_ament_install']
[0.202s] Level 1:colcon.colcon_core.package_identification:_identify(build) by extension 'ignore'
[0.202s] Level 1:colcon.colcon_core.package_identification:_identify(build) ignored
[0.202s] Level 1:colcon.colcon_core.package_identification:_identify(install) by extensions ['ignore', 'ignore_ament_install']
[0.202s] Level 1:colcon.colcon_core.package_identification:_identify(install) by extension 'ignore'
[0.203s] Level 1:colcon.colcon_core.package_identification:_identify(install) ignored
[0.203s] Level 1:colcon.colcon_core.package_identification:_identify(log) by extensions ['ignore', 'ignore_ament_install']
[0.203s] Level 1:colcon.colcon_core.package_identification:_identify(log) by extension 'ignore'
[0.203s] Level 1:colcon.colcon_core.package_identification:_identify(log) ignored
[0.203s] Level 1:colcon.colcon_core.package_identification:_identify(src) by extensions ['ignore', 'ignore_ament_install']
[0.203s] Level 1:colcon.colcon_core.package_identification:_identify(src) by extension 'ignore'
[0.203s] Level 1:colcon.colcon_core.package_identification:_identify(src) by extension 'ignore_ament_install'
[0.203s] Level 1:colcon.colcon_core.package_identification:_identify(src) by extensions ['colcon_pkg']
[0.203s] Level 1:colcon.colcon_core.package_identification:_identify(src) by extension 'colcon_pkg'
[0.203s] Level 1:colcon.colcon_core.package_identification:_identify(src) by extensions ['colcon_meta']
[0.203s] Level 1:colcon.colcon_core.package_identification:_identify(src) by extension 'colcon_meta'
[0.203s] Level 1:colcon.colcon_core.package_identification:_identify(src) by extensions ['ros']
[0.203s] Level 1:colcon.colcon_core.package_identification:_identify(src) by extension 'ros'
[0.203s] Level 1:colcon.colcon_core.package_identification:_identify(src) by extensions ['cmake', 'python']
[0.204s] Level 1:colcon.colcon_core.package_identification:_identify(src) by extension 'cmake'
[0.204s] Level 1:colcon.colcon_core.package_identification:_identify(src) by extension 'python'
[0.204s] Level 1:colcon.colcon_core.package_identification:_identify(src) by extensions ['python_setup_py']
[0.204s] Level 1:colcon.colcon_core.package_identification:_identify(src) by extension 'python_setup_py'
[0.204s] Level 1:colcon.colcon_core.package_identification:_identify(src/AutoCarROS2) by extensions ['ignore', 'ignore_ament_install']
[0.204s] Level 1:colcon.colcon_core.package_identification:_identify(src/AutoCarROS2) by extension 'ignore'
[0.204s] Level 1:colcon.colcon_core.package_identification:_identify(src/AutoCarROS2) by extension 'ignore_ament_install'
[0.204s] Level 1:colcon.colcon_core.package_identification:_identify(src/AutoCarROS2) by extensions ['colcon_pkg']
[0.204s] Level 1:colcon.colcon_core.package_identification:_identify(src/AutoCarROS2) by extension 'colcon_pkg'
[0.204s] Level 1:colcon.colcon_core.package_identification:_identify(src/AutoCarROS2) by extensions ['colcon_meta']
[0.204s] Level 1:colcon.colcon_core.package_identification:_identify(src/AutoCarROS2) by extension 'colcon_meta'
[0.204s] Level 1:colcon.colcon_core.package_identification:_identify(src/AutoCarROS2) by extensions ['ros']
[0.204s] Level 1:colcon.colcon_core.package_identification:_identify(src/AutoCarROS2) by extension 'ros'
[0.204s] Level 1:colcon.colcon_core.package_identification:_identify(src/AutoCarROS2) by extensions ['cmake', 'python']
[0.204s] Level 1:colcon.colcon_core.package_identification:_identify(src/AutoCarROS2) by extension 'cmake'
[0.204s] Level 1:colcon.colcon_core.package_identification:_identify(src/AutoCarROS2) by extension 'python'
[0.204s] Level 1:colcon.colcon_core.package_identification:_identify(src/AutoCarROS2) by extensions ['python_setup_py']
[0.204s] Level 1:colcon.colcon_core.package_identification:_identify(src/AutoCarROS2) by extension 'python_setup_py'
[0.204s] Level 1:colcon.colcon_core.package_identification:_identify(src/AutoCarROS2/autocar_description) by extensions ['ignore', 'ignore_ament_install']
[0.205s] Level 1:colcon.colcon_core.package_identification:_identify(src/AutoCarROS2/autocar_description) by extension 'ignore'
[0.205s] Level 1:colcon.colcon_core.package_identification:_identify(src/AutoCarROS2/autocar_description) by extension 'ignore_ament_install'
[0.205s] Level 1:colcon.colcon_core.package_identification:_identify(src/AutoCarROS2/autocar_description) by extensions ['colcon_pkg']
[0.205s] Level 1:colcon.colcon_core.package_identification:_identify(src/AutoCarROS2/autocar_description) by extension 'colcon_pkg'
[0.205s] Level 1:colcon.colcon_core.package_identification:_identify(src/AutoCarROS2/autocar_description) by extensions ['colcon_meta']
[0.205s] Level 1:colcon.colcon_core.package_identification:_identify(src/AutoCarROS2/autocar_description) by extension 'colcon_meta'
[0.205s] Level 1:colcon.colcon_core.package_identification:_identify(src/AutoCarROS2/autocar_description) by extensions ['ros']
[0.205s] Level 1:colcon.colcon_core.package_identification:_identify(src/AutoCarROS2/autocar_description) by extension 'ros'
[0.217s] DEBUG:colcon.colcon_core.package_identification:Package 'src/AutoCarROS2/autocar_description' with type 'ros.ament_cmake' and name 'autocar_description'
[0.217s] Level 1:colcon.colcon_core.package_identification:_identify(src/AutoCarROS2/autocar_gazebo) by extensions ['ignore', 'ignore_ament_install']
[0.218s] Level 1:colcon.colcon_core.package_identification:_identify(src/AutoCarROS2/autocar_gazebo) by extension 'ignore'
[0.218s] Level 1:colcon.colcon_core.package_identification:_identify(src/AutoCarROS2/autocar_gazebo) by extension 'ignore_ament_install'
[0.218s] Level 1:colcon.colcon_core.package_identification:_identify(src/AutoCarROS2/autocar_gazebo) by extensions ['colcon_pkg']
[0.218s] Level 1:colcon.colcon_core.package_identification:_identify(src/AutoCarROS2/autocar_gazebo) by extension 'colcon_pkg'
[0.218s] Level 1:colcon.colcon_core.package_identification:_identify(src/AutoCarROS2/autocar_gazebo) by extensions ['colcon_meta']
[0.218s] Level 1:colcon.colcon_core.package_identification:_identify(src/AutoCarROS2/autocar_gazebo) by extension 'colcon_meta'
[0.218s] Level 1:colcon.colcon_core.package_identification:_identify(src/AutoCarROS2/autocar_gazebo) by extensions ['ros']
[0.218s] Level 1:colcon.colcon_core.package_identification:_identify(src/AutoCarROS2/autocar_gazebo) by extension 'ros'
[0.219s] DEBUG:colcon.colcon_core.package_identification:Package 'src/AutoCarROS2/autocar_gazebo' with type 'ros.ament_cmake' and name 'autocar_gazebo'
[0.220s] Level 1:colcon.colcon_core.package_identification:_identify(src/AutoCarROS2/autocar_map) by extensions ['ignore', 'ignore_ament_install']
[0.220s] Level 1:colcon.colcon_core.package_identification:_identify(src/AutoCarROS2/autocar_map) by extension 'ignore'
[0.220s] Level 1:colcon.colcon_core.package_identification:_identify(src/AutoCarROS2/autocar_map) by extension 'ignore_ament_install'
[0.220s] Level 1:colcon.colcon_core.package_identification:_identify(src/AutoCarROS2/autocar_map) by extensions ['colcon_pkg']
[0.220s] Level 1:colcon.colcon_core.package_identification:_identify(src/AutoCarROS2/autocar_map) by extension 'colcon_pkg'
[0.220s] Level 1:colcon.colcon_core.package_identification:_identify(src/AutoCarROS2/autocar_map) by extensions ['colcon_meta']
[0.220s] Level 1:colcon.colcon_core.package_identification:_identify(src/AutoCarROS2/autocar_map) by extension 'colcon_meta'
[0.220s] Level 1:colcon.colcon_core.package_identification:_identify(src/AutoCarROS2/autocar_map) by extensions ['ros']
[0.220s] Level 1:colcon.colcon_core.package_identification:_identify(src/AutoCarROS2/autocar_map) by extension 'ros'
[0.221s] DEBUG:colcon.colcon_core.package_identification:Package 'src/AutoCarROS2/autocar_map' with type 'ros.ament_cmake' and name 'autocar_map'
[0.221s] Level 1:colcon.colcon_core.package_identification:_identify(src/AutoCarROS2/autocar_msgs) by extensions ['ignore', 'ignore_ament_install']
[0.221s] Level 1:colcon.colcon_core.package_identification:_identify(src/AutoCarROS2/autocar_msgs) by extension 'ignore'
[0.221s] Level 1:colcon.colcon_core.package_identification:_identify(src/AutoCarROS2/autocar_msgs) by extension 'ignore_ament_install'
[0.221s] Level 1:colcon.colcon_core.package_identification:_identify(src/AutoCarROS2/autocar_msgs) by extensions ['colcon_pkg']
[0.221s] Level 1:colcon.colcon_core.package_identification:_identify(src/AutoCarROS2/autocar_msgs) by extension 'colcon_pkg'
[0.221s] Level 1:colcon.colcon_core.package_identification:_identify(src/AutoCarROS2/autocar_msgs) by extensions ['colcon_meta']
[0.221s] Level 1:colcon.colcon_core.package_identification:_identify(src/AutoCarROS2/autocar_msgs) by extension 'colcon_meta'
[0.221s] Level 1:colcon.colcon_core.package_identification:_identify(src/AutoCarROS2/autocar_msgs) by extensions ['ros']
[0.221s] Level 1:colcon.colcon_core.package_identification:_identify(src/AutoCarROS2/autocar_msgs) by extension 'ros'
[0.222s] DEBUG:colcon.colcon_core.package_identification:Package 'src/AutoCarROS2/autocar_msgs' with type 'ros.ament_cmake' and name 'autocar_msgs'
[0.222s] Level 1:colcon.colcon_core.package_identification:_identify(src/AutoCarROS2/autocar_nav) by extensions ['ignore', 'ignore_ament_install']
[0.222s] Level 1:colcon.colcon_core.package_identification:_identify(src/AutoCarROS2/autocar_nav) by extension 'ignore'
[0.222s] Level 1:colcon.colcon_core.package_identification:_identify(src/AutoCarROS2/autocar_nav) by extension 'ignore_ament_install'
[0.222s] Level 1:colcon.colcon_core.package_identification:_identify(src/AutoCarROS2/autocar_nav) by extensions ['colcon_pkg']
[0.222s] Level 1:colcon.colcon_core.package_identification:_identify(src/AutoCarROS2/autocar_nav) by extension 'colcon_pkg'
[0.222s] Level 1:colcon.colcon_core.package_identification:_identify(src/AutoCarROS2/autocar_nav) by extensions ['colcon_meta']
[0.222s] Level 1:colcon.colcon_core.package_identification:_identify(src/AutoCarROS2/autocar_nav) by extension 'colcon_meta'
[0.222s] Level 1:colcon.colcon_core.package_identification:_identify(src/AutoCarROS2/autocar_nav) by extensions ['ros']
[0.222s] Level 1:colcon.colcon_core.package_identification:_identify(src/AutoCarROS2/autocar_nav) by extension 'ros'
[0.223s] DEBUG:colcon.colcon_core.package_identification:Package 'src/AutoCarROS2/autocar_nav' with type 'ros.ament_cmake' and name 'autocar_nav'
[0.223s] Level 1:colcon.colcon_core.package_identification:_identify(src/AutoCarROS2/launches) by extensions ['ignore', 'ignore_ament_install']
[0.223s] Level 1:colcon.colcon_core.package_identification:_identify(src/AutoCarROS2/launches) by extension 'ignore'
[0.223s] Level 1:colcon.colcon_core.package_identification:_identify(src/AutoCarROS2/launches) by extension 'ignore_ament_install'
[0.223s] Level 1:colcon.colcon_core.package_identification:_identify(src/AutoCarROS2/launches) by extensions ['colcon_pkg']
[0.223s] Level 1:colcon.colcon_core.package_identification:_identify(src/AutoCarROS2/launches) by extension 'colcon_pkg'
[0.223s] Level 1:colcon.colcon_core.package_identification:_identify(src/AutoCarROS2/launches) by extensions ['colcon_meta']
[0.223s] Level 1:colcon.colcon_core.package_identification:_identify(src/AutoCarROS2/launches) by extension 'colcon_meta'
[0.224s] Level 1:colcon.colcon_core.package_identification:_identify(src/AutoCarROS2/launches) by extensions ['ros']
[0.224s] Level 1:colcon.colcon_core.package_identification:_identify(src/AutoCarROS2/launches) by extension 'ros'
[0.224s] DEBUG:colcon.colcon_core.package_identification:Package 'src/AutoCarROS2/launches' with type 'ros.ament_cmake' and name 'launches'
[0.224s] Level 1:colcon.colcon_core.package_identification:_identify(src/AutoCarROS2/resources) by extensions ['ignore', 'ignore_ament_install']
[0.224s] Level 1:colcon.colcon_core.package_identification:_identify(src/AutoCarROS2/resources) by extension 'ignore'
[0.224s] Level 1:colcon.colcon_core.package_identification:_identify(src/AutoCarROS2/resources) by extension 'ignore_ament_install'
[0.224s] Level 1:colcon.colcon_core.package_identification:_identify(src/AutoCarROS2/resources) by extensions ['colcon_pkg']
[0.224s] Level 1:colcon.colcon_core.package_identification:_identify(src/AutoCarROS2/resources) by extension 'colcon_pkg'
[0.224s] Level 1:colcon.colcon_core.package_identification:_identify(src/AutoCarROS2/resources) by extensions ['colcon_meta']
[0.224s] Level 1:colcon.colcon_core.package_identification:_identify(src/AutoCarROS2/resources) by extension 'colcon_meta'
[0.224s] Level 1:colcon.colcon_core.package_identification:_identify(src/AutoCarROS2/resources) by extensions ['ros']
[0.224s] Level 1:colcon.colcon_core.package_identification:_identify(src/AutoCarROS2/resources) by extension 'ros'
[0.224s] Level 1:colcon.colcon_core.package_identification:_identify(src/AutoCarROS2/resources) by extensions ['cmake', 'python']
[0.224s] Level 1:colcon.colcon_core.package_identification:_identify(src/AutoCarROS2/resources) by extension 'cmake'
[0.224s] Level 1:colcon.colcon_core.package_identification:_identify(src/AutoCarROS2/resources) by extension 'python'
[0.225s] Level 1:colcon.colcon_core.package_identification:_identify(src/AutoCarROS2/resources) by extensions ['python_setup_py']
[0.225s] Level 1:colcon.colcon_core.package_identification:_identify(src/AutoCarROS2/resources) by extension 'python_setup_py'
[0.225s] Level 1:colcon.colcon_core.package_identification:_identify(src/keyboard_control) by extensions ['ignore', 'ignore_ament_install']
[0.225s] Level 1:colcon.colcon_core.package_identification:_identify(src/keyboard_control) by extension 'ignore'
[0.225s] Level 1:colcon.colcon_core.package_identification:_identify(src/keyboard_control) by extension 'ignore_ament_install'
[0.225s] Level 1:colcon.colcon_core.package_identification:_identify(src/keyboard_control) by extensions ['colcon_pkg']
[0.225s] Level 1:colcon.colcon_core.package_identification:_identify(src/keyboard_control) by extension 'colcon_pkg'
[0.225s] Level 1:colcon.colcon_core.package_identification:_identify(src/keyboard_control) by extensions ['colcon_meta']
[0.225s] Level 1:colcon.colcon_core.package_identification:_identify(src/keyboard_control) by extension 'colcon_meta'
[0.225s] Level 1:colcon.colcon_core.package_identification:_identify(src/keyboard_control) by extensions ['ros']
[0.225s] Level 1:colcon.colcon_core.package_identification:_identify(src/keyboard_control) by extension 'ros'
[0.225s] DEBUG:colcon.colcon_core.package_identification:Package 'src/keyboard_control' with type 'ros.ament_python' and name 'keyboard_control'
[0.225s] Level 1:colcon.colcon_core.package_identification:_identify(src/realsense-ros) by extensions ['ignore', 'ignore_ament_install']
[0.226s] Level 1:colcon.colcon_core.package_identification:_identify(src/realsense-ros) by extension 'ignore'
[0.226s] Level 1:colcon.colcon_core.package_identification:_identify(src/realsense-ros) by extension 'ignore_ament_install'
[0.226s] Level 1:colcon.colcon_core.package_identification:_identify(src/realsense-ros) by extensions ['colcon_pkg']
[0.226s] Level 1:colcon.colcon_core.package_identification:_identify(src/realsense-ros) by extension 'colcon_pkg'
[0.226s] Level 1:colcon.colcon_core.package_identification:_identify(src/realsense-ros) by extensions ['colcon_meta']
[0.226s] Level 1:colcon.colcon_core.package_identification:_identify(src/realsense-ros) by extension 'colcon_meta'
[0.226s] Level 1:colcon.colcon_core.package_identification:_identify(src/realsense-ros) by extensions ['ros']
[0.226s] Level 1:colcon.colcon_core.package_identification:_identify(src/realsense-ros) by extension 'ros'
[0.226s] Level 1:colcon.colcon_core.package_identification:_identify(src/realsense-ros) by extensions ['cmake', 'python']
[0.226s] Level 1:colcon.colcon_core.package_identification:_identify(src/realsense-ros) by extension 'cmake'
[0.226s] Level 1:colcon.colcon_core.package_identification:_identify(src/realsense-ros) by extension 'python'
[0.226s] Level 1:colcon.colcon_core.package_identification:_identify(src/realsense-ros) by extensions ['python_setup_py']
[0.226s] Level 1:colcon.colcon_core.package_identification:_identify(src/realsense-ros) by extension 'python_setup_py'
[0.226s] Level 1:colcon.colcon_core.package_identification:_identify(src/realsense-ros/realsense2_camera) by extensions ['ignore', 'ignore_ament_install']
[0.226s] Level 1:colcon.colcon_core.package_identification:_identify(src/realsense-ros/realsense2_camera) by extension 'ignore'
[0.226s] Level 1:colcon.colcon_core.package_identification:_identify(src/realsense-ros/realsense2_camera) by extension 'ignore_ament_install'
[0.226s] Level 1:colcon.colcon_core.package_identification:_identify(src/realsense-ros/realsense2_camera) by extensions ['colcon_pkg']
[0.226s] Level 1:colcon.colcon_core.package_identification:_identify(src/realsense-ros/realsense2_camera) by extension 'colcon_pkg'
[0.226s] Level 1:colcon.colcon_core.package_identification:_identify(src/realsense-ros/realsense2_camera) by extensions ['colcon_meta']
[0.226s] Level 1:colcon.colcon_core.package_identification:_identify(src/realsense-ros/realsense2_camera) by extension 'colcon_meta'
[0.227s] Level 1:colcon.colcon_core.package_identification:_identify(src/realsense-ros/realsense2_camera) by extensions ['ros']
[0.227s] Level 1:colcon.colcon_core.package_identification:_identify(src/realsense-ros/realsense2_camera) by extension 'ros'
[0.228s] DEBUG:colcon.colcon_core.package_identification:Package 'src/realsense-ros/realsense2_camera' with type 'ros.ament_cmake' and name 'realsense2_camera'
[0.228s] Level 1:colcon.colcon_core.package_identification:_identify(src/realsense-ros/realsense2_camera_msgs) by extensions ['ignore', 'ignore_ament_install']
[0.229s] Level 1:colcon.colcon_core.package_identification:_identify(src/realsense-ros/realsense2_camera_msgs) by extension 'ignore'
[0.229s] Level 1:colcon.colcon_core.package_identification:_identify(src/realsense-ros/realsense2_camera_msgs) by extension 'ignore_ament_install'
[0.229s] Level 1:colcon.colcon_core.package_identification:_identify(src/realsense-ros/realsense2_camera_msgs) by extensions ['colcon_pkg']
[0.229s] Level 1:colcon.colcon_core.package_identification:_identify(src/realsense-ros/realsense2_camera_msgs) by extension 'colcon_pkg'
[0.229s] Level 1:colcon.colcon_core.package_identification:_identify(src/realsense-ros/realsense2_camera_msgs) by extensions ['colcon_meta']
[0.229s] Level 1:colcon.colcon_core.package_identification:_identify(src/realsense-ros/realsense2_camera_msgs) by extension 'colcon_meta'
[0.229s] Level 1:colcon.colcon_core.package_identification:_identify(src/realsense-ros/realsense2_camera_msgs) by extensions ['ros']
[0.229s] Level 1:colcon.colcon_core.package_identification:_identify(src/realsense-ros/realsense2_camera_msgs) by extension 'ros'
[0.230s] DEBUG:colcon.colcon_core.package_identification:Package 'src/realsense-ros/realsense2_camera_msgs' with type 'ros.ament_cmake' and name 'realsense2_camera_msgs'
[0.230s] Level 1:colcon.colcon_core.package_identification:_identify(src/realsense-ros/realsense2_description) by extensions ['ignore', 'ignore_ament_install']
[0.230s] Level 1:colcon.colcon_core.package_identification:_identify(src/realsense-ros/realsense2_description) by extension 'ignore'
[0.230s] Level 1:colcon.colcon_core.package_identification:_identify(src/realsense-ros/realsense2_description) by extension 'ignore_ament_install'
[0.230s] Level 1:colcon.colcon_core.package_identification:_identify(src/realsense-ros/realsense2_description) by extensions ['colcon_pkg']
[0.230s] Level 1:colcon.colcon_core.package_identification:_identify(src/realsense-ros/realsense2_description) by extension 'colcon_pkg'
[0.230s] Level 1:colcon.colcon_core.package_identification:_identify(src/realsense-ros/realsense2_description) by extensions ['colcon_meta']
[0.230s] Level 1:colcon.colcon_core.package_identification:_identify(src/realsense-ros/realsense2_description) by extension 'colcon_meta'
[0.230s] Level 1:colcon.colcon_core.package_identification:_identify(src/realsense-ros/realsense2_description) by extensions ['ros']
[0.230s] Level 1:colcon.colcon_core.package_identification:_identify(src/realsense-ros/realsense2_description) by extension 'ros'
[0.231s] DEBUG:colcon.colcon_core.package_identification:Package 'src/realsense-ros/realsense2_description' with type 'ros.ament_cmake' and name 'realsense2_description'
[0.231s] Level 1:colcon.colcon_core.package_identification:_identify(src/realsense-ros/scripts) by extensions ['ignore', 'ignore_ament_install']
[0.231s] Level 1:colcon.colcon_core.package_identification:_identify(src/realsense-ros/scripts) by extension 'ignore'
[0.231s] Level 1:colcon.colcon_core.package_identification:_identify(src/realsense-ros/scripts) by extension 'ignore_ament_install'
[0.231s] Level 1:colcon.colcon_core.package_identification:_identify(src/realsense-ros/scripts) by extensions ['colcon_pkg']
[0.231s] Level 1:colcon.colcon_core.package_identification:_identify(src/realsense-ros/scripts) by extension 'colcon_pkg'
[0.231s] Level 1:colcon.colcon_core.package_identification:_identify(src/realsense-ros/scripts) by extensions ['colcon_meta']
[0.232s] Level 1:colcon.colcon_core.package_identification:_identify(src/realsense-ros/scripts) by extension 'colcon_meta'
[0.232s] Level 1:colcon.colcon_core.package_identification:_identify(src/realsense-ros/scripts) by extensions ['ros']
[0.232s] Level 1:colcon.colcon_core.package_identification:_identify(src/realsense-ros/scripts) by extension 'ros'
[0.232s] Level 1:colcon.colcon_core.package_identification:_identify(src/realsense-ros/scripts) by extensions ['cmake', 'python']
[0.232s] Level 1:colcon.colcon_core.package_identification:_identify(src/realsense-ros/scripts) by extension 'cmake'
[0.232s] Level 1:colcon.colcon_core.package_identification:_identify(src/realsense-ros/scripts) by extension 'python'
[0.232s] Level 1:colcon.colcon_core.package_identification:_identify(src/realsense-ros/scripts) by extensions ['python_setup_py']
[0.232s] Level 1:colcon.colcon_core.package_identification:_identify(src/realsense-ros/scripts) by extension 'python_setup_py'
[0.232s] Level 1:colcon.colcon_core.package_discovery:discover_packages(recursive) using defaults
[0.232s] Level 1:colcon.colcon_core.package_discovery:discover_packages(ignore) discover
[0.232s] Level 1:colcon.colcon_core.package_discovery:discover_packages(ignore) using defaults
[0.232s] Level 1:colcon.colcon_core.package_discovery:discover_packages(path) discover
[0.232s] Level 1:colcon.colcon_core.package_discovery:discover_packages(path) using defaults
[0.257s] Level 1:colcon.colcon_core.package_discovery:discover_packages(prefix_path) check parameters
[0.257s] Level 1:colcon.colcon_core.package_discovery:discover_packages(prefix_path) discover
[0.260s] DEBUG:colcon.colcon_installed_package_information.package_discovery:Found 11 installed packages in /home/jason/Desktop/zam_ws/install
[0.263s] DEBUG:colcon.colcon_installed_package_information.package_discovery:Found 341 installed packages in /opt/ros/foxy
[0.266s] Level 1:colcon.colcon_core.package_discovery:discover_packages(prefix_path) using defaults
[0.348s] Level 5:colcon.colcon_core.verb:set package 'autocar_description' build argument 'cmake_args' from command line to 'None'
[0.348s] Level 5:colcon.colcon_core.verb:set package 'autocar_description' build argument 'cmake_target' from command line to 'None'
[0.348s] Level 5:colcon.colcon_core.verb:set package 'autocar_description' build argument 'cmake_target_skip_unavailable' from command line to 'False'
[0.348s] Level 5:colcon.colcon_core.verb:set package 'autocar_description' build argument 'cmake_clean_cache' from command line to 'False'
[0.348s] Level 5:colcon.colcon_core.verb:set package 'autocar_description' build argument 'cmake_clean_first' from command line to 'False'
[0.348s] Level 5:colcon.colcon_core.verb:set package 'autocar_description' build argument 'cmake_force_configure' from command line to 'False'
[0.348s] Level 5:colcon.colcon_core.verb:set package 'autocar_description' build argument 'ament_cmake_args' from command line to 'None'
[0.348s] Level 5:colcon.colcon_core.verb:set package 'autocar_description' build argument 'catkin_cmake_args' from command line to 'None'
[0.348s] Level 5:colcon.colcon_core.verb:set package 'autocar_description' build argument 'catkin_skip_building_tests' from command line to 'False'
[0.348s] DEBUG:colcon.colcon_core.verb:Building package 'autocar_description' with the following arguments: {'ament_cmake_args': None, 'build_base': '/home/jason/Desktop/zam_ws/build/autocar_description', 'catkin_cmake_args': None, 'catkin_skip_building_tests': False, 'cmake_args': None, 'cmake_clean_cache': False, 'cmake_clean_first': False, 'cmake_force_configure': False, 'cmake_target': None, 'cmake_target_skip_unavailable': False, 'install_base': '/home/jason/Desktop/zam_ws/install/autocar_description', 'merge_install': False, 'path': '/home/jason/Desktop/zam_ws/src/AutoCarROS2/autocar_description', 'symlink_install': True, 'test_result_base': None}
[0.349s] Level 5:colcon.colcon_core.verb:set package 'autocar_gazebo' build argument 'cmake_args' from command line to 'None'
[0.349s] Level 5:colcon.colcon_core.verb:set package 'autocar_gazebo' build argument 'cmake_target' from command line to 'None'
[0.349s] Level 5:colcon.colcon_core.verb:set package 'autocar_gazebo' build argument 'cmake_target_skip_unavailable' from command line to 'False'
[0.349s] Level 5:colcon.colcon_core.verb:set package 'autocar_gazebo' build argument 'cmake_clean_cache' from command line to 'False'
[0.349s] Level 5:colcon.colcon_core.verb:set package 'autocar_gazebo' build argument 'cmake_clean_first' from command line to 'False'
[0.349s] Level 5:colcon.colcon_core.verb:set package 'autocar_gazebo' build argument 'cmake_force_configure' from command line to 'False'
[0.349s] Level 5:colcon.colcon_core.verb:set package 'autocar_gazebo' build argument 'ament_cmake_args' from command line to 'None'
[0.349s] Level 5:colcon.colcon_core.verb:set package 'autocar_gazebo' build argument 'catkin_cmake_args' from command line to 'None'
[0.349s] Level 5:colcon.colcon_core.verb:set package 'autocar_gazebo' build argument 'catkin_skip_building_tests' from command line to 'False'
[0.349s] DEBUG:colcon.colcon_core.verb:Building package 'autocar_gazebo' with the following arguments: {'ament_cmake_args': None, 'build_base': '/home/jason/Desktop/zam_ws/build/autocar_gazebo', 'catkin_cmake_args': None, 'catkin_skip_building_tests': False, 'cmake_args': None, 'cmake_clean_cache': False, 'cmake_clean_first': False, 'cmake_force_configure': False, 'cmake_target': None, 'cmake_target_skip_unavailable': False, 'install_base': '/home/jason/Desktop/zam_ws/install/autocar_gazebo', 'merge_install': False, 'path': '/home/jason/Desktop/zam_ws/src/AutoCarROS2/autocar_gazebo', 'symlink_install': True, 'test_result_base': None}
[0.350s] Level 5:colcon.colcon_core.verb:set package 'autocar_map' build argument 'cmake_args' from command line to 'None'
[0.350s] Level 5:colcon.colcon_core.verb:set package 'autocar_map' build argument 'cmake_target' from command line to 'None'
[0.350s] Level 5:colcon.colcon_core.verb:set package 'autocar_map' build argument 'cmake_target_skip_unavailable' from command line to 'False'
[0.350s] Level 5:colcon.colcon_core.verb:set package 'autocar_map' build argument 'cmake_clean_cache' from command line to 'False'
[0.350s] Level 5:colcon.colcon_core.verb:set package 'autocar_map' build argument 'cmake_clean_first' from command line to 'False'
[0.350s] Level 5:colcon.colcon_core.verb:set package 'autocar_map' build argument 'cmake_force_configure' from command line to 'False'
[0.350s] Level 5:colcon.colcon_core.verb:set package 'autocar_map' build argument 'ament_cmake_args' from command line to 'None'
[0.350s] Level 5:colcon.colcon_core.verb:set package 'autocar_map' build argument 'catkin_cmake_args' from command line to 'None'
[0.350s] Level 5:colcon.colcon_core.verb:set package 'autocar_map' build argument 'catkin_skip_building_tests' from command line to 'False'
[0.350s] DEBUG:colcon.colcon_core.verb:Building package 'autocar_map' with the following arguments: {'ament_cmake_args': None, 'build_base': '/home/jason/Desktop/zam_ws/build/autocar_map', 'catkin_cmake_args': None, 'catkin_skip_building_tests': False, 'cmake_args': None, 'cmake_clean_cache': False, 'cmake_clean_first': False, 'cmake_force_configure': False, 'cmake_target': None, 'cmake_target_skip_unavailable': False, 'install_base': '/home/jason/Desktop/zam_ws/install/autocar_map', 'merge_install': False, 'path': '/home/jason/Desktop/zam_ws/src/AutoCarROS2/autocar_map', 'symlink_install': True, 'test_result_base': None}
[0.351s] Level 5:colcon.colcon_core.verb:set package 'autocar_msgs' build argument 'cmake_args' from command line to 'None'
[0.351s] Level 5:colcon.colcon_core.verb:set package 'autocar_msgs' build argument 'cmake_target' from command line to 'None'
[0.351s] Level 5:colcon.colcon_core.verb:set package 'autocar_msgs' build argument 'cmake_target_skip_unavailable' from command line to 'False'
[0.351s] Level 5:colcon.colcon_core.verb:set package 'autocar_msgs' build argument 'cmake_clean_cache' from command line to 'False'
[0.352s] Level 5:colcon.colcon_core.verb:set package 'autocar_msgs' build argument 'cmake_clean_first' from command line to 'False'
[0.352s] Level 5:colcon.colcon_core.verb:set package 'autocar_msgs' build argument 'cmake_force_configure' from command line to 'False'
[0.352s] Level 5:colcon.colcon_core.verb:set package 'autocar_msgs' build argument 'ament_cmake_args' from command line to 'None'
[0.352s] Level 5:colcon.colcon_core.verb:set package 'autocar_msgs' build argument 'catkin_cmake_args' from command line to 'None'
[0.352s] Level 5:colcon.colcon_core.verb:set package 'autocar_msgs' build argument 'catkin_skip_building_tests' from command line to 'False'
[0.352s] DEBUG:colcon.colcon_core.verb:Building package 'autocar_msgs' with the following arguments: {'ament_cmake_args': None, 'build_base': '/home/jason/Desktop/zam_ws/build/autocar_msgs', 'catkin_cmake_args': None, 'catkin_skip_building_tests': False, 'cmake_args': None, 'cmake_clean_cache': False, 'cmake_clean_first': False, 'cmake_force_configure': False, 'cmake_target': None, 'cmake_target_skip_unavailable': False, 'install_base': '/home/jason/Desktop/zam_ws/install/autocar_msgs', 'merge_install': False, 'path': '/home/jason/Desktop/zam_ws/src/AutoCarROS2/autocar_msgs', 'symlink_install': True, 'test_result_base': None}
[0.353s] Level 5:colcon.colcon_core.verb:set package 'keyboard_control' build argument 'cmake_args' from command line to 'None'
[0.353s] Level 5:colcon.colcon_core.verb:set package 'keyboard_control' build argument 'cmake_target' from command line to 'None'
[0.353s] Level 5:colcon.colcon_core.verb:set package 'keyboard_control' build argument 'cmake_target_skip_unavailable' from command line to 'False'
[0.353s] Level 5:colcon.colcon_core.verb:set package 'keyboard_control' build argument 'cmake_clean_cache' from command line to 'False'
[0.353s] Level 5:colcon.colcon_core.verb:set package 'keyboard_control' build argument 'cmake_clean_first' from command line to 'False'
[0.353s] Level 5:colcon.colcon_core.verb:set package 'keyboard_control' build argument 'cmake_force_configure' from command line to 'False'
[0.353s] Level 5:colcon.colcon_core.verb:set package 'keyboard_control' build argument 'ament_cmake_args' from command line to 'None'
[0.353s] Level 5:colcon.colcon_core.verb:set package 'keyboard_control' build argument 'catkin_cmake_args' from command line to 'None'
[0.353s] Level 5:colcon.colcon_core.verb:set package 'keyboard_control' build argument 'catkin_skip_building_tests' from command line to 'False'
[0.353s] DEBUG:colcon.colcon_core.verb:Building package 'keyboard_control' with the following arguments: {'ament_cmake_args': None, 'build_base': '/home/jason/Desktop/zam_ws/build/keyboard_control', 'catkin_cmake_args': None, 'catkin_skip_building_tests': False, 'cmake_args': None, 'cmake_clean_cache': False, 'cmake_clean_first': False, 'cmake_force_configure': False, 'cmake_target': None, 'cmake_target_skip_unavailable': False, 'install_base': '/home/jason/Desktop/zam_ws/install/keyboard_control', 'merge_install': False, 'path': '/home/jason/Desktop/zam_ws/src/keyboard_control', 'symlink_install': True, 'test_result_base': None}
[0.354s] Level 5:colcon.colcon_core.verb:set package 'launches' build argument 'cmake_args' from command line to 'None'
[0.354s] Level 5:colcon.colcon_core.verb:set package 'launches' build argument 'cmake_target' from command line to 'None'
[0.354s] Level 5:colcon.colcon_core.verb:set package 'launches' build argument 'cmake_target_skip_unavailable' from command line to 'False'
[0.354s] Level 5:colcon.colcon_core.verb:set package 'launches' build argument 'cmake_clean_cache' from command line to 'False'
[0.354s] Level 5:colcon.colcon_core.verb:set package 'launches' build argument 'cmake_clean_first' from command line to 'False'
[0.354s] Level 5:colcon.colcon_core.verb:set package 'launches' build argument 'cmake_force_configure' from command line to 'False'
[0.354s] Level 5:colcon.colcon_core.verb:set package 'launches' build argument 'ament_cmake_args' from command line to 'None'
[0.354s] Level 5:colcon.colcon_core.verb:set package 'launches' build argument 'catkin_cmake_args' from command line to 'None'
[0.354s] Level 5:colcon.colcon_core.verb:set package 'launches' build argument 'catkin_skip_building_tests' from command line to 'False'
[0.354s] DEBUG:colcon.colcon_core.verb:Building package 'launches' with the following arguments: {'ament_cmake_args': None, 'build_base': '/home/jason/Desktop/zam_ws/build/launches', 'catkin_cmake_args': None, 'catkin_skip_building_tests': False, 'cmake_args': None, 'cmake_clean_cache': False, 'cmake_clean_first': False, 'cmake_force_configure': False, 'cmake_target': None, 'cmake_target_skip_unavailable': False, 'install_base': '/home/jason/Desktop/zam_ws/install/launches', 'merge_install': False, 'path': '/home/jason/Desktop/zam_ws/src/AutoCarROS2/launches', 'symlink_install': True, 'test_result_base': None}
[0.355s] Level 5:colcon.colcon_core.verb:set package 'realsense2_camera_msgs' build argument 'cmake_args' from command line to 'None'
[0.355s] Level 5:colcon.colcon_core.verb:set package 'realsense2_camera_msgs' build argument 'cmake_target' from command line to 'None'
[0.355s] Level 5:colcon.colcon_core.verb:set package 'realsense2_camera_msgs' build argument 'cmake_target_skip_unavailable' from command line to 'False'
[0.356s] Level 5:colcon.colcon_core.verb:set package 'realsense2_camera_msgs' build argument 'cmake_clean_cache' from command line to 'False'
[0.356s] Level 5:colcon.colcon_core.verb:set package 'realsense2_camera_msgs' build argument 'cmake_clean_first' from command line to 'False'
[0.356s] Level 5:colcon.colcon_core.verb:set package 'realsense2_camera_msgs' build argument 'cmake_force_configure' from command line to 'False'
[0.356s] Level 5:colcon.colcon_core.verb:set package 'realsense2_camera_msgs' build argument 'ament_cmake_args' from command line to 'None'
[0.356s] Level 5:colcon.colcon_core.verb:set package 'realsense2_camera_msgs' build argument 'catkin_cmake_args' from command line to 'None'
[0.356s] Level 5:colcon.colcon_core.verb:set package 'realsense2_camera_msgs' build argument 'catkin_skip_building_tests' from command line to 'False'
[0.356s] DEBUG:colcon.colcon_core.verb:Building package 'realsense2_camera_msgs' with the following arguments: {'ament_cmake_args': None, 'build_base': '/home/jason/Desktop/zam_ws/build/realsense2_camera_msgs', 'catkin_cmake_args': None, 'catkin_skip_building_tests': False, 'cmake_args': None, 'cmake_clean_cache': False, 'cmake_clean_first': False, 'cmake_force_configure': False, 'cmake_target': None, 'cmake_target_skip_unavailable': False, 'install_base': '/home/jason/Desktop/zam_ws/install/realsense2_camera_msgs', 'merge_install': False, 'path': '/home/jason/Desktop/zam_ws/src/realsense-ros/realsense2_camera_msgs', 'symlink_install': True, 'test_result_base': None}
[0.357s] Level 5:colcon.colcon_core.verb:set package 'autocar_nav' build argument 'cmake_args' from command line to 'None'
[0.357s] Level 5:colcon.colcon_core.verb:set package 'autocar_nav' build argument 'cmake_target' from command line to 'None'
[0.357s] Level 5:colcon.colcon_core.verb:set package 'autocar_nav' build argument 'cmake_target_skip_unavailable' from command line to 'False'
[0.357s] Level 5:colcon.colcon_core.verb:set package 'autocar_nav' build argument 'cmake_clean_cache' from command line to 'False'
[0.357s] Level 5:colcon.colcon_core.verb:set package 'autocar_nav' build argument 'cmake_clean_first' from command line to 'False'
[0.357s] Level 5:colcon.colcon_core.verb:set package 'autocar_nav' build argument 'cmake_force_configure' from command line to 'False'
[0.357s] Level 5:colcon.colcon_core.verb:set package 'autocar_nav' build argument 'ament_cmake_args' from command line to 'None'
[0.357s] Level 5:colcon.colcon_core.verb:set package 'autocar_nav' build argument 'catkin_cmake_args' from command line to 'None'
[0.357s] Level 5:colcon.colcon_core.verb:set package 'autocar_nav' build argument 'catkin_skip_building_tests' from command line to 'False'
[0.357s] DEBUG:colcon.colcon_core.verb:Building package 'autocar_nav' with the following arguments: {'ament_cmake_args': None, 'build_base': '/home/jason/Desktop/zam_ws/build/autocar_nav', 'catkin_cmake_args': None, 'catkin_skip_building_tests': False, 'cmake_args': None, 'cmake_clean_cache': False, 'cmake_clean_first': False, 'cmake_force_configure': False, 'cmake_target': None, 'cmake_target_skip_unavailable': False, 'install_base': '/home/jason/Desktop/zam_ws/install/autocar_nav', 'merge_install': False, 'path': '/home/jason/Desktop/zam_ws/src/AutoCarROS2/autocar_nav', 'symlink_install': True, 'test_result_base': None}
[0.358s] Level 5:colcon.colcon_core.verb:set package 'realsense2_camera' build argument 'cmake_args' from command line to 'None'
[0.358s] Level 5:colcon.colcon_core.verb:set package 'realsense2_camera' build argument 'cmake_target' from command line to 'None'
[0.358s] Level 5:colcon.colcon_core.verb:set package 'realsense2_camera' build argument 'cmake_target_skip_unavailable' from command line to 'False'
[0.358s] Level 5:colcon.colcon_core.verb:set package 'realsense2_camera' build argument 'cmake_clean_cache' from command line to 'False'
[0.358s] Level 5:colcon.colcon_core.verb:set package 'realsense2_camera' build argument 'cmake_clean_first' from command line to 'False'
[0.358s] Level 5:colcon.colcon_core.verb:set package 'realsense2_camera' build argument 'cmake_force_configure' from command line to 'False'
[0.358s] Level 5:colcon.colcon_core.verb:set package 'realsense2_camera' build argument 'ament_cmake_args' from command line to 'None'
[0.358s] Level 5:colcon.colcon_core.verb:set package 'realsense2_camera' build argument 'catkin_cmake_args' from command line to 'None'
[0.358s] Level 5:colcon.colcon_core.verb:set package 'realsense2_camera' build argument 'catkin_skip_building_tests' from command line to 'False'
[0.358s] DEBUG:colcon.colcon_core.verb:Building package 'realsense2_camera' with the following arguments: {'ament_cmake_args': None, 'build_base': '/home/jason/Desktop/zam_ws/build/realsense2_camera', 'catkin_cmake_args': None, 'catkin_skip_building_tests': False, 'cmake_args': None, 'cmake_clean_cache': False, 'cmake_clean_first': False, 'cmake_force_configure': False, 'cmake_target': None, 'cmake_target_skip_unavailable': False, 'install_base': '/home/jason/Desktop/zam_ws/install/realsense2_camera', 'merge_install': False, 'path': '/home/jason/Desktop/zam_ws/src/realsense-ros/realsense2_camera', 'symlink_install': True, 'test_result_base': None}
[0.359s] Level 5:colcon.colcon_core.verb:set package 'realsense2_description' build argument 'cmake_args' from command line to 'None'
[0.359s] Level 5:colcon.colcon_core.verb:set package 'realsense2_description' build argument 'cmake_target' from command line to 'None'
[0.359s] Level 5:colcon.colcon_core.verb:set package 'realsense2_description' build argument 'cmake_target_skip_unavailable' from command line to 'False'
[0.359s] Level 5:colcon.colcon_core.verb:set package 'realsense2_description' build argument 'cmake_clean_cache' from command line to 'False'
[0.359s] Level 5:colcon.colcon_core.verb:set package 'realsense2_description' build argument 'cmake_clean_first' from command line to 'False'
[0.359s] Level 5:colcon.colcon_core.verb:set package 'realsense2_description' build argument 'cmake_force_configure' from command line to 'False'
[0.359s] Level 5:colcon.colcon_core.verb:set package 'realsense2_description' build argument 'ament_cmake_args' from command line to 'None'
[0.359s] Level 5:colcon.colcon_core.verb:set package 'realsense2_description' build argument 'catkin_cmake_args' from command line to 'None'
[0.359s] Level 5:colcon.colcon_core.verb:set package 'realsense2_description' build argument 'catkin_skip_building_tests' from command line to 'False'
[0.359s] DEBUG:colcon.colcon_core.verb:Building package 'realsense2_description' with the following arguments: {'ament_cmake_args': None, 'build_base': '/home/jason/Desktop/zam_ws/build/realsense2_description', 'catkin_cmake_args': None, 'catkin_skip_building_tests': False, 'cmake_args': None, 'cmake_clean_cache': False, 'cmake_clean_first': False, 'cmake_force_configure': False, 'cmake_target': None, 'cmake_target_skip_unavailable': False, 'install_base': '/home/jason/Desktop/zam_ws/install/realsense2_description', 'merge_install': False, 'path': '/home/jason/Desktop/zam_ws/src/realsense-ros/realsense2_description', 'symlink_install': True, 'test_result_base': None}
[0.360s] INFO:colcon.colcon_core.executor:Executing jobs using 'parallel' executor
[0.364s] DEBUG:colcon.colcon_parallel_executor.executor.parallel:run_until_complete
[0.364s] INFO:colcon.colcon_ros.task.ament_cmake.build:Building ROS package in '/home/jason/Desktop/zam_ws/src/realsense-ros/realsense2_camera_msgs' with build type 'ament_cmake'
[0.364s] INFO:colcon.colcon_cmake.task.cmake.build:Building CMake package in '/home/jason/Desktop/zam_ws/src/realsense-ros/realsense2_camera_msgs'
[0.372s] INFO:colcon.colcon_core.plugin_system:Skipping extension 'colcon_core.shell.bat': Not used on non-Windows systems
[0.372s] INFO:colcon.colcon_core.shell:Skip shell extension 'powershell' for command environment: Not usable outside of PowerShell
[0.372s] DEBUG:colcon.colcon_core.shell:Skip shell extension 'dsv' for command environment
[0.378s] INFO:colcon.colcon_ros.task.ament_cmake.build:Building ROS package in '/home/jason/Desktop/zam_ws/src/AutoCarROS2/autocar_msgs' with build type 'ament_cmake'
[0.379s] INFO:colcon.colcon_cmake.task.cmake.build:Building CMake package in '/home/jason/Desktop/zam_ws/src/AutoCarROS2/autocar_msgs'
[0.381s] INFO:colcon.colcon_core.shell:Skip shell extension 'powershell' for command environment: Not usable outside of PowerShell
[0.381s] DEBUG:colcon.colcon_core.shell:Skip shell extension 'dsv' for command environment
[0.388s] INFO:colcon.colcon_ros.task.ament_cmake.build:Building ROS package in '/home/jason/Desktop/zam_ws/src/AutoCarROS2/autocar_description' with build type 'ament_cmake'
[0.388s] INFO:colcon.colcon_cmake.task.cmake.build:Building CMake package in '/home/jason/Desktop/zam_ws/src/AutoCarROS2/autocar_description'
[0.390s] INFO:colcon.colcon_core.shell:Skip shell extension 'powershell' for command environment: Not usable outside of PowerShell
[0.391s] DEBUG:colcon.colcon_core.shell:Skip shell extension 'dsv' for command environment
[0.406s] INFO:colcon.colcon_ros.task.ament_cmake.build:Building ROS package in '/home/jason/Desktop/zam_ws/src/AutoCarROS2/autocar_gazebo' with build type 'ament_cmake'
[0.406s] INFO:colcon.colcon_cmake.task.cmake.build:Building CMake package in '/home/jason/Desktop/zam_ws/src/AutoCarROS2/autocar_gazebo'
[0.408s] INFO:colcon.colcon_core.shell:Skip shell extension 'powershell' for command environment: Not usable outside of PowerShell
[0.408s] DEBUG:colcon.colcon_core.shell:Skip shell extension 'dsv' for command environment
[0.423s] DEBUG:colcon.colcon_core.event_handler.log_command:Invoking command in '/home/jason/Desktop/zam_ws/build/realsense2_camera_msgs': CMAKE_PREFIX_PATH=${CMAKE_PREFIX_PATH}:/home/jason/Desktop/zam_ws/install/zam_tools:/home/jason/Desktop/zam_ws/install/keyboard_control:/opt/ros/foxy /usr/bin/cmake --build /home/jason/Desktop/zam_ws/build/realsense2_camera_msgs -- -j4 -l4
[0.437s] DEBUG:colcon.colcon_core.event_handler.log_command:Invoking command in '/home/jason/Desktop/zam_ws/build/autocar_msgs': CMAKE_PREFIX_PATH=${CMAKE_PREFIX_PATH}:/home/jason/Desktop/zam_ws/install/zam_tools:/home/jason/Desktop/zam_ws/install/keyboard_control:/opt/ros/foxy /usr/bin/cmake --build /home/jason/Desktop/zam_ws/build/autocar_msgs -- -j4 -l4
[0.446s] DEBUG:colcon.colcon_core.event_handler.log_command:Invoking command in '/home/jason/Desktop/zam_ws/build/autocar_description': CMAKE_PREFIX_PATH=${CMAKE_PREFIX_PATH}:/home/jason/Desktop/zam_ws/install/zam_tools:/home/jason/Desktop/zam_ws/install/keyboard_control:/opt/ros/foxy /usr/bin/cmake --build /home/jason/Desktop/zam_ws/build/autocar_description -- -j4 -l4
[0.469s] DEBUG:colcon.colcon_core.event_handler.log_command:Invoking command in '/home/jason/Desktop/zam_ws/build/autocar_gazebo': CMAKE_PREFIX_PATH=${CMAKE_PREFIX_PATH}:/home/jason/Desktop/zam_ws/install/zam_tools:/home/jason/Desktop/zam_ws/install/keyboard_control:/opt/ros/foxy /usr/bin/cmake --build /home/jason/Desktop/zam_ws/build/autocar_gazebo -- -j4 -l4
[0.570s] DEBUG:colcon.colcon_core.event_handler.log_command:Invoked command in '/home/jason/Desktop/zam_ws/build/autocar_description' returned '0': CMAKE_PREFIX_PATH=${CMAKE_PREFIX_PATH}:/home/jason/Desktop/zam_ws/install/zam_tools:/home/jason/Desktop/zam_ws/install/keyboard_control:/opt/ros/foxy /usr/bin/cmake --build /home/jason/Desktop/zam_ws/build/autocar_description -- -j4 -l4
[0.651s] DEBUG:colcon.colcon_core.event_handler.log_command:Invoked command in '/home/jason/Desktop/zam_ws/build/autocar_gazebo' returned '0': CMAKE_PREFIX_PATH=${CMAKE_PREFIX_PATH}:/home/jason/Desktop/zam_ws/install/zam_tools:/home/jason/Desktop/zam_ws/install/keyboard_control:/opt/ros/foxy /usr/bin/cmake --build /home/jason/Desktop/zam_ws/build/autocar_gazebo -- -j4 -l4
[0.792s] DEBUG:colcon.colcon_core.event_handler.log_command:Invoking command in '/home/jason/Desktop/zam_ws/build/autocar_description': CMAKE_PREFIX_PATH=${CMAKE_PREFIX_PATH}:/home/jason/Desktop/zam_ws/install/zam_tools:/home/jason/Desktop/zam_ws/install/keyboard_control:/opt/ros/foxy /usr/bin/cmake --install /home/jason/Desktop/zam_ws/build/autocar_description
[0.850s] DEBUG:colcon.colcon_core.event_handler.log_command:Invoking command in '/home/jason/Desktop/zam_ws/build/autocar_gazebo': CMAKE_PREFIX_PATH=${CMAKE_PREFIX_PATH}:/home/jason/Desktop/zam_ws/install/zam_tools:/home/jason/Desktop/zam_ws/install/keyboard_control:/opt/ros/foxy /usr/bin/cmake --install /home/jason/Desktop/zam_ws/build/autocar_gazebo
[0.858s] Level 1:colcon.colcon_core.environment:create_environment_scripts_only(autocar_description)
[0.861s] DEBUG:colcon.colcon_core.event_handler.log_command:Invoked command in '/home/jason/Desktop/zam_ws/build/autocar_description' returned '0': CMAKE_PREFIX_PATH=${CMAKE_PREFIX_PATH}:/home/jason/Desktop/zam_ws/install/zam_tools:/home/jason/Desktop/zam_ws/install/keyboard_control:/opt/ros/foxy /usr/bin/cmake --install /home/jason/Desktop/zam_ws/build/autocar_description
[0.874s] Level 1:colcon.colcon_core.environment:checking '/home/jason/Desktop/zam_ws/install/autocar_description' for CMake module files
[0.877s] Level 1:colcon.colcon_core.environment:checking '/home/jason/Desktop/zam_ws/install/autocar_description' for CMake config files
[0.879s] Level 1:colcon.colcon_core.shell:create_environment_hook('autocar_description', 'cmake_prefix_path')
[0.882s] INFO:colcon.colcon_core.shell:Creating environment hook '/home/jason/Desktop/zam_ws/install/autocar_description/share/autocar_description/hook/cmake_prefix_path.ps1'
[0.885s] INFO:colcon.colcon_core.shell:Creating environment descriptor '/home/jason/Desktop/zam_ws/install/autocar_description/share/autocar_description/hook/cmake_prefix_path.dsv'
[0.886s] INFO:colcon.colcon_core.shell:Creating environment hook '/home/jason/Desktop/zam_ws/install/autocar_description/share/autocar_description/hook/cmake_prefix_path.sh'
[0.888s] Level 1:colcon.colcon_core.environment:checking '/home/jason/Desktop/zam_ws/install/autocar_description/bin'
[0.888s] Level 1:colcon.colcon_core.environment:checking '/home/jason/Desktop/zam_ws/install/autocar_description/lib/pkgconfig/autocar_description.pc'
[0.889s] Level 1:colcon.colcon_core.environment:checking '/home/jason/Desktop/zam_ws/install/autocar_description/lib/python3.8/site-packages'
[0.889s] Level 1:colcon.colcon_core.environment:checking '/home/jason/Desktop/zam_ws/install/autocar_description/bin'
[0.892s] INFO:colcon.colcon_core.shell:Creating package script '/home/jason/Desktop/zam_ws/install/autocar_description/share/autocar_description/package.ps1'
[0.893s] INFO:colcon.colcon_core.shell:Creating package descriptor '/home/jason/Desktop/zam_ws/install/autocar_description/share/autocar_description/package.dsv'
[0.896s] INFO:colcon.colcon_core.shell:Creating package script '/home/jason/Desktop/zam_ws/install/autocar_description/share/autocar_description/package.sh'
[0.897s] INFO:colcon.colcon_core.shell:Creating package script '/home/jason/Desktop/zam_ws/install/autocar_description/share/autocar_description/package.bash'
[0.899s] INFO:colcon.colcon_core.shell:Creating package script '/home/jason/Desktop/zam_ws/install/autocar_description/share/autocar_description/package.zsh'
[0.900s] Level 1:colcon.colcon_core.environment:create_file_with_runtime_dependencies(/home/jason/Desktop/zam_ws/install/autocar_description/share/colcon-core/packages/autocar_description)
[0.929s] Level 1:colcon.colcon_core.environment:create_environment_scripts_only(autocar_gazebo)
[0.934s] Level 1:colcon.colcon_core.environment:checking '/home/jason/Desktop/zam_ws/install/autocar_gazebo' for CMake module files
[0.934s] DEBUG:colcon.colcon_core.event_handler.log_command:Invoked command in '/home/jason/Desktop/zam_ws/build/autocar_gazebo' returned '0': CMAKE_PREFIX_PATH=${CMAKE_PREFIX_PATH}:/home/jason/Desktop/zam_ws/install/zam_tools:/home/jason/Desktop/zam_ws/install/keyboard_control:/opt/ros/foxy /usr/bin/cmake --install /home/jason/Desktop/zam_ws/build/autocar_gazebo
[0.936s] Level 1:colcon.colcon_core.environment:checking '/home/jason/Desktop/zam_ws/install/autocar_gazebo' for CMake config files
[0.937s] Level 1:colcon.colcon_core.shell:create_environment_hook('autocar_gazebo', 'cmake_prefix_path')
[0.939s] INFO:colcon.colcon_core.shell:Creating environment hook '/home/jason/Desktop/zam_ws/install/autocar_gazebo/share/autocar_gazebo/hook/cmake_prefix_path.ps1'
[0.941s] INFO:colcon.colcon_core.shell:Creating environment descriptor '/home/jason/Desktop/zam_ws/install/autocar_gazebo/share/autocar_gazebo/hook/cmake_prefix_path.dsv'
[0.943s] INFO:colcon.colcon_core.shell:Creating environment hook '/home/jason/Desktop/zam_ws/install/autocar_gazebo/share/autocar_gazebo/hook/cmake_prefix_path.sh'
[0.945s] Level 1:colcon.colcon_core.environment:checking '/home/jason/Desktop/zam_ws/install/autocar_gazebo/bin'
[0.945s] Level 1:colcon.colcon_core.environment:checking '/home/jason/Desktop/zam_ws/install/autocar_gazebo/lib/pkgconfig/autocar_gazebo.pc'
[0.949s] Level 1:colcon.colcon_core.environment:checking '/home/jason/Desktop/zam_ws/install/autocar_gazebo/lib/python3.8/site-packages'
[0.949s] Level 1:colcon.colcon_core.environment:checking '/home/jason/Desktop/zam_ws/install/autocar_gazebo/bin'
[0.954s] INFO:colcon.colcon_core.shell:Creating package script '/home/jason/Desktop/zam_ws/install/autocar_gazebo/share/autocar_gazebo/package.ps1'
[0.955s] INFO:colcon.colcon_core.shell:Creating package descriptor '/home/jason/Desktop/zam_ws/install/autocar_gazebo/share/autocar_gazebo/package.dsv'
[0.956s] INFO:colcon.colcon_core.shell:Creating package script '/home/jason/Desktop/zam_ws/install/autocar_gazebo/share/autocar_gazebo/package.sh'
[0.956s] INFO:colcon.colcon_core.shell:Creating package script '/home/jason/Desktop/zam_ws/install/autocar_gazebo/share/autocar_gazebo/package.bash'
[0.957s] INFO:colcon.colcon_core.shell:Creating package script '/home/jason/Desktop/zam_ws/install/autocar_gazebo/share/autocar_gazebo/package.zsh'
[0.957s] Level 1:colcon.colcon_core.environment:create_file_with_runtime_dependencies(/home/jason/Desktop/zam_ws/install/autocar_gazebo/share/colcon-core/packages/autocar_gazebo)
[0.969s] Level 1:colcon.colcon_core.environment:create_environment_scripts_only(autocar_description)
[0.974s] Level 1:colcon.colcon_core.environment:checking '/home/jason/Desktop/zam_ws/install/autocar_description' for CMake module files
[0.975s] Level 1:colcon.colcon_core.environment:checking '/home/jason/Desktop/zam_ws/install/autocar_description' for CMake config files
[0.976s] Level 1:colcon.colcon_core.shell:create_environment_hook('autocar_description', 'cmake_prefix_path')
[0.979s] INFO:colcon.colcon_core.shell:Creating environment hook '/home/jason/Desktop/zam_ws/install/autocar_description/share/autocar_description/hook/cmake_prefix_path.ps1'
[0.980s] INFO:colcon.colcon_core.shell:Creating environment descriptor '/home/jason/Desktop/zam_ws/install/autocar_description/share/autocar_description/hook/cmake_prefix_path.dsv'
[0.981s] INFO:colcon.colcon_core.shell:Creating environment hook '/home/jason/Desktop/zam_ws/install/autocar_description/share/autocar_description/hook/cmake_prefix_path.sh'
[0.981s] Level 1:colcon.colcon_core.environment:checking '/home/jason/Desktop/zam_ws/install/autocar_description/bin'
[0.982s] Level 1:colcon.colcon_core.environment:checking '/home/jason/Desktop/zam_ws/install/autocar_description/lib/pkgconfig/autocar_description.pc'
[0.982s] Level 1:colcon.colcon_core.environment:checking '/home/jason/Desktop/zam_ws/install/autocar_description/lib/python3.8/site-packages'
[0.982s] Level 1:colcon.colcon_core.environment:checking '/home/jason/Desktop/zam_ws/install/autocar_description/bin'
[0.985s] INFO:colcon.colcon_core.shell:Creating package script '/home/jason/Desktop/zam_ws/install/autocar_description/share/autocar_description/package.ps1'
[0.986s] INFO:colcon.colcon_core.shell:Creating package descriptor '/home/jason/Desktop/zam_ws/install/autocar_description/share/autocar_description/package.dsv'
[0.987s] INFO:colcon.colcon_core.shell:Creating package script '/home/jason/Desktop/zam_ws/install/autocar_description/share/autocar_description/package.sh'
[0.988s] INFO:colcon.colcon_core.shell:Creating package script '/home/jason/Desktop/zam_ws/install/autocar_description/share/autocar_description/package.bash'
[0.988s] INFO:colcon.colcon_core.shell:Creating package script '/home/jason/Desktop/zam_ws/install/autocar_description/share/autocar_description/package.zsh'
[0.989s] Level 1:colcon.colcon_core.environment:create_file_with_runtime_dependencies(/home/jason/Desktop/zam_ws/install/autocar_description/share/colcon-core/packages/autocar_description)
[0.992s] INFO:colcon.colcon_ros.task.ament_cmake.build:Building ROS package in '/home/jason/Desktop/zam_ws/src/AutoCarROS2/autocar_map' with build type 'ament_cmake'
[0.992s] INFO:colcon.colcon_cmake.task.cmake.build:Building CMake package in '/home/jason/Desktop/zam_ws/src/AutoCarROS2/autocar_map'
[0.996s] INFO:colcon.colcon_core.shell:Skip shell extension 'powershell' for command environment: Not usable outside of PowerShell
[0.997s] DEBUG:colcon.colcon_core.shell:Skip shell extension 'dsv' for command environment
[1.031s] Level 1:colcon.colcon_core.environment:create_environment_scripts_only(autocar_gazebo)
[1.034s] Level 1:colcon.colcon_core.environment:checking '/home/jason/Desktop/zam_ws/install/autocar_gazebo' for CMake module files
[1.035s] Level 1:colcon.colcon_core.environment:checking '/home/jason/Desktop/zam_ws/install/autocar_gazebo' for CMake config files
[1.036s] Level 1:colcon.colcon_core.shell:create_environment_hook('autocar_gazebo', 'cmake_prefix_path')
[1.038s] INFO:colcon.colcon_core.shell:Creating environment hook '/home/jason/Desktop/zam_ws/install/autocar_gazebo/share/autocar_gazebo/hook/cmake_prefix_path.ps1'
[1.039s] INFO:colcon.colcon_core.shell:Creating environment descriptor '/home/jason/Desktop/zam_ws/install/autocar_gazebo/share/autocar_gazebo/hook/cmake_prefix_path.dsv'
[1.039s] INFO:colcon.colcon_core.shell:Creating environment hook '/home/jason/Desktop/zam_ws/install/autocar_gazebo/share/autocar_gazebo/hook/cmake_prefix_path.sh'
[1.040s] Level 1:colcon.colcon_core.environment:checking '/home/jason/Desktop/zam_ws/install/autocar_gazebo/bin'
[1.040s] Level 1:colcon.colcon_core.environment:checking '/home/jason/Desktop/zam_ws/install/autocar_gazebo/lib/pkgconfig/autocar_gazebo.pc'
[1.040s] Level 1:colcon.colcon_core.environment:checking '/home/jason/Desktop/zam_ws/install/autocar_gazebo/lib/python3.8/site-packages'
[1.041s] Level 1:colcon.colcon_core.environment:checking '/home/jason/Desktop/zam_ws/install/autocar_gazebo/bin'
[1.042s] INFO:colcon.colcon_core.shell:Creating package script '/home/jason/Desktop/zam_ws/install/autocar_gazebo/share/autocar_gazebo/package.ps1'
[1.043s] INFO:colcon.colcon_core.shell:Creating package descriptor '/home/jason/Desktop/zam_ws/install/autocar_gazebo/share/autocar_gazebo/package.dsv'
[1.043s] INFO:colcon.colcon_core.shell:Creating package script '/home/jason/Desktop/zam_ws/install/autocar_gazebo/share/autocar_gazebo/package.sh'
[1.044s] INFO:colcon.colcon_core.shell:Creating package script '/home/jason/Desktop/zam_ws/install/autocar_gazebo/share/autocar_gazebo/package.bash'
[1.044s] INFO:colcon.colcon_core.shell:Creating package script '/home/jason/Desktop/zam_ws/install/autocar_gazebo/share/autocar_gazebo/package.zsh'
[1.045s] Level 1:colcon.colcon_core.environment:create_file_with_runtime_dependencies(/home/jason/Desktop/zam_ws/install/autocar_gazebo/share/colcon-core/packages/autocar_gazebo)
[1.046s] INFO:colcon.colcon_ros.task.ament_python.build:Building ROS package in '/home/jason/Desktop/zam_ws/src/keyboard_control' with build type 'ament_python'
[1.047s] Level 1:colcon.colcon_core.shell:create_environment_hook('keyboard_control', 'ament_prefix_path')
[1.049s] INFO:colcon.colcon_core.shell:Creating environment hook '/home/jason/Desktop/zam_ws/install/keyboard_control/share/keyboard_control/hook/ament_prefix_path.ps1'
[1.051s] INFO:colcon.colcon_core.shell:Creating environment descriptor '/home/jason/Desktop/zam_ws/install/keyboard_control/share/keyboard_control/hook/ament_prefix_path.dsv'
[1.052s] INFO:colcon.colcon_core.shell:Creating environment hook '/home/jason/Desktop/zam_ws/install/keyboard_control/share/keyboard_control/hook/ament_prefix_path.sh'
[1.056s] INFO:colcon.colcon_core.shell:Skip shell extension 'powershell' for command environment: Not usable outside of PowerShell
[1.057s] DEBUG:colcon.colcon_core.shell:Skip shell extension 'dsv' for command environment
[1.066s] DEBUG:colcon.colcon_core.event_handler.log_command:Invoked command in '/home/jason/Desktop/zam_ws/build/autocar_msgs' returned '0': CMAKE_PREFIX_PATH=${CMAKE_PREFIX_PATH}:/home/jason/Desktop/zam_ws/install/zam_tools:/home/jason/Desktop/zam_ws/install/keyboard_control:/opt/ros/foxy /usr/bin/cmake --build /home/jason/Desktop/zam_ws/build/autocar_msgs -- -j4 -l4
[1.079s] DEBUG:colcon.colcon_core.event_handler.log_command:Invoking command in '/home/jason/Desktop/zam_ws/build/autocar_map': CMAKE_PREFIX_PATH=${CMAKE_PREFIX_PATH}:/home/jason/Desktop/zam_ws/install/zam_tools:/home/jason/Desktop/zam_ws/install/keyboard_control:/opt/ros/foxy /usr/bin/cmake --build /home/jason/Desktop/zam_ws/build/autocar_map -- -j4 -l4
[1.618s] DEBUG:colcon.colcon_parallel_executor.executor.parallel:closing loop
[1.619s] DEBUG:colcon.colcon_parallel_executor.executor.parallel:loop closed
[1.619s] DEBUG:colcon.colcon_parallel_executor.executor.parallel:run_until_complete finished with 'Command '['/usr/bin/python3', '-c', "import sys;from setuptools.extern.packaging.specifiers import SpecifierSet;from distutils.core import run_setup;dist = run_setup(    'setup.py', script_args=('--dry-run',), stop_after='config');skip_keys = ('cmdclass', 'distclass', 'ext_modules', 'metadata');data = {    key: value for key, value in dist.__dict__.items()     if (        not key.startswith('_') and         not callable(value) and         key not in skip_keys and         key not in dist.display_option_names    )};data['metadata'] = {    k: v for k, v in dist.metadata.__dict__.items()     if k not in ('license_files', 'provides_extras')};sys.stdout.buffer.write(repr(data).encode('utf-8'))"]' returned non-zero exit status 1.'
[1.619s] DEBUG:colcon.colcon_core.event_reactor:joining thread
[1.632s] INFO:colcon.colcon_core.plugin_system:Skipping extension 'colcon_notification.desktop_notification.terminal_notifier': Not used on non-Darwin systems
[1.632s] INFO:colcon.colcon_core.plugin_system:Skipping extension 'colcon_notification.desktop_notification.win32': Not used on non-Windows systems
[1.632s] INFO:colcon.colcon_notification.desktop_notification:Sending desktop notification using 'notify2'
[1.649s] DEBUG:colcon.colcon_core.event_reactor:joined thread
[1.651s] INFO:colcon.colcon_core.shell:Creating prefix script '/home/jason/Desktop/zam_ws/install/local_setup.ps1'
[1.652s] INFO:colcon.colcon_core.shell:Creating prefix util module '/home/jason/Desktop/zam_ws/install/_local_setup_util_ps1.py'
[1.655s] INFO:colcon.colcon_core.shell:Creating prefix chain script '/home/jason/Desktop/zam_ws/install/setup.ps1'
[1.658s] INFO:colcon.colcon_core.shell:Creating prefix script '/home/jason/Desktop/zam_ws/install/local_setup.sh'
[1.659s] INFO:colcon.colcon_core.shell:Creating prefix util module '/home/jason/Desktop/zam_ws/install/_local_setup_util_sh.py'
[1.660s] INFO:colcon.colcon_core.shell:Creating prefix chain script '/home/jason/Desktop/zam_ws/install/setup.sh'
[1.663s] INFO:colcon.colcon_core.shell:Creating prefix script '/home/jason/Desktop/zam_ws/install/local_setup.bash'
[1.663s] INFO:colcon.colcon_core.shell:Creating prefix chain script '/home/jason/Desktop/zam_ws/install/setup.bash'
[1.667s] INFO:colcon.colcon_core.shell:Creating prefix script '/home/jason/Desktop/zam_ws/install/local_setup.zsh'
[1.669s] INFO:colcon.colcon_core.shell:Creating prefix chain script '/home/jason/Desktop/zam_ws/install/setup.zsh'
