[0.077s] Invoking command in '/home/jason/Desktop/zam_ws/build/realsense2_description': CMAKE_PREFIX_PATH=/home/jason/Desktop/zam_ws/install/realsense2_camera_msgs:/home/jason/Desktop/dev_ws/install/articubot_one:/home/jason/Desktop/zam_ws/install/realsense2_description:/home/jason/Desktop/zam_ws/install/realsense2_camera:/home/jason/Desktop/zam_ws/src/AutoCarROS2/install/launches:/home/jason/Desktop/zam_ws/src/AutoCarROS2/install/autocar_nav:/home/jason/Desktop/zam_ws/src/AutoCarROS2/install/autocar_msgs:/home/jason/Desktop/zam_ws/src/AutoCarROS2/install/autocar_map:/home/jason/Desktop/zam_ws/src/AutoCarROS2/install/autocar_gazebo:/home/jason/Desktop/zam_ws/src/AutoCarROS2/install/autocar_description:/home/jason/Desktop/zam_ws/install/launches:/home/jason/Desktop/zam_ws/install/autocar_nav:/home/jason/Desktop/zam_ws/install/autocar_msgs:/home/jason/Desktop/zam_ws/install/autocar_map:/home/jason/Desktop/zam_ws/install/autocar_gazebo:/home/jason/Desktop/zam_ws/install/autocar_description:/home/jason/Desktop/autocarws/install/launches:/home/jason/Desktop/autocarws/install/autocar_nav:/home/jason/Desktop/autocarws/install/autocar_msgs:/home/jason/Desktop/autocarws/install/autocar_map:/home/jason/Desktop/autocarws/install/autocar_gazebo:/home/jason/Desktop/autocarws/install/autocar_description:/opt/ros/foxy LD_LIBRARY_PATH=/home/jason/Desktop/zam_ws/install/realsense2_camera_msgs/lib:/home/jason/Desktop/zam_ws/install/realsense2_camera/lib:/home/jason/Desktop/zam_ws/src/AutoCarROS2/install/autocar_msgs/lib:/home/jason/Desktop/zam_ws/install/autocar_msgs/lib:/home/jason/Desktop/autocarws/install/autocar_msgs/lib:/usr/lib/x86_64-linux-gnu/gazebo-11/plugins:/opt/ros/foxy/opt/yaml_cpp_vendor/lib:/opt/ros/foxy/opt/rviz_ogre_vendor/lib:/opt/ros/foxy/lib/x86_64-linux-gnu:/opt/ros/foxy/lib /usr/bin/cmake --build /home/jason/Desktop/zam_ws/build/realsense2_description -- -j4 -l4
[0.129s] Invoked command in '/home/jason/Desktop/zam_ws/build/realsense2_description' returned '0': CMAKE_PREFIX_PATH=/home/jason/Desktop/zam_ws/install/realsense2_camera_msgs:/home/jason/Desktop/dev_ws/install/articubot_one:/home/jason/Desktop/zam_ws/install/realsense2_description:/home/jason/Desktop/zam_ws/install/realsense2_camera:/home/jason/Desktop/zam_ws/src/AutoCarROS2/install/launches:/home/jason/Desktop/zam_ws/src/AutoCarROS2/install/autocar_nav:/home/jason/Desktop/zam_ws/src/AutoCarROS2/install/autocar_msgs:/home/jason/Desktop/zam_ws/src/AutoCarROS2/install/autocar_map:/home/jason/Desktop/zam_ws/src/AutoCarROS2/install/autocar_gazebo:/home/jason/Desktop/zam_ws/src/AutoCarROS2/install/autocar_description:/home/jason/Desktop/zam_ws/install/launches:/home/jason/Desktop/zam_ws/install/autocar_nav:/home/jason/Desktop/zam_ws/install/autocar_msgs:/home/jason/Desktop/zam_ws/install/autocar_map:/home/jason/Desktop/zam_ws/install/autocar_gazebo:/home/jason/Desktop/zam_ws/install/autocar_description:/home/jason/Desktop/autocarws/install/launches:/home/jason/Desktop/autocarws/install/autocar_nav:/home/jason/Desktop/autocarws/install/autocar_msgs:/home/jason/Desktop/autocarws/install/autocar_map:/home/jason/Desktop/autocarws/install/autocar_gazebo:/home/jason/Desktop/autocarws/install/autocar_description:/opt/ros/foxy LD_LIBRARY_PATH=/home/jason/Desktop/zam_ws/install/realsense2_camera_msgs/lib:/home/jason/Desktop/zam_ws/install/realsense2_camera/lib:/home/jason/Desktop/zam_ws/src/AutoCarROS2/install/autocar_msgs/lib:/home/jason/Desktop/zam_ws/install/autocar_msgs/lib:/home/jason/Desktop/autocarws/install/autocar_msgs/lib:/usr/lib/x86_64-linux-gnu/gazebo-11/plugins:/opt/ros/foxy/opt/yaml_cpp_vendor/lib:/opt/ros/foxy/opt/rviz_ogre_vendor/lib:/opt/ros/foxy/lib/x86_64-linux-gnu:/opt/ros/foxy/lib /usr/bin/cmake --build /home/jason/Desktop/zam_ws/build/realsense2_description -- -j4 -l4
[0.236s] Invoking command in '/home/jason/Desktop/zam_ws/build/realsense2_description': CMAKE_PREFIX_PATH=/home/jason/Desktop/zam_ws/install/realsense2_camera_msgs:/home/jason/Desktop/dev_ws/install/articubot_one:/home/jason/Desktop/zam_ws/install/realsense2_description:/home/jason/Desktop/zam_ws/install/realsense2_camera:/home/jason/Desktop/zam_ws/src/AutoCarROS2/install/launches:/home/jason/Desktop/zam_ws/src/AutoCarROS2/install/autocar_nav:/home/jason/Desktop/zam_ws/src/AutoCarROS2/install/autocar_msgs:/home/jason/Desktop/zam_ws/src/AutoCarROS2/install/autocar_map:/home/jason/Desktop/zam_ws/src/AutoCarROS2/install/autocar_gazebo:/home/jason/Desktop/zam_ws/src/AutoCarROS2/install/autocar_description:/home/jason/Desktop/zam_ws/install/launches:/home/jason/Desktop/zam_ws/install/autocar_nav:/home/jason/Desktop/zam_ws/install/autocar_msgs:/home/jason/Desktop/zam_ws/install/autocar_map:/home/jason/Desktop/zam_ws/install/autocar_gazebo:/home/jason/Desktop/zam_ws/install/autocar_description:/home/jason/Desktop/autocarws/install/launches:/home/jason/Desktop/autocarws/install/autocar_nav:/home/jason/Desktop/autocarws/install/autocar_msgs:/home/jason/Desktop/autocarws/install/autocar_map:/home/jason/Desktop/autocarws/install/autocar_gazebo:/home/jason/Desktop/autocarws/install/autocar_description:/opt/ros/foxy LD_LIBRARY_PATH=/home/jason/Desktop/zam_ws/install/realsense2_camera_msgs/lib:/home/jason/Desktop/zam_ws/install/realsense2_camera/lib:/home/jason/Desktop/zam_ws/src/AutoCarROS2/install/autocar_msgs/lib:/home/jason/Desktop/zam_ws/install/autocar_msgs/lib:/home/jason/Desktop/autocarws/install/autocar_msgs/lib:/usr/lib/x86_64-linux-gnu/gazebo-11/plugins:/opt/ros/foxy/opt/yaml_cpp_vendor/lib:/opt/ros/foxy/opt/rviz_ogre_vendor/lib:/opt/ros/foxy/lib/x86_64-linux-gnu:/opt/ros/foxy/lib /usr/bin/cmake --install /home/jason/Desktop/zam_ws/build/realsense2_description
[0.258s] -- Install configuration: ""
[0.260s] -- Execute custom install script
[0.261s] -- Up-to-date symlink: /home/jason/Desktop/zam_ws/install/realsense2_description/share/realsense2_description/launch/launch_utils.py
[0.262s] -- Up-to-date symlink: /home/jason/Desktop/zam_ws/install/realsense2_description/share/realsense2_description/launch/view_model.launch.py
[0.263s] -- Up-to-date symlink: /home/jason/Desktop/zam_ws/install/realsense2_description/share/realsense2_description/meshes/d415.stl
[0.264s] -- Up-to-date symlink: /home/jason/Desktop/zam_ws/install/realsense2_description/share/realsense2_description/meshes/d435.dae
[0.265s] -- Up-to-date symlink: /home/jason/Desktop/zam_ws/install/realsense2_description/share/realsense2_description/meshes/d455.stl
[0.267s] -- Up-to-date symlink: /home/jason/Desktop/zam_ws/install/realsense2_description/share/realsense2_description/meshes/l515.dae
[0.267s] -- Up-to-date symlink: /home/jason/Desktop/zam_ws/install/realsense2_description/share/realsense2_description/meshes/plug.stl
[0.268s] -- Up-to-date symlink: /home/jason/Desktop/zam_ws/install/realsense2_description/share/realsense2_description/meshes/plug_collision.stl
[0.269s] -- Up-to-date symlink: /home/jason/Desktop/zam_ws/install/realsense2_description/share/realsense2_description/rviz/urdf.rviz
[0.271s] -- Up-to-date symlink: /home/jason/Desktop/zam_ws/install/realsense2_description/share/realsense2_description/urdf/_d415.urdf.xacro
[0.271s] -- Up-to-date symlink: /home/jason/Desktop/zam_ws/install/realsense2_description/share/realsense2_description/urdf/_d435.urdf.xacro
[0.272s] -- Up-to-date symlink: /home/jason/Desktop/zam_ws/install/realsense2_description/share/realsense2_description/urdf/_d435i.urdf.xacro
[0.273s] -- Up-to-date symlink: /home/jason/Desktop/zam_ws/install/realsense2_description/share/realsense2_description/urdf/_d435i_imu_modules.urdf.xacro
[0.279s] -- Up-to-date symlink: /home/jason/Desktop/zam_ws/install/realsense2_description/share/realsense2_description/urdf/_d455.urdf.xacro
[0.280s] -- Up-to-date symlink: /home/jason/Desktop/zam_ws/install/realsense2_description/share/realsense2_description/urdf/_l515.urdf.xacro
[0.280s] -- Up-to-date symlink: /home/jason/Desktop/zam_ws/install/realsense2_description/share/realsense2_description/urdf/_materials.urdf.xacro
[0.280s] -- Up-to-date symlink: /home/jason/Desktop/zam_ws/install/realsense2_description/share/realsense2_description/urdf/_r410.urdf.xacro
[0.280s] -- Up-to-date symlink: /home/jason/Desktop/zam_ws/install/realsense2_description/share/realsense2_description/urdf/_r430.urdf.xacro
[0.280s] -- Up-to-date symlink: /home/jason/Desktop/zam_ws/install/realsense2_description/share/realsense2_description/urdf/_usb_plug.urdf.xacro
[0.280s] -- Up-to-date symlink: /home/jason/Desktop/zam_ws/install/realsense2_description/share/realsense2_description/urdf/test_d415_camera.urdf.xacro
[0.281s] -- Up-to-date symlink: /home/jason/Desktop/zam_ws/install/realsense2_description/share/realsense2_description/urdf/test_d435_camera.urdf.xacro
[0.281s] -- Up-to-date symlink: /home/jason/Desktop/zam_ws/install/realsense2_description/share/realsense2_description/urdf/test_d435_multiple_cameras.urdf.xacro
[0.281s] -- Up-to-date symlink: /home/jason/Desktop/zam_ws/install/realsense2_description/share/realsense2_description/urdf/test_d435i_camera.urdf.xacro
[0.281s] -- Up-to-date symlink: /home/jason/Desktop/zam_ws/install/realsense2_description/share/realsense2_description/urdf/test_d455_camera.urdf.xacro
[0.281s] -- Up-to-date symlink: /home/jason/Desktop/zam_ws/install/realsense2_description/share/realsense2_description/urdf/test_l515_camera.urdf.xacro
[0.281s] -- Up-to-date symlink: /home/jason/Desktop/zam_ws/install/realsense2_description/share/realsense2_description/urdf/test_r410_camera.urdf.xacro
[0.281s] -- Up-to-date symlink: /home/jason/Desktop/zam_ws/install/realsense2_description/share/realsense2_description/urdf/test_r430_camera.urdf.xacro
[0.282s] -- Up-to-date symlink: /home/jason/Desktop/zam_ws/install/realsense2_description/share/ament_index/resource_index/package_run_dependencies/realsense2_description
[0.285s] -- Up-to-date symlink: /home/jason/Desktop/zam_ws/install/realsense2_description/share/ament_index/resource_index/parent_prefix_path/realsense2_description
[0.286s] -- Up-to-date symlink: /home/jason/Desktop/zam_ws/install/realsense2_description/share/realsense2_description/environment/ament_prefix_path.sh
[0.286s] -- Up-to-date symlink: /home/jason/Desktop/zam_ws/install/realsense2_description/share/realsense2_description/environment/ament_prefix_path.dsv
[0.286s] -- Up-to-date symlink: /home/jason/Desktop/zam_ws/install/realsense2_description/share/realsense2_description/environment/path.sh
[0.286s] -- Up-to-date symlink: /home/jason/Desktop/zam_ws/install/realsense2_description/share/realsense2_description/environment/path.dsv
[0.286s] -- Up-to-date symlink: /home/jason/Desktop/zam_ws/install/realsense2_description/share/realsense2_description/local_setup.bash
[0.286s] -- Up-to-date symlink: /home/jason/Desktop/zam_ws/install/realsense2_description/share/realsense2_description/local_setup.sh
[0.286s] -- Up-to-date symlink: /home/jason/Desktop/zam_ws/install/realsense2_description/share/realsense2_description/local_setup.zsh
[0.286s] -- Up-to-date symlink: /home/jason/Desktop/zam_ws/install/realsense2_description/share/realsense2_description/local_setup.dsv
[0.287s] -- Symlinking: /home/jason/Desktop/zam_ws/install/realsense2_description/share/realsense2_description/package.dsv
[0.303s] -- Up-to-date symlink: /home/jason/Desktop/zam_ws/install/realsense2_description/share/ament_index/resource_index/packages/realsense2_description
[0.304s] -- Up-to-date symlink: /home/jason/Desktop/zam_ws/install/realsense2_description/share/realsense2_description/cmake/realsense2_descriptionConfig.cmake
[0.304s] -- Up-to-date symlink: /home/jason/Desktop/zam_ws/install/realsense2_description/share/realsense2_description/cmake/realsense2_descriptionConfig-version.cmake
[0.305s] -- Up-to-date symlink: /home/jason/Desktop/zam_ws/install/realsense2_description/share/realsense2_description/package.xml
[0.320s] Invoked command in '/home/jason/Desktop/zam_ws/build/realsense2_description' returned '0': CMAKE_PREFIX_PATH=/home/jason/Desktop/zam_ws/install/realsense2_camera_msgs:/home/jason/Desktop/dev_ws/install/articubot_one:/home/jason/Desktop/zam_ws/install/realsense2_description:/home/jason/Desktop/zam_ws/install/realsense2_camera:/home/jason/Desktop/zam_ws/src/AutoCarROS2/install/launches:/home/jason/Desktop/zam_ws/src/AutoCarROS2/install/autocar_nav:/home/jason/Desktop/zam_ws/src/AutoCarROS2/install/autocar_msgs:/home/jason/Desktop/zam_ws/src/AutoCarROS2/install/autocar_map:/home/jason/Desktop/zam_ws/src/AutoCarROS2/install/autocar_gazebo:/home/jason/Desktop/zam_ws/src/AutoCarROS2/install/autocar_description:/home/jason/Desktop/zam_ws/install/launches:/home/jason/Desktop/zam_ws/install/autocar_nav:/home/jason/Desktop/zam_ws/install/autocar_msgs:/home/jason/Desktop/zam_ws/install/autocar_map:/home/jason/Desktop/zam_ws/install/autocar_gazebo:/home/jason/Desktop/zam_ws/install/autocar_description:/home/jason/Desktop/autocarws/install/launches:/home/jason/Desktop/autocarws/install/autocar_nav:/home/jason/Desktop/autocarws/install/autocar_msgs:/home/jason/Desktop/autocarws/install/autocar_map:/home/jason/Desktop/autocarws/install/autocar_gazebo:/home/jason/Desktop/autocarws/install/autocar_description:/opt/ros/foxy LD_LIBRARY_PATH=/home/jason/Desktop/zam_ws/install/realsense2_camera_msgs/lib:/home/jason/Desktop/zam_ws/install/realsense2_camera/lib:/home/jason/Desktop/zam_ws/src/AutoCarROS2/install/autocar_msgs/lib:/home/jason/Desktop/zam_ws/install/autocar_msgs/lib:/home/jason/Desktop/autocarws/install/autocar_msgs/lib:/usr/lib/x86_64-linux-gnu/gazebo-11/plugins:/opt/ros/foxy/opt/yaml_cpp_vendor/lib:/opt/ros/foxy/opt/rviz_ogre_vendor/lib:/opt/ros/foxy/lib/x86_64-linux-gnu:/opt/ros/foxy/lib /usr/bin/cmake --install /home/jason/Desktop/zam_ws/build/realsense2_description
