[0.046s] Invoking command in '/home/jason/Desktop/zam_ws/build/realsense_ros2': CMAKE_PREFIX_PATH=/home/jason/Desktop/zam_ws/install/realsense_ros2:/home/jason/Desktop/zam_ws/install/realsense_examples:/home/jason/Desktop/zam_ws/install/realsense_node:/home/jason/Desktop/zam_ws/install/realsense_ros:/home/jason/Desktop/zam_ws/install/realsense_msgs:/home/jason/Desktop/zam_ws/install/zam_tools:/home/jason/Desktop/zam_ws/install/keyboard_control:/opt/ros/foxy:/home/jason/Desktop/zam_ws/install/realsense_gazebo_plugin:/home/jason/Desktop/zam_ws/install/realsense2_description:/home/jason/Desktop/zam_ws/install/realsense2_camera:/home/jason/Desktop/zam_ws/install/realsense2_camera_msgs:/home/jason/Desktop/zam_ws/install/launches:/home/jason/Desktop/zam_ws/install/autocar_nav:/home/jason/Desktop/zam_ws/install/autocar_msgs:/home/jason/Desktop/zam_ws/install/autocar_map:/home/jason/Desktop/zam_ws/install/autocar_gazebo:/home/jason/Desktop/zam_ws/install/autocar_description /usr/bin/cmake --build /home/jason/Desktop/zam_ws/build/realsense_ros2 -- -j4 -l4
[0.165s] [35m[1mScanning dependencies of target rs_d435_node[0m
[0.215s] [ 50%] Built target rs_t265_node
[0.282s] [ 75%] [32mBuilding CXX object CMakeFiles/rs_d435_node.dir/src/rs_d435_node.cpp.o[0m
[2.730s] In file included from [01m[K/home/jason/Desktop/zam_ws/src/realsense_ros2/realsense_ros2/src/rs_d435_node.cpp:21[m[K:
[2.730s] [01m[K/opt/ros/foxy/include/image_transport/image_transport.h:41:89:[m[K [01;36m[Knote: [m[K#pragma message: Warning: This header is deprecated. Use 'image_transport.hpp' instead
[2.730s]    41 | #pragma message ("Warning: This header is deprecated. Use 'image_transport.hpp' instead"[01;36m[K)[m[K
[2.730s]       |                                                                                         [01;36m[K^[m[K
[8.002s] [100%] [32m[1mLinking CXX executable rs_d435_node[0m
[9.130s] [100%] Built target rs_d435_node
[9.142s] Invoked command in '/home/jason/Desktop/zam_ws/build/realsense_ros2' returned '0': CMAKE_PREFIX_PATH=/home/jason/Desktop/zam_ws/install/realsense_ros2:/home/jason/Desktop/zam_ws/install/realsense_examples:/home/jason/Desktop/zam_ws/install/realsense_node:/home/jason/Desktop/zam_ws/install/realsense_ros:/home/jason/Desktop/zam_ws/install/realsense_msgs:/home/jason/Desktop/zam_ws/install/zam_tools:/home/jason/Desktop/zam_ws/install/keyboard_control:/opt/ros/foxy:/home/jason/Desktop/zam_ws/install/realsense_gazebo_plugin:/home/jason/Desktop/zam_ws/install/realsense2_description:/home/jason/Desktop/zam_ws/install/realsense2_camera:/home/jason/Desktop/zam_ws/install/realsense2_camera_msgs:/home/jason/Desktop/zam_ws/install/launches:/home/jason/Desktop/zam_ws/install/autocar_nav:/home/jason/Desktop/zam_ws/install/autocar_msgs:/home/jason/Desktop/zam_ws/install/autocar_map:/home/jason/Desktop/zam_ws/install/autocar_gazebo:/home/jason/Desktop/zam_ws/install/autocar_description /usr/bin/cmake --build /home/jason/Desktop/zam_ws/build/realsense_ros2 -- -j4 -l4
[9.177s] Invoking command in '/home/jason/Desktop/zam_ws/build/realsense_ros2': CMAKE_PREFIX_PATH=/home/jason/Desktop/zam_ws/install/realsense_ros2:/home/jason/Desktop/zam_ws/install/realsense_examples:/home/jason/Desktop/zam_ws/install/realsense_node:/home/jason/Desktop/zam_ws/install/realsense_ros:/home/jason/Desktop/zam_ws/install/realsense_msgs:/home/jason/Desktop/zam_ws/install/zam_tools:/home/jason/Desktop/zam_ws/install/keyboard_control:/opt/ros/foxy:/home/jason/Desktop/zam_ws/install/realsense_gazebo_plugin:/home/jason/Desktop/zam_ws/install/realsense2_description:/home/jason/Desktop/zam_ws/install/realsense2_camera:/home/jason/Desktop/zam_ws/install/realsense2_camera_msgs:/home/jason/Desktop/zam_ws/install/launches:/home/jason/Desktop/zam_ws/install/autocar_nav:/home/jason/Desktop/zam_ws/install/autocar_msgs:/home/jason/Desktop/zam_ws/install/autocar_map:/home/jason/Desktop/zam_ws/install/autocar_gazebo:/home/jason/Desktop/zam_ws/install/autocar_description /usr/bin/cmake --install /home/jason/Desktop/zam_ws/build/realsense_ros2
[9.185s] -- Install configuration: ""
[9.186s] -- Execute custom install script
[9.187s] -- Up-to-date symlink: /home/jason/Desktop/zam_ws/install/realsense_ros2/share/realsense_ros2//launch/online_async_launch.py
[9.187s] -- Up-to-date symlink: /home/jason/Desktop/zam_ws/install/realsense_ros2/share/realsense_ros2//launch/realsense_2d_slam_launch.py
[9.187s] -- Up-to-date symlink: /home/jason/Desktop/zam_ws/install/realsense_ros2/share/realsense_ros2//launch/realsense_launch.py
[9.187s] -- Up-to-date symlink: /home/jason/Desktop/zam_ws/install/realsense_ros2/share/realsense_ros2//launch/realsense_rtabmap.py
[9.188s] -- Up-to-date symlink: /home/jason/Desktop/zam_ws/install/realsense_ros2/share/realsense_ros2//config/mapper_params_online_async.yaml
[9.188s] -- Up-to-date symlink: /home/jason/Desktop/zam_ws/install/realsense_ros2/share/realsense_ros2//config/rs_cartographer.lua
[9.189s] -- Up-to-date symlink: /home/jason/Desktop/zam_ws/install/realsense_ros2/lib/realsense_ros2/rs_t265_node
[9.189s] -- Up-to-date symlink: /home/jason/Desktop/zam_ws/install/realsense_ros2/lib/realsense_ros2/rs_d435_node
[9.190s] -- Up-to-date symlink: /home/jason/Desktop/zam_ws/install/realsense_ros2/share/ament_index/resource_index/package_run_dependencies/realsense_ros2
[9.190s] -- Up-to-date symlink: /home/jason/Desktop/zam_ws/install/realsense_ros2/share/ament_index/resource_index/parent_prefix_path/realsense_ros2
[9.190s] -- Up-to-date symlink: /home/jason/Desktop/zam_ws/install/realsense_ros2/share/realsense_ros2/environment/ament_prefix_path.sh
[9.191s] -- Up-to-date symlink: /home/jason/Desktop/zam_ws/install/realsense_ros2/share/realsense_ros2/environment/ament_prefix_path.dsv
[9.191s] -- Up-to-date symlink: /home/jason/Desktop/zam_ws/install/realsense_ros2/share/realsense_ros2/environment/path.sh
[9.191s] -- Up-to-date symlink: /home/jason/Desktop/zam_ws/install/realsense_ros2/share/realsense_ros2/environment/path.dsv
[9.192s] -- Up-to-date symlink: /home/jason/Desktop/zam_ws/install/realsense_ros2/share/realsense_ros2/local_setup.bash
[9.192s] -- Up-to-date symlink: /home/jason/Desktop/zam_ws/install/realsense_ros2/share/realsense_ros2/local_setup.sh
[9.193s] -- Up-to-date symlink: /home/jason/Desktop/zam_ws/install/realsense_ros2/share/realsense_ros2/local_setup.zsh
[9.193s] -- Up-to-date symlink: /home/jason/Desktop/zam_ws/install/realsense_ros2/share/realsense_ros2/local_setup.dsv
[9.194s] -- Symlinking: /home/jason/Desktop/zam_ws/install/realsense_ros2/share/realsense_ros2/package.dsv
[9.205s] -- Up-to-date symlink: /home/jason/Desktop/zam_ws/install/realsense_ros2/share/ament_index/resource_index/packages/realsense_ros2
[9.206s] -- Up-to-date symlink: /home/jason/Desktop/zam_ws/install/realsense_ros2/share/realsense_ros2/cmake/realsense_ros2Config.cmake
[9.206s] -- Up-to-date symlink: /home/jason/Desktop/zam_ws/install/realsense_ros2/share/realsense_ros2/cmake/realsense_ros2Config-version.cmake
[9.206s] -- Up-to-date symlink: /home/jason/Desktop/zam_ws/install/realsense_ros2/share/realsense_ros2/package.xml
[9.211s] Invoked command in '/home/jason/Desktop/zam_ws/build/realsense_ros2' returned '0': CMAKE_PREFIX_PATH=/home/jason/Desktop/zam_ws/install/realsense_ros2:/home/jason/Desktop/zam_ws/install/realsense_examples:/home/jason/Desktop/zam_ws/install/realsense_node:/home/jason/Desktop/zam_ws/install/realsense_ros:/home/jason/Desktop/zam_ws/install/realsense_msgs:/home/jason/Desktop/zam_ws/install/zam_tools:/home/jason/Desktop/zam_ws/install/keyboard_control:/opt/ros/foxy:/home/jason/Desktop/zam_ws/install/realsense_gazebo_plugin:/home/jason/Desktop/zam_ws/install/realsense2_description:/home/jason/Desktop/zam_ws/install/realsense2_camera:/home/jason/Desktop/zam_ws/install/realsense2_camera_msgs:/home/jason/Desktop/zam_ws/install/launches:/home/jason/Desktop/zam_ws/install/autocar_nav:/home/jason/Desktop/zam_ws/install/autocar_msgs:/home/jason/Desktop/zam_ws/install/autocar_map:/home/jason/Desktop/zam_ws/install/autocar_gazebo:/home/jason/Desktop/zam_ws/install/autocar_description /usr/bin/cmake --install /home/jason/Desktop/zam_ws/build/realsense_ros2
