[0.167s] DEBUG:colcon:Command line arguments: ['/usr/bin/colcon', 'list', '-p', '--base-paths', '/home/jason/Desktop/zam_ws']
[0.167s] DEBUG:colcon:Parsed command line arguments: Namespace(allow_overriding=[], base_paths=['/home/jason/Desktop/zam_ws'], build_base='build', ignore_user_meta=False, log_base=None, log_level=None, main=<bound method ListVerb.main of <colcon_package_information.verb.list.ListVerb object at 0x7f9deb6d4b80>>, metas=['./colcon.meta'], names_only=False, packages_above=None, packages_above_and_dependencies=None, packages_above_depth=None, packages_end=None, packages_ignore=None, packages_ignore_regex=None, packages_select=None, packages_select_build_failed=False, packages_select_by_dep=None, packages_select_regex=None, packages_select_test_failures=False, packages_skip=None, packages_skip_build_finished=False, packages_skip_by_dep=None, packages_skip_regex=None, packages_skip_test_passed=False, packages_skip_up_to=None, packages_start=None, packages_up_to=None, packages_up_to_regex=None, paths=None, paths_only=True, topological_graph=False, topological_graph_density=False, topological_graph_dot=False, topological_graph_dot_cluster=False, topological_graph_dot_include_skipped=False, topological_graph_legend=False, topological_order=False, verb_extension=<colcon_package_information.verb.list.ListVerb object at 0x7f9deb6d4b80>, verb_name='list', verb_parser=<colcon_defaults.argument_parser.defaults.DefaultArgumentsDecorator object at 0x7f9deb63bf40>)
[0.217s] Level 1:colcon.colcon_core.package_discovery:discover_packages(colcon_meta) check parameters
[0.217s] Level 1:colcon.colcon_core.package_discovery:discover_packages(recursive) check parameters
[0.217s] Level 1:colcon.colcon_core.package_discovery:discover_packages(ignore) check parameters
[0.217s] Level 1:colcon.colcon_core.package_discovery:discover_packages(path) check parameters
[0.217s] Level 1:colcon.colcon_core.package_discovery:discover_packages(recursive) discover
[0.217s] INFO:colcon.colcon_core.package_discovery:Crawling recursively for packages in '/home/jason/Desktop/zam_ws'
[0.218s] Level 1:colcon.colcon_core.package_identification:_identify(/home/jason/Desktop/zam_ws) by extensions ['ignore', 'ignore_ament_install']
[0.218s] Level 1:colcon.colcon_core.package_identification:_identify(/home/jason/Desktop/zam_ws) by extension 'ignore'
[0.219s] Level 1:colcon.colcon_core.package_identification:_identify(/home/jason/Desktop/zam_ws) by extension 'ignore_ament_install'
[0.219s] Level 1:colcon.colcon_core.package_identification:_identify(/home/jason/Desktop/zam_ws) by extensions ['colcon_pkg']
[0.219s] Level 1:colcon.colcon_core.package_identification:_identify(/home/jason/Desktop/zam_ws) by extension 'colcon_pkg'
[0.219s] Level 1:colcon.colcon_core.package_identification:_identify(/home/jason/Desktop/zam_ws) by extensions ['colcon_meta']
[0.219s] Level 1:colcon.colcon_core.package_identification:_identify(/home/jason/Desktop/zam_ws) by extension 'colcon_meta'
[0.219s] Level 1:colcon.colcon_core.package_identification:_identify(/home/jason/Desktop/zam_ws) by extensions ['ros']
[0.219s] Level 1:colcon.colcon_core.package_identification:_identify(/home/jason/Desktop/zam_ws) by extension 'ros'
[0.240s] Level 1:colcon.colcon_core.package_identification:_identify(/home/jason/Desktop/zam_ws) by extensions ['cmake', 'python']
[0.240s] Level 1:colcon.colcon_core.package_identification:_identify(/home/jason/Desktop/zam_ws) by extension 'cmake'
[0.240s] Level 1:colcon.colcon_core.package_identification:_identify(/home/jason/Desktop/zam_ws) by extension 'python'
[0.241s] Level 1:colcon.colcon_core.package_identification:_identify(/home/jason/Desktop/zam_ws) by extensions ['python_setup_py']
[0.242s] Level 1:colcon.colcon_core.package_identification:_identify(/home/jason/Desktop/zam_ws) by extension 'python_setup_py'
[0.242s] Level 1:colcon.colcon_core.package_identification:_identify(/home/jason/Desktop/zam_ws/build) by extensions ['ignore', 'ignore_ament_install']
[0.242s] Level 1:colcon.colcon_core.package_identification:_identify(/home/jason/Desktop/zam_ws/build) by extension 'ignore'
[0.242s] Level 1:colcon.colcon_core.package_identification:_identify(/home/jason/Desktop/zam_ws/build) ignored
[0.242s] Level 1:colcon.colcon_core.package_identification:_identify(/home/jason/Desktop/zam_ws/install) by extensions ['ignore', 'ignore_ament_install']
[0.243s] Level 1:colcon.colcon_core.package_identification:_identify(/home/jason/Desktop/zam_ws/install) by extension 'ignore'
[0.243s] Level 1:colcon.colcon_core.package_identification:_identify(/home/jason/Desktop/zam_ws/install) ignored
[0.243s] Level 1:colcon.colcon_core.package_identification:_identify(/home/jason/Desktop/zam_ws/log) by extensions ['ignore', 'ignore_ament_install']
[0.243s] Level 1:colcon.colcon_core.package_identification:_identify(/home/jason/Desktop/zam_ws/log) by extension 'ignore'
[0.243s] Level 1:colcon.colcon_core.package_identification:_identify(/home/jason/Desktop/zam_ws/log) ignored
[0.244s] Level 1:colcon.colcon_core.package_identification:_identify(/home/jason/Desktop/zam_ws/src) by extensions ['ignore', 'ignore_ament_install']
[0.244s] Level 1:colcon.colcon_core.package_identification:_identify(/home/jason/Desktop/zam_ws/src) by extension 'ignore'
[0.244s] Level 1:colcon.colcon_core.package_identification:_identify(/home/jason/Desktop/zam_ws/src) by extension 'ignore_ament_install'
[0.244s] Level 1:colcon.colcon_core.package_identification:_identify(/home/jason/Desktop/zam_ws/src) by extensions ['colcon_pkg']
[0.244s] Level 1:colcon.colcon_core.package_identification:_identify(/home/jason/Desktop/zam_ws/src) by extension 'colcon_pkg'
[0.244s] Level 1:colcon.colcon_core.package_identification:_identify(/home/jason/Desktop/zam_ws/src) by extensions ['colcon_meta']
[0.244s] Level 1:colcon.colcon_core.package_identification:_identify(/home/jason/Desktop/zam_ws/src) by extension 'colcon_meta'
[0.244s] Level 1:colcon.colcon_core.package_identification:_identify(/home/jason/Desktop/zam_ws/src) by extensions ['ros']
[0.244s] Level 1:colcon.colcon_core.package_identification:_identify(/home/jason/Desktop/zam_ws/src) by extension 'ros'
[0.244s] Level 1:colcon.colcon_core.package_identification:_identify(/home/jason/Desktop/zam_ws/src) by extensions ['cmake', 'python']
[0.244s] Level 1:colcon.colcon_core.package_identification:_identify(/home/jason/Desktop/zam_ws/src) by extension 'cmake'
[0.244s] Level 1:colcon.colcon_core.package_identification:_identify(/home/jason/Desktop/zam_ws/src) by extension 'python'
[0.244s] Level 1:colcon.colcon_core.package_identification:_identify(/home/jason/Desktop/zam_ws/src) by extensions ['python_setup_py']
[0.244s] Level 1:colcon.colcon_core.package_identification:_identify(/home/jason/Desktop/zam_ws/src) by extension 'python_setup_py'
[0.245s] Level 1:colcon.colcon_core.package_identification:_identify(/home/jason/Desktop/zam_ws/src/AutoCarROS2) by extensions ['ignore', 'ignore_ament_install']
[0.245s] Level 1:colcon.colcon_core.package_identification:_identify(/home/jason/Desktop/zam_ws/src/AutoCarROS2) by extension 'ignore'
[0.245s] Level 1:colcon.colcon_core.package_identification:_identify(/home/jason/Desktop/zam_ws/src/AutoCarROS2) by extension 'ignore_ament_install'
[0.245s] Level 1:colcon.colcon_core.package_identification:_identify(/home/jason/Desktop/zam_ws/src/AutoCarROS2) by extensions ['colcon_pkg']
[0.245s] Level 1:colcon.colcon_core.package_identification:_identify(/home/jason/Desktop/zam_ws/src/AutoCarROS2) by extension 'colcon_pkg'
[0.245s] Level 1:colcon.colcon_core.package_identification:_identify(/home/jason/Desktop/zam_ws/src/AutoCarROS2) by extensions ['colcon_meta']
[0.245s] Level 1:colcon.colcon_core.package_identification:_identify(/home/jason/Desktop/zam_ws/src/AutoCarROS2) by extension 'colcon_meta'
[0.245s] Level 1:colcon.colcon_core.package_identification:_identify(/home/jason/Desktop/zam_ws/src/AutoCarROS2) by extensions ['ros']
[0.245s] Level 1:colcon.colcon_core.package_identification:_identify(/home/jason/Desktop/zam_ws/src/AutoCarROS2) by extension 'ros'
[0.245s] Level 1:colcon.colcon_core.package_identification:_identify(/home/jason/Desktop/zam_ws/src/AutoCarROS2) by extensions ['cmake', 'python']
[0.245s] Level 1:colcon.colcon_core.package_identification:_identify(/home/jason/Desktop/zam_ws/src/AutoCarROS2) by extension 'cmake'
[0.245s] Level 1:colcon.colcon_core.package_identification:_identify(/home/jason/Desktop/zam_ws/src/AutoCarROS2) by extension 'python'
[0.245s] Level 1:colcon.colcon_core.package_identification:_identify(/home/jason/Desktop/zam_ws/src/AutoCarROS2) by extensions ['python_setup_py']
[0.245s] Level 1:colcon.colcon_core.package_identification:_identify(/home/jason/Desktop/zam_ws/src/AutoCarROS2) by extension 'python_setup_py'
[0.246s] Level 1:colcon.colcon_core.package_identification:_identify(/home/jason/Desktop/zam_ws/src/AutoCarROS2/autocar_description) by extensions ['ignore', 'ignore_ament_install']
[0.246s] Level 1:colcon.colcon_core.package_identification:_identify(/home/jason/Desktop/zam_ws/src/AutoCarROS2/autocar_description) by extension 'ignore'
[0.246s] Level 1:colcon.colcon_core.package_identification:_identify(/home/jason/Desktop/zam_ws/src/AutoCarROS2/autocar_description) by extension 'ignore_ament_install'
[0.246s] Level 1:colcon.colcon_core.package_identification:_identify(/home/jason/Desktop/zam_ws/src/AutoCarROS2/autocar_description) by extensions ['colcon_pkg']
[0.246s] Level 1:colcon.colcon_core.package_identification:_identify(/home/jason/Desktop/zam_ws/src/AutoCarROS2/autocar_description) by extension 'colcon_pkg'
[0.246s] Level 1:colcon.colcon_core.package_identification:_identify(/home/jason/Desktop/zam_ws/src/AutoCarROS2/autocar_description) by extensions ['colcon_meta']
[0.246s] Level 1:colcon.colcon_core.package_identification:_identify(/home/jason/Desktop/zam_ws/src/AutoCarROS2/autocar_description) by extension 'colcon_meta'
[0.246s] Level 1:colcon.colcon_core.package_identification:_identify(/home/jason/Desktop/zam_ws/src/AutoCarROS2/autocar_description) by extensions ['ros']
[0.246s] Level 1:colcon.colcon_core.package_identification:_identify(/home/jason/Desktop/zam_ws/src/AutoCarROS2/autocar_description) by extension 'ros'
[0.249s] DEBUG:colcon.colcon_core.package_identification:Package '/home/jason/Desktop/zam_ws/src/AutoCarROS2/autocar_description' with type 'ros.ament_cmake' and name 'autocar_description'
[0.249s] Level 1:colcon.colcon_core.package_identification:_identify(/home/jason/Desktop/zam_ws/src/AutoCarROS2/autocar_gazebo) by extensions ['ignore', 'ignore_ament_install']
[0.249s] Level 1:colcon.colcon_core.package_identification:_identify(/home/jason/Desktop/zam_ws/src/AutoCarROS2/autocar_gazebo) by extension 'ignore'
[0.250s] Level 1:colcon.colcon_core.package_identification:_identify(/home/jason/Desktop/zam_ws/src/AutoCarROS2/autocar_gazebo) by extension 'ignore_ament_install'
[0.250s] Level 1:colcon.colcon_core.package_identification:_identify(/home/jason/Desktop/zam_ws/src/AutoCarROS2/autocar_gazebo) by extensions ['colcon_pkg']
[0.250s] Level 1:colcon.colcon_core.package_identification:_identify(/home/jason/Desktop/zam_ws/src/AutoCarROS2/autocar_gazebo) by extension 'colcon_pkg'
[0.250s] Level 1:colcon.colcon_core.package_identification:_identify(/home/jason/Desktop/zam_ws/src/AutoCarROS2/autocar_gazebo) by extensions ['colcon_meta']
[0.250s] Level 1:colcon.colcon_core.package_identification:_identify(/home/jason/Desktop/zam_ws/src/AutoCarROS2/autocar_gazebo) by extension 'colcon_meta'
[0.250s] Level 1:colcon.colcon_core.package_identification:_identify(/home/jason/Desktop/zam_ws/src/AutoCarROS2/autocar_gazebo) by extensions ['ros']
[0.250s] Level 1:colcon.colcon_core.package_identification:_identify(/home/jason/Desktop/zam_ws/src/AutoCarROS2/autocar_gazebo) by extension 'ros'
[0.251s] DEBUG:colcon.colcon_core.package_identification:Package '/home/jason/Desktop/zam_ws/src/AutoCarROS2/autocar_gazebo' with type 'ros.ament_cmake' and name 'autocar_gazebo'
[0.251s] Level 1:colcon.colcon_core.package_identification:_identify(/home/jason/Desktop/zam_ws/src/AutoCarROS2/autocar_map) by extensions ['ignore', 'ignore_ament_install']
[0.251s] Level 1:colcon.colcon_core.package_identification:_identify(/home/jason/Desktop/zam_ws/src/AutoCarROS2/autocar_map) by extension 'ignore'
[0.251s] Level 1:colcon.colcon_core.package_identification:_identify(/home/jason/Desktop/zam_ws/src/AutoCarROS2/autocar_map) by extension 'ignore_ament_install'
[0.251s] Level 1:colcon.colcon_core.package_identification:_identify(/home/jason/Desktop/zam_ws/src/AutoCarROS2/autocar_map) by extensions ['colcon_pkg']
[0.251s] Level 1:colcon.colcon_core.package_identification:_identify(/home/jason/Desktop/zam_ws/src/AutoCarROS2/autocar_map) by extension 'colcon_pkg'
[0.251s] Level 1:colcon.colcon_core.package_identification:_identify(/home/jason/Desktop/zam_ws/src/AutoCarROS2/autocar_map) by extensions ['colcon_meta']
[0.252s] Level 1:colcon.colcon_core.package_identification:_identify(/home/jason/Desktop/zam_ws/src/AutoCarROS2/autocar_map) by extension 'colcon_meta'
[0.252s] Level 1:colcon.colcon_core.package_identification:_identify(/home/jason/Desktop/zam_ws/src/AutoCarROS2/autocar_map) by extensions ['ros']
[0.252s] Level 1:colcon.colcon_core.package_identification:_identify(/home/jason/Desktop/zam_ws/src/AutoCarROS2/autocar_map) by extension 'ros'
[0.253s] DEBUG:colcon.colcon_core.package_identification:Package '/home/jason/Desktop/zam_ws/src/AutoCarROS2/autocar_map' with type 'ros.ament_cmake' and name 'autocar_map'
[0.253s] Level 1:colcon.colcon_core.package_identification:_identify(/home/jason/Desktop/zam_ws/src/AutoCarROS2/autocar_msgs) by extensions ['ignore', 'ignore_ament_install']
[0.253s] Level 1:colcon.colcon_core.package_identification:_identify(/home/jason/Desktop/zam_ws/src/AutoCarROS2/autocar_msgs) by extension 'ignore'
[0.254s] Level 1:colcon.colcon_core.package_identification:_identify(/home/jason/Desktop/zam_ws/src/AutoCarROS2/autocar_msgs) by extension 'ignore_ament_install'
[0.254s] Level 1:colcon.colcon_core.package_identification:_identify(/home/jason/Desktop/zam_ws/src/AutoCarROS2/autocar_msgs) by extensions ['colcon_pkg']
[0.254s] Level 1:colcon.colcon_core.package_identification:_identify(/home/jason/Desktop/zam_ws/src/AutoCarROS2/autocar_msgs) by extension 'colcon_pkg'
[0.254s] Level 1:colcon.colcon_core.package_identification:_identify(/home/jason/Desktop/zam_ws/src/AutoCarROS2/autocar_msgs) by extensions ['colcon_meta']
[0.254s] Level 1:colcon.colcon_core.package_identification:_identify(/home/jason/Desktop/zam_ws/src/AutoCarROS2/autocar_msgs) by extension 'colcon_meta'
[0.254s] Level 1:colcon.colcon_core.package_identification:_identify(/home/jason/Desktop/zam_ws/src/AutoCarROS2/autocar_msgs) by extensions ['ros']
[0.254s] Level 1:colcon.colcon_core.package_identification:_identify(/home/jason/Desktop/zam_ws/src/AutoCarROS2/autocar_msgs) by extension 'ros'
[0.255s] DEBUG:colcon.colcon_core.package_identification:Package '/home/jason/Desktop/zam_ws/src/AutoCarROS2/autocar_msgs' with type 'ros.ament_cmake' and name 'autocar_msgs'
[0.255s] Level 1:colcon.colcon_core.package_identification:_identify(/home/jason/Desktop/zam_ws/src/AutoCarROS2/autocar_nav) by extensions ['ignore', 'ignore_ament_install']
[0.256s] Level 1:colcon.colcon_core.package_identification:_identify(/home/jason/Desktop/zam_ws/src/AutoCarROS2/autocar_nav) by extension 'ignore'
[0.256s] Level 1:colcon.colcon_core.package_identification:_identify(/home/jason/Desktop/zam_ws/src/AutoCarROS2/autocar_nav) by extension 'ignore_ament_install'
[0.256s] Level 1:colcon.colcon_core.package_identification:_identify(/home/jason/Desktop/zam_ws/src/AutoCarROS2/autocar_nav) by extensions ['colcon_pkg']
[0.256s] Level 1:colcon.colcon_core.package_identification:_identify(/home/jason/Desktop/zam_ws/src/AutoCarROS2/autocar_nav) by extension 'colcon_pkg'
[0.256s] Level 1:colcon.colcon_core.package_identification:_identify(/home/jason/Desktop/zam_ws/src/AutoCarROS2/autocar_nav) by extensions ['colcon_meta']
[0.256s] Level 1:colcon.colcon_core.package_identification:_identify(/home/jason/Desktop/zam_ws/src/AutoCarROS2/autocar_nav) by extension 'colcon_meta'
[0.256s] Level 1:colcon.colcon_core.package_identification:_identify(/home/jason/Desktop/zam_ws/src/AutoCarROS2/autocar_nav) by extensions ['ros']
[0.256s] Level 1:colcon.colcon_core.package_identification:_identify(/home/jason/Desktop/zam_ws/src/AutoCarROS2/autocar_nav) by extension 'ros'
[0.258s] DEBUG:colcon.colcon_core.package_identification:Package '/home/jason/Desktop/zam_ws/src/AutoCarROS2/autocar_nav' with type 'ros.ament_cmake' and name 'autocar_nav'
[0.259s] Level 1:colcon.colcon_core.package_identification:_identify(/home/jason/Desktop/zam_ws/src/AutoCarROS2/launches) by extensions ['ignore', 'ignore_ament_install']
[0.259s] Level 1:colcon.colcon_core.package_identification:_identify(/home/jason/Desktop/zam_ws/src/AutoCarROS2/launches) by extension 'ignore'
[0.259s] Level 1:colcon.colcon_core.package_identification:_identify(/home/jason/Desktop/zam_ws/src/AutoCarROS2/launches) by extension 'ignore_ament_install'
[0.259s] Level 1:colcon.colcon_core.package_identification:_identify(/home/jason/Desktop/zam_ws/src/AutoCarROS2/launches) by extensions ['colcon_pkg']
[0.259s] Level 1:colcon.colcon_core.package_identification:_identify(/home/jason/Desktop/zam_ws/src/AutoCarROS2/launches) by extension 'colcon_pkg'
[0.259s] Level 1:colcon.colcon_core.package_identification:_identify(/home/jason/Desktop/zam_ws/src/AutoCarROS2/launches) by extensions ['colcon_meta']
[0.259s] Level 1:colcon.colcon_core.package_identification:_identify(/home/jason/Desktop/zam_ws/src/AutoCarROS2/launches) by extension 'colcon_meta'
[0.260s] Level 1:colcon.colcon_core.package_identification:_identify(/home/jason/Desktop/zam_ws/src/AutoCarROS2/launches) by extensions ['ros']
[0.260s] Level 1:colcon.colcon_core.package_identification:_identify(/home/jason/Desktop/zam_ws/src/AutoCarROS2/launches) by extension 'ros'
[0.261s] DEBUG:colcon.colcon_core.package_identification:Package '/home/jason/Desktop/zam_ws/src/AutoCarROS2/launches' with type 'ros.ament_cmake' and name 'launches'
[0.261s] Level 1:colcon.colcon_core.package_identification:_identify(/home/jason/Desktop/zam_ws/src/AutoCarROS2/resources) by extensions ['ignore', 'ignore_ament_install']
[0.261s] Level 1:colcon.colcon_core.package_identification:_identify(/home/jason/Desktop/zam_ws/src/AutoCarROS2/resources) by extension 'ignore'
[0.261s] Level 1:colcon.colcon_core.package_identification:_identify(/home/jason/Desktop/zam_ws/src/AutoCarROS2/resources) by extension 'ignore_ament_install'
[0.262s] Level 1:colcon.colcon_core.package_identification:_identify(/home/jason/Desktop/zam_ws/src/AutoCarROS2/resources) by extensions ['colcon_pkg']
[0.262s] Level 1:colcon.colcon_core.package_identification:_identify(/home/jason/Desktop/zam_ws/src/AutoCarROS2/resources) by extension 'colcon_pkg'
[0.262s] Level 1:colcon.colcon_core.package_identification:_identify(/home/jason/Desktop/zam_ws/src/AutoCarROS2/resources) by extensions ['colcon_meta']
[0.262s] Level 1:colcon.colcon_core.package_identification:_identify(/home/jason/Desktop/zam_ws/src/AutoCarROS2/resources) by extension 'colcon_meta'
[0.262s] Level 1:colcon.colcon_core.package_identification:_identify(/home/jason/Desktop/zam_ws/src/AutoCarROS2/resources) by extensions ['ros']
[0.262s] Level 1:colcon.colcon_core.package_identification:_identify(/home/jason/Desktop/zam_ws/src/AutoCarROS2/resources) by extension 'ros'
[0.262s] Level 1:colcon.colcon_core.package_identification:_identify(/home/jason/Desktop/zam_ws/src/AutoCarROS2/resources) by extensions ['cmake', 'python']
[0.262s] Level 1:colcon.colcon_core.package_identification:_identify(/home/jason/Desktop/zam_ws/src/AutoCarROS2/resources) by extension 'cmake'
[0.262s] Level 1:colcon.colcon_core.package_identification:_identify(/home/jason/Desktop/zam_ws/src/AutoCarROS2/resources) by extension 'python'
[0.262s] Level 1:colcon.colcon_core.package_identification:_identify(/home/jason/Desktop/zam_ws/src/AutoCarROS2/resources) by extensions ['python_setup_py']
[0.262s] Level 1:colcon.colcon_core.package_identification:_identify(/home/jason/Desktop/zam_ws/src/AutoCarROS2/resources) by extension 'python_setup_py'
[0.263s] Level 1:colcon.colcon_core.package_identification:_identify(/home/jason/Desktop/zam_ws/src/keyboard_control) by extensions ['ignore', 'ignore_ament_install']
[0.263s] Level 1:colcon.colcon_core.package_identification:_identify(/home/jason/Desktop/zam_ws/src/keyboard_control) by extension 'ignore'
[0.263s] Level 1:colcon.colcon_core.package_identification:_identify(/home/jason/Desktop/zam_ws/src/keyboard_control) by extension 'ignore_ament_install'
[0.263s] Level 1:colcon.colcon_core.package_identification:_identify(/home/jason/Desktop/zam_ws/src/keyboard_control) by extensions ['colcon_pkg']
[0.263s] Level 1:colcon.colcon_core.package_identification:_identify(/home/jason/Desktop/zam_ws/src/keyboard_control) by extension 'colcon_pkg'
[0.263s] Level 1:colcon.colcon_core.package_identification:_identify(/home/jason/Desktop/zam_ws/src/keyboard_control) by extensions ['colcon_meta']
[0.264s] Level 1:colcon.colcon_core.package_identification:_identify(/home/jason/Desktop/zam_ws/src/keyboard_control) by extension 'colcon_meta'
[0.264s] Level 1:colcon.colcon_core.package_identification:_identify(/home/jason/Desktop/zam_ws/src/keyboard_control) by extensions ['ros']
[0.264s] Level 1:colcon.colcon_core.package_identification:_identify(/home/jason/Desktop/zam_ws/src/keyboard_control) by extension 'ros'
[0.264s] DEBUG:colcon.colcon_core.package_identification:Package '/home/jason/Desktop/zam_ws/src/keyboard_control' with type 'ros.ament_python' and name 'keyboard_control'
[0.265s] Level 1:colcon.colcon_core.package_identification:_identify(/home/jason/Desktop/zam_ws/src/realsense-ros) by extensions ['ignore', 'ignore_ament_install']
[0.265s] Level 1:colcon.colcon_core.package_identification:_identify(/home/jason/Desktop/zam_ws/src/realsense-ros) by extension 'ignore'
[0.265s] Level 1:colcon.colcon_core.package_identification:_identify(/home/jason/Desktop/zam_ws/src/realsense-ros) by extension 'ignore_ament_install'
[0.265s] Level 1:colcon.colcon_core.package_identification:_identify(/home/jason/Desktop/zam_ws/src/realsense-ros) by extensions ['colcon_pkg']
[0.265s] Level 1:colcon.colcon_core.package_identification:_identify(/home/jason/Desktop/zam_ws/src/realsense-ros) by extension 'colcon_pkg'
[0.265s] Level 1:colcon.colcon_core.package_identification:_identify(/home/jason/Desktop/zam_ws/src/realsense-ros) by extensions ['colcon_meta']
[0.265s] Level 1:colcon.colcon_core.package_identification:_identify(/home/jason/Desktop/zam_ws/src/realsense-ros) by extension 'colcon_meta'
[0.265s] Level 1:colcon.colcon_core.package_identification:_identify(/home/jason/Desktop/zam_ws/src/realsense-ros) by extensions ['ros']
[0.265s] Level 1:colcon.colcon_core.package_identification:_identify(/home/jason/Desktop/zam_ws/src/realsense-ros) by extension 'ros'
[0.265s] Level 1:colcon.colcon_core.package_identification:_identify(/home/jason/Desktop/zam_ws/src/realsense-ros) by extensions ['cmake', 'python']
[0.265s] Level 1:colcon.colcon_core.package_identification:_identify(/home/jason/Desktop/zam_ws/src/realsense-ros) by extension 'cmake'
[0.265s] Level 1:colcon.colcon_core.package_identification:_identify(/home/jason/Desktop/zam_ws/src/realsense-ros) by extension 'python'
[0.265s] Level 1:colcon.colcon_core.package_identification:_identify(/home/jason/Desktop/zam_ws/src/realsense-ros) by extensions ['python_setup_py']
[0.265s] Level 1:colcon.colcon_core.package_identification:_identify(/home/jason/Desktop/zam_ws/src/realsense-ros) by extension 'python_setup_py'
[0.265s] Level 1:colcon.colcon_core.package_identification:_identify(/home/jason/Desktop/zam_ws/src/realsense-ros/realsense2_camera) by extensions ['ignore', 'ignore_ament_install']
[0.266s] Level 1:colcon.colcon_core.package_identification:_identify(/home/jason/Desktop/zam_ws/src/realsense-ros/realsense2_camera) by extension 'ignore'
[0.266s] Level 1:colcon.colcon_core.package_identification:_identify(/home/jason/Desktop/zam_ws/src/realsense-ros/realsense2_camera) by extension 'ignore_ament_install'
[0.266s] Level 1:colcon.colcon_core.package_identification:_identify(/home/jason/Desktop/zam_ws/src/realsense-ros/realsense2_camera) by extensions ['colcon_pkg']
[0.266s] Level 1:colcon.colcon_core.package_identification:_identify(/home/jason/Desktop/zam_ws/src/realsense-ros/realsense2_camera) by extension 'colcon_pkg'
[0.266s] Level 1:colcon.colcon_core.package_identification:_identify(/home/jason/Desktop/zam_ws/src/realsense-ros/realsense2_camera) by extensions ['colcon_meta']
[0.266s] Level 1:colcon.colcon_core.package_identification:_identify(/home/jason/Desktop/zam_ws/src/realsense-ros/realsense2_camera) by extension 'colcon_meta'
[0.266s] Level 1:colcon.colcon_core.package_identification:_identify(/home/jason/Desktop/zam_ws/src/realsense-ros/realsense2_camera) by extensions ['ros']
[0.266s] Level 1:colcon.colcon_core.package_identification:_identify(/home/jason/Desktop/zam_ws/src/realsense-ros/realsense2_camera) by extension 'ros'
[0.268s] DEBUG:colcon.colcon_core.package_identification:Package '/home/jason/Desktop/zam_ws/src/realsense-ros/realsense2_camera' with type 'ros.ament_cmake' and name 'realsense2_camera'
[0.268s] Level 1:colcon.colcon_core.package_identification:_identify(/home/jason/Desktop/zam_ws/src/realsense-ros/realsense2_camera_msgs) by extensions ['ignore', 'ignore_ament_install']
[0.269s] Level 1:colcon.colcon_core.package_identification:_identify(/home/jason/Desktop/zam_ws/src/realsense-ros/realsense2_camera_msgs) by extension 'ignore'
[0.269s] Level 1:colcon.colcon_core.package_identification:_identify(/home/jason/Desktop/zam_ws/src/realsense-ros/realsense2_camera_msgs) by extension 'ignore_ament_install'
[0.269s] Level 1:colcon.colcon_core.package_identification:_identify(/home/jason/Desktop/zam_ws/src/realsense-ros/realsense2_camera_msgs) by extensions ['colcon_pkg']
[0.269s] Level 1:colcon.colcon_core.package_identification:_identify(/home/jason/Desktop/zam_ws/src/realsense-ros/realsense2_camera_msgs) by extension 'colcon_pkg'
[0.269s] Level 1:colcon.colcon_core.package_identification:_identify(/home/jason/Desktop/zam_ws/src/realsense-ros/realsense2_camera_msgs) by extensions ['colcon_meta']
[0.269s] Level 1:colcon.colcon_core.package_identification:_identify(/home/jason/Desktop/zam_ws/src/realsense-ros/realsense2_camera_msgs) by extension 'colcon_meta'
[0.269s] Level 1:colcon.colcon_core.package_identification:_identify(/home/jason/Desktop/zam_ws/src/realsense-ros/realsense2_camera_msgs) by extensions ['ros']
[0.269s] Level 1:colcon.colcon_core.package_identification:_identify(/home/jason/Desktop/zam_ws/src/realsense-ros/realsense2_camera_msgs) by extension 'ros'
[0.270s] DEBUG:colcon.colcon_core.package_identification:Package '/home/jason/Desktop/zam_ws/src/realsense-ros/realsense2_camera_msgs' with type 'ros.ament_cmake' and name 'realsense2_camera_msgs'
[0.271s] Level 1:colcon.colcon_core.package_identification:_identify(/home/jason/Desktop/zam_ws/src/realsense-ros/realsense2_description) by extensions ['ignore', 'ignore_ament_install']
[0.271s] Level 1:colcon.colcon_core.package_identification:_identify(/home/jason/Desktop/zam_ws/src/realsense-ros/realsense2_description) by extension 'ignore'
[0.271s] Level 1:colcon.colcon_core.package_identification:_identify(/home/jason/Desktop/zam_ws/src/realsense-ros/realsense2_description) by extension 'ignore_ament_install'
[0.271s] Level 1:colcon.colcon_core.package_identification:_identify(/home/jason/Desktop/zam_ws/src/realsense-ros/realsense2_description) by extensions ['colcon_pkg']
[0.271s] Level 1:colcon.colcon_core.package_identification:_identify(/home/jason/Desktop/zam_ws/src/realsense-ros/realsense2_description) by extension 'colcon_pkg'
[0.271s] Level 1:colcon.colcon_core.package_identification:_identify(/home/jason/Desktop/zam_ws/src/realsense-ros/realsense2_description) by extensions ['colcon_meta']
[0.271s] Level 1:colcon.colcon_core.package_identification:_identify(/home/jason/Desktop/zam_ws/src/realsense-ros/realsense2_description) by extension 'colcon_meta'
[0.271s] Level 1:colcon.colcon_core.package_identification:_identify(/home/jason/Desktop/zam_ws/src/realsense-ros/realsense2_description) by extensions ['ros']
[0.271s] Level 1:colcon.colcon_core.package_identification:_identify(/home/jason/Desktop/zam_ws/src/realsense-ros/realsense2_description) by extension 'ros'
[0.273s] DEBUG:colcon.colcon_core.package_identification:Package '/home/jason/Desktop/zam_ws/src/realsense-ros/realsense2_description' with type 'ros.ament_cmake' and name 'realsense2_description'
[0.273s] Level 1:colcon.colcon_core.package_identification:_identify(/home/jason/Desktop/zam_ws/src/realsense-ros/scripts) by extensions ['ignore', 'ignore_ament_install']
[0.274s] Level 1:colcon.colcon_core.package_identification:_identify(/home/jason/Desktop/zam_ws/src/realsense-ros/scripts) by extension 'ignore'
[0.274s] Level 1:colcon.colcon_core.package_identification:_identify(/home/jason/Desktop/zam_ws/src/realsense-ros/scripts) by extension 'ignore_ament_install'
[0.274s] Level 1:colcon.colcon_core.package_identification:_identify(/home/jason/Desktop/zam_ws/src/realsense-ros/scripts) by extensions ['colcon_pkg']
[0.274s] Level 1:colcon.colcon_core.package_identification:_identify(/home/jason/Desktop/zam_ws/src/realsense-ros/scripts) by extension 'colcon_pkg'
[0.274s] Level 1:colcon.colcon_core.package_identification:_identify(/home/jason/Desktop/zam_ws/src/realsense-ros/scripts) by extensions ['colcon_meta']
[0.274s] Level 1:colcon.colcon_core.package_identification:_identify(/home/jason/Desktop/zam_ws/src/realsense-ros/scripts) by extension 'colcon_meta'
[0.274s] Level 1:colcon.colcon_core.package_identification:_identify(/home/jason/Desktop/zam_ws/src/realsense-ros/scripts) by extensions ['ros']
[0.275s] Level 1:colcon.colcon_core.package_identification:_identify(/home/jason/Desktop/zam_ws/src/realsense-ros/scripts) by extension 'ros'
[0.275s] Level 1:colcon.colcon_core.package_identification:_identify(/home/jason/Desktop/zam_ws/src/realsense-ros/scripts) by extensions ['cmake', 'python']
[0.275s] Level 1:colcon.colcon_core.package_identification:_identify(/home/jason/Desktop/zam_ws/src/realsense-ros/scripts) by extension 'cmake'
[0.275s] Level 1:colcon.colcon_core.package_identification:_identify(/home/jason/Desktop/zam_ws/src/realsense-ros/scripts) by extension 'python'
[0.275s] Level 1:colcon.colcon_core.package_identification:_identify(/home/jason/Desktop/zam_ws/src/realsense-ros/scripts) by extensions ['python_setup_py']
[0.275s] Level 1:colcon.colcon_core.package_identification:_identify(/home/jason/Desktop/zam_ws/src/realsense-ros/scripts) by extension 'python_setup_py'
[0.275s] Level 1:colcon.colcon_core.package_discovery:discover_packages(recursive) using defaults
