[0.072s] Invoking command in '/home/jason/Desktop/zam_ws/build/autocar_map': CMAKE_PREFIX_PATH=${CMAKE_PREFIX_PATH}:/home/jason/Desktop/zam_ws/install/zam_tools:/opt/ros/foxy /usr/bin/cmake --build /home/jason/Desktop/zam_ws/build/autocar_map -- -j4 -l4
[0.379s] [100%] Built target bof
[0.473s] Invoked command in '/home/jason/Desktop/zam_ws/build/autocar_map' returned '0': CMAKE_PREFIX_PATH=${CMAKE_PREFIX_PATH}:/home/jason/Desktop/zam_ws/install/zam_tools:/opt/ros/foxy /usr/bin/cmake --build /home/jason/Desktop/zam_ws/build/autocar_map -- -j4 -l4
[0.614s] Invoking command in '/home/jason/Desktop/zam_ws/build/autocar_map': CMAKE_PREFIX_PATH=${CMAKE_PREFIX_PATH}:/home/jason/Desktop/zam_ws/install/zam_tools:/opt/ros/foxy /usr/bin/cmake --install /home/jason/Desktop/zam_ws/build/autocar_map
[0.642s] -- Install configuration: ""
[0.643s] -- Execute custom install script
[0.645s] -- Up-to-date symlink: /home/jason/Desktop/zam_ws/install/autocar_map/lib/autocar_map/bof
[0.646s] -- Up-to-date symlink: /home/jason/Desktop/zam_ws/install/autocar_map/share/ament_index/resource_index/package_run_dependencies/autocar_map
[0.647s] -- Up-to-date symlink: /home/jason/Desktop/zam_ws/install/autocar_map/share/ament_index/resource_index/parent_prefix_path/autocar_map
[0.648s] -- Up-to-date symlink: /home/jason/Desktop/zam_ws/install/autocar_map/share/autocar_map/environment/ament_prefix_path.sh
[0.649s] -- Up-to-date symlink: /home/jason/Desktop/zam_ws/install/autocar_map/share/autocar_map/environment/ament_prefix_path.dsv
[0.650s] -- Up-to-date symlink: /home/jason/Desktop/zam_ws/install/autocar_map/share/autocar_map/environment/path.sh
[0.651s] -- Up-to-date symlink: /home/jason/Desktop/zam_ws/install/autocar_map/share/autocar_map/environment/path.dsv
[0.664s] -- Up-to-date symlink: /home/jason/Desktop/zam_ws/install/autocar_map/share/autocar_map/local_setup.bash
[0.664s] -- Up-to-date symlink: /home/jason/Desktop/zam_ws/install/autocar_map/share/autocar_map/local_setup.sh
[0.664s] -- Up-to-date symlink: /home/jason/Desktop/zam_ws/install/autocar_map/share/autocar_map/local_setup.zsh
[0.685s] -- Up-to-date symlink: /home/jason/Desktop/zam_ws/install/autocar_map/share/autocar_map/local_setup.dsv
[0.685s] -- Symlinking: /home/jason/Desktop/zam_ws/install/autocar_map/share/autocar_map/package.dsv
[0.688s] -- Up-to-date symlink: /home/jason/Desktop/zam_ws/install/autocar_map/share/ament_index/resource_index/packages/autocar_map
[0.688s] -- Up-to-date symlink: /home/jason/Desktop/zam_ws/install/autocar_map/share/autocar_map/cmake/autocar_mapConfig.cmake
[0.688s] -- Up-to-date symlink: /home/jason/Desktop/zam_ws/install/autocar_map/share/autocar_map/cmake/autocar_mapConfig-version.cmake
[0.688s] -- Up-to-date symlink: /home/jason/Desktop/zam_ws/install/autocar_map/share/autocar_map/package.xml
[0.721s] Invoked command in '/home/jason/Desktop/zam_ws/build/autocar_map' returned '0': CMAKE_PREFIX_PATH=${CMAKE_PREFIX_PATH}:/home/jason/Desktop/zam_ws/install/zam_tools:/opt/ros/foxy /usr/bin/cmake --install /home/jason/Desktop/zam_ws/build/autocar_map
