[0.103s] Invoking command in '/home/jason/Desktop/zam_ws/build/realsense_ros': CMAKE_PREFIX_PATH=/home/jason/Desktop/zam_ws/install/realsense_msgs:/home/jason/Desktop/zam_ws/install/realsense_ros2:/home/jason/Desktop/zam_ws/install/realsense_examples:/home/jason/Desktop/zam_ws/install/realsense_node:/home/jason/Desktop/zam_ws/install/realsense_ros:/home/jason/Desktop/zam_ws/install/keyboard_control:/home/jason/Desktop/zam_ws/install/zam_tools:/opt/ros/foxy:/home/jason/Desktop/zam_ws/install/realsense_gazebo_plugin:/home/jason/Desktop/zam_ws/install/realsense2_description:/home/jason/Desktop/zam_ws/install/realsense2_camera:/home/jason/Desktop/zam_ws/install/realsense2_camera_msgs:/home/jason/Desktop/zam_ws/install/launches:/home/jason/Desktop/zam_ws/install/autocar_nav:/home/jason/Desktop/zam_ws/install/autocar_msgs:/home/jason/Desktop/zam_ws/install/autocar_map:/home/jason/Desktop/zam_ws/install/autocar_gazebo:/home/jason/Desktop/zam_ws/install/autocar_description LD_LIBRARY_PATH=/home/jason/Desktop/zam_ws/install/realsense_msgs/lib:/home/jason/Desktop/zam_ws/install/realsense_ros/lib:/home/jason/Desktop/zam_ws/install/realsense_gazebo_plugin/lib:/home/jason/Desktop/zam_ws/install/realsense2_camera/lib:/home/jason/Desktop/zam_ws/install/realsense2_camera_msgs/lib:/home/jason/Desktop/zam_ws/install/autocar_msgs/lib:/usr/lib/x86_64-linux-gnu/gazebo-11/plugins:/opt/ros/foxy/opt/yaml_cpp_vendor/lib:/opt/ros/foxy/opt/rviz_ogre_vendor/lib:/opt/ros/foxy/lib/x86_64-linux-gnu:/opt/ros/foxy/lib /usr/bin/cmake --build /home/jason/Desktop/zam_ws/build/realsense_ros -- -j4 -l4
[0.272s] [ 16%] Built target gtest_main
[0.290s] [ 33%] Built target gtest
[0.322s] [ 83%] Built target realsense_ros
[0.403s] [100%] Built target camera_core
[0.427s] Invoked command in '/home/jason/Desktop/zam_ws/build/realsense_ros' returned '0': CMAKE_PREFIX_PATH=/home/jason/Desktop/zam_ws/install/realsense_msgs:/home/jason/Desktop/zam_ws/install/realsense_ros2:/home/jason/Desktop/zam_ws/install/realsense_examples:/home/jason/Desktop/zam_ws/install/realsense_node:/home/jason/Desktop/zam_ws/install/realsense_ros:/home/jason/Desktop/zam_ws/install/keyboard_control:/home/jason/Desktop/zam_ws/install/zam_tools:/opt/ros/foxy:/home/jason/Desktop/zam_ws/install/realsense_gazebo_plugin:/home/jason/Desktop/zam_ws/install/realsense2_description:/home/jason/Desktop/zam_ws/install/realsense2_camera:/home/jason/Desktop/zam_ws/install/realsense2_camera_msgs:/home/jason/Desktop/zam_ws/install/launches:/home/jason/Desktop/zam_ws/install/autocar_nav:/home/jason/Desktop/zam_ws/install/autocar_msgs:/home/jason/Desktop/zam_ws/install/autocar_map:/home/jason/Desktop/zam_ws/install/autocar_gazebo:/home/jason/Desktop/zam_ws/install/autocar_description LD_LIBRARY_PATH=/home/jason/Desktop/zam_ws/install/realsense_msgs/lib:/home/jason/Desktop/zam_ws/install/realsense_ros/lib:/home/jason/Desktop/zam_ws/install/realsense_gazebo_plugin/lib:/home/jason/Desktop/zam_ws/install/realsense2_camera/lib:/home/jason/Desktop/zam_ws/install/realsense2_camera_msgs/lib:/home/jason/Desktop/zam_ws/install/autocar_msgs/lib:/usr/lib/x86_64-linux-gnu/gazebo-11/plugins:/opt/ros/foxy/opt/yaml_cpp_vendor/lib:/opt/ros/foxy/opt/rviz_ogre_vendor/lib:/opt/ros/foxy/lib/x86_64-linux-gnu:/opt/ros/foxy/lib /usr/bin/cmake --build /home/jason/Desktop/zam_ws/build/realsense_ros -- -j4 -l4
[0.536s] Invoking command in '/home/jason/Desktop/zam_ws/build/realsense_ros': CMAKE_PREFIX_PATH=/home/jason/Desktop/zam_ws/install/realsense_msgs:/home/jason/Desktop/zam_ws/install/realsense_ros2:/home/jason/Desktop/zam_ws/install/realsense_examples:/home/jason/Desktop/zam_ws/install/realsense_node:/home/jason/Desktop/zam_ws/install/realsense_ros:/home/jason/Desktop/zam_ws/install/keyboard_control:/home/jason/Desktop/zam_ws/install/zam_tools:/opt/ros/foxy:/home/jason/Desktop/zam_ws/install/realsense_gazebo_plugin:/home/jason/Desktop/zam_ws/install/realsense2_description:/home/jason/Desktop/zam_ws/install/realsense2_camera:/home/jason/Desktop/zam_ws/install/realsense2_camera_msgs:/home/jason/Desktop/zam_ws/install/launches:/home/jason/Desktop/zam_ws/install/autocar_nav:/home/jason/Desktop/zam_ws/install/autocar_msgs:/home/jason/Desktop/zam_ws/install/autocar_map:/home/jason/Desktop/zam_ws/install/autocar_gazebo:/home/jason/Desktop/zam_ws/install/autocar_description LD_LIBRARY_PATH=/home/jason/Desktop/zam_ws/install/realsense_msgs/lib:/home/jason/Desktop/zam_ws/install/realsense_ros/lib:/home/jason/Desktop/zam_ws/install/realsense_gazebo_plugin/lib:/home/jason/Desktop/zam_ws/install/realsense2_camera/lib:/home/jason/Desktop/zam_ws/install/realsense2_camera_msgs/lib:/home/jason/Desktop/zam_ws/install/autocar_msgs/lib:/usr/lib/x86_64-linux-gnu/gazebo-11/plugins:/opt/ros/foxy/opt/yaml_cpp_vendor/lib:/opt/ros/foxy/opt/rviz_ogre_vendor/lib:/opt/ros/foxy/lib/x86_64-linux-gnu:/opt/ros/foxy/lib /usr/bin/cmake --install /home/jason/Desktop/zam_ws/build/realsense_ros
[0.553s] -- Install configuration: ""
[0.553s] -- Execute custom install script
[0.554s] -- Up-to-date symlink: /home/jason/Desktop/zam_ws/install/realsense_ros/lib/librealsense_ros.so
[0.557s] -- Up-to-date symlink: /home/jason/Desktop/zam_ws/install/realsense_ros/include/realsense/rs_base.hpp
[0.558s] -- Up-to-date symlink: /home/jason/Desktop/zam_ws/install/realsense_ros/include/realsense/rs_constants.hpp
[0.558s] -- Up-to-date symlink: /home/jason/Desktop/zam_ws/install/realsense_ros/include/realsense/rs_d435.hpp
[0.558s] -- Up-to-date symlink: /home/jason/Desktop/zam_ws/install/realsense_ros/include/realsense/rs_d435i.hpp
[0.567s] -- Up-to-date symlink: /home/jason/Desktop/zam_ws/install/realsense_ros/include/realsense/rs_factory.hpp
[0.568s] -- Up-to-date symlink: /home/jason/Desktop/zam_ws/install/realsense_ros/include/realsense/rs_t265.hpp
[0.568s] -- Up-to-date symlink: /home/jason/Desktop/zam_ws/install/realsense_ros/share/realsense_ros/environment/library_path.sh
[0.574s] -- Up-to-date symlink: /home/jason/Desktop/zam_ws/install/realsense_ros/share/realsense_ros/environment/library_path.dsv
[0.574s] -- Up-to-date symlink: /home/jason/Desktop/zam_ws/install/realsense_ros/share/ament_index/resource_index/package_run_dependencies/realsense_ros
[0.575s] -- Up-to-date symlink: /home/jason/Desktop/zam_ws/install/realsense_ros/share/ament_index/resource_index/parent_prefix_path/realsense_ros
[0.580s] -- Up-to-date symlink: /home/jason/Desktop/zam_ws/install/realsense_ros/share/realsense_ros/environment/ament_prefix_path.sh
[0.580s] -- Up-to-date symlink: /home/jason/Desktop/zam_ws/install/realsense_ros/share/realsense_ros/environment/ament_prefix_path.dsv
[0.580s] -- Up-to-date symlink: /home/jason/Desktop/zam_ws/install/realsense_ros/share/realsense_ros/environment/path.sh
[0.580s] -- Up-to-date symlink: /home/jason/Desktop/zam_ws/install/realsense_ros/share/realsense_ros/environment/path.dsv
[0.581s] -- Up-to-date symlink: /home/jason/Desktop/zam_ws/install/realsense_ros/share/realsense_ros/local_setup.bash
[0.581s] -- Up-to-date symlink: /home/jason/Desktop/zam_ws/install/realsense_ros/share/realsense_ros/local_setup.sh
[0.581s] -- Up-to-date symlink: /home/jason/Desktop/zam_ws/install/realsense_ros/share/realsense_ros/local_setup.zsh
[0.581s] -- Up-to-date symlink: /home/jason/Desktop/zam_ws/install/realsense_ros/share/realsense_ros/local_setup.dsv
[0.581s] -- Symlinking: /home/jason/Desktop/zam_ws/install/realsense_ros/share/realsense_ros/package.dsv
[0.587s] -- Up-to-date symlink: /home/jason/Desktop/zam_ws/install/realsense_ros/share/ament_index/resource_index/packages/realsense_ros
[0.587s] -- Up-to-date symlink: /home/jason/Desktop/zam_ws/install/realsense_ros/share/ament_index/resource_index/rclcpp_components/realsense_ros
[0.587s] -- Up-to-date symlink: /home/jason/Desktop/zam_ws/install/realsense_ros/share/realsense_ros/cmake/ament_cmake_export_include_directories-extras.cmake
[0.588s] -- Up-to-date symlink: /home/jason/Desktop/zam_ws/install/realsense_ros/share/realsense_ros/cmake/ament_cmake_export_libraries-extras.cmake
[0.588s] -- Up-to-date symlink: /home/jason/Desktop/zam_ws/install/realsense_ros/share/realsense_ros/cmake/realsense_rosConfig.cmake
[0.588s] -- Up-to-date symlink: /home/jason/Desktop/zam_ws/install/realsense_ros/share/realsense_ros/cmake/realsense_rosConfig-version.cmake
[0.588s] -- Up-to-date symlink: /home/jason/Desktop/zam_ws/install/realsense_ros/share/realsense_ros/package.xml
[0.594s] Invoked command in '/home/jason/Desktop/zam_ws/build/realsense_ros' returned '0': CMAKE_PREFIX_PATH=/home/jason/Desktop/zam_ws/install/realsense_msgs:/home/jason/Desktop/zam_ws/install/realsense_ros2:/home/jason/Desktop/zam_ws/install/realsense_examples:/home/jason/Desktop/zam_ws/install/realsense_node:/home/jason/Desktop/zam_ws/install/realsense_ros:/home/jason/Desktop/zam_ws/install/keyboard_control:/home/jason/Desktop/zam_ws/install/zam_tools:/opt/ros/foxy:/home/jason/Desktop/zam_ws/install/realsense_gazebo_plugin:/home/jason/Desktop/zam_ws/install/realsense2_description:/home/jason/Desktop/zam_ws/install/realsense2_camera:/home/jason/Desktop/zam_ws/install/realsense2_camera_msgs:/home/jason/Desktop/zam_ws/install/launches:/home/jason/Desktop/zam_ws/install/autocar_nav:/home/jason/Desktop/zam_ws/install/autocar_msgs:/home/jason/Desktop/zam_ws/install/autocar_map:/home/jason/Desktop/zam_ws/install/autocar_gazebo:/home/jason/Desktop/zam_ws/install/autocar_description LD_LIBRARY_PATH=/home/jason/Desktop/zam_ws/install/realsense_msgs/lib:/home/jason/Desktop/zam_ws/install/realsense_ros/lib:/home/jason/Desktop/zam_ws/install/realsense_gazebo_plugin/lib:/home/jason/Desktop/zam_ws/install/realsense2_camera/lib:/home/jason/Desktop/zam_ws/install/realsense2_camera_msgs/lib:/home/jason/Desktop/zam_ws/install/autocar_msgs/lib:/usr/lib/x86_64-linux-gnu/gazebo-11/plugins:/opt/ros/foxy/opt/yaml_cpp_vendor/lib:/opt/ros/foxy/opt/rviz_ogre_vendor/lib:/opt/ros/foxy/lib/x86_64-linux-gnu:/opt/ros/foxy/lib /usr/bin/cmake --install /home/jason/Desktop/zam_ws/build/realsense_ros
