[0.107s] Invoking command in '/home/jason/Desktop/zam_ws/build/realsense_examples': CMAKE_PREFIX_PATH=/home/jason/Desktop/zam_ws/install/realsense_node:/home/jason/Desktop/zam_ws/install/realsense_ros:/home/jason/Desktop/zam_ws/install/realsense_msgs:/home/jason/Desktop/zam_ws/install/realsense_ros2:/home/jason/Desktop/zam_ws/install/realsense_examples:/home/jason/Desktop/zam_ws/install/zam_tools:/home/jason/Desktop/zam_ws/install/keyboard_control:/opt/ros/foxy:/home/jason/Desktop/zam_ws/install/realsense_gazebo_plugin:/home/jason/Desktop/zam_ws/install/realsense2_description:/home/jason/Desktop/zam_ws/install/realsense2_camera:/home/jason/Desktop/zam_ws/install/realsense2_camera_msgs:/home/jason/Desktop/zam_ws/install/launches:/home/jason/Desktop/zam_ws/install/autocar_nav:/home/jason/Desktop/zam_ws/install/autocar_msgs:/home/jason/Desktop/zam_ws/install/autocar_map:/home/jason/Desktop/zam_ws/install/autocar_gazebo:/home/jason/Desktop/zam_ws/install/autocar_description PYTHONPATH=/home/jason/Desktop/zam_ws/install/realsense_msgs/lib/python3.8/site-packages:/home/jason/Desktop/zam_ws/build/zam_tools:/home/jason/Desktop/zam_ws/install/zam_tools/lib/python3.8/site-packages:/home/jason/Desktop/zam_ws/install/realsense2_camera_msgs/lib/python3.8/site-packages:/home/jason/Desktop/zam_ws/build/keyboard_control:/home/jason/Desktop/zam_ws/install/keyboard_control/lib/python3.8/site-packages:/home/jason/Desktop/zam_ws/install/autocar_nav/lib/python3.8/site-packages:/home/jason/Desktop/zam_ws/install/autocar_msgs/lib/python3.8/site-packages:/opt/ros/foxy/lib/python3.8/site-packages /usr/bin/cmake --build /home/jason/Desktop/zam_ws/build/realsense_examples -- -j4 -l4
[0.291s] Invoked command in '/home/jason/Desktop/zam_ws/build/realsense_examples' returned '0': CMAKE_PREFIX_PATH=/home/jason/Desktop/zam_ws/install/realsense_node:/home/jason/Desktop/zam_ws/install/realsense_ros:/home/jason/Desktop/zam_ws/install/realsense_msgs:/home/jason/Desktop/zam_ws/install/realsense_ros2:/home/jason/Desktop/zam_ws/install/realsense_examples:/home/jason/Desktop/zam_ws/install/zam_tools:/home/jason/Desktop/zam_ws/install/keyboard_control:/opt/ros/foxy:/home/jason/Desktop/zam_ws/install/realsense_gazebo_plugin:/home/jason/Desktop/zam_ws/install/realsense2_description:/home/jason/Desktop/zam_ws/install/realsense2_camera:/home/jason/Desktop/zam_ws/install/realsense2_camera_msgs:/home/jason/Desktop/zam_ws/install/launches:/home/jason/Desktop/zam_ws/install/autocar_nav:/home/jason/Desktop/zam_ws/install/autocar_msgs:/home/jason/Desktop/zam_ws/install/autocar_map:/home/jason/Desktop/zam_ws/install/autocar_gazebo:/home/jason/Desktop/zam_ws/install/autocar_description PYTHONPATH=/home/jason/Desktop/zam_ws/install/realsense_msgs/lib/python3.8/site-packages:/home/jason/Desktop/zam_ws/build/zam_tools:/home/jason/Desktop/zam_ws/install/zam_tools/lib/python3.8/site-packages:/home/jason/Desktop/zam_ws/install/realsense2_camera_msgs/lib/python3.8/site-packages:/home/jason/Desktop/zam_ws/build/keyboard_control:/home/jason/Desktop/zam_ws/install/keyboard_control/lib/python3.8/site-packages:/home/jason/Desktop/zam_ws/install/autocar_nav/lib/python3.8/site-packages:/home/jason/Desktop/zam_ws/install/autocar_msgs/lib/python3.8/site-packages:/opt/ros/foxy/lib/python3.8/site-packages /usr/bin/cmake --build /home/jason/Desktop/zam_ws/build/realsense_examples -- -j4 -l4
[0.438s] Invoking command in '/home/jason/Desktop/zam_ws/build/realsense_examples': CMAKE_PREFIX_PATH=/home/jason/Desktop/zam_ws/install/realsense_node:/home/jason/Desktop/zam_ws/install/realsense_ros:/home/jason/Desktop/zam_ws/install/realsense_msgs:/home/jason/Desktop/zam_ws/install/realsense_ros2:/home/jason/Desktop/zam_ws/install/realsense_examples:/home/jason/Desktop/zam_ws/install/zam_tools:/home/jason/Desktop/zam_ws/install/keyboard_control:/opt/ros/foxy:/home/jason/Desktop/zam_ws/install/realsense_gazebo_plugin:/home/jason/Desktop/zam_ws/install/realsense2_description:/home/jason/Desktop/zam_ws/install/realsense2_camera:/home/jason/Desktop/zam_ws/install/realsense2_camera_msgs:/home/jason/Desktop/zam_ws/install/launches:/home/jason/Desktop/zam_ws/install/autocar_nav:/home/jason/Desktop/zam_ws/install/autocar_msgs:/home/jason/Desktop/zam_ws/install/autocar_map:/home/jason/Desktop/zam_ws/install/autocar_gazebo:/home/jason/Desktop/zam_ws/install/autocar_description PYTHONPATH=/home/jason/Desktop/zam_ws/install/realsense_msgs/lib/python3.8/site-packages:/home/jason/Desktop/zam_ws/build/zam_tools:/home/jason/Desktop/zam_ws/install/zam_tools/lib/python3.8/site-packages:/home/jason/Desktop/zam_ws/install/realsense2_camera_msgs/lib/python3.8/site-packages:/home/jason/Desktop/zam_ws/build/keyboard_control:/home/jason/Desktop/zam_ws/install/keyboard_control/lib/python3.8/site-packages:/home/jason/Desktop/zam_ws/install/autocar_nav/lib/python3.8/site-packages:/home/jason/Desktop/zam_ws/install/autocar_msgs/lib/python3.8/site-packages:/opt/ros/foxy/lib/python3.8/site-packages /usr/bin/cmake --install /home/jason/Desktop/zam_ws/build/realsense_examples
[0.457s] -- Install configuration: ""
[0.459s] -- Execute custom install script
[0.460s] -- Up-to-date symlink: /home/jason/Desktop/zam_ws/install/realsense_examples/share/realsense_examples/launch/rs_camera.launch.py
[0.461s] -- Up-to-date symlink: /home/jason/Desktop/zam_ws/install/realsense_examples/share/realsense_examples/launch/rs_cartographer.launch.py
[0.461s] -- Up-to-date symlink: /home/jason/Desktop/zam_ws/install/realsense_examples/share/realsense_examples/launch/rs_demo_rgbd.launch.py
[0.462s] -- Up-to-date symlink: /home/jason/Desktop/zam_ws/install/realsense_examples/share/realsense_examples/launch/rs_demo_t265.launch.py
[0.462s] -- Up-to-date symlink: /home/jason/Desktop/zam_ws/install/realsense_examples/share/realsense_examples/launch/rs_multiple_devices.launch.py
[0.463s] -- Up-to-date symlink: /home/jason/Desktop/zam_ws/install/realsense_examples/share/realsense_examples/launch/rs_nav.launch.py
[0.463s] -- Up-to-date symlink: /home/jason/Desktop/zam_ws/install/realsense_examples/share/realsense_examples/launch/rs_t265_and_d400.launch.py
[0.464s] -- Up-to-date symlink: /home/jason/Desktop/zam_ws/install/realsense_examples/share/realsense_examples/launch/tb3_robot.launch.py
[0.464s] -- Up-to-date symlink: /home/jason/Desktop/zam_ws/install/realsense_examples/share/realsense_examples/launch/template.launch.py
[0.465s] -- Up-to-date symlink: /home/jason/Desktop/zam_ws/install/realsense_examples/share/realsense_examples/config/d415.yaml
[0.466s] -- Up-to-date symlink: /home/jason/Desktop/zam_ws/install/realsense_examples/share/realsense_examples/config/d435.yaml
[0.467s] -- Up-to-date symlink: /home/jason/Desktop/zam_ws/install/realsense_examples/share/realsense_examples/config/d435i.yaml
[0.467s] -- Up-to-date symlink: /home/jason/Desktop/zam_ws/install/realsense_examples/share/realsense_examples/config/demo_rgbd.rviz
[0.468s] -- Up-to-date symlink: /home/jason/Desktop/zam_ws/install/realsense_examples/share/realsense_examples/config/demo_t265.rviz
[0.468s] -- Up-to-date symlink: /home/jason/Desktop/zam_ws/install/realsense_examples/share/realsense_examples/config/rs_cartographer.lua
[0.469s] -- Up-to-date symlink: /home/jason/Desktop/zam_ws/install/realsense_examples/share/realsense_examples/config/rs_cartographer.rviz
[0.469s] -- Up-to-date symlink: /home/jason/Desktop/zam_ws/install/realsense_examples/share/realsense_examples/config/t265.yaml
[0.470s] -- Up-to-date symlink: /home/jason/Desktop/zam_ws/install/realsense_examples/share/ament_index/resource_index/package_run_dependencies/realsense_examples
[0.471s] -- Up-to-date symlink: /home/jason/Desktop/zam_ws/install/realsense_examples/share/ament_index/resource_index/parent_prefix_path/realsense_examples
[0.472s] -- Up-to-date symlink: /home/jason/Desktop/zam_ws/install/realsense_examples/share/realsense_examples/environment/ament_prefix_path.sh
[0.473s] -- Up-to-date symlink: /home/jason/Desktop/zam_ws/install/realsense_examples/share/realsense_examples/environment/ament_prefix_path.dsv
[0.474s] -- Up-to-date symlink: /home/jason/Desktop/zam_ws/install/realsense_examples/share/realsense_examples/environment/path.sh
[0.475s] -- Up-to-date symlink: /home/jason/Desktop/zam_ws/install/realsense_examples/share/realsense_examples/environment/path.dsv
[0.476s] -- Up-to-date symlink: /home/jason/Desktop/zam_ws/install/realsense_examples/share/realsense_examples/local_setup.bash
[0.476s] -- Up-to-date symlink: /home/jason/Desktop/zam_ws/install/realsense_examples/share/realsense_examples/local_setup.sh
[0.477s] -- Up-to-date symlink: /home/jason/Desktop/zam_ws/install/realsense_examples/share/realsense_examples/local_setup.zsh
[0.478s] -- Up-to-date symlink: /home/jason/Desktop/zam_ws/install/realsense_examples/share/realsense_examples/local_setup.dsv
[0.478s] -- Symlinking: /home/jason/Desktop/zam_ws/install/realsense_examples/share/realsense_examples/package.dsv
[0.496s] -- Up-to-date symlink: /home/jason/Desktop/zam_ws/install/realsense_examples/share/ament_index/resource_index/packages/realsense_examples
[0.497s] -- Up-to-date symlink: /home/jason/Desktop/zam_ws/install/realsense_examples/share/realsense_examples/cmake/realsense_examplesConfig.cmake
[0.499s] -- Up-to-date symlink: /home/jason/Desktop/zam_ws/install/realsense_examples/share/realsense_examples/cmake/realsense_examplesConfig-version.cmake
[0.499s] -- Up-to-date symlink: /home/jason/Desktop/zam_ws/install/realsense_examples/share/realsense_examples/package.xml
[0.505s] Invoked command in '/home/jason/Desktop/zam_ws/build/realsense_examples' returned '0': CMAKE_PREFIX_PATH=/home/jason/Desktop/zam_ws/install/realsense_node:/home/jason/Desktop/zam_ws/install/realsense_ros:/home/jason/Desktop/zam_ws/install/realsense_msgs:/home/jason/Desktop/zam_ws/install/realsense_ros2:/home/jason/Desktop/zam_ws/install/realsense_examples:/home/jason/Desktop/zam_ws/install/zam_tools:/home/jason/Desktop/zam_ws/install/keyboard_control:/opt/ros/foxy:/home/jason/Desktop/zam_ws/install/realsense_gazebo_plugin:/home/jason/Desktop/zam_ws/install/realsense2_description:/home/jason/Desktop/zam_ws/install/realsense2_camera:/home/jason/Desktop/zam_ws/install/realsense2_camera_msgs:/home/jason/Desktop/zam_ws/install/launches:/home/jason/Desktop/zam_ws/install/autocar_nav:/home/jason/Desktop/zam_ws/install/autocar_msgs:/home/jason/Desktop/zam_ws/install/autocar_map:/home/jason/Desktop/zam_ws/install/autocar_gazebo:/home/jason/Desktop/zam_ws/install/autocar_description PYTHONPATH=/home/jason/Desktop/zam_ws/install/realsense_msgs/lib/python3.8/site-packages:/home/jason/Desktop/zam_ws/build/zam_tools:/home/jason/Desktop/zam_ws/install/zam_tools/lib/python3.8/site-packages:/home/jason/Desktop/zam_ws/install/realsense2_camera_msgs/lib/python3.8/site-packages:/home/jason/Desktop/zam_ws/build/keyboard_control:/home/jason/Desktop/zam_ws/install/keyboard_control/lib/python3.8/site-packages:/home/jason/Desktop/zam_ws/install/autocar_nav/lib/python3.8/site-packages:/home/jason/Desktop/zam_ws/install/autocar_msgs/lib/python3.8/site-packages:/opt/ros/foxy/lib/python3.8/site-packages /usr/bin/cmake --install /home/jason/Desktop/zam_ws/build/realsense_examples
