[35m[1mScanning dependencies of target rs_d435_node[0m
[ 50%] Built target rs_t265_node
[ 75%] [32mBuilding CXX object CMakeFiles/rs_d435_node.dir/src/rs_d435_node.cpp.o[0m
[100%] [32m[1mLinking CXX executable rs_d435_node[0m
[100%] Built target rs_d435_node
-- Install configuration: ""
-- Up-to-date: /home/jason/Desktop/zam_ws/install/realsense_ros2/share/realsense_ros2//launch
-- Up-to-date: /home/jason/Desktop/zam_ws/install/realsense_ros2/share/realsense_ros2//launch/realsense_rtabmap.py
-- Up-to-date: /home/jason/Desktop/zam_ws/install/realsense_ros2/share/realsense_ros2//launch/online_async_launch.py
-- Up-to-date: /home/jason/Desktop/zam_ws/install/realsense_ros2/share/realsense_ros2//launch/realsense_2d_slam_launch.py
-- Up-to-date: /home/jason/Desktop/zam_ws/install/realsense_ros2/share/realsense_ros2//launch/realsense_launch.py
-- Up-to-date: /home/jason/Desktop/zam_ws/install/realsense_ros2/share/realsense_ros2//config
-- Up-to-date: /home/jason/Desktop/zam_ws/install/realsense_ros2/share/realsense_ros2//config/mapper_params_online_async.yaml
-- Up-to-date: /home/jason/Desktop/zam_ws/install/realsense_ros2/share/realsense_ros2//config/rs_cartographer.lua
-- Up-to-date: /home/jason/Desktop/zam_ws/install/realsense_ros2/lib/realsense_ros2/rs_t265_node
-- Installing: /home/jason/Desktop/zam_ws/install/realsense_ros2/lib/realsense_ros2/rs_d435_node
-- Set runtime path of "/home/jason/Desktop/zam_ws/install/realsense_ros2/lib/realsense_ros2/rs_d435_node" to ""
-- Up-to-date: /home/jason/Desktop/zam_ws/install/realsense_ros2/share/ament_index/resource_index/package_run_dependencies/realsense_ros2
-- Up-to-date: /home/jason/Desktop/zam_ws/install/realsense_ros2/share/ament_index/resource_index/parent_prefix_path/realsense_ros2
-- Up-to-date: /home/jason/Desktop/zam_ws/install/realsense_ros2/share/realsense_ros2/environment/ament_prefix_path.sh
-- Up-to-date: /home/jason/Desktop/zam_ws/install/realsense_ros2/share/realsense_ros2/environment/ament_prefix_path.dsv
-- Up-to-date: /home/jason/Desktop/zam_ws/install/realsense_ros2/share/realsense_ros2/environment/path.sh
-- Up-to-date: /home/jason/Desktop/zam_ws/install/realsense_ros2/share/realsense_ros2/environment/path.dsv
-- Up-to-date: /home/jason/Desktop/zam_ws/install/realsense_ros2/share/realsense_ros2/local_setup.bash
-- Up-to-date: /home/jason/Desktop/zam_ws/install/realsense_ros2/share/realsense_ros2/local_setup.sh
-- Up-to-date: /home/jason/Desktop/zam_ws/install/realsense_ros2/share/realsense_ros2/local_setup.zsh
-- Up-to-date: /home/jason/Desktop/zam_ws/install/realsense_ros2/share/realsense_ros2/local_setup.dsv
-- Installing: /home/jason/Desktop/zam_ws/install/realsense_ros2/share/realsense_ros2/package.dsv
-- Up-to-date: /home/jason/Desktop/zam_ws/install/realsense_ros2/share/ament_index/resource_index/packages/realsense_ros2
-- Up-to-date: /home/jason/Desktop/zam_ws/install/realsense_ros2/share/realsense_ros2/cmake/realsense_ros2Config.cmake
-- Up-to-date: /home/jason/Desktop/zam_ws/install/realsense_ros2/share/realsense_ros2/cmake/realsense_ros2Config-version.cmake
-- Up-to-date: /home/jason/Desktop/zam_ws/install/realsense_ros2/share/realsense_ros2/package.xml
