[0.074s] Invoking command in '/home/jason/Desktop/zam_ws/build/realsense_ros2': CMAKE_PREFIX_PATH=/home/jason/Desktop/zam_ws/install/realsense_ros2:/home/jason/Desktop/zam_ws/install/realsense_examples:/home/jason/Desktop/zam_ws/install/realsense_node:/home/jason/Desktop/zam_ws/install/realsense_ros:/home/jason/Desktop/zam_ws/install/realsense_msgs:/home/jason/Desktop/zam_ws/install/zam_tools:/home/jason/Desktop/zam_ws/install/keyboard_control:/opt/ros/foxy:/home/jason/Desktop/zam_ws/install/realsense_gazebo_plugin:/home/jason/Desktop/zam_ws/install/realsense2_description:/home/jason/Desktop/zam_ws/install/realsense2_camera:/home/jason/Desktop/zam_ws/install/realsense2_camera_msgs:/home/jason/Desktop/zam_ws/install/launches:/home/jason/Desktop/zam_ws/install/autocar_nav:/home/jason/Desktop/zam_ws/install/autocar_msgs:/home/jason/Desktop/zam_ws/install/autocar_map:/home/jason/Desktop/zam_ws/install/autocar_gazebo:/home/jason/Desktop/zam_ws/install/autocar_description /usr/bin/cmake --build /home/jason/Desktop/zam_ws/build/realsense_ros2 -- -j4 -l4
[0.223s] [35m[1mScanning dependencies of target rs_d435_node[0m
[0.395s] [ 50%] Built target rs_t265_node
[0.470s] [ 75%] [32mBuilding CXX object CMakeFiles/rs_d435_node.dir/src/rs_d435_node.cpp.o[0m
[3.736s] In file included from [01m[K/home/jason/Desktop/zam_ws/src/realsense_ros2/realsense_ros2/src/rs_d435_node.cpp:21[m[K:
[3.737s] [01m[K/opt/ros/foxy/include/image_transport/image_transport.h:41:89:[m[K [01;36m[Knote: [m[K#pragma message: Warning: This header is deprecated. Use 'image_transport.hpp' instead
[3.737s]    41 | #pragma message ("Warning: This header is deprecated. Use 'image_transport.hpp' instead"[01;36m[K)[m[K
[3.737s]       |                                                                                         [01;36m[K^[m[K
[9.903s] [100%] [32m[1mLinking CXX executable rs_d435_node[0m
[11.046s] [100%] Built target rs_d435_node
[11.061s] Invoked command in '/home/jason/Desktop/zam_ws/build/realsense_ros2' returned '0': CMAKE_PREFIX_PATH=/home/jason/Desktop/zam_ws/install/realsense_ros2:/home/jason/Desktop/zam_ws/install/realsense_examples:/home/jason/Desktop/zam_ws/install/realsense_node:/home/jason/Desktop/zam_ws/install/realsense_ros:/home/jason/Desktop/zam_ws/install/realsense_msgs:/home/jason/Desktop/zam_ws/install/zam_tools:/home/jason/Desktop/zam_ws/install/keyboard_control:/opt/ros/foxy:/home/jason/Desktop/zam_ws/install/realsense_gazebo_plugin:/home/jason/Desktop/zam_ws/install/realsense2_description:/home/jason/Desktop/zam_ws/install/realsense2_camera:/home/jason/Desktop/zam_ws/install/realsense2_camera_msgs:/home/jason/Desktop/zam_ws/install/launches:/home/jason/Desktop/zam_ws/install/autocar_nav:/home/jason/Desktop/zam_ws/install/autocar_msgs:/home/jason/Desktop/zam_ws/install/autocar_map:/home/jason/Desktop/zam_ws/install/autocar_gazebo:/home/jason/Desktop/zam_ws/install/autocar_description /usr/bin/cmake --build /home/jason/Desktop/zam_ws/build/realsense_ros2 -- -j4 -l4
[11.103s] Invoking command in '/home/jason/Desktop/zam_ws/build/realsense_ros2': CMAKE_PREFIX_PATH=/home/jason/Desktop/zam_ws/install/realsense_ros2:/home/jason/Desktop/zam_ws/install/realsense_examples:/home/jason/Desktop/zam_ws/install/realsense_node:/home/jason/Desktop/zam_ws/install/realsense_ros:/home/jason/Desktop/zam_ws/install/realsense_msgs:/home/jason/Desktop/zam_ws/install/zam_tools:/home/jason/Desktop/zam_ws/install/keyboard_control:/opt/ros/foxy:/home/jason/Desktop/zam_ws/install/realsense_gazebo_plugin:/home/jason/Desktop/zam_ws/install/realsense2_description:/home/jason/Desktop/zam_ws/install/realsense2_camera:/home/jason/Desktop/zam_ws/install/realsense2_camera_msgs:/home/jason/Desktop/zam_ws/install/launches:/home/jason/Desktop/zam_ws/install/autocar_nav:/home/jason/Desktop/zam_ws/install/autocar_msgs:/home/jason/Desktop/zam_ws/install/autocar_map:/home/jason/Desktop/zam_ws/install/autocar_gazebo:/home/jason/Desktop/zam_ws/install/autocar_description /usr/bin/cmake --install /home/jason/Desktop/zam_ws/build/realsense_ros2
[11.115s] -- Install configuration: ""
[11.116s] -- Up-to-date: /home/jason/Desktop/zam_ws/install/realsense_ros2/share/realsense_ros2//launch
[11.116s] -- Up-to-date: /home/jason/Desktop/zam_ws/install/realsense_ros2/share/realsense_ros2//launch/realsense_rtabmap.py
[11.116s] -- Up-to-date: /home/jason/Desktop/zam_ws/install/realsense_ros2/share/realsense_ros2//launch/online_async_launch.py
[11.116s] -- Up-to-date: /home/jason/Desktop/zam_ws/install/realsense_ros2/share/realsense_ros2//launch/realsense_2d_slam_launch.py
[11.116s] -- Up-to-date: /home/jason/Desktop/zam_ws/install/realsense_ros2/share/realsense_ros2//launch/realsense_launch.py
[11.117s] -- Up-to-date: /home/jason/Desktop/zam_ws/install/realsense_ros2/share/realsense_ros2//config
[11.118s] -- Up-to-date: /home/jason/Desktop/zam_ws/install/realsense_ros2/share/realsense_ros2//config/mapper_params_online_async.yaml
[11.118s] -- Up-to-date: /home/jason/Desktop/zam_ws/install/realsense_ros2/share/realsense_ros2//config/rs_cartographer.lua
[11.118s] -- Up-to-date: /home/jason/Desktop/zam_ws/install/realsense_ros2/lib/realsense_ros2/rs_t265_node
[11.118s] -- Installing: /home/jason/Desktop/zam_ws/install/realsense_ros2/lib/realsense_ros2/rs_d435_node
[11.119s] -- Set runtime path of "/home/jason/Desktop/zam_ws/install/realsense_ros2/lib/realsense_ros2/rs_d435_node" to ""
[11.119s] -- Up-to-date: /home/jason/Desktop/zam_ws/install/realsense_ros2/share/ament_index/resource_index/package_run_dependencies/realsense_ros2
[11.120s] -- Up-to-date: /home/jason/Desktop/zam_ws/install/realsense_ros2/share/ament_index/resource_index/parent_prefix_path/realsense_ros2
[11.120s] -- Up-to-date: /home/jason/Desktop/zam_ws/install/realsense_ros2/share/realsense_ros2/environment/ament_prefix_path.sh
[11.120s] -- Up-to-date: /home/jason/Desktop/zam_ws/install/realsense_ros2/share/realsense_ros2/environment/ament_prefix_path.dsv
[11.120s] -- Up-to-date: /home/jason/Desktop/zam_ws/install/realsense_ros2/share/realsense_ros2/environment/path.sh
[11.120s] -- Up-to-date: /home/jason/Desktop/zam_ws/install/realsense_ros2/share/realsense_ros2/environment/path.dsv
[11.121s] -- Up-to-date: /home/jason/Desktop/zam_ws/install/realsense_ros2/share/realsense_ros2/local_setup.bash
[11.121s] -- Up-to-date: /home/jason/Desktop/zam_ws/install/realsense_ros2/share/realsense_ros2/local_setup.sh
[11.121s] -- Up-to-date: /home/jason/Desktop/zam_ws/install/realsense_ros2/share/realsense_ros2/local_setup.zsh
[11.121s] -- Up-to-date: /home/jason/Desktop/zam_ws/install/realsense_ros2/share/realsense_ros2/local_setup.dsv
[11.121s] -- Installing: /home/jason/Desktop/zam_ws/install/realsense_ros2/share/realsense_ros2/package.dsv
[11.121s] -- Up-to-date: /home/jason/Desktop/zam_ws/install/realsense_ros2/share/ament_index/resource_index/packages/realsense_ros2
[11.121s] -- Up-to-date: /home/jason/Desktop/zam_ws/install/realsense_ros2/share/realsense_ros2/cmake/realsense_ros2Config.cmake
[11.121s] -- Up-to-date: /home/jason/Desktop/zam_ws/install/realsense_ros2/share/realsense_ros2/cmake/realsense_ros2Config-version.cmake
[11.122s] -- Up-to-date: /home/jason/Desktop/zam_ws/install/realsense_ros2/share/realsense_ros2/package.xml
[11.129s] Invoked command in '/home/jason/Desktop/zam_ws/build/realsense_ros2' returned '0': CMAKE_PREFIX_PATH=/home/jason/Desktop/zam_ws/install/realsense_ros2:/home/jason/Desktop/zam_ws/install/realsense_examples:/home/jason/Desktop/zam_ws/install/realsense_node:/home/jason/Desktop/zam_ws/install/realsense_ros:/home/jason/Desktop/zam_ws/install/realsense_msgs:/home/jason/Desktop/zam_ws/install/zam_tools:/home/jason/Desktop/zam_ws/install/keyboard_control:/opt/ros/foxy:/home/jason/Desktop/zam_ws/install/realsense_gazebo_plugin:/home/jason/Desktop/zam_ws/install/realsense2_description:/home/jason/Desktop/zam_ws/install/realsense2_camera:/home/jason/Desktop/zam_ws/install/realsense2_camera_msgs:/home/jason/Desktop/zam_ws/install/launches:/home/jason/Desktop/zam_ws/install/autocar_nav:/home/jason/Desktop/zam_ws/install/autocar_msgs:/home/jason/Desktop/zam_ws/install/autocar_map:/home/jason/Desktop/zam_ws/install/autocar_gazebo:/home/jason/Desktop/zam_ws/install/autocar_description /usr/bin/cmake --install /home/jason/Desktop/zam_ws/build/realsense_ros2
