[0.113s] Invoking command in '/home/jason/Desktop/zam_ws/build/autocar_map': CMAKE_PREFIX_PATH=${CMAKE_PREFIX_PATH}:/home/jason/Desktop/zam_ws/install/zam_tools:/home/jason/Desktop/zam_ws/install/keyboard_control:/opt/ros/foxy /usr/bin/cmake --build /home/jason/Desktop/zam_ws/build/autocar_map -- -j4 -l4
[0.293s] [100%] Built target bof
[0.619s] Invoked command in '/home/jason/Desktop/zam_ws/build/autocar_map' returned '0': CMAKE_PREFIX_PATH=${CMAKE_PREFIX_PATH}:/home/jason/Desktop/zam_ws/install/zam_tools:/home/jason/Desktop/zam_ws/install/keyboard_control:/opt/ros/foxy /usr/bin/cmake --build /home/jason/Desktop/zam_ws/build/autocar_map -- -j4 -l4
[0.780s] Invoking command in '/home/jason/Desktop/zam_ws/build/autocar_map': CMAKE_PREFIX_PATH=${CMAKE_PREFIX_PATH}:/home/jason/Desktop/zam_ws/install/zam_tools:/home/jason/Desktop/zam_ws/install/keyboard_control:/opt/ros/foxy /usr/bin/cmake --install /home/jason/Desktop/zam_ws/build/autocar_map
[0.812s] -- Install configuration: ""
[0.813s] -- Execute custom install script
[0.814s] -- Up-to-date symlink: /home/jason/Desktop/zam_ws/install/autocar_map/lib/autocar_map/bof
[0.815s] -- Up-to-date symlink: /home/jason/Desktop/zam_ws/install/autocar_map/share/ament_index/resource_index/package_run_dependencies/autocar_map
[0.815s] -- Up-to-date symlink: /home/jason/Desktop/zam_ws/install/autocar_map/share/ament_index/resource_index/parent_prefix_path/autocar_map
[0.816s] -- Up-to-date symlink: /home/jason/Desktop/zam_ws/install/autocar_map/share/autocar_map/environment/ament_prefix_path.sh
[0.817s] -- Up-to-date symlink: /home/jason/Desktop/zam_ws/install/autocar_map/share/autocar_map/environment/ament_prefix_path.dsv
[0.817s] -- Up-to-date symlink: /home/jason/Desktop/zam_ws/install/autocar_map/share/autocar_map/environment/path.sh
[0.818s] -- Up-to-date symlink: /home/jason/Desktop/zam_ws/install/autocar_map/share/autocar_map/environment/path.dsv
[0.819s] -- Up-to-date symlink: /home/jason/Desktop/zam_ws/install/autocar_map/share/autocar_map/local_setup.bash
[0.820s] -- Up-to-date symlink: /home/jason/Desktop/zam_ws/install/autocar_map/share/autocar_map/local_setup.sh
[0.820s] -- Up-to-date symlink: /home/jason/Desktop/zam_ws/install/autocar_map/share/autocar_map/local_setup.zsh
[0.821s] -- Up-to-date symlink: /home/jason/Desktop/zam_ws/install/autocar_map/share/autocar_map/local_setup.dsv
[0.822s] -- Symlinking: /home/jason/Desktop/zam_ws/install/autocar_map/share/autocar_map/package.dsv
[0.845s] -- Up-to-date symlink: /home/jason/Desktop/zam_ws/install/autocar_map/share/ament_index/resource_index/packages/autocar_map
[0.846s] -- Up-to-date symlink: /home/jason/Desktop/zam_ws/install/autocar_map/share/autocar_map/cmake/autocar_mapConfig.cmake
[0.846s] -- Up-to-date symlink: /home/jason/Desktop/zam_ws/install/autocar_map/share/autocar_map/cmake/autocar_mapConfig-version.cmake
[0.846s] -- Up-to-date symlink: /home/jason/Desktop/zam_ws/install/autocar_map/share/autocar_map/package.xml
[0.853s] Invoked command in '/home/jason/Desktop/zam_ws/build/autocar_map' returned '0': CMAKE_PREFIX_PATH=${CMAKE_PREFIX_PATH}:/home/jason/Desktop/zam_ws/install/zam_tools:/home/jason/Desktop/zam_ws/install/keyboard_control:/opt/ros/foxy /usr/bin/cmake --install /home/jason/Desktop/zam_ws/build/autocar_map
