-- Found ament_cmake: 0.9.11 (/opt/ros/foxy/share/ament_cmake/cmake)
-- Using PYTHON_EXECUTABLE: /usr/bin/python3
-- Override CMake install command with custom implementation using symlinks instead of copying resources
-- Found rclpy: 1.0.11 (/opt/ros/foxy/share/rclpy/cmake)
-- Found geometry_msgs: 2.0.5 (/opt/ros/foxy/share/geometry_msgs/cmake)
-- Using all available rosidl_typesupport_c: rosidl_typesupport_fastrtps_c;rosidl_typesupport_introspection_c
-- Found rosidl_adapter: 1.3.0 (/opt/ros/foxy/share/rosidl_adapter/cmake)
-- Using all available rosidl_typesupport_cpp: rosidl_typesupport_fastrtps_cpp;rosidl_typesupport_introspection_cpp
-- Found nav_msgs: 2.0.5 (/opt/ros/foxy/share/nav_msgs/cmake)
-- Found tf2: 0.13.13 (/opt/ros/foxy/share/tf2/cmake)
-- Found tf2_ros: 0.13.13 (/opt/ros/foxy/share/tf2_ros/cmake)
-- Found rmw_implementation_cmake: 1.0.3 (/opt/ros/foxy/share/rmw_implementation_cmake/cmake)
-- Using RMW implementation 'rmw_fastrtps_cpp' as default
-- Found ament_lint_auto: 0.9.7 (/opt/ros/foxy/share/ament_lint_auto/cmake)
-- Added test 'copyright' to check source files copyright and LICENSE
-- Added test 'flake8' to check Python code syntax and style conventions
-- Added test 'lint_cmake' to check CMake code style
-- Added test 'pep257' to check Python code against some of the style conventions in PEP 257
-- Added test 'xmllint' to check XML markup files
-- Configuring done
-- Generating done
-- Build files have been written to: /home/jason/Desktop/zam_ws/build/autocar_nav
-- Install configuration: ""
-- Execute custom install script
-- Up-to-date symlink: /home/jason/Desktop/zam_ws/install/autocar_nav/share/autocar_nav/environment/pythonpath.sh
-- Up-to-date symlink: /home/jason/Desktop/zam_ws/install/autocar_nav/share/autocar_nav/environment/pythonpath.dsv
-- Up-to-date symlink: /home/jason/Desktop/zam_ws/install/autocar_nav/lib/python3.8/site-packages/autocar_nav/__init__.py
-- Up-to-date symlink: /home/jason/Desktop/zam_ws/install/autocar_nav/lib/python3.8/site-packages/autocar_nav/cubic_spline_interpolator.py
-- Up-to-date symlink: /home/jason/Desktop/zam_ws/install/autocar_nav/lib/python3.8/site-packages/autocar_nav/normalise_angle.py
-- Up-to-date symlink: /home/jason/Desktop/zam_ws/install/autocar_nav/lib/python3.8/site-packages/autocar_nav/yaw_to_quaternion.py
-- Up-to-date symlink: /home/jason/Desktop/zam_ws/install/autocar_nav/share/autocar_nav/config/navigation_params.yaml
-- Up-to-date symlink: /home/jason/Desktop/zam_ws/install/autocar_nav/share/autocar_nav/data/waypoints.csv
-- Up-to-date symlink: /home/jason/Desktop/zam_ws/install/autocar_nav/lib/autocar_nav/globalplanner.py
-- Up-to-date symlink: /home/jason/Desktop/zam_ws/install/autocar_nav/lib/autocar_nav/localisation.py
-- Up-to-date symlink: /home/jason/Desktop/zam_ws/install/autocar_nav/lib/autocar_nav/localplanner.py
-- Up-to-date symlink: /home/jason/Desktop/zam_ws/install/autocar_nav/lib/autocar_nav/clickplanner.py
-- Up-to-date symlink: /home/jason/Desktop/zam_ws/install/autocar_nav/lib/autocar_nav/tracker.py
-- Up-to-date symlink: /home/jason/Desktop/zam_ws/install/autocar_nav/share/ament_index/resource_index/package_run_dependencies/autocar_nav
-- Up-to-date symlink: /home/jason/Desktop/zam_ws/install/autocar_nav/share/ament_index/resource_index/parent_prefix_path/autocar_nav
-- Up-to-date symlink: /home/jason/Desktop/zam_ws/install/autocar_nav/share/autocar_nav/environment/ament_prefix_path.sh
-- Up-to-date symlink: /home/jason/Desktop/zam_ws/install/autocar_nav/share/autocar_nav/environment/ament_prefix_path.dsv
-- Up-to-date symlink: /home/jason/Desktop/zam_ws/install/autocar_nav/share/autocar_nav/environment/path.sh
-- Up-to-date symlink: /home/jason/Desktop/zam_ws/install/autocar_nav/share/autocar_nav/environment/path.dsv
-- Up-to-date symlink: /home/jason/Desktop/zam_ws/install/autocar_nav/share/autocar_nav/local_setup.bash
-- Up-to-date symlink: /home/jason/Desktop/zam_ws/install/autocar_nav/share/autocar_nav/local_setup.sh
-- Up-to-date symlink: /home/jason/Desktop/zam_ws/install/autocar_nav/share/autocar_nav/local_setup.zsh
-- Up-to-date symlink: /home/jason/Desktop/zam_ws/install/autocar_nav/share/autocar_nav/local_setup.dsv
-- Symlinking: /home/jason/Desktop/zam_ws/install/autocar_nav/share/autocar_nav/package.dsv
-- Up-to-date symlink: /home/jason/Desktop/zam_ws/install/autocar_nav/share/ament_index/resource_index/packages/autocar_nav
-- Up-to-date symlink: /home/jason/Desktop/zam_ws/install/autocar_nav/share/autocar_nav/cmake/autocar_navConfig.cmake
-- Up-to-date symlink: /home/jason/Desktop/zam_ws/install/autocar_nav/share/autocar_nav/cmake/autocar_navConfig-version.cmake
-- Up-to-date symlink: /home/jason/Desktop/zam_ws/install/autocar_nav/share/autocar_nav/package.xml
Listing '/home/jason/Desktop/zam_ws/install/autocar_nav/lib/python3.8/site-packages/autocar_nav'...
