-- Install configuration: ""
-- Execute custom install script
-- Symlinking: /home/jason/Desktop/zam_ws/install/launches/share/launches/launch/click_launch.py
-- Symlinking: /home/jason/Desktop/zam_ws/install/launches/share/launches/launch/default_launch.py
-- Symlinking: /home/jason/Desktop/zam_ws/install/launches/share/launches/launch/launch2.py
-- Symlinking: /home/jason/Desktop/zam_ws/install/launches/share/ament_index/resource_index/package_run_dependencies/launches
-- Symlinking: /home/jason/Desktop/zam_ws/install/launches/share/ament_index/resource_index/parent_prefix_path/launches
-- Symlinking: /home/jason/Desktop/zam_ws/install/launches/share/launches/environment/ament_prefix_path.sh
-- Symlinking: /home/jason/Desktop/zam_ws/install/launches/share/launches/environment/ament_prefix_path.dsv
-- Symlinking: /home/jason/Desktop/zam_ws/install/launches/share/launches/environment/path.sh
-- Symlinking: /home/jason/Desktop/zam_ws/install/launches/share/launches/environment/path.dsv
-- Symlinking: /home/jason/Desktop/zam_ws/install/launches/share/launches/local_setup.bash
-- Symlinking: /home/jason/Desktop/zam_ws/install/launches/share/launches/local_setup.sh
-- Symlinking: /home/jason/Desktop/zam_ws/install/launches/share/launches/local_setup.zsh
-- Symlinking: /home/jason/Desktop/zam_ws/install/launches/share/launches/local_setup.dsv
-- Symlinking: /home/jason/Desktop/zam_ws/install/launches/share/launches/package.dsv
-- Symlinking: /home/jason/Desktop/zam_ws/install/launches/share/ament_index/resource_index/packages/launches
-- Symlinking: /home/jason/Desktop/zam_ws/install/launches/share/launches/cmake/launchesConfig.cmake
-- Symlinking: /home/jason/Desktop/zam_ws/install/launches/share/launches/cmake/launchesConfig-version.cmake
-- Symlinking: /home/jason/Desktop/zam_ws/install/launches/share/launches/package.xml
