[0.066s] Invoking command in '/home/jason/Desktop/zam_ws/build/realsense_msgs': CMAKE_PREFIX_PATH=/home/jason/Desktop/zam_ws/install/keyboard_control:/home/jason/Desktop/zam_ws/install/zam_tools:/opt/ros/foxy:${CMAKE_PREFIX_PATH} /usr/bin/cmake --build /home/jason/Desktop/zam_ws/build/realsense_msgs -- -j4 -l4
[0.204s] [  3%] Built target realsense_msgs__cpp
[0.255s] [ 12%] Built target realsense_msgs__rosidl_generator_c
[0.303s] [ 22%] Built target realsense_msgs__rosidl_typesupport_introspection_cpp
[0.343s] [ 32%] Built target realsense_msgs__rosidl_typesupport_cpp
[0.395s] [ 41%] Built target realsense_msgs__rosidl_typesupport_fastrtps_cpp
[0.403s] [ 51%] Built target realsense_msgs__rosidl_typesupport_introspection_c
[0.492s] [ 61%] Built target realsense_msgs__rosidl_typesupport_c
[0.555s] [ 70%] Built target realsense_msgs__rosidl_typesupport_fastrtps_c
[0.667s] [ 70%] Built target realsense_msgs
[0.723s] [ 74%] Built target realsense_msgs__py
[0.817s] [ 80%] Built target realsense_msgs__python
[0.904s] [ 87%] Built target realsense_msgs__rosidl_typesupport_c__pyext
[0.937s] [ 93%] Built target realsense_msgs__rosidl_typesupport_fastrtps_c__pyext
[0.961s] [100%] Built target realsense_msgs__rosidl_typesupport_introspection_c__pyext
[1.009s] Invoked command in '/home/jason/Desktop/zam_ws/build/realsense_msgs' returned '0': CMAKE_PREFIX_PATH=/home/jason/Desktop/zam_ws/install/keyboard_control:/home/jason/Desktop/zam_ws/install/zam_tools:/opt/ros/foxy:${CMAKE_PREFIX_PATH} /usr/bin/cmake --build /home/jason/Desktop/zam_ws/build/realsense_msgs -- -j4 -l4
[1.222s] Invoking command in '/home/jason/Desktop/zam_ws/build/realsense_msgs': CMAKE_PREFIX_PATH=/home/jason/Desktop/zam_ws/install/keyboard_control:/home/jason/Desktop/zam_ws/install/zam_tools:/opt/ros/foxy:${CMAKE_PREFIX_PATH} /usr/bin/cmake --install /home/jason/Desktop/zam_ws/build/realsense_msgs
[1.245s] -- Install configuration: ""
[1.246s] -- Execute custom install script
[1.247s] -- Up-to-date symlink: /home/jason/Desktop/zam_ws/install/realsense_msgs/share/ament_index/resource_index/rosidl_interfaces/realsense_msgs
[1.249s] -- Up-to-date symlink: /home/jason/Desktop/zam_ws/install/realsense_msgs/include/realsense_msgs/msg/detail/imu_info__functions.h
[1.249s] -- Up-to-date symlink: /home/jason/Desktop/zam_ws/install/realsense_msgs/include/realsense_msgs/msg/detail/imu_info__struct.h
[1.250s] -- Up-to-date symlink: /home/jason/Desktop/zam_ws/install/realsense_msgs/include/realsense_msgs/msg/detail/imu_info__type_support.h
[1.250s] -- Up-to-date symlink: /home/jason/Desktop/zam_ws/install/realsense_msgs/include/realsense_msgs/msg/imu_info.h
[1.251s] -- Up-to-date symlink: /home/jason/Desktop/zam_ws/install/realsense_msgs/include/realsense_msgs/msg/rosidl_generator_c__visibility_control.h
[1.252s] -- Up-to-date symlink: /home/jason/Desktop/zam_ws/install/realsense_msgs/share/realsense_msgs/environment/library_path.sh
[1.252s] -- Up-to-date symlink: /home/jason/Desktop/zam_ws/install/realsense_msgs/share/realsense_msgs/environment/library_path.dsv
[1.254s] -- Up-to-date symlink: /home/jason/Desktop/zam_ws/install/realsense_msgs/include/realsense_msgs/msg/detail/imu_info__rosidl_typesupport_fastrtps_c.h
[1.255s] -- Up-to-date symlink: /home/jason/Desktop/zam_ws/install/realsense_msgs/include/realsense_msgs/msg/rosidl_typesupport_fastrtps_c__visibility_control.h
[1.256s] -- Up-to-date symlink: /home/jason/Desktop/zam_ws/install/realsense_msgs/lib/librealsense_msgs__rosidl_typesupport_fastrtps_c.so
[1.258s] -- Up-to-date symlink: /home/jason/Desktop/zam_ws/install/realsense_msgs/include/realsense_msgs/msg/detail/imu_info__rosidl_typesupport_fastrtps_cpp.hpp
[1.258s] -- Up-to-date symlink: /home/jason/Desktop/zam_ws/install/realsense_msgs/include/realsense_msgs/msg/rosidl_typesupport_fastrtps_cpp__visibility_control.h
[1.259s] -- Up-to-date symlink: /home/jason/Desktop/zam_ws/install/realsense_msgs/lib/librealsense_msgs__rosidl_typesupport_fastrtps_cpp.so
[1.260s] -- Up-to-date symlink: /home/jason/Desktop/zam_ws/install/realsense_msgs/include/realsense_msgs/msg/detail/imu_info__rosidl_typesupport_introspection_c.h
[1.261s] -- Up-to-date symlink: /home/jason/Desktop/zam_ws/install/realsense_msgs/include/realsense_msgs/msg/rosidl_typesupport_introspection_c__visibility_control.h
[1.262s] -- Up-to-date symlink: /home/jason/Desktop/zam_ws/install/realsense_msgs/include/realsense_msgs/msg/detail/imu_info__builder.hpp
[1.263s] -- Up-to-date symlink: /home/jason/Desktop/zam_ws/install/realsense_msgs/include/realsense_msgs/msg/detail/imu_info__struct.hpp
[1.263s] -- Up-to-date symlink: /home/jason/Desktop/zam_ws/install/realsense_msgs/include/realsense_msgs/msg/detail/imu_info__traits.hpp
[1.264s] -- Up-to-date symlink: /home/jason/Desktop/zam_ws/install/realsense_msgs/include/realsense_msgs/msg/imu_info.hpp
[1.265s] -- Up-to-date symlink: /home/jason/Desktop/zam_ws/install/realsense_msgs/include/realsense_msgs/msg/detail/imu_info__rosidl_typesupport_introspection_cpp.hpp
[1.265s] -- Up-to-date symlink: /home/jason/Desktop/zam_ws/install/realsense_msgs/share/realsense_msgs/environment/pythonpath.sh
[1.266s] -- Up-to-date symlink: /home/jason/Desktop/zam_ws/install/realsense_msgs/share/realsense_msgs/environment/pythonpath.dsv
[1.266s] -- Up-to-date symlink: /home/jason/Desktop/zam_ws/install/realsense_msgs/lib/python3.8/site-packages/realsense_msgs/__init__.py
[1.267s] -- Up-to-date symlink: /home/jason/Desktop/zam_ws/install/realsense_msgs/lib/python3.8/site-packages/realsense_msgs/msg/__init__.py
[1.267s] -- Up-to-date symlink: /home/jason/Desktop/zam_ws/install/realsense_msgs/lib/python3.8/site-packages/realsense_msgs/msg/_imu_info.py
[1.268s] -- Up-to-date symlink: /home/jason/Desktop/zam_ws/install/realsense_msgs/lib/python3.8/site-packages/realsense_msgs/realsense_msgs_s__rosidl_typesupport_fastrtps_c.cpython-38-x86_64-linux-gnu.so
[1.269s] -- Up-to-date symlink: /home/jason/Desktop/zam_ws/install/realsense_msgs/lib/python3.8/site-packages/realsense_msgs/realsense_msgs_s__rosidl_typesupport_introspection_c.cpython-38-x86_64-linux-gnu.so
[1.270s] -- Up-to-date symlink: /home/jason/Desktop/zam_ws/install/realsense_msgs/lib/python3.8/site-packages/realsense_msgs/realsense_msgs_s__rosidl_typesupport_c.cpython-38-x86_64-linux-gnu.so
[1.270s] -- Up-to-date symlink: /home/jason/Desktop/zam_ws/install/realsense_msgs/lib/librealsense_msgs__python.so
[1.271s] -- Up-to-date symlink: /home/jason/Desktop/zam_ws/install/realsense_msgs/share/realsense_msgs/msg/IMUInfo.idl
[1.271s] -- Up-to-date symlink: /home/jason/Desktop/zam_ws/install/realsense_msgs/share/realsense_msgs/msg/IMUInfo.msg
[1.272s] -- Up-to-date symlink: /home/jason/Desktop/zam_ws/install/realsense_msgs/share/ament_index/resource_index/package_run_dependencies/realsense_msgs
[1.272s] -- Up-to-date symlink: /home/jason/Desktop/zam_ws/install/realsense_msgs/share/ament_index/resource_index/parent_prefix_path/realsense_msgs
[1.273s] -- Up-to-date symlink: /home/jason/Desktop/zam_ws/install/realsense_msgs/share/realsense_msgs/environment/ament_prefix_path.sh
[1.273s] -- Up-to-date symlink: /home/jason/Desktop/zam_ws/install/realsense_msgs/share/realsense_msgs/environment/ament_prefix_path.dsv
[1.273s] -- Up-to-date symlink: /home/jason/Desktop/zam_ws/install/realsense_msgs/share/realsense_msgs/environment/path.sh
[1.274s] -- Up-to-date symlink: /home/jason/Desktop/zam_ws/install/realsense_msgs/share/realsense_msgs/environment/path.dsv
[1.282s] -- Up-to-date symlink: /home/jason/Desktop/zam_ws/install/realsense_msgs/share/realsense_msgs/local_setup.bash
[1.282s] -- Up-to-date symlink: /home/jason/Desktop/zam_ws/install/realsense_msgs/share/realsense_msgs/local_setup.sh
[1.282s] -- Up-to-date symlink: /home/jason/Desktop/zam_ws/install/realsense_msgs/share/realsense_msgs/local_setup.zsh
[1.282s] -- Up-to-date symlink: /home/jason/Desktop/zam_ws/install/realsense_msgs/share/realsense_msgs/local_setup.dsv
[1.282s] -- Symlinking: /home/jason/Desktop/zam_ws/install/realsense_msgs/share/realsense_msgs/package.dsv
[1.314s] -- Up-to-date symlink: /home/jason/Desktop/zam_ws/install/realsense_msgs/share/ament_index/resource_index/packages/realsense_msgs
[1.315s] -- Up-to-date symlink: /home/jason/Desktop/zam_ws/install/realsense_msgs/share/realsense_msgs/cmake/rosidl_cmake-extras.cmake
[1.315s] -- Up-to-date symlink: /home/jason/Desktop/zam_ws/install/realsense_msgs/share/realsense_msgs/cmake/ament_cmake_export_dependencies-extras.cmake
[1.316s] -- Up-to-date symlink: /home/jason/Desktop/zam_ws/install/realsense_msgs/share/realsense_msgs/cmake/ament_cmake_export_libraries-extras.cmake
[1.316s] -- Up-to-date symlink: /home/jason/Desktop/zam_ws/install/realsense_msgs/share/realsense_msgs/cmake/ament_cmake_export_targets-extras.cmake
[1.317s] -- Up-to-date symlink: /home/jason/Desktop/zam_ws/install/realsense_msgs/share/realsense_msgs/cmake/ament_cmake_export_include_directories-extras.cmake
[1.317s] -- Up-to-date symlink: /home/jason/Desktop/zam_ws/install/realsense_msgs/share/realsense_msgs/cmake/rosidl_cmake_export_typesupport_libraries-extras.cmake
[1.318s] -- Up-to-date symlink: /home/jason/Desktop/zam_ws/install/realsense_msgs/share/realsense_msgs/cmake/rosidl_cmake_export_typesupport_targets-extras.cmake
[1.318s] -- Up-to-date symlink: /home/jason/Desktop/zam_ws/install/realsense_msgs/share/realsense_msgs/cmake/realsense_msgsConfig.cmake
[1.319s] -- Up-to-date symlink: /home/jason/Desktop/zam_ws/install/realsense_msgs/share/realsense_msgs/cmake/realsense_msgsConfig-version.cmake
[1.319s] -- Up-to-date symlink: /home/jason/Desktop/zam_ws/install/realsense_msgs/share/realsense_msgs/package.xml
[1.320s] -- Up-to-date: /home/jason/Desktop/zam_ws/install/realsense_msgs/lib/librealsense_msgs__rosidl_generator_c.so
[1.320s] -- Up-to-date: /home/jason/Desktop/zam_ws/install/realsense_msgs/lib/librealsense_msgs__rosidl_typesupport_introspection_c.so
[1.321s] -- Up-to-date: /home/jason/Desktop/zam_ws/install/realsense_msgs/lib/librealsense_msgs__rosidl_typesupport_c.so
[1.322s] -- Up-to-date: /home/jason/Desktop/zam_ws/install/realsense_msgs/lib/librealsense_msgs__rosidl_typesupport_introspection_cpp.so
[1.322s] -- Up-to-date: /home/jason/Desktop/zam_ws/install/realsense_msgs/lib/librealsense_msgs__rosidl_typesupport_cpp.so
[1.421s] -- Up-to-date: /home/jason/Desktop/zam_ws/install/realsense_msgs/share/realsense_msgs/cmake/realsense_msgs__rosidl_generator_cExport.cmake
[1.421s] -- Up-to-date: /home/jason/Desktop/zam_ws/install/realsense_msgs/share/realsense_msgs/cmake/realsense_msgs__rosidl_generator_cExport-noconfig.cmake
[1.421s] -- Up-to-date: /home/jason/Desktop/zam_ws/install/realsense_msgs/share/realsense_msgs/cmake/realsense_msgs__rosidl_typesupport_introspection_cExport.cmake
[1.422s] -- Up-to-date: /home/jason/Desktop/zam_ws/install/realsense_msgs/share/realsense_msgs/cmake/realsense_msgs__rosidl_typesupport_introspection_cExport-noconfig.cmake
[1.422s] -- Up-to-date: /home/jason/Desktop/zam_ws/install/realsense_msgs/share/realsense_msgs/cmake/realsense_msgs__rosidl_typesupport_cExport.cmake
[1.422s] -- Up-to-date: /home/jason/Desktop/zam_ws/install/realsense_msgs/share/realsense_msgs/cmake/realsense_msgs__rosidl_typesupport_cExport-noconfig.cmake
[1.423s] -- Up-to-date: /home/jason/Desktop/zam_ws/install/realsense_msgs/share/realsense_msgs/cmake/realsense_msgs__rosidl_generator_cppExport.cmake
[1.423s] -- Up-to-date: /home/jason/Desktop/zam_ws/install/realsense_msgs/share/realsense_msgs/cmake/realsense_msgs__rosidl_typesupport_introspection_cppExport.cmake
[1.423s] -- Up-to-date: /home/jason/Desktop/zam_ws/install/realsense_msgs/share/realsense_msgs/cmake/realsense_msgs__rosidl_typesupport_introspection_cppExport-noconfig.cmake
[1.423s] -- Up-to-date: /home/jason/Desktop/zam_ws/install/realsense_msgs/share/realsense_msgs/cmake/realsense_msgs__rosidl_typesupport_cppExport.cmake
[1.424s] -- Up-to-date: /home/jason/Desktop/zam_ws/install/realsense_msgs/share/realsense_msgs/cmake/realsense_msgs__rosidl_typesupport_cppExport-noconfig.cmake
[1.433s] Invoked command in '/home/jason/Desktop/zam_ws/build/realsense_msgs' returned '0': CMAKE_PREFIX_PATH=/home/jason/Desktop/zam_ws/install/keyboard_control:/home/jason/Desktop/zam_ws/install/zam_tools:/opt/ros/foxy:${CMAKE_PREFIX_PATH} /usr/bin/cmake --install /home/jason/Desktop/zam_ws/build/realsense_msgs
