[0.090s] Invoking command in '/home/jason/Desktop/zam_ws/build/autocar_map': CMAKE_PREFIX_PATH=${CMAKE_PREFIX_PATH}:/opt/ros/foxy /usr/bin/cmake /home/jason/Desktop/zam_ws/src/AutoCarROS2/autocar_map -DCMAKE_INSTALL_PREFIX=/home/jason/Desktop/zam_ws/install/autocar_map
[0.219s] -- The C compiler identification is GNU 9.4.0
[0.327s] -- The CXX compiler identification is GNU 9.4.0
[0.337s] -- Check for working C compiler: /usr/bin/cc
[0.550s] -- Check for working C compiler: /usr/bin/cc -- works
[0.551s] -- Detecting C compiler ABI info
[0.723s] -- Detecting C compiler ABI info - done
[0.748s] -- Detecting C compile features
[0.749s] -- Detecting C compile features - done
[0.755s] -- Check for working CXX compiler: /usr/bin/c++
[1.031s] -- Check for working CXX compiler: /usr/bin/c++ -- works
[1.033s] -- Detecting CXX compiler ABI info
[1.295s] -- Detecting CXX compiler ABI info - done
[1.331s] -- Detecting CXX compile features
[1.333s] -- Detecting CXX compile features - done
[1.341s] -- Found ament_cmake: 0.9.11 (/opt/ros/foxy/share/ament_cmake/cmake)
[1.438s] -- Found PythonInterp: /usr/bin/python3 (found suitable version "3.8.10", minimum required is "3") 
[1.439s] -- Using PYTHON_EXECUTABLE: /usr/bin/python3
[2.107s] -- Found rclcpp: 2.4.2 (/opt/ros/foxy/share/rclcpp/cmake)
[2.273s] -- Using all available rosidl_typesupport_c: rosidl_typesupport_fastrtps_c;rosidl_typesupport_introspection_c
[2.290s] -- Found rosidl_adapter: 1.3.0 (/opt/ros/foxy/share/rosidl_adapter/cmake)
[2.528s] -- Found OpenSSL: /usr/lib/x86_64-linux-gnu/libcrypto.so (found version "1.1.1f")  
[2.587s] -- Found FastRTPS: /opt/ros/foxy/include  
[2.742s] -- Using all available rosidl_typesupport_cpp: rosidl_typesupport_fastrtps_cpp;rosidl_typesupport_introspection_cpp
[2.902s] -- Found rmw_implementation_cmake: 1.0.3 (/opt/ros/foxy/share/rmw_implementation_cmake/cmake)
[2.902s] -- Using RMW implementation 'rmw_fastrtps_cpp' as default
[2.902s] -- Looking for pthread.h
[3.070s] -- Looking for pthread.h - found
[3.070s] -- Performing Test CMAKE_HAVE_LIBC_PTHREAD
[3.257s] -- Performing Test CMAKE_HAVE_LIBC_PTHREAD - Failed
[3.258s] -- Looking for pthread_create in pthreads
[3.356s] -- Looking for pthread_create in pthreads - not found
[3.363s] -- Looking for pthread_create in pthread
[3.471s] -- Looking for pthread_create in pthread - found
[3.473s] -- Found Threads: TRUE  
[3.846s] -- Found nav_msgs: 2.0.5 (/opt/ros/foxy/share/nav_msgs/cmake)
[4.208s] -- Found tf2: 0.13.13 (/opt/ros/foxy/share/tf2/cmake)
[4.255s] -- Found tf2_ros: 0.13.13 (/opt/ros/foxy/share/tf2_ros/cmake)
[5.103s] -- Found sensor_msgs: 2.0.5 (/opt/ros/foxy/share/sensor_msgs/cmake)
[5.513s] -- Configuring done
[5.578s] -- Generating done
[5.589s] -- Build files have been written to: /home/jason/Desktop/zam_ws/build/autocar_map
[5.613s] Invoked command in '/home/jason/Desktop/zam_ws/build/autocar_map' returned '0': CMAKE_PREFIX_PATH=${CMAKE_PREFIX_PATH}:/opt/ros/foxy /usr/bin/cmake /home/jason/Desktop/zam_ws/src/AutoCarROS2/autocar_map -DCMAKE_INSTALL_PREFIX=/home/jason/Desktop/zam_ws/install/autocar_map
[5.614s] Invoking command in '/home/jason/Desktop/zam_ws/build/autocar_map': CMAKE_PREFIX_PATH=${CMAKE_PREFIX_PATH}:/opt/ros/foxy /usr/bin/cmake --build /home/jason/Desktop/zam_ws/build/autocar_map -- -j4 -l4
[5.764s] [35m[1mScanning dependencies of target bof[0m
[6.029s] [ 50%] [32mBuilding CXX object CMakeFiles/bof.dir/src/bof.cpp.o[0m
[19.251s] [100%] [32m[1mLinking CXX executable bof[0m
[19.666s] [100%] Built target bof
[19.679s] Invoked command in '/home/jason/Desktop/zam_ws/build/autocar_map' returned '0': CMAKE_PREFIX_PATH=${CMAKE_PREFIX_PATH}:/opt/ros/foxy /usr/bin/cmake --build /home/jason/Desktop/zam_ws/build/autocar_map -- -j4 -l4
[19.702s] Invoking command in '/home/jason/Desktop/zam_ws/build/autocar_map': CMAKE_PREFIX_PATH=${CMAKE_PREFIX_PATH}:/opt/ros/foxy /usr/bin/cmake --install /home/jason/Desktop/zam_ws/build/autocar_map
[19.710s] -- Install configuration: ""
[19.711s] -- Installing: /home/jason/Desktop/zam_ws/install/autocar_map/lib/autocar_map/bof
[19.714s] -- Set runtime path of "/home/jason/Desktop/zam_ws/install/autocar_map/lib/autocar_map/bof" to ""
[19.714s] -- Installing: /home/jason/Desktop/zam_ws/install/autocar_map/share/ament_index/resource_index/package_run_dependencies/autocar_map
[19.714s] -- Installing: /home/jason/Desktop/zam_ws/install/autocar_map/share/ament_index/resource_index/parent_prefix_path/autocar_map
[19.714s] -- Installing: /home/jason/Desktop/zam_ws/install/autocar_map/share/autocar_map/environment/ament_prefix_path.sh
[19.715s] -- Installing: /home/jason/Desktop/zam_ws/install/autocar_map/share/autocar_map/environment/ament_prefix_path.dsv
[19.716s] -- Installing: /home/jason/Desktop/zam_ws/install/autocar_map/share/autocar_map/environment/path.sh
[19.716s] -- Installing: /home/jason/Desktop/zam_ws/install/autocar_map/share/autocar_map/environment/path.dsv
[19.716s] -- Installing: /home/jason/Desktop/zam_ws/install/autocar_map/share/autocar_map/local_setup.bash
[19.716s] -- Installing: /home/jason/Desktop/zam_ws/install/autocar_map/share/autocar_map/local_setup.sh
[19.716s] -- Installing: /home/jason/Desktop/zam_ws/install/autocar_map/share/autocar_map/local_setup.zsh
[19.716s] -- Installing: /home/jason/Desktop/zam_ws/install/autocar_map/share/autocar_map/local_setup.dsv
[19.716s] -- Installing: /home/jason/Desktop/zam_ws/install/autocar_map/share/autocar_map/package.dsv
[19.717s] -- Installing: /home/jason/Desktop/zam_ws/install/autocar_map/share/ament_index/resource_index/packages/autocar_map
[19.717s] -- Installing: /home/jason/Desktop/zam_ws/install/autocar_map/share/autocar_map/cmake/autocar_mapConfig.cmake
[19.717s] -- Installing: /home/jason/Desktop/zam_ws/install/autocar_map/share/autocar_map/cmake/autocar_mapConfig-version.cmake
[19.717s] -- Installing: /home/jason/Desktop/zam_ws/install/autocar_map/share/autocar_map/package.xml
[19.721s] Invoked command in '/home/jason/Desktop/zam_ws/build/autocar_map' returned '0': CMAKE_PREFIX_PATH=${CMAKE_PREFIX_PATH}:/opt/ros/foxy /usr/bin/cmake --install /home/jason/Desktop/zam_ws/build/autocar_map
