[0.217s] DEBUG:colcon:Command line arguments: ['/usr/bin/colcon', 'list', '-p', '--base-paths', '/home/jason/Desktop/zam_ws']
[0.217s] DEBUG:colcon:Parsed command line arguments: Namespace(allow_overriding=[], base_paths=['/home/jason/Desktop/zam_ws'], build_base='build', ignore_user_meta=False, log_base=None, log_level=None, main=<bound method ListVerb.main of <colcon_package_information.verb.list.ListVerb object at 0x7fc5c9fedee0>>, metas=['./colcon.meta'], names_only=False, packages_above=None, packages_above_and_dependencies=None, packages_above_depth=None, packages_end=None, packages_ignore=None, packages_ignore_regex=None, packages_select=None, packages_select_build_failed=False, packages_select_by_dep=None, packages_select_regex=None, packages_select_test_failures=False, packages_skip=None, packages_skip_build_finished=False, packages_skip_by_dep=None, packages_skip_regex=None, packages_skip_test_passed=False, packages_skip_up_to=None, packages_start=None, packages_up_to=None, packages_up_to_regex=None, paths=None, paths_only=True, topological_graph=False, topological_graph_density=False, topological_graph_dot=False, topological_graph_dot_cluster=False, topological_graph_dot_include_skipped=False, topological_graph_legend=False, topological_order=False, verb_extension=<colcon_package_information.verb.list.ListVerb object at 0x7fc5c9fedee0>, verb_name='list', verb_parser=<colcon_defaults.argument_parser.defaults.DefaultArgumentsDecorator object at 0x7fc5c9f55490>)
[0.271s] Level 1:colcon.colcon_core.package_discovery:discover_packages(colcon_meta) check parameters
[0.271s] Level 1:colcon.colcon_core.package_discovery:discover_packages(recursive) check parameters
[0.271s] Level 1:colcon.colcon_core.package_discovery:discover_packages(ignore) check parameters
[0.272s] Level 1:colcon.colcon_core.package_discovery:discover_packages(path) check parameters
[0.272s] Level 1:colcon.colcon_core.package_discovery:discover_packages(recursive) discover
[0.272s] INFO:colcon.colcon_core.package_discovery:Crawling recursively for packages in '/home/jason/Desktop/zam_ws'
[0.272s] Level 1:colcon.colcon_core.package_identification:_identify(/home/jason/Desktop/zam_ws) by extensions ['ignore', 'ignore_ament_install']
[0.272s] Level 1:colcon.colcon_core.package_identification:_identify(/home/jason/Desktop/zam_ws) by extension 'ignore'
[0.272s] Level 1:colcon.colcon_core.package_identification:_identify(/home/jason/Desktop/zam_ws) by extension 'ignore_ament_install'
[0.272s] Level 1:colcon.colcon_core.package_identification:_identify(/home/jason/Desktop/zam_ws) by extensions ['colcon_pkg']
[0.272s] Level 1:colcon.colcon_core.package_identification:_identify(/home/jason/Desktop/zam_ws) by extension 'colcon_pkg'
[0.272s] Level 1:colcon.colcon_core.package_identification:_identify(/home/jason/Desktop/zam_ws) by extensions ['colcon_meta']
[0.272s] Level 1:colcon.colcon_core.package_identification:_identify(/home/jason/Desktop/zam_ws) by extension 'colcon_meta'
[0.273s] Level 1:colcon.colcon_core.package_identification:_identify(/home/jason/Desktop/zam_ws) by extensions ['ros']
[0.273s] Level 1:colcon.colcon_core.package_identification:_identify(/home/jason/Desktop/zam_ws) by extension 'ros'
[0.293s] Level 1:colcon.colcon_core.package_identification:_identify(/home/jason/Desktop/zam_ws) by extensions ['cmake', 'python']
[0.293s] Level 1:colcon.colcon_core.package_identification:_identify(/home/jason/Desktop/zam_ws) by extension 'cmake'
[0.293s] Level 1:colcon.colcon_core.package_identification:_identify(/home/jason/Desktop/zam_ws) by extension 'python'
[0.293s] Level 1:colcon.colcon_core.package_identification:_identify(/home/jason/Desktop/zam_ws) by extensions ['python_setup_py']
[0.293s] Level 1:colcon.colcon_core.package_identification:_identify(/home/jason/Desktop/zam_ws) by extension 'python_setup_py'
[0.293s] Level 1:colcon.colcon_core.package_identification:_identify(/home/jason/Desktop/zam_ws/build) by extensions ['ignore', 'ignore_ament_install']
[0.293s] Level 1:colcon.colcon_core.package_identification:_identify(/home/jason/Desktop/zam_ws/build) by extension 'ignore'
[0.294s] Level 1:colcon.colcon_core.package_identification:_identify(/home/jason/Desktop/zam_ws/build) ignored
[0.294s] Level 1:colcon.colcon_core.package_identification:_identify(/home/jason/Desktop/zam_ws/install) by extensions ['ignore', 'ignore_ament_install']
[0.294s] Level 1:colcon.colcon_core.package_identification:_identify(/home/jason/Desktop/zam_ws/install) by extension 'ignore'
[0.294s] Level 1:colcon.colcon_core.package_identification:_identify(/home/jason/Desktop/zam_ws/install) ignored
[0.294s] Level 1:colcon.colcon_core.package_identification:_identify(/home/jason/Desktop/zam_ws/log) by extensions ['ignore', 'ignore_ament_install']
[0.294s] Level 1:colcon.colcon_core.package_identification:_identify(/home/jason/Desktop/zam_ws/log) by extension 'ignore'
[0.295s] Level 1:colcon.colcon_core.package_identification:_identify(/home/jason/Desktop/zam_ws/log) ignored
[0.295s] Level 1:colcon.colcon_core.package_identification:_identify(/home/jason/Desktop/zam_ws/src) by extensions ['ignore', 'ignore_ament_install']
[0.295s] Level 1:colcon.colcon_core.package_identification:_identify(/home/jason/Desktop/zam_ws/src) by extension 'ignore'
[0.295s] Level 1:colcon.colcon_core.package_identification:_identify(/home/jason/Desktop/zam_ws/src) by extension 'ignore_ament_install'
[0.296s] Level 1:colcon.colcon_core.package_identification:_identify(/home/jason/Desktop/zam_ws/src) by extensions ['colcon_pkg']
[0.296s] Level 1:colcon.colcon_core.package_identification:_identify(/home/jason/Desktop/zam_ws/src) by extension 'colcon_pkg'
[0.296s] Level 1:colcon.colcon_core.package_identification:_identify(/home/jason/Desktop/zam_ws/src) by extensions ['colcon_meta']
[0.296s] Level 1:colcon.colcon_core.package_identification:_identify(/home/jason/Desktop/zam_ws/src) by extension 'colcon_meta'
[0.296s] Level 1:colcon.colcon_core.package_identification:_identify(/home/jason/Desktop/zam_ws/src) by extensions ['ros']
[0.296s] Level 1:colcon.colcon_core.package_identification:_identify(/home/jason/Desktop/zam_ws/src) by extension 'ros'
[0.296s] Level 1:colcon.colcon_core.package_identification:_identify(/home/jason/Desktop/zam_ws/src) by extensions ['cmake', 'python']
[0.296s] Level 1:colcon.colcon_core.package_identification:_identify(/home/jason/Desktop/zam_ws/src) by extension 'cmake'
[0.296s] Level 1:colcon.colcon_core.package_identification:_identify(/home/jason/Desktop/zam_ws/src) by extension 'python'
[0.297s] Level 1:colcon.colcon_core.package_identification:_identify(/home/jason/Desktop/zam_ws/src) by extensions ['python_setup_py']
[0.297s] Level 1:colcon.colcon_core.package_identification:_identify(/home/jason/Desktop/zam_ws/src) by extension 'python_setup_py'
[0.297s] Level 1:colcon.colcon_core.package_identification:_identify(/home/jason/Desktop/zam_ws/src/AutoCarROS2) by extensions ['ignore', 'ignore_ament_install']
[0.297s] Level 1:colcon.colcon_core.package_identification:_identify(/home/jason/Desktop/zam_ws/src/AutoCarROS2) by extension 'ignore'
[0.297s] Level 1:colcon.colcon_core.package_identification:_identify(/home/jason/Desktop/zam_ws/src/AutoCarROS2) by extension 'ignore_ament_install'
[0.297s] Level 1:colcon.colcon_core.package_identification:_identify(/home/jason/Desktop/zam_ws/src/AutoCarROS2) by extensions ['colcon_pkg']
[0.297s] Level 1:colcon.colcon_core.package_identification:_identify(/home/jason/Desktop/zam_ws/src/AutoCarROS2) by extension 'colcon_pkg'
[0.297s] Level 1:colcon.colcon_core.package_identification:_identify(/home/jason/Desktop/zam_ws/src/AutoCarROS2) by extensions ['colcon_meta']
[0.297s] Level 1:colcon.colcon_core.package_identification:_identify(/home/jason/Desktop/zam_ws/src/AutoCarROS2) by extension 'colcon_meta'
[0.297s] Level 1:colcon.colcon_core.package_identification:_identify(/home/jason/Desktop/zam_ws/src/AutoCarROS2) by extensions ['ros']
[0.298s] Level 1:colcon.colcon_core.package_identification:_identify(/home/jason/Desktop/zam_ws/src/AutoCarROS2) by extension 'ros'
[0.298s] Level 1:colcon.colcon_core.package_identification:_identify(/home/jason/Desktop/zam_ws/src/AutoCarROS2) by extensions ['cmake', 'python']
[0.298s] Level 1:colcon.colcon_core.package_identification:_identify(/home/jason/Desktop/zam_ws/src/AutoCarROS2) by extension 'cmake'
[0.298s] Level 1:colcon.colcon_core.package_identification:_identify(/home/jason/Desktop/zam_ws/src/AutoCarROS2) by extension 'python'
[0.298s] Level 1:colcon.colcon_core.package_identification:_identify(/home/jason/Desktop/zam_ws/src/AutoCarROS2) by extensions ['python_setup_py']
[0.298s] Level 1:colcon.colcon_core.package_identification:_identify(/home/jason/Desktop/zam_ws/src/AutoCarROS2) by extension 'python_setup_py'
[0.298s] Level 1:colcon.colcon_core.package_identification:_identify(/home/jason/Desktop/zam_ws/src/AutoCarROS2/autocar_description) by extensions ['ignore', 'ignore_ament_install']
[0.298s] Level 1:colcon.colcon_core.package_identification:_identify(/home/jason/Desktop/zam_ws/src/AutoCarROS2/autocar_description) by extension 'ignore'
[0.298s] Level 1:colcon.colcon_core.package_identification:_identify(/home/jason/Desktop/zam_ws/src/AutoCarROS2/autocar_description) by extension 'ignore_ament_install'
[0.299s] Level 1:colcon.colcon_core.package_identification:_identify(/home/jason/Desktop/zam_ws/src/AutoCarROS2/autocar_description) by extensions ['colcon_pkg']
[0.299s] Level 1:colcon.colcon_core.package_identification:_identify(/home/jason/Desktop/zam_ws/src/AutoCarROS2/autocar_description) by extension 'colcon_pkg'
[0.299s] Level 1:colcon.colcon_core.package_identification:_identify(/home/jason/Desktop/zam_ws/src/AutoCarROS2/autocar_description) by extensions ['colcon_meta']
[0.299s] Level 1:colcon.colcon_core.package_identification:_identify(/home/jason/Desktop/zam_ws/src/AutoCarROS2/autocar_description) by extension 'colcon_meta'
[0.299s] Level 1:colcon.colcon_core.package_identification:_identify(/home/jason/Desktop/zam_ws/src/AutoCarROS2/autocar_description) by extensions ['ros']
[0.299s] Level 1:colcon.colcon_core.package_identification:_identify(/home/jason/Desktop/zam_ws/src/AutoCarROS2/autocar_description) by extension 'ros'
[0.303s] DEBUG:colcon.colcon_core.package_identification:Package '/home/jason/Desktop/zam_ws/src/AutoCarROS2/autocar_description' with type 'ros.ament_cmake' and name 'autocar_description'
[0.303s] Level 1:colcon.colcon_core.package_identification:_identify(/home/jason/Desktop/zam_ws/src/AutoCarROS2/autocar_gazebo) by extensions ['ignore', 'ignore_ament_install']
[0.304s] Level 1:colcon.colcon_core.package_identification:_identify(/home/jason/Desktop/zam_ws/src/AutoCarROS2/autocar_gazebo) by extension 'ignore'
[0.304s] Level 1:colcon.colcon_core.package_identification:_identify(/home/jason/Desktop/zam_ws/src/AutoCarROS2/autocar_gazebo) by extension 'ignore_ament_install'
[0.304s] Level 1:colcon.colcon_core.package_identification:_identify(/home/jason/Desktop/zam_ws/src/AutoCarROS2/autocar_gazebo) by extensions ['colcon_pkg']
[0.304s] Level 1:colcon.colcon_core.package_identification:_identify(/home/jason/Desktop/zam_ws/src/AutoCarROS2/autocar_gazebo) by extension 'colcon_pkg'
[0.304s] Level 1:colcon.colcon_core.package_identification:_identify(/home/jason/Desktop/zam_ws/src/AutoCarROS2/autocar_gazebo) by extensions ['colcon_meta']
[0.304s] Level 1:colcon.colcon_core.package_identification:_identify(/home/jason/Desktop/zam_ws/src/AutoCarROS2/autocar_gazebo) by extension 'colcon_meta'
[0.304s] Level 1:colcon.colcon_core.package_identification:_identify(/home/jason/Desktop/zam_ws/src/AutoCarROS2/autocar_gazebo) by extensions ['ros']
[0.304s] Level 1:colcon.colcon_core.package_identification:_identify(/home/jason/Desktop/zam_ws/src/AutoCarROS2/autocar_gazebo) by extension 'ros'
[0.305s] DEBUG:colcon.colcon_core.package_identification:Package '/home/jason/Desktop/zam_ws/src/AutoCarROS2/autocar_gazebo' with type 'ros.ament_cmake' and name 'autocar_gazebo'
[0.306s] Level 1:colcon.colcon_core.package_identification:_identify(/home/jason/Desktop/zam_ws/src/AutoCarROS2/autocar_map) by extensions ['ignore', 'ignore_ament_install']
[0.306s] Level 1:colcon.colcon_core.package_identification:_identify(/home/jason/Desktop/zam_ws/src/AutoCarROS2/autocar_map) by extension 'ignore'
[0.306s] Level 1:colcon.colcon_core.package_identification:_identify(/home/jason/Desktop/zam_ws/src/AutoCarROS2/autocar_map) by extension 'ignore_ament_install'
[0.306s] Level 1:colcon.colcon_core.package_identification:_identify(/home/jason/Desktop/zam_ws/src/AutoCarROS2/autocar_map) by extensions ['colcon_pkg']
[0.306s] Level 1:colcon.colcon_core.package_identification:_identify(/home/jason/Desktop/zam_ws/src/AutoCarROS2/autocar_map) by extension 'colcon_pkg'
[0.306s] Level 1:colcon.colcon_core.package_identification:_identify(/home/jason/Desktop/zam_ws/src/AutoCarROS2/autocar_map) by extensions ['colcon_meta']
[0.306s] Level 1:colcon.colcon_core.package_identification:_identify(/home/jason/Desktop/zam_ws/src/AutoCarROS2/autocar_map) by extension 'colcon_meta'
[0.306s] Level 1:colcon.colcon_core.package_identification:_identify(/home/jason/Desktop/zam_ws/src/AutoCarROS2/autocar_map) by extensions ['ros']
[0.307s] Level 1:colcon.colcon_core.package_identification:_identify(/home/jason/Desktop/zam_ws/src/AutoCarROS2/autocar_map) by extension 'ros'
[0.308s] DEBUG:colcon.colcon_core.package_identification:Package '/home/jason/Desktop/zam_ws/src/AutoCarROS2/autocar_map' with type 'ros.ament_cmake' and name 'autocar_map'
[0.308s] Level 1:colcon.colcon_core.package_identification:_identify(/home/jason/Desktop/zam_ws/src/AutoCarROS2/autocar_msgs) by extensions ['ignore', 'ignore_ament_install']
[0.308s] Level 1:colcon.colcon_core.package_identification:_identify(/home/jason/Desktop/zam_ws/src/AutoCarROS2/autocar_msgs) by extension 'ignore'
[0.308s] Level 1:colcon.colcon_core.package_identification:_identify(/home/jason/Desktop/zam_ws/src/AutoCarROS2/autocar_msgs) by extension 'ignore_ament_install'
[0.308s] Level 1:colcon.colcon_core.package_identification:_identify(/home/jason/Desktop/zam_ws/src/AutoCarROS2/autocar_msgs) by extensions ['colcon_pkg']
[0.308s] Level 1:colcon.colcon_core.package_identification:_identify(/home/jason/Desktop/zam_ws/src/AutoCarROS2/autocar_msgs) by extension 'colcon_pkg'
[0.308s] Level 1:colcon.colcon_core.package_identification:_identify(/home/jason/Desktop/zam_ws/src/AutoCarROS2/autocar_msgs) by extensions ['colcon_meta']
[0.308s] Level 1:colcon.colcon_core.package_identification:_identify(/home/jason/Desktop/zam_ws/src/AutoCarROS2/autocar_msgs) by extension 'colcon_meta'
[0.309s] Level 1:colcon.colcon_core.package_identification:_identify(/home/jason/Desktop/zam_ws/src/AutoCarROS2/autocar_msgs) by extensions ['ros']
[0.309s] Level 1:colcon.colcon_core.package_identification:_identify(/home/jason/Desktop/zam_ws/src/AutoCarROS2/autocar_msgs) by extension 'ros'
[0.309s] DEBUG:colcon.colcon_core.package_identification:Package '/home/jason/Desktop/zam_ws/src/AutoCarROS2/autocar_msgs' with type 'ros.ament_cmake' and name 'autocar_msgs'
[0.310s] Level 1:colcon.colcon_core.package_identification:_identify(/home/jason/Desktop/zam_ws/src/AutoCarROS2/autocar_nav) by extensions ['ignore', 'ignore_ament_install']
[0.310s] Level 1:colcon.colcon_core.package_identification:_identify(/home/jason/Desktop/zam_ws/src/AutoCarROS2/autocar_nav) by extension 'ignore'
[0.310s] Level 1:colcon.colcon_core.package_identification:_identify(/home/jason/Desktop/zam_ws/src/AutoCarROS2/autocar_nav) by extension 'ignore_ament_install'
[0.310s] Level 1:colcon.colcon_core.package_identification:_identify(/home/jason/Desktop/zam_ws/src/AutoCarROS2/autocar_nav) by extensions ['colcon_pkg']
[0.310s] Level 1:colcon.colcon_core.package_identification:_identify(/home/jason/Desktop/zam_ws/src/AutoCarROS2/autocar_nav) by extension 'colcon_pkg'
[0.310s] Level 1:colcon.colcon_core.package_identification:_identify(/home/jason/Desktop/zam_ws/src/AutoCarROS2/autocar_nav) by extensions ['colcon_meta']
[0.310s] Level 1:colcon.colcon_core.package_identification:_identify(/home/jason/Desktop/zam_ws/src/AutoCarROS2/autocar_nav) by extension 'colcon_meta'
[0.310s] Level 1:colcon.colcon_core.package_identification:_identify(/home/jason/Desktop/zam_ws/src/AutoCarROS2/autocar_nav) by extensions ['ros']
[0.310s] Level 1:colcon.colcon_core.package_identification:_identify(/home/jason/Desktop/zam_ws/src/AutoCarROS2/autocar_nav) by extension 'ros'
[0.312s] DEBUG:colcon.colcon_core.package_identification:Package '/home/jason/Desktop/zam_ws/src/AutoCarROS2/autocar_nav' with type 'ros.ament_cmake' and name 'autocar_nav'
[0.312s] Level 1:colcon.colcon_core.package_identification:_identify(/home/jason/Desktop/zam_ws/src/AutoCarROS2/launches) by extensions ['ignore', 'ignore_ament_install']
[0.312s] Level 1:colcon.colcon_core.package_identification:_identify(/home/jason/Desktop/zam_ws/src/AutoCarROS2/launches) by extension 'ignore'
[0.312s] Level 1:colcon.colcon_core.package_identification:_identify(/home/jason/Desktop/zam_ws/src/AutoCarROS2/launches) by extension 'ignore_ament_install'
[0.312s] Level 1:colcon.colcon_core.package_identification:_identify(/home/jason/Desktop/zam_ws/src/AutoCarROS2/launches) by extensions ['colcon_pkg']
[0.312s] Level 1:colcon.colcon_core.package_identification:_identify(/home/jason/Desktop/zam_ws/src/AutoCarROS2/launches) by extension 'colcon_pkg'
[0.312s] Level 1:colcon.colcon_core.package_identification:_identify(/home/jason/Desktop/zam_ws/src/AutoCarROS2/launches) by extensions ['colcon_meta']
[0.312s] Level 1:colcon.colcon_core.package_identification:_identify(/home/jason/Desktop/zam_ws/src/AutoCarROS2/launches) by extension 'colcon_meta'
[0.313s] Level 1:colcon.colcon_core.package_identification:_identify(/home/jason/Desktop/zam_ws/src/AutoCarROS2/launches) by extensions ['ros']
[0.313s] Level 1:colcon.colcon_core.package_identification:_identify(/home/jason/Desktop/zam_ws/src/AutoCarROS2/launches) by extension 'ros'
[0.313s] DEBUG:colcon.colcon_core.package_identification:Package '/home/jason/Desktop/zam_ws/src/AutoCarROS2/launches' with type 'ros.ament_cmake' and name 'launches'
[0.314s] Level 1:colcon.colcon_core.package_identification:_identify(/home/jason/Desktop/zam_ws/src/AutoCarROS2/resources) by extensions ['ignore', 'ignore_ament_install']
[0.314s] Level 1:colcon.colcon_core.package_identification:_identify(/home/jason/Desktop/zam_ws/src/AutoCarROS2/resources) by extension 'ignore'
[0.314s] Level 1:colcon.colcon_core.package_identification:_identify(/home/jason/Desktop/zam_ws/src/AutoCarROS2/resources) by extension 'ignore_ament_install'
[0.314s] Level 1:colcon.colcon_core.package_identification:_identify(/home/jason/Desktop/zam_ws/src/AutoCarROS2/resources) by extensions ['colcon_pkg']
[0.314s] Level 1:colcon.colcon_core.package_identification:_identify(/home/jason/Desktop/zam_ws/src/AutoCarROS2/resources) by extension 'colcon_pkg'
[0.314s] Level 1:colcon.colcon_core.package_identification:_identify(/home/jason/Desktop/zam_ws/src/AutoCarROS2/resources) by extensions ['colcon_meta']
[0.314s] Level 1:colcon.colcon_core.package_identification:_identify(/home/jason/Desktop/zam_ws/src/AutoCarROS2/resources) by extension 'colcon_meta'
[0.314s] Level 1:colcon.colcon_core.package_identification:_identify(/home/jason/Desktop/zam_ws/src/AutoCarROS2/resources) by extensions ['ros']
[0.314s] Level 1:colcon.colcon_core.package_identification:_identify(/home/jason/Desktop/zam_ws/src/AutoCarROS2/resources) by extension 'ros'
[0.315s] Level 1:colcon.colcon_core.package_identification:_identify(/home/jason/Desktop/zam_ws/src/AutoCarROS2/resources) by extensions ['cmake', 'python']
[0.315s] Level 1:colcon.colcon_core.package_identification:_identify(/home/jason/Desktop/zam_ws/src/AutoCarROS2/resources) by extension 'cmake'
[0.315s] Level 1:colcon.colcon_core.package_identification:_identify(/home/jason/Desktop/zam_ws/src/AutoCarROS2/resources) by extension 'python'
[0.315s] Level 1:colcon.colcon_core.package_identification:_identify(/home/jason/Desktop/zam_ws/src/AutoCarROS2/resources) by extensions ['python_setup_py']
[0.315s] Level 1:colcon.colcon_core.package_identification:_identify(/home/jason/Desktop/zam_ws/src/AutoCarROS2/resources) by extension 'python_setup_py'
[0.315s] Level 1:colcon.colcon_core.package_identification:_identify(/home/jason/Desktop/zam_ws/src/realsense-ros) by extensions ['ignore', 'ignore_ament_install']
[0.316s] Level 1:colcon.colcon_core.package_identification:_identify(/home/jason/Desktop/zam_ws/src/realsense-ros) by extension 'ignore'
[0.316s] Level 1:colcon.colcon_core.package_identification:_identify(/home/jason/Desktop/zam_ws/src/realsense-ros) by extension 'ignore_ament_install'
[0.316s] Level 1:colcon.colcon_core.package_identification:_identify(/home/jason/Desktop/zam_ws/src/realsense-ros) by extensions ['colcon_pkg']
[0.316s] Level 1:colcon.colcon_core.package_identification:_identify(/home/jason/Desktop/zam_ws/src/realsense-ros) by extension 'colcon_pkg'
[0.316s] Level 1:colcon.colcon_core.package_identification:_identify(/home/jason/Desktop/zam_ws/src/realsense-ros) by extensions ['colcon_meta']
[0.316s] Level 1:colcon.colcon_core.package_identification:_identify(/home/jason/Desktop/zam_ws/src/realsense-ros) by extension 'colcon_meta'
[0.316s] Level 1:colcon.colcon_core.package_identification:_identify(/home/jason/Desktop/zam_ws/src/realsense-ros) by extensions ['ros']
[0.316s] Level 1:colcon.colcon_core.package_identification:_identify(/home/jason/Desktop/zam_ws/src/realsense-ros) by extension 'ros'
[0.316s] Level 1:colcon.colcon_core.package_identification:_identify(/home/jason/Desktop/zam_ws/src/realsense-ros) by extensions ['cmake', 'python']
[0.316s] Level 1:colcon.colcon_core.package_identification:_identify(/home/jason/Desktop/zam_ws/src/realsense-ros) by extension 'cmake'
[0.316s] Level 1:colcon.colcon_core.package_identification:_identify(/home/jason/Desktop/zam_ws/src/realsense-ros) by extension 'python'
[0.317s] Level 1:colcon.colcon_core.package_identification:_identify(/home/jason/Desktop/zam_ws/src/realsense-ros) by extensions ['python_setup_py']
[0.317s] Level 1:colcon.colcon_core.package_identification:_identify(/home/jason/Desktop/zam_ws/src/realsense-ros) by extension 'python_setup_py'
[0.317s] Level 1:colcon.colcon_core.package_identification:_identify(/home/jason/Desktop/zam_ws/src/realsense-ros/realsense2_camera) by extensions ['ignore', 'ignore_ament_install']
[0.317s] Level 1:colcon.colcon_core.package_identification:_identify(/home/jason/Desktop/zam_ws/src/realsense-ros/realsense2_camera) by extension 'ignore'
[0.317s] Level 1:colcon.colcon_core.package_identification:_identify(/home/jason/Desktop/zam_ws/src/realsense-ros/realsense2_camera) by extension 'ignore_ament_install'
[0.317s] Level 1:colcon.colcon_core.package_identification:_identify(/home/jason/Desktop/zam_ws/src/realsense-ros/realsense2_camera) by extensions ['colcon_pkg']
[0.317s] Level 1:colcon.colcon_core.package_identification:_identify(/home/jason/Desktop/zam_ws/src/realsense-ros/realsense2_camera) by extension 'colcon_pkg'
[0.317s] Level 1:colcon.colcon_core.package_identification:_identify(/home/jason/Desktop/zam_ws/src/realsense-ros/realsense2_camera) by extensions ['colcon_meta']
[0.317s] Level 1:colcon.colcon_core.package_identification:_identify(/home/jason/Desktop/zam_ws/src/realsense-ros/realsense2_camera) by extension 'colcon_meta'
[0.317s] Level 1:colcon.colcon_core.package_identification:_identify(/home/jason/Desktop/zam_ws/src/realsense-ros/realsense2_camera) by extensions ['ros']
[0.318s] Level 1:colcon.colcon_core.package_identification:_identify(/home/jason/Desktop/zam_ws/src/realsense-ros/realsense2_camera) by extension 'ros'
[0.321s] DEBUG:colcon.colcon_core.package_identification:Package '/home/jason/Desktop/zam_ws/src/realsense-ros/realsense2_camera' with type 'ros.ament_cmake' and name 'realsense2_camera'
[0.321s] Level 1:colcon.colcon_core.package_identification:_identify(/home/jason/Desktop/zam_ws/src/realsense-ros/realsense2_camera_msgs) by extensions ['ignore', 'ignore_ament_install']
[0.321s] Level 1:colcon.colcon_core.package_identification:_identify(/home/jason/Desktop/zam_ws/src/realsense-ros/realsense2_camera_msgs) by extension 'ignore'
[0.321s] Level 1:colcon.colcon_core.package_identification:_identify(/home/jason/Desktop/zam_ws/src/realsense-ros/realsense2_camera_msgs) by extension 'ignore_ament_install'
[0.321s] Level 1:colcon.colcon_core.package_identification:_identify(/home/jason/Desktop/zam_ws/src/realsense-ros/realsense2_camera_msgs) by extensions ['colcon_pkg']
[0.321s] Level 1:colcon.colcon_core.package_identification:_identify(/home/jason/Desktop/zam_ws/src/realsense-ros/realsense2_camera_msgs) by extension 'colcon_pkg'
[0.322s] Level 1:colcon.colcon_core.package_identification:_identify(/home/jason/Desktop/zam_ws/src/realsense-ros/realsense2_camera_msgs) by extensions ['colcon_meta']
[0.322s] Level 1:colcon.colcon_core.package_identification:_identify(/home/jason/Desktop/zam_ws/src/realsense-ros/realsense2_camera_msgs) by extension 'colcon_meta'
[0.322s] Level 1:colcon.colcon_core.package_identification:_identify(/home/jason/Desktop/zam_ws/src/realsense-ros/realsense2_camera_msgs) by extensions ['ros']
[0.322s] Level 1:colcon.colcon_core.package_identification:_identify(/home/jason/Desktop/zam_ws/src/realsense-ros/realsense2_camera_msgs) by extension 'ros'
[0.323s] DEBUG:colcon.colcon_core.package_identification:Package '/home/jason/Desktop/zam_ws/src/realsense-ros/realsense2_camera_msgs' with type 'ros.ament_cmake' and name 'realsense2_camera_msgs'
[0.323s] Level 1:colcon.colcon_core.package_identification:_identify(/home/jason/Desktop/zam_ws/src/realsense-ros/realsense2_description) by extensions ['ignore', 'ignore_ament_install']
[0.323s] Level 1:colcon.colcon_core.package_identification:_identify(/home/jason/Desktop/zam_ws/src/realsense-ros/realsense2_description) by extension 'ignore'
[0.324s] Level 1:colcon.colcon_core.package_identification:_identify(/home/jason/Desktop/zam_ws/src/realsense-ros/realsense2_description) by extension 'ignore_ament_install'
[0.324s] Level 1:colcon.colcon_core.package_identification:_identify(/home/jason/Desktop/zam_ws/src/realsense-ros/realsense2_description) by extensions ['colcon_pkg']
[0.324s] Level 1:colcon.colcon_core.package_identification:_identify(/home/jason/Desktop/zam_ws/src/realsense-ros/realsense2_description) by extension 'colcon_pkg'
[0.324s] Level 1:colcon.colcon_core.package_identification:_identify(/home/jason/Desktop/zam_ws/src/realsense-ros/realsense2_description) by extensions ['colcon_meta']
[0.324s] Level 1:colcon.colcon_core.package_identification:_identify(/home/jason/Desktop/zam_ws/src/realsense-ros/realsense2_description) by extension 'colcon_meta'
[0.324s] Level 1:colcon.colcon_core.package_identification:_identify(/home/jason/Desktop/zam_ws/src/realsense-ros/realsense2_description) by extensions ['ros']
[0.324s] Level 1:colcon.colcon_core.package_identification:_identify(/home/jason/Desktop/zam_ws/src/realsense-ros/realsense2_description) by extension 'ros'
[0.326s] DEBUG:colcon.colcon_core.package_identification:Package '/home/jason/Desktop/zam_ws/src/realsense-ros/realsense2_description' with type 'ros.ament_cmake' and name 'realsense2_description'
[0.326s] Level 1:colcon.colcon_core.package_identification:_identify(/home/jason/Desktop/zam_ws/src/realsense-ros/scripts) by extensions ['ignore', 'ignore_ament_install']
[0.326s] Level 1:colcon.colcon_core.package_identification:_identify(/home/jason/Desktop/zam_ws/src/realsense-ros/scripts) by extension 'ignore'
[0.326s] Level 1:colcon.colcon_core.package_identification:_identify(/home/jason/Desktop/zam_ws/src/realsense-ros/scripts) by extension 'ignore_ament_install'
[0.326s] Level 1:colcon.colcon_core.package_identification:_identify(/home/jason/Desktop/zam_ws/src/realsense-ros/scripts) by extensions ['colcon_pkg']
[0.326s] Level 1:colcon.colcon_core.package_identification:_identify(/home/jason/Desktop/zam_ws/src/realsense-ros/scripts) by extension 'colcon_pkg'
[0.327s] Level 1:colcon.colcon_core.package_identification:_identify(/home/jason/Desktop/zam_ws/src/realsense-ros/scripts) by extensions ['colcon_meta']
[0.327s] Level 1:colcon.colcon_core.package_identification:_identify(/home/jason/Desktop/zam_ws/src/realsense-ros/scripts) by extension 'colcon_meta'
[0.327s] Level 1:colcon.colcon_core.package_identification:_identify(/home/jason/Desktop/zam_ws/src/realsense-ros/scripts) by extensions ['ros']
[0.327s] Level 1:colcon.colcon_core.package_identification:_identify(/home/jason/Desktop/zam_ws/src/realsense-ros/scripts) by extension 'ros'
[0.327s] Level 1:colcon.colcon_core.package_identification:_identify(/home/jason/Desktop/zam_ws/src/realsense-ros/scripts) by extensions ['cmake', 'python']
[0.327s] Level 1:colcon.colcon_core.package_identification:_identify(/home/jason/Desktop/zam_ws/src/realsense-ros/scripts) by extension 'cmake'
[0.327s] Level 1:colcon.colcon_core.package_identification:_identify(/home/jason/Desktop/zam_ws/src/realsense-ros/scripts) by extension 'python'
[0.327s] Level 1:colcon.colcon_core.package_identification:_identify(/home/jason/Desktop/zam_ws/src/realsense-ros/scripts) by extensions ['python_setup_py']
[0.327s] Level 1:colcon.colcon_core.package_identification:_identify(/home/jason/Desktop/zam_ws/src/realsense-ros/scripts) by extension 'python_setup_py'
[0.328s] Level 1:colcon.colcon_core.package_identification:_identify(/home/jason/Desktop/zam_ws/src/zam_tools) by extensions ['ignore', 'ignore_ament_install']
[0.328s] Level 1:colcon.colcon_core.package_identification:_identify(/home/jason/Desktop/zam_ws/src/zam_tools) by extension 'ignore'
[0.328s] Level 1:colcon.colcon_core.package_identification:_identify(/home/jason/Desktop/zam_ws/src/zam_tools) by extension 'ignore_ament_install'
[0.328s] Level 1:colcon.colcon_core.package_identification:_identify(/home/jason/Desktop/zam_ws/src/zam_tools) by extensions ['colcon_pkg']
[0.328s] Level 1:colcon.colcon_core.package_identification:_identify(/home/jason/Desktop/zam_ws/src/zam_tools) by extension 'colcon_pkg'
[0.328s] Level 1:colcon.colcon_core.package_identification:_identify(/home/jason/Desktop/zam_ws/src/zam_tools) by extensions ['colcon_meta']
[0.328s] Level 1:colcon.colcon_core.package_identification:_identify(/home/jason/Desktop/zam_ws/src/zam_tools) by extension 'colcon_meta'
[0.328s] Level 1:colcon.colcon_core.package_identification:_identify(/home/jason/Desktop/zam_ws/src/zam_tools) by extensions ['ros']
[0.328s] Level 1:colcon.colcon_core.package_identification:_identify(/home/jason/Desktop/zam_ws/src/zam_tools) by extension 'ros'
[0.329s] DEBUG:colcon.colcon_core.package_identification:Package '/home/jason/Desktop/zam_ws/src/zam_tools' with type 'ros.ament_python' and name 'zam_tools'
[0.329s] Level 1:colcon.colcon_core.package_discovery:discover_packages(recursive) using defaults
