[0.062s] Invoking command in '/home/jason/Desktop/zam_ws/build/autocar_description': CMAKE_PREFIX_PATH=${CMAKE_PREFIX_PATH}:/opt/ros/foxy /usr/bin/cmake --build /home/jason/Desktop/zam_ws/build/autocar_description -- -j4 -l4
[0.165s] Invoked command in '/home/jason/Desktop/zam_ws/build/autocar_description' returned '0': CMAKE_PREFIX_PATH=${CMAKE_PREFIX_PATH}:/opt/ros/foxy /usr/bin/cmake --build /home/jason/Desktop/zam_ws/build/autocar_description -- -j4 -l4
[0.365s] Invoking command in '/home/jason/Desktop/zam_ws/build/autocar_description': CMAKE_PREFIX_PATH=${CMAKE_PREFIX_PATH}:/opt/ros/foxy /usr/bin/cmake --install /home/jason/Desktop/zam_ws/build/autocar_description
[0.395s] -- Install configuration: ""
[0.396s] -- Execute custom install script
[0.397s] -- Up-to-date symlink: /home/jason/Desktop/zam_ws/install/autocar_description/share/autocar_description//meshes/bl_1.stl
[0.397s] -- Up-to-date symlink: /home/jason/Desktop/zam_ws/install/autocar_description/share/autocar_description//meshes/br_1.stl
[0.397s] -- Up-to-date symlink: /home/jason/Desktop/zam_ws/install/autocar_description/share/autocar_description//meshes/chassis_link.stl
[0.398s] -- Up-to-date symlink: /home/jason/Desktop/zam_ws/install/autocar_description/share/autocar_description//meshes/fl_1.stl
[0.398s] -- Up-to-date symlink: /home/jason/Desktop/zam_ws/install/autocar_description/share/autocar_description//meshes/fr_1.stl
[0.398s] -- Up-to-date symlink: /home/jason/Desktop/zam_ws/install/autocar_description/share/autocar_description//meshes/hokuyo.dae
[0.399s] -- Up-to-date symlink: /home/jason/Desktop/zam_ws/install/autocar_description/share/autocar_description//meshes/lds.dae
[0.399s] -- Up-to-date symlink: /home/jason/Desktop/zam_ws/install/autocar_description/share/autocar_description//meshes/spoiler (copy).stl
[0.399s] -- Up-to-date symlink: /home/jason/Desktop/zam_ws/install/autocar_description/share/autocar_description//meshes/tire.dae
[0.400s] -- Up-to-date symlink: /home/jason/Desktop/zam_ws/install/autocar_description/share/autocar_description//urdf/autocar.xacro
[0.400s] -- Up-to-date symlink: /home/jason/Desktop/zam_ws/install/autocar_description/share/autocar_description//rviz/view.rviz
[0.401s] -- Up-to-date symlink: /home/jason/Desktop/zam_ws/install/autocar_description/share/ament_index/resource_index/package_run_dependencies/autocar_description
[0.402s] -- Up-to-date symlink: /home/jason/Desktop/zam_ws/install/autocar_description/share/ament_index/resource_index/parent_prefix_path/autocar_description
[0.402s] -- Up-to-date symlink: /home/jason/Desktop/zam_ws/install/autocar_description/share/autocar_description/environment/ament_prefix_path.sh
[0.403s] -- Up-to-date symlink: /home/jason/Desktop/zam_ws/install/autocar_description/share/autocar_description/environment/ament_prefix_path.dsv
[0.404s] -- Up-to-date symlink: /home/jason/Desktop/zam_ws/install/autocar_description/share/autocar_description/environment/path.sh
[0.404s] -- Up-to-date symlink: /home/jason/Desktop/zam_ws/install/autocar_description/share/autocar_description/environment/path.dsv
[0.405s] -- Up-to-date symlink: /home/jason/Desktop/zam_ws/install/autocar_description/share/autocar_description/local_setup.bash
[0.406s] -- Up-to-date symlink: /home/jason/Desktop/zam_ws/install/autocar_description/share/autocar_description/local_setup.sh
[0.406s] -- Up-to-date symlink: /home/jason/Desktop/zam_ws/install/autocar_description/share/autocar_description/local_setup.zsh
[0.407s] -- Up-to-date symlink: /home/jason/Desktop/zam_ws/install/autocar_description/share/autocar_description/local_setup.dsv
[0.408s] -- Symlinking: /home/jason/Desktop/zam_ws/install/autocar_description/share/autocar_description/package.dsv
[0.426s] -- Up-to-date symlink: /home/jason/Desktop/zam_ws/install/autocar_description/share/ament_index/resource_index/packages/autocar_description
[0.426s] -- Up-to-date symlink: /home/jason/Desktop/zam_ws/install/autocar_description/share/autocar_description/cmake/autocar_descriptionConfig.cmake
[0.426s] -- Up-to-date symlink: /home/jason/Desktop/zam_ws/install/autocar_description/share/autocar_description/cmake/autocar_descriptionConfig-version.cmake
[0.429s] -- Up-to-date symlink: /home/jason/Desktop/zam_ws/install/autocar_description/share/autocar_description/package.xml
[0.434s] Invoked command in '/home/jason/Desktop/zam_ws/build/autocar_description' returned '0': CMAKE_PREFIX_PATH=${CMAKE_PREFIX_PATH}:/opt/ros/foxy /usr/bin/cmake --install /home/jason/Desktop/zam_ws/build/autocar_description
