[0.024s] Invoking command in '/home/jason/Desktop/zam_ws/build/realsense2_description': AMENT_PREFIX_PATH=/home/jason/Desktop/zam_ws/install/realsense2_camera_msgs:${AMENT_PREFIX_PATH} CMAKE_PREFIX_PATH=/home/jason/Desktop/zam_ws/install/realsense2_camera_msgs:/home/jason/Desktop/zam_ws/src/AutoCarROS2/install/launches:/home/jason/Desktop/zam_ws/src/AutoCarROS2/install/autocar_nav:/home/jason/Desktop/zam_ws/src/AutoCarROS2/install/autocar_msgs:/home/jason/Desktop/zam_ws/src/AutoCarROS2/install/autocar_map:/home/jason/Desktop/zam_ws/src/AutoCarROS2/install/autocar_gazebo:/home/jason/Desktop/zam_ws/src/AutoCarROS2/install/autocar_description:/home/jason/Desktop/zam_ws/install/launches:/home/jason/Desktop/zam_ws/install/autocar_nav:/home/jason/Desktop/zam_ws/install/autocar_msgs:/home/jason/Desktop/zam_ws/install/autocar_map:/home/jason/Desktop/zam_ws/install/autocar_gazebo:/home/jason/Desktop/zam_ws/install/autocar_description:/home/jason/Desktop/autocarws/install/launches:/home/jason/Desktop/autocarws/install/autocar_nav:/home/jason/Desktop/autocarws/install/autocar_msgs:/home/jason/Desktop/autocarws/install/autocar_map:/home/jason/Desktop/autocarws/install/autocar_gazebo:/home/jason/Desktop/autocarws/install/autocar_description:/opt/ros/foxy LD_LIBRARY_PATH=/home/jason/Desktop/zam_ws/install/realsense2_camera_msgs/lib:${LD_LIBRARY_PATH} PYTHONPATH=/home/jason/Desktop/zam_ws/install/realsense2_camera_msgs/lib/python3.8/site-packages:${PYTHONPATH} /usr/bin/cmake /home/jason/Desktop/zam_ws/src/realsense-ros/realsense2_description -DCMAKE_INSTALL_PREFIX=/home/jason/Desktop/zam_ws/install/realsense2_description
[0.111s] -- The C compiler identification is GNU 9.4.0
[0.193s] -- The CXX compiler identification is GNU 9.4.0
[0.210s] -- Check for working C compiler: /usr/bin/cc
[0.308s] -- Check for working C compiler: /usr/bin/cc -- works
[0.311s] -- Detecting C compiler ABI info
[0.421s] -- Detecting C compiler ABI info - done
[0.445s] -- Detecting C compile features
[0.446s] -- Detecting C compile features - done
[0.451s] -- Check for working CXX compiler: /usr/bin/c++
[0.592s] -- Check for working CXX compiler: /usr/bin/c++ -- works
[0.593s] -- Detecting CXX compiler ABI info
[0.752s] -- Detecting CXX compiler ABI info - done
[0.768s] -- Detecting CXX compile features
[0.770s] -- Detecting CXX compile features - done
[0.785s] -- Found ament_cmake: 0.9.11 (/opt/ros/foxy/share/ament_cmake/cmake)
[0.828s] -- Found PythonInterp: /usr/bin/python3 (found suitable version "3.8.10", minimum required is "3") 
[0.828s] -- Using PYTHON_EXECUTABLE: /usr/bin/python3
[1.347s] -- Configuring done
[1.355s] -- Generating done
[1.356s] -- Build files have been written to: /home/jason/Desktop/zam_ws/build/realsense2_description
[1.365s] Invoked command in '/home/jason/Desktop/zam_ws/build/realsense2_description' returned '0': AMENT_PREFIX_PATH=/home/jason/Desktop/zam_ws/install/realsense2_camera_msgs:${AMENT_PREFIX_PATH} CMAKE_PREFIX_PATH=/home/jason/Desktop/zam_ws/install/realsense2_camera_msgs:/home/jason/Desktop/zam_ws/src/AutoCarROS2/install/launches:/home/jason/Desktop/zam_ws/src/AutoCarROS2/install/autocar_nav:/home/jason/Desktop/zam_ws/src/AutoCarROS2/install/autocar_msgs:/home/jason/Desktop/zam_ws/src/AutoCarROS2/install/autocar_map:/home/jason/Desktop/zam_ws/src/AutoCarROS2/install/autocar_gazebo:/home/jason/Desktop/zam_ws/src/AutoCarROS2/install/autocar_description:/home/jason/Desktop/zam_ws/install/launches:/home/jason/Desktop/zam_ws/install/autocar_nav:/home/jason/Desktop/zam_ws/install/autocar_msgs:/home/jason/Desktop/zam_ws/install/autocar_map:/home/jason/Desktop/zam_ws/install/autocar_gazebo:/home/jason/Desktop/zam_ws/install/autocar_description:/home/jason/Desktop/autocarws/install/launches:/home/jason/Desktop/autocarws/install/autocar_nav:/home/jason/Desktop/autocarws/install/autocar_msgs:/home/jason/Desktop/autocarws/install/autocar_map:/home/jason/Desktop/autocarws/install/autocar_gazebo:/home/jason/Desktop/autocarws/install/autocar_description:/opt/ros/foxy LD_LIBRARY_PATH=/home/jason/Desktop/zam_ws/install/realsense2_camera_msgs/lib:${LD_LIBRARY_PATH} PYTHONPATH=/home/jason/Desktop/zam_ws/install/realsense2_camera_msgs/lib/python3.8/site-packages:${PYTHONPATH} /usr/bin/cmake /home/jason/Desktop/zam_ws/src/realsense-ros/realsense2_description -DCMAKE_INSTALL_PREFIX=/home/jason/Desktop/zam_ws/install/realsense2_description
[1.367s] Invoking command in '/home/jason/Desktop/zam_ws/build/realsense2_description': AMENT_PREFIX_PATH=/home/jason/Desktop/zam_ws/install/realsense2_camera_msgs:${AMENT_PREFIX_PATH} CMAKE_PREFIX_PATH=/home/jason/Desktop/zam_ws/install/realsense2_camera_msgs:/home/jason/Desktop/zam_ws/src/AutoCarROS2/install/launches:/home/jason/Desktop/zam_ws/src/AutoCarROS2/install/autocar_nav:/home/jason/Desktop/zam_ws/src/AutoCarROS2/install/autocar_msgs:/home/jason/Desktop/zam_ws/src/AutoCarROS2/install/autocar_map:/home/jason/Desktop/zam_ws/src/AutoCarROS2/install/autocar_gazebo:/home/jason/Desktop/zam_ws/src/AutoCarROS2/install/autocar_description:/home/jason/Desktop/zam_ws/install/launches:/home/jason/Desktop/zam_ws/install/autocar_nav:/home/jason/Desktop/zam_ws/install/autocar_msgs:/home/jason/Desktop/zam_ws/install/autocar_map:/home/jason/Desktop/zam_ws/install/autocar_gazebo:/home/jason/Desktop/zam_ws/install/autocar_description:/home/jason/Desktop/autocarws/install/launches:/home/jason/Desktop/autocarws/install/autocar_nav:/home/jason/Desktop/autocarws/install/autocar_msgs:/home/jason/Desktop/autocarws/install/autocar_map:/home/jason/Desktop/autocarws/install/autocar_gazebo:/home/jason/Desktop/autocarws/install/autocar_description:/opt/ros/foxy LD_LIBRARY_PATH=/home/jason/Desktop/zam_ws/install/realsense2_camera_msgs/lib:${LD_LIBRARY_PATH} PYTHONPATH=/home/jason/Desktop/zam_ws/install/realsense2_camera_msgs/lib/python3.8/site-packages:${PYTHONPATH} /usr/bin/cmake --build /home/jason/Desktop/zam_ws/build/realsense2_description -- -j4 -l4
[1.458s] Invoked command in '/home/jason/Desktop/zam_ws/build/realsense2_description' returned '0': AMENT_PREFIX_PATH=/home/jason/Desktop/zam_ws/install/realsense2_camera_msgs:${AMENT_PREFIX_PATH} CMAKE_PREFIX_PATH=/home/jason/Desktop/zam_ws/install/realsense2_camera_msgs:/home/jason/Desktop/zam_ws/src/AutoCarROS2/install/launches:/home/jason/Desktop/zam_ws/src/AutoCarROS2/install/autocar_nav:/home/jason/Desktop/zam_ws/src/AutoCarROS2/install/autocar_msgs:/home/jason/Desktop/zam_ws/src/AutoCarROS2/install/autocar_map:/home/jason/Desktop/zam_ws/src/AutoCarROS2/install/autocar_gazebo:/home/jason/Desktop/zam_ws/src/AutoCarROS2/install/autocar_description:/home/jason/Desktop/zam_ws/install/launches:/home/jason/Desktop/zam_ws/install/autocar_nav:/home/jason/Desktop/zam_ws/install/autocar_msgs:/home/jason/Desktop/zam_ws/install/autocar_map:/home/jason/Desktop/zam_ws/install/autocar_gazebo:/home/jason/Desktop/zam_ws/install/autocar_description:/home/jason/Desktop/autocarws/install/launches:/home/jason/Desktop/autocarws/install/autocar_nav:/home/jason/Desktop/autocarws/install/autocar_msgs:/home/jason/Desktop/autocarws/install/autocar_map:/home/jason/Desktop/autocarws/install/autocar_gazebo:/home/jason/Desktop/autocarws/install/autocar_description:/opt/ros/foxy LD_LIBRARY_PATH=/home/jason/Desktop/zam_ws/install/realsense2_camera_msgs/lib:${LD_LIBRARY_PATH} PYTHONPATH=/home/jason/Desktop/zam_ws/install/realsense2_camera_msgs/lib/python3.8/site-packages:${PYTHONPATH} /usr/bin/cmake --build /home/jason/Desktop/zam_ws/build/realsense2_description -- -j4 -l4
[1.504s] Invoking command in '/home/jason/Desktop/zam_ws/build/realsense2_description': AMENT_PREFIX_PATH=/home/jason/Desktop/zam_ws/install/realsense2_camera_msgs:${AMENT_PREFIX_PATH} CMAKE_PREFIX_PATH=/home/jason/Desktop/zam_ws/install/realsense2_camera_msgs:/home/jason/Desktop/zam_ws/src/AutoCarROS2/install/launches:/home/jason/Desktop/zam_ws/src/AutoCarROS2/install/autocar_nav:/home/jason/Desktop/zam_ws/src/AutoCarROS2/install/autocar_msgs:/home/jason/Desktop/zam_ws/src/AutoCarROS2/install/autocar_map:/home/jason/Desktop/zam_ws/src/AutoCarROS2/install/autocar_gazebo:/home/jason/Desktop/zam_ws/src/AutoCarROS2/install/autocar_description:/home/jason/Desktop/zam_ws/install/launches:/home/jason/Desktop/zam_ws/install/autocar_nav:/home/jason/Desktop/zam_ws/install/autocar_msgs:/home/jason/Desktop/zam_ws/install/autocar_map:/home/jason/Desktop/zam_ws/install/autocar_gazebo:/home/jason/Desktop/zam_ws/install/autocar_description:/home/jason/Desktop/autocarws/install/launches:/home/jason/Desktop/autocarws/install/autocar_nav:/home/jason/Desktop/autocarws/install/autocar_msgs:/home/jason/Desktop/autocarws/install/autocar_map:/home/jason/Desktop/autocarws/install/autocar_gazebo:/home/jason/Desktop/autocarws/install/autocar_description:/opt/ros/foxy LD_LIBRARY_PATH=/home/jason/Desktop/zam_ws/install/realsense2_camera_msgs/lib:${LD_LIBRARY_PATH} PYTHONPATH=/home/jason/Desktop/zam_ws/install/realsense2_camera_msgs/lib/python3.8/site-packages:${PYTHONPATH} /usr/bin/cmake --install /home/jason/Desktop/zam_ws/build/realsense2_description
[1.522s] -- Install configuration: ""
[1.522s] -- Installing: /home/jason/Desktop/zam_ws/install/realsense2_description/share/realsense2_description/launch
[1.522s] -- Installing: /home/jason/Desktop/zam_ws/install/realsense2_description/share/realsense2_description/launch/view_model.launch.py
[1.523s] -- Installing: /home/jason/Desktop/zam_ws/install/realsense2_description/share/realsense2_description/launch/launch_utils.py
[1.523s] -- Installing: /home/jason/Desktop/zam_ws/install/realsense2_description/share/realsense2_description/meshes
[1.523s] -- Installing: /home/jason/Desktop/zam_ws/install/realsense2_description/share/realsense2_description/meshes/d455.stl
[1.533s] -- Installing: /home/jason/Desktop/zam_ws/install/realsense2_description/share/realsense2_description/meshes/d435.dae
[1.553s] -- Installing: /home/jason/Desktop/zam_ws/install/realsense2_description/share/realsense2_description/meshes/l515.dae
[1.604s] -- Installing: /home/jason/Desktop/zam_ws/install/realsense2_description/share/realsense2_description/meshes/plug.stl
[1.605s] -- Installing: /home/jason/Desktop/zam_ws/install/realsense2_description/share/realsense2_description/meshes/plug_collision.stl
[1.605s] -- Installing: /home/jason/Desktop/zam_ws/install/realsense2_description/share/realsense2_description/meshes/d415.stl
[1.639s] -- Installing: /home/jason/Desktop/zam_ws/install/realsense2_description/share/realsense2_description/rviz
[1.639s] -- Installing: /home/jason/Desktop/zam_ws/install/realsense2_description/share/realsense2_description/rviz/urdf.rviz
[1.640s] -- Installing: /home/jason/Desktop/zam_ws/install/realsense2_description/share/realsense2_description/urdf
[1.640s] -- Installing: /home/jason/Desktop/zam_ws/install/realsense2_description/share/realsense2_description/urdf/_d455.urdf.xacro
[1.640s] -- Installing: /home/jason/Desktop/zam_ws/install/realsense2_description/share/realsense2_description/urdf/_usb_plug.urdf.xacro
[1.640s] -- Installing: /home/jason/Desktop/zam_ws/install/realsense2_description/share/realsense2_description/urdf/_d435.urdf.xacro
[1.641s] -- Installing: /home/jason/Desktop/zam_ws/install/realsense2_description/share/realsense2_description/urdf/_d415.urdf.xacro
[1.641s] -- Installing: /home/jason/Desktop/zam_ws/install/realsense2_description/share/realsense2_description/urdf/test_d435_camera.urdf.xacro
[1.641s] -- Installing: /home/jason/Desktop/zam_ws/install/realsense2_description/share/realsense2_description/urdf/test_d455_camera.urdf.xacro
[1.641s] -- Installing: /home/jason/Desktop/zam_ws/install/realsense2_description/share/realsense2_description/urdf/test_l515_camera.urdf.xacro
[1.641s] -- Installing: /home/jason/Desktop/zam_ws/install/realsense2_description/share/realsense2_description/urdf/_materials.urdf.xacro
[1.642s] -- Installing: /home/jason/Desktop/zam_ws/install/realsense2_description/share/realsense2_description/urdf/_l515.urdf.xacro
[1.642s] -- Installing: /home/jason/Desktop/zam_ws/install/realsense2_description/share/realsense2_description/urdf/test_d435_multiple_cameras.urdf.xacro
[1.642s] -- Installing: /home/jason/Desktop/zam_ws/install/realsense2_description/share/realsense2_description/urdf/_d435i_imu_modules.urdf.xacro
[1.642s] -- Installing: /home/jason/Desktop/zam_ws/install/realsense2_description/share/realsense2_description/urdf/test_r430_camera.urdf.xacro
[1.642s] -- Installing: /home/jason/Desktop/zam_ws/install/realsense2_description/share/realsense2_description/urdf/test_d435i_camera.urdf.xacro
[1.643s] -- Installing: /home/jason/Desktop/zam_ws/install/realsense2_description/share/realsense2_description/urdf/test_d415_camera.urdf.xacro
[1.643s] -- Installing: /home/jason/Desktop/zam_ws/install/realsense2_description/share/realsense2_description/urdf/test_r410_camera.urdf.xacro
[1.644s] -- Installing: /home/jason/Desktop/zam_ws/install/realsense2_description/share/realsense2_description/urdf/_r430.urdf.xacro
[1.644s] -- Installing: /home/jason/Desktop/zam_ws/install/realsense2_description/share/realsense2_description/urdf/_d435i.urdf.xacro
[1.644s] -- Installing: /home/jason/Desktop/zam_ws/install/realsense2_description/share/realsense2_description/urdf/_r410.urdf.xacro
[1.644s] -- Installing: /home/jason/Desktop/zam_ws/install/realsense2_description/share/ament_index/resource_index/package_run_dependencies/realsense2_description
[1.645s] -- Installing: /home/jason/Desktop/zam_ws/install/realsense2_description/share/ament_index/resource_index/parent_prefix_path/realsense2_description
[1.645s] -- Installing: /home/jason/Desktop/zam_ws/install/realsense2_description/share/realsense2_description/environment/ament_prefix_path.sh
[1.645s] -- Installing: /home/jason/Desktop/zam_ws/install/realsense2_description/share/realsense2_description/environment/ament_prefix_path.dsv
[1.645s] -- Installing: /home/jason/Desktop/zam_ws/install/realsense2_description/share/realsense2_description/environment/path.sh
[1.645s] -- Installing: /home/jason/Desktop/zam_ws/install/realsense2_description/share/realsense2_description/environment/path.dsv
[1.646s] -- Installing: /home/jason/Desktop/zam_ws/install/realsense2_description/share/realsense2_description/local_setup.bash
[1.646s] -- Installing: /home/jason/Desktop/zam_ws/install/realsense2_description/share/realsense2_description/local_setup.sh
[1.646s] -- Installing: /home/jason/Desktop/zam_ws/install/realsense2_description/share/realsense2_description/local_setup.zsh
[1.646s] -- Installing: /home/jason/Desktop/zam_ws/install/realsense2_description/share/realsense2_description/local_setup.dsv
[1.646s] -- Installing: /home/jason/Desktop/zam_ws/install/realsense2_description/share/realsense2_description/package.dsv
[1.646s] -- Installing: /home/jason/Desktop/zam_ws/install/realsense2_description/share/ament_index/resource_index/packages/realsense2_description
[1.647s] -- Installing: /home/jason/Desktop/zam_ws/install/realsense2_description/share/realsense2_description/cmake/realsense2_descriptionConfig.cmake
[1.647s] -- Installing: /home/jason/Desktop/zam_ws/install/realsense2_description/share/realsense2_description/cmake/realsense2_descriptionConfig-version.cmake
[1.647s] -- Installing: /home/jason/Desktop/zam_ws/install/realsense2_description/share/realsense2_description/package.xml
[1.663s] Invoked command in '/home/jason/Desktop/zam_ws/build/realsense2_description' returned '0': AMENT_PREFIX_PATH=/home/jason/Desktop/zam_ws/install/realsense2_camera_msgs:${AMENT_PREFIX_PATH} CMAKE_PREFIX_PATH=/home/jason/Desktop/zam_ws/install/realsense2_camera_msgs:/home/jason/Desktop/zam_ws/src/AutoCarROS2/install/launches:/home/jason/Desktop/zam_ws/src/AutoCarROS2/install/autocar_nav:/home/jason/Desktop/zam_ws/src/AutoCarROS2/install/autocar_msgs:/home/jason/Desktop/zam_ws/src/AutoCarROS2/install/autocar_map:/home/jason/Desktop/zam_ws/src/AutoCarROS2/install/autocar_gazebo:/home/jason/Desktop/zam_ws/src/AutoCarROS2/install/autocar_description:/home/jason/Desktop/zam_ws/install/launches:/home/jason/Desktop/zam_ws/install/autocar_nav:/home/jason/Desktop/zam_ws/install/autocar_msgs:/home/jason/Desktop/zam_ws/install/autocar_map:/home/jason/Desktop/zam_ws/install/autocar_gazebo:/home/jason/Desktop/zam_ws/install/autocar_description:/home/jason/Desktop/autocarws/install/launches:/home/jason/Desktop/autocarws/install/autocar_nav:/home/jason/Desktop/autocarws/install/autocar_msgs:/home/jason/Desktop/autocarws/install/autocar_map:/home/jason/Desktop/autocarws/install/autocar_gazebo:/home/jason/Desktop/autocarws/install/autocar_description:/opt/ros/foxy LD_LIBRARY_PATH=/home/jason/Desktop/zam_ws/install/realsense2_camera_msgs/lib:${LD_LIBRARY_PATH} PYTHONPATH=/home/jason/Desktop/zam_ws/install/realsense2_camera_msgs/lib/python3.8/site-packages:${PYTHONPATH} /usr/bin/cmake --install /home/jason/Desktop/zam_ws/build/realsense2_description
