[0.141s] DEBUG:colcon:Command line arguments: ['/usr/bin/colcon', 'build', '--symlink-instal']
[0.141s] DEBUG:colcon:Parsed command line arguments: Namespace(allow_overriding=[], ament_cmake_args=None, base_paths=['.'], build_base='build', catkin_cmake_args=None, catkin_skip_building_tests=False, cmake_args=None, cmake_clean_cache=False, cmake_clean_first=False, cmake_force_configure=False, cmake_target=None, cmake_target_skip_unavailable=False, continue_on_error=False, event_handlers=None, executor='parallel', ignore_user_meta=False, install_base='install', log_base=None, log_level=None, main=<bound method BuildVerb.main of <colcon_core.verb.build.BuildVerb object at 0x7f072285c3d0>>, merge_install=False, metas=['./colcon.meta'], packages_above=None, packages_above_and_dependencies=None, packages_above_depth=None, packages_end=None, packages_ignore=None, packages_ignore_regex=None, packages_select=None, packages_select_build_failed=False, packages_select_by_dep=None, packages_select_regex=None, packages_select_test_failures=False, packages_skip=None, packages_skip_build_finished=False, packages_skip_by_dep=None, packages_skip_regex=None, packages_skip_test_passed=False, packages_skip_up_to=None, packages_start=None, packages_up_to=None, packages_up_to_regex=None, parallel_workers=4, paths=None, symlink_install=True, test_result_base=None, verb_extension=<colcon_core.verb.build.BuildVerb object at 0x7f072285c3d0>, verb_name='build', verb_parser=<colcon_defaults.argument_parser.defaults.DefaultArgumentsDecorator object at 0x7f072285c910>)
[0.168s] Level 1:colcon.colcon_core.package_discovery:discover_packages(colcon_meta) check parameters
[0.168s] Level 1:colcon.colcon_core.package_discovery:discover_packages(recursive) check parameters
[0.168s] Level 1:colcon.colcon_core.package_discovery:discover_packages(ignore) check parameters
[0.168s] Level 1:colcon.colcon_core.package_discovery:discover_packages(path) check parameters
[0.168s] Level 1:colcon.colcon_core.package_discovery:discover_packages(colcon_meta) discover
[0.168s] Level 1:colcon.colcon_core.package_discovery:discover_packages(recursive) discover
[0.168s] INFO:colcon.colcon_core.package_discovery:Crawling recursively for packages in '/home/jason/Desktop/zam_ws'
[0.168s] Level 1:colcon.colcon_core.package_identification:_identify(.) by extensions ['ignore', 'ignore_ament_install']
[0.168s] Level 1:colcon.colcon_core.package_identification:_identify(.) by extension 'ignore'
[0.168s] Level 1:colcon.colcon_core.package_identification:_identify(.) by extension 'ignore_ament_install'
[0.168s] Level 1:colcon.colcon_core.package_identification:_identify(.) by extensions ['colcon_pkg']
[0.168s] Level 1:colcon.colcon_core.package_identification:_identify(.) by extension 'colcon_pkg'
[0.168s] Level 1:colcon.colcon_core.package_identification:_identify(.) by extensions ['colcon_meta']
[0.168s] Level 1:colcon.colcon_core.package_identification:_identify(.) by extension 'colcon_meta'
[0.168s] Level 1:colcon.colcon_core.package_identification:_identify(.) by extensions ['ros']
[0.169s] Level 1:colcon.colcon_core.package_identification:_identify(.) by extension 'ros'
[0.179s] Level 1:colcon.colcon_core.package_identification:_identify(.) by extensions ['cmake', 'python']
[0.179s] Level 1:colcon.colcon_core.package_identification:_identify(.) by extension 'cmake'
[0.179s] Level 1:colcon.colcon_core.package_identification:_identify(.) by extension 'python'
[0.179s] Level 1:colcon.colcon_core.package_identification:_identify(.) by extensions ['python_setup_py']
[0.179s] Level 1:colcon.colcon_core.package_identification:_identify(.) by extension 'python_setup_py'
[0.179s] Level 1:colcon.colcon_core.package_identification:_identify(build) by extensions ['ignore', 'ignore_ament_install']
[0.179s] Level 1:colcon.colcon_core.package_identification:_identify(build) by extension 'ignore'
[0.179s] Level 1:colcon.colcon_core.package_identification:_identify(build) ignored
[0.179s] Level 1:colcon.colcon_core.package_identification:_identify(install) by extensions ['ignore', 'ignore_ament_install']
[0.179s] Level 1:colcon.colcon_core.package_identification:_identify(install) by extension 'ignore'
[0.179s] Level 1:colcon.colcon_core.package_identification:_identify(install) ignored
[0.180s] Level 1:colcon.colcon_core.package_identification:_identify(log) by extensions ['ignore', 'ignore_ament_install']
[0.180s] Level 1:colcon.colcon_core.package_identification:_identify(log) by extension 'ignore'
[0.180s] Level 1:colcon.colcon_core.package_identification:_identify(log) ignored
[0.180s] Level 1:colcon.colcon_core.package_identification:_identify(src) by extensions ['ignore', 'ignore_ament_install']
[0.180s] Level 1:colcon.colcon_core.package_identification:_identify(src) by extension 'ignore'
[0.180s] Level 1:colcon.colcon_core.package_identification:_identify(src) by extension 'ignore_ament_install'
[0.180s] Level 1:colcon.colcon_core.package_identification:_identify(src) by extensions ['colcon_pkg']
[0.180s] Level 1:colcon.colcon_core.package_identification:_identify(src) by extension 'colcon_pkg'
[0.180s] Level 1:colcon.colcon_core.package_identification:_identify(src) by extensions ['colcon_meta']
[0.180s] Level 1:colcon.colcon_core.package_identification:_identify(src) by extension 'colcon_meta'
[0.180s] Level 1:colcon.colcon_core.package_identification:_identify(src) by extensions ['ros']
[0.180s] Level 1:colcon.colcon_core.package_identification:_identify(src) by extension 'ros'
[0.180s] Level 1:colcon.colcon_core.package_identification:_identify(src) by extensions ['cmake', 'python']
[0.180s] Level 1:colcon.colcon_core.package_identification:_identify(src) by extension 'cmake'
[0.180s] Level 1:colcon.colcon_core.package_identification:_identify(src) by extension 'python'
[0.180s] Level 1:colcon.colcon_core.package_identification:_identify(src) by extensions ['python_setup_py']
[0.180s] Level 1:colcon.colcon_core.package_identification:_identify(src) by extension 'python_setup_py'
[0.180s] Level 1:colcon.colcon_core.package_identification:_identify(src/AutoCarROS2) by extensions ['ignore', 'ignore_ament_install']
[0.181s] Level 1:colcon.colcon_core.package_identification:_identify(src/AutoCarROS2) by extension 'ignore'
[0.181s] Level 1:colcon.colcon_core.package_identification:_identify(src/AutoCarROS2) by extension 'ignore_ament_install'
[0.181s] Level 1:colcon.colcon_core.package_identification:_identify(src/AutoCarROS2) by extensions ['colcon_pkg']
[0.181s] Level 1:colcon.colcon_core.package_identification:_identify(src/AutoCarROS2) by extension 'colcon_pkg'
[0.181s] Level 1:colcon.colcon_core.package_identification:_identify(src/AutoCarROS2) by extensions ['colcon_meta']
[0.181s] Level 1:colcon.colcon_core.package_identification:_identify(src/AutoCarROS2) by extension 'colcon_meta'
[0.181s] Level 1:colcon.colcon_core.package_identification:_identify(src/AutoCarROS2) by extensions ['ros']
[0.181s] Level 1:colcon.colcon_core.package_identification:_identify(src/AutoCarROS2) by extension 'ros'
[0.181s] Level 1:colcon.colcon_core.package_identification:_identify(src/AutoCarROS2) by extensions ['cmake', 'python']
[0.181s] Level 1:colcon.colcon_core.package_identification:_identify(src/AutoCarROS2) by extension 'cmake'
[0.181s] Level 1:colcon.colcon_core.package_identification:_identify(src/AutoCarROS2) by extension 'python'
[0.181s] Level 1:colcon.colcon_core.package_identification:_identify(src/AutoCarROS2) by extensions ['python_setup_py']
[0.181s] Level 1:colcon.colcon_core.package_identification:_identify(src/AutoCarROS2) by extension 'python_setup_py'
[0.181s] Level 1:colcon.colcon_core.package_identification:_identify(src/AutoCarROS2/autocar_description) by extensions ['ignore', 'ignore_ament_install']
[0.181s] Level 1:colcon.colcon_core.package_identification:_identify(src/AutoCarROS2/autocar_description) by extension 'ignore'
[0.181s] Level 1:colcon.colcon_core.package_identification:_identify(src/AutoCarROS2/autocar_description) by extension 'ignore_ament_install'
[0.181s] Level 1:colcon.colcon_core.package_identification:_identify(src/AutoCarROS2/autocar_description) by extensions ['colcon_pkg']
[0.181s] Level 1:colcon.colcon_core.package_identification:_identify(src/AutoCarROS2/autocar_description) by extension 'colcon_pkg'
[0.181s] Level 1:colcon.colcon_core.package_identification:_identify(src/AutoCarROS2/autocar_description) by extensions ['colcon_meta']
[0.181s] Level 1:colcon.colcon_core.package_identification:_identify(src/AutoCarROS2/autocar_description) by extension 'colcon_meta'
[0.181s] Level 1:colcon.colcon_core.package_identification:_identify(src/AutoCarROS2/autocar_description) by extensions ['ros']
[0.181s] Level 1:colcon.colcon_core.package_identification:_identify(src/AutoCarROS2/autocar_description) by extension 'ros'
[0.185s] DEBUG:colcon.colcon_core.package_identification:Package 'src/AutoCarROS2/autocar_description' with type 'ros.ament_cmake' and name 'autocar_description'
[0.185s] Level 1:colcon.colcon_core.package_identification:_identify(src/AutoCarROS2/autocar_gazebo) by extensions ['ignore', 'ignore_ament_install']
[0.185s] Level 1:colcon.colcon_core.package_identification:_identify(src/AutoCarROS2/autocar_gazebo) by extension 'ignore'
[0.185s] Level 1:colcon.colcon_core.package_identification:_identify(src/AutoCarROS2/autocar_gazebo) by extension 'ignore_ament_install'
[0.185s] Level 1:colcon.colcon_core.package_identification:_identify(src/AutoCarROS2/autocar_gazebo) by extensions ['colcon_pkg']
[0.185s] Level 1:colcon.colcon_core.package_identification:_identify(src/AutoCarROS2/autocar_gazebo) by extension 'colcon_pkg'
[0.185s] Level 1:colcon.colcon_core.package_identification:_identify(src/AutoCarROS2/autocar_gazebo) by extensions ['colcon_meta']
[0.185s] Level 1:colcon.colcon_core.package_identification:_identify(src/AutoCarROS2/autocar_gazebo) by extension 'colcon_meta'
[0.185s] Level 1:colcon.colcon_core.package_identification:_identify(src/AutoCarROS2/autocar_gazebo) by extensions ['ros']
[0.185s] Level 1:colcon.colcon_core.package_identification:_identify(src/AutoCarROS2/autocar_gazebo) by extension 'ros'
[0.186s] DEBUG:colcon.colcon_core.package_identification:Package 'src/AutoCarROS2/autocar_gazebo' with type 'ros.ament_cmake' and name 'autocar_gazebo'
[0.186s] Level 1:colcon.colcon_core.package_identification:_identify(src/AutoCarROS2/autocar_map) by extensions ['ignore', 'ignore_ament_install']
[0.186s] Level 1:colcon.colcon_core.package_identification:_identify(src/AutoCarROS2/autocar_map) by extension 'ignore'
[0.186s] Level 1:colcon.colcon_core.package_identification:_identify(src/AutoCarROS2/autocar_map) by extension 'ignore_ament_install'
[0.186s] Level 1:colcon.colcon_core.package_identification:_identify(src/AutoCarROS2/autocar_map) by extensions ['colcon_pkg']
[0.186s] Level 1:colcon.colcon_core.package_identification:_identify(src/AutoCarROS2/autocar_map) by extension 'colcon_pkg'
[0.186s] Level 1:colcon.colcon_core.package_identification:_identify(src/AutoCarROS2/autocar_map) by extensions ['colcon_meta']
[0.186s] Level 1:colcon.colcon_core.package_identification:_identify(src/AutoCarROS2/autocar_map) by extension 'colcon_meta'
[0.186s] Level 1:colcon.colcon_core.package_identification:_identify(src/AutoCarROS2/autocar_map) by extensions ['ros']
[0.186s] Level 1:colcon.colcon_core.package_identification:_identify(src/AutoCarROS2/autocar_map) by extension 'ros'
[0.187s] DEBUG:colcon.colcon_core.package_identification:Package 'src/AutoCarROS2/autocar_map' with type 'ros.ament_cmake' and name 'autocar_map'
[0.187s] Level 1:colcon.colcon_core.package_identification:_identify(src/AutoCarROS2/autocar_msgs) by extensions ['ignore', 'ignore_ament_install']
[0.187s] Level 1:colcon.colcon_core.package_identification:_identify(src/AutoCarROS2/autocar_msgs) by extension 'ignore'
[0.187s] Level 1:colcon.colcon_core.package_identification:_identify(src/AutoCarROS2/autocar_msgs) by extension 'ignore_ament_install'
[0.187s] Level 1:colcon.colcon_core.package_identification:_identify(src/AutoCarROS2/autocar_msgs) by extensions ['colcon_pkg']
[0.187s] Level 1:colcon.colcon_core.package_identification:_identify(src/AutoCarROS2/autocar_msgs) by extension 'colcon_pkg'
[0.187s] Level 1:colcon.colcon_core.package_identification:_identify(src/AutoCarROS2/autocar_msgs) by extensions ['colcon_meta']
[0.187s] Level 1:colcon.colcon_core.package_identification:_identify(src/AutoCarROS2/autocar_msgs) by extension 'colcon_meta'
[0.187s] Level 1:colcon.colcon_core.package_identification:_identify(src/AutoCarROS2/autocar_msgs) by extensions ['ros']
[0.188s] Level 1:colcon.colcon_core.package_identification:_identify(src/AutoCarROS2/autocar_msgs) by extension 'ros'
[0.199s] DEBUG:colcon.colcon_core.package_identification:Package 'src/AutoCarROS2/autocar_msgs' with type 'ros.ament_cmake' and name 'autocar_msgs'
[0.199s] Level 1:colcon.colcon_core.package_identification:_identify(src/AutoCarROS2/autocar_nav) by extensions ['ignore', 'ignore_ament_install']
[0.199s] Level 1:colcon.colcon_core.package_identification:_identify(src/AutoCarROS2/autocar_nav) by extension 'ignore'
[0.199s] Level 1:colcon.colcon_core.package_identification:_identify(src/AutoCarROS2/autocar_nav) by extension 'ignore_ament_install'
[0.199s] Level 1:colcon.colcon_core.package_identification:_identify(src/AutoCarROS2/autocar_nav) by extensions ['colcon_pkg']
[0.199s] Level 1:colcon.colcon_core.package_identification:_identify(src/AutoCarROS2/autocar_nav) by extension 'colcon_pkg'
[0.199s] Level 1:colcon.colcon_core.package_identification:_identify(src/AutoCarROS2/autocar_nav) by extensions ['colcon_meta']
[0.200s] Level 1:colcon.colcon_core.package_identification:_identify(src/AutoCarROS2/autocar_nav) by extension 'colcon_meta'
[0.200s] Level 1:colcon.colcon_core.package_identification:_identify(src/AutoCarROS2/autocar_nav) by extensions ['ros']
[0.200s] Level 1:colcon.colcon_core.package_identification:_identify(src/AutoCarROS2/autocar_nav) by extension 'ros'
[0.200s] DEBUG:colcon.colcon_core.package_identification:Package 'src/AutoCarROS2/autocar_nav' with type 'ros.ament_cmake' and name 'autocar_nav'
[0.200s] Level 1:colcon.colcon_core.package_identification:_identify(src/AutoCarROS2/launches) by extensions ['ignore', 'ignore_ament_install']
[0.200s] Level 1:colcon.colcon_core.package_identification:_identify(src/AutoCarROS2/launches) by extension 'ignore'
[0.200s] Level 1:colcon.colcon_core.package_identification:_identify(src/AutoCarROS2/launches) by extension 'ignore_ament_install'
[0.201s] Level 1:colcon.colcon_core.package_identification:_identify(src/AutoCarROS2/launches) by extensions ['colcon_pkg']
[0.201s] Level 1:colcon.colcon_core.package_identification:_identify(src/AutoCarROS2/launches) by extension 'colcon_pkg'
[0.201s] Level 1:colcon.colcon_core.package_identification:_identify(src/AutoCarROS2/launches) by extensions ['colcon_meta']
[0.201s] Level 1:colcon.colcon_core.package_identification:_identify(src/AutoCarROS2/launches) by extension 'colcon_meta'
[0.201s] Level 1:colcon.colcon_core.package_identification:_identify(src/AutoCarROS2/launches) by extensions ['ros']
[0.201s] Level 1:colcon.colcon_core.package_identification:_identify(src/AutoCarROS2/launches) by extension 'ros'
[0.201s] DEBUG:colcon.colcon_core.package_identification:Package 'src/AutoCarROS2/launches' with type 'ros.ament_cmake' and name 'launches'
[0.201s] Level 1:colcon.colcon_core.package_identification:_identify(src/AutoCarROS2/resources) by extensions ['ignore', 'ignore_ament_install']
[0.201s] Level 1:colcon.colcon_core.package_identification:_identify(src/AutoCarROS2/resources) by extension 'ignore'
[0.201s] Level 1:colcon.colcon_core.package_identification:_identify(src/AutoCarROS2/resources) by extension 'ignore_ament_install'
[0.201s] Level 1:colcon.colcon_core.package_identification:_identify(src/AutoCarROS2/resources) by extensions ['colcon_pkg']
[0.201s] Level 1:colcon.colcon_core.package_identification:_identify(src/AutoCarROS2/resources) by extension 'colcon_pkg'
[0.201s] Level 1:colcon.colcon_core.package_identification:_identify(src/AutoCarROS2/resources) by extensions ['colcon_meta']
[0.201s] Level 1:colcon.colcon_core.package_identification:_identify(src/AutoCarROS2/resources) by extension 'colcon_meta'
[0.202s] Level 1:colcon.colcon_core.package_identification:_identify(src/AutoCarROS2/resources) by extensions ['ros']
[0.202s] Level 1:colcon.colcon_core.package_identification:_identify(src/AutoCarROS2/resources) by extension 'ros'
[0.202s] Level 1:colcon.colcon_core.package_identification:_identify(src/AutoCarROS2/resources) by extensions ['cmake', 'python']
[0.202s] Level 1:colcon.colcon_core.package_identification:_identify(src/AutoCarROS2/resources) by extension 'cmake'
[0.202s] Level 1:colcon.colcon_core.package_identification:_identify(src/AutoCarROS2/resources) by extension 'python'
[0.202s] Level 1:colcon.colcon_core.package_identification:_identify(src/AutoCarROS2/resources) by extensions ['python_setup_py']
[0.202s] Level 1:colcon.colcon_core.package_identification:_identify(src/AutoCarROS2/resources) by extension 'python_setup_py'
[0.202s] Level 1:colcon.colcon_core.package_discovery:discover_packages(recursive) using defaults
[0.202s] Level 1:colcon.colcon_core.package_discovery:discover_packages(ignore) discover
[0.202s] Level 1:colcon.colcon_core.package_discovery:discover_packages(ignore) using defaults
[0.202s] Level 1:colcon.colcon_core.package_discovery:discover_packages(path) discover
[0.202s] Level 1:colcon.colcon_core.package_discovery:discover_packages(path) using defaults
[0.222s] Level 1:colcon.colcon_core.package_discovery:discover_packages(prefix_path) check parameters
[0.222s] Level 1:colcon.colcon_core.package_discovery:discover_packages(prefix_path) discover
[0.225s] DEBUG:colcon.colcon_installed_package_information.package_discovery:Found 6 installed packages in /home/jason/Desktop/autocarws/install
[0.227s] DEBUG:colcon.colcon_installed_package_information.package_discovery:Found 338 installed packages in /opt/ros/foxy
[0.229s] Level 1:colcon.colcon_core.package_discovery:discover_packages(prefix_path) using defaults
[0.306s] Level 5:colcon.colcon_core.verb:set package 'autocar_description' build argument 'cmake_args' from command line to 'None'
[0.306s] Level 5:colcon.colcon_core.verb:set package 'autocar_description' build argument 'cmake_target' from command line to 'None'
[0.306s] Level 5:colcon.colcon_core.verb:set package 'autocar_description' build argument 'cmake_target_skip_unavailable' from command line to 'False'
[0.306s] Level 5:colcon.colcon_core.verb:set package 'autocar_description' build argument 'cmake_clean_cache' from command line to 'False'
[0.306s] Level 5:colcon.colcon_core.verb:set package 'autocar_description' build argument 'cmake_clean_first' from command line to 'False'
[0.306s] Level 5:colcon.colcon_core.verb:set package 'autocar_description' build argument 'cmake_force_configure' from command line to 'False'
[0.306s] Level 5:colcon.colcon_core.verb:set package 'autocar_description' build argument 'ament_cmake_args' from command line to 'None'
[0.306s] Level 5:colcon.colcon_core.verb:set package 'autocar_description' build argument 'catkin_cmake_args' from command line to 'None'
[0.306s] Level 5:colcon.colcon_core.verb:set package 'autocar_description' build argument 'catkin_skip_building_tests' from command line to 'False'
[0.306s] DEBUG:colcon.colcon_core.verb:Building package 'autocar_description' with the following arguments: {'ament_cmake_args': None, 'build_base': '/home/jason/Desktop/zam_ws/build/autocar_description', 'catkin_cmake_args': None, 'catkin_skip_building_tests': False, 'cmake_args': None, 'cmake_clean_cache': False, 'cmake_clean_first': False, 'cmake_force_configure': False, 'cmake_target': None, 'cmake_target_skip_unavailable': False, 'install_base': '/home/jason/Desktop/zam_ws/install/autocar_description', 'merge_install': False, 'path': '/home/jason/Desktop/zam_ws/src/AutoCarROS2/autocar_description', 'symlink_install': True, 'test_result_base': None}
[0.308s] Level 5:colcon.colcon_core.verb:set package 'autocar_gazebo' build argument 'cmake_args' from command line to 'None'
[0.308s] Level 5:colcon.colcon_core.verb:set package 'autocar_gazebo' build argument 'cmake_target' from command line to 'None'
[0.308s] Level 5:colcon.colcon_core.verb:set package 'autocar_gazebo' build argument 'cmake_target_skip_unavailable' from command line to 'False'
[0.308s] Level 5:colcon.colcon_core.verb:set package 'autocar_gazebo' build argument 'cmake_clean_cache' from command line to 'False'
[0.308s] Level 5:colcon.colcon_core.verb:set package 'autocar_gazebo' build argument 'cmake_clean_first' from command line to 'False'
[0.308s] Level 5:colcon.colcon_core.verb:set package 'autocar_gazebo' build argument 'cmake_force_configure' from command line to 'False'
[0.308s] Level 5:colcon.colcon_core.verb:set package 'autocar_gazebo' build argument 'ament_cmake_args' from command line to 'None'
[0.308s] Level 5:colcon.colcon_core.verb:set package 'autocar_gazebo' build argument 'catkin_cmake_args' from command line to 'None'
[0.308s] Level 5:colcon.colcon_core.verb:set package 'autocar_gazebo' build argument 'catkin_skip_building_tests' from command line to 'False'
[0.308s] DEBUG:colcon.colcon_core.verb:Building package 'autocar_gazebo' with the following arguments: {'ament_cmake_args': None, 'build_base': '/home/jason/Desktop/zam_ws/build/autocar_gazebo', 'catkin_cmake_args': None, 'catkin_skip_building_tests': False, 'cmake_args': None, 'cmake_clean_cache': False, 'cmake_clean_first': False, 'cmake_force_configure': False, 'cmake_target': None, 'cmake_target_skip_unavailable': False, 'install_base': '/home/jason/Desktop/zam_ws/install/autocar_gazebo', 'merge_install': False, 'path': '/home/jason/Desktop/zam_ws/src/AutoCarROS2/autocar_gazebo', 'symlink_install': True, 'test_result_base': None}
[0.309s] Level 5:colcon.colcon_core.verb:set package 'autocar_map' build argument 'cmake_args' from command line to 'None'
[0.309s] Level 5:colcon.colcon_core.verb:set package 'autocar_map' build argument 'cmake_target' from command line to 'None'
[0.309s] Level 5:colcon.colcon_core.verb:set package 'autocar_map' build argument 'cmake_target_skip_unavailable' from command line to 'False'
[0.309s] Level 5:colcon.colcon_core.verb:set package 'autocar_map' build argument 'cmake_clean_cache' from command line to 'False'
[0.309s] Level 5:colcon.colcon_core.verb:set package 'autocar_map' build argument 'cmake_clean_first' from command line to 'False'
[0.309s] Level 5:colcon.colcon_core.verb:set package 'autocar_map' build argument 'cmake_force_configure' from command line to 'False'
[0.309s] Level 5:colcon.colcon_core.verb:set package 'autocar_map' build argument 'ament_cmake_args' from command line to 'None'
[0.309s] Level 5:colcon.colcon_core.verb:set package 'autocar_map' build argument 'catkin_cmake_args' from command line to 'None'
[0.309s] Level 5:colcon.colcon_core.verb:set package 'autocar_map' build argument 'catkin_skip_building_tests' from command line to 'False'
[0.309s] DEBUG:colcon.colcon_core.verb:Building package 'autocar_map' with the following arguments: {'ament_cmake_args': None, 'build_base': '/home/jason/Desktop/zam_ws/build/autocar_map', 'catkin_cmake_args': None, 'catkin_skip_building_tests': False, 'cmake_args': None, 'cmake_clean_cache': False, 'cmake_clean_first': False, 'cmake_force_configure': False, 'cmake_target': None, 'cmake_target_skip_unavailable': False, 'install_base': '/home/jason/Desktop/zam_ws/install/autocar_map', 'merge_install': False, 'path': '/home/jason/Desktop/zam_ws/src/AutoCarROS2/autocar_map', 'symlink_install': True, 'test_result_base': None}
[0.311s] Level 5:colcon.colcon_core.verb:set package 'autocar_msgs' build argument 'cmake_args' from command line to 'None'
[0.311s] Level 5:colcon.colcon_core.verb:set package 'autocar_msgs' build argument 'cmake_target' from command line to 'None'
[0.311s] Level 5:colcon.colcon_core.verb:set package 'autocar_msgs' build argument 'cmake_target_skip_unavailable' from command line to 'False'
[0.311s] Level 5:colcon.colcon_core.verb:set package 'autocar_msgs' build argument 'cmake_clean_cache' from command line to 'False'
[0.311s] Level 5:colcon.colcon_core.verb:set package 'autocar_msgs' build argument 'cmake_clean_first' from command line to 'False'
[0.311s] Level 5:colcon.colcon_core.verb:set package 'autocar_msgs' build argument 'cmake_force_configure' from command line to 'False'
[0.311s] Level 5:colcon.colcon_core.verb:set package 'autocar_msgs' build argument 'ament_cmake_args' from command line to 'None'
[0.311s] Level 5:colcon.colcon_core.verb:set package 'autocar_msgs' build argument 'catkin_cmake_args' from command line to 'None'
[0.311s] Level 5:colcon.colcon_core.verb:set package 'autocar_msgs' build argument 'catkin_skip_building_tests' from command line to 'False'
[0.311s] DEBUG:colcon.colcon_core.verb:Building package 'autocar_msgs' with the following arguments: {'ament_cmake_args': None, 'build_base': '/home/jason/Desktop/zam_ws/build/autocar_msgs', 'catkin_cmake_args': None, 'catkin_skip_building_tests': False, 'cmake_args': None, 'cmake_clean_cache': False, 'cmake_clean_first': False, 'cmake_force_configure': False, 'cmake_target': None, 'cmake_target_skip_unavailable': False, 'install_base': '/home/jason/Desktop/zam_ws/install/autocar_msgs', 'merge_install': False, 'path': '/home/jason/Desktop/zam_ws/src/AutoCarROS2/autocar_msgs', 'symlink_install': True, 'test_result_base': None}
[0.313s] Level 5:colcon.colcon_core.verb:set package 'launches' build argument 'cmake_args' from command line to 'None'
[0.313s] Level 5:colcon.colcon_core.verb:set package 'launches' build argument 'cmake_target' from command line to 'None'
[0.313s] Level 5:colcon.colcon_core.verb:set package 'launches' build argument 'cmake_target_skip_unavailable' from command line to 'False'
[0.313s] Level 5:colcon.colcon_core.verb:set package 'launches' build argument 'cmake_clean_cache' from command line to 'False'
[0.313s] Level 5:colcon.colcon_core.verb:set package 'launches' build argument 'cmake_clean_first' from command line to 'False'
[0.313s] Level 5:colcon.colcon_core.verb:set package 'launches' build argument 'cmake_force_configure' from command line to 'False'
[0.313s] Level 5:colcon.colcon_core.verb:set package 'launches' build argument 'ament_cmake_args' from command line to 'None'
[0.313s] Level 5:colcon.colcon_core.verb:set package 'launches' build argument 'catkin_cmake_args' from command line to 'None'
[0.313s] Level 5:colcon.colcon_core.verb:set package 'launches' build argument 'catkin_skip_building_tests' from command line to 'False'
[0.313s] DEBUG:colcon.colcon_core.verb:Building package 'launches' with the following arguments: {'ament_cmake_args': None, 'build_base': '/home/jason/Desktop/zam_ws/build/launches', 'catkin_cmake_args': None, 'catkin_skip_building_tests': False, 'cmake_args': None, 'cmake_clean_cache': False, 'cmake_clean_first': False, 'cmake_force_configure': False, 'cmake_target': None, 'cmake_target_skip_unavailable': False, 'install_base': '/home/jason/Desktop/zam_ws/install/launches', 'merge_install': False, 'path': '/home/jason/Desktop/zam_ws/src/AutoCarROS2/launches', 'symlink_install': True, 'test_result_base': None}
[0.315s] Level 5:colcon.colcon_core.verb:set package 'autocar_nav' build argument 'cmake_args' from command line to 'None'
[0.315s] Level 5:colcon.colcon_core.verb:set package 'autocar_nav' build argument 'cmake_target' from command line to 'None'
[0.315s] Level 5:colcon.colcon_core.verb:set package 'autocar_nav' build argument 'cmake_target_skip_unavailable' from command line to 'False'
[0.315s] Level 5:colcon.colcon_core.verb:set package 'autocar_nav' build argument 'cmake_clean_cache' from command line to 'False'
[0.315s] Level 5:colcon.colcon_core.verb:set package 'autocar_nav' build argument 'cmake_clean_first' from command line to 'False'
[0.315s] Level 5:colcon.colcon_core.verb:set package 'autocar_nav' build argument 'cmake_force_configure' from command line to 'False'
[0.316s] Level 5:colcon.colcon_core.verb:set package 'autocar_nav' build argument 'ament_cmake_args' from command line to 'None'
[0.316s] Level 5:colcon.colcon_core.verb:set package 'autocar_nav' build argument 'catkin_cmake_args' from command line to 'None'
[0.316s] Level 5:colcon.colcon_core.verb:set package 'autocar_nav' build argument 'catkin_skip_building_tests' from command line to 'False'
[0.316s] DEBUG:colcon.colcon_core.verb:Building package 'autocar_nav' with the following arguments: {'ament_cmake_args': None, 'build_base': '/home/jason/Desktop/zam_ws/build/autocar_nav', 'catkin_cmake_args': None, 'catkin_skip_building_tests': False, 'cmake_args': None, 'cmake_clean_cache': False, 'cmake_clean_first': False, 'cmake_force_configure': False, 'cmake_target': None, 'cmake_target_skip_unavailable': False, 'install_base': '/home/jason/Desktop/zam_ws/install/autocar_nav', 'merge_install': False, 'path': '/home/jason/Desktop/zam_ws/src/AutoCarROS2/autocar_nav', 'symlink_install': True, 'test_result_base': None}
[0.317s] INFO:colcon.colcon_core.executor:Executing jobs using 'parallel' executor
[0.325s] DEBUG:colcon.colcon_parallel_executor.executor.parallel:run_until_complete
[0.325s] INFO:colcon.colcon_ros.task.ament_cmake.build:Building ROS package in '/home/jason/Desktop/zam_ws/src/AutoCarROS2/autocar_msgs' with build type 'ament_cmake'
[0.325s] INFO:colcon.colcon_cmake.task.cmake.build:Building CMake package in '/home/jason/Desktop/zam_ws/src/AutoCarROS2/autocar_msgs'
[0.329s] INFO:colcon.colcon_core.plugin_system:Skipping extension 'colcon_core.shell.bat': Not used on non-Windows systems
[0.330s] INFO:colcon.colcon_core.shell:Skip shell extension 'powershell' for command environment: Not usable outside of PowerShell
[0.330s] DEBUG:colcon.colcon_core.shell:Skip shell extension 'dsv' for command environment
[0.338s] INFO:colcon.colcon_ros.task.ament_cmake.build:Building ROS package in '/home/jason/Desktop/zam_ws/src/AutoCarROS2/autocar_description' with build type 'ament_cmake'
[0.339s] INFO:colcon.colcon_cmake.task.cmake.build:Building CMake package in '/home/jason/Desktop/zam_ws/src/AutoCarROS2/autocar_description'
[0.342s] INFO:colcon.colcon_core.shell:Skip shell extension 'powershell' for command environment: Not usable outside of PowerShell
[0.342s] DEBUG:colcon.colcon_core.shell:Skip shell extension 'dsv' for command environment
[0.351s] INFO:colcon.colcon_ros.task.ament_cmake.build:Building ROS package in '/home/jason/Desktop/zam_ws/src/AutoCarROS2/autocar_gazebo' with build type 'ament_cmake'
[0.351s] INFO:colcon.colcon_cmake.task.cmake.build:Building CMake package in '/home/jason/Desktop/zam_ws/src/AutoCarROS2/autocar_gazebo'
[0.355s] INFO:colcon.colcon_core.shell:Skip shell extension 'powershell' for command environment: Not usable outside of PowerShell
[0.355s] DEBUG:colcon.colcon_core.shell:Skip shell extension 'dsv' for command environment
[0.365s] INFO:colcon.colcon_ros.task.ament_cmake.build:Building ROS package in '/home/jason/Desktop/zam_ws/src/AutoCarROS2/autocar_map' with build type 'ament_cmake'
[0.366s] INFO:colcon.colcon_cmake.task.cmake.build:Building CMake package in '/home/jason/Desktop/zam_ws/src/AutoCarROS2/autocar_map'
[0.368s] INFO:colcon.colcon_core.shell:Skip shell extension 'powershell' for command environment: Not usable outside of PowerShell
[0.368s] DEBUG:colcon.colcon_core.shell:Skip shell extension 'dsv' for command environment
[0.383s] DEBUG:colcon.colcon_core.event_handler.log_command:Invoking command in '/home/jason/Desktop/zam_ws/build/autocar_msgs': CMAKE_PREFIX_PATH=${CMAKE_PREFIX_PATH}:/opt/ros/foxy /usr/bin/cmake --build /home/jason/Desktop/zam_ws/build/autocar_msgs -- -j4 -l4
[0.399s] DEBUG:colcon.colcon_core.event_handler.log_command:Invoking command in '/home/jason/Desktop/zam_ws/build/autocar_description': CMAKE_PREFIX_PATH=${CMAKE_PREFIX_PATH}:/opt/ros/foxy /usr/bin/cmake --build /home/jason/Desktop/zam_ws/build/autocar_description -- -j4 -l4
[0.416s] DEBUG:colcon.colcon_core.event_handler.log_command:Invoking command in '/home/jason/Desktop/zam_ws/build/autocar_gazebo': CMAKE_PREFIX_PATH=${CMAKE_PREFIX_PATH}:/opt/ros/foxy /usr/bin/cmake --build /home/jason/Desktop/zam_ws/build/autocar_gazebo -- -j4 -l4
[0.441s] DEBUG:colcon.colcon_core.event_handler.log_command:Invoking command in '/home/jason/Desktop/zam_ws/build/autocar_map': CMAKE_PREFIX_PATH=${CMAKE_PREFIX_PATH}:/opt/ros/foxy /usr/bin/cmake --build /home/jason/Desktop/zam_ws/build/autocar_map -- -j4 -l4
[0.501s] DEBUG:colcon.colcon_core.event_handler.log_command:Invoked command in '/home/jason/Desktop/zam_ws/build/autocar_description' returned '0': CMAKE_PREFIX_PATH=${CMAKE_PREFIX_PATH}:/opt/ros/foxy /usr/bin/cmake --build /home/jason/Desktop/zam_ws/build/autocar_description -- -j4 -l4
[0.534s] DEBUG:colcon.colcon_core.event_handler.log_command:Invoked command in '/home/jason/Desktop/zam_ws/build/autocar_gazebo' returned '0': CMAKE_PREFIX_PATH=${CMAKE_PREFIX_PATH}:/opt/ros/foxy /usr/bin/cmake --build /home/jason/Desktop/zam_ws/build/autocar_gazebo -- -j4 -l4
[0.614s] DEBUG:colcon.colcon_core.event_handler.log_command:Invoking command in '/home/jason/Desktop/zam_ws/build/autocar_description': CMAKE_PREFIX_PATH=${CMAKE_PREFIX_PATH}:/opt/ros/foxy /usr/bin/cmake --install /home/jason/Desktop/zam_ws/build/autocar_description
[0.650s] DEBUG:colcon.colcon_core.event_handler.log_command:Invoking command in '/home/jason/Desktop/zam_ws/build/autocar_gazebo': CMAKE_PREFIX_PATH=${CMAKE_PREFIX_PATH}:/opt/ros/foxy /usr/bin/cmake --install /home/jason/Desktop/zam_ws/build/autocar_gazebo
[0.691s] DEBUG:colcon.colcon_core.event_handler.log_command:Invoked command in '/home/jason/Desktop/zam_ws/build/autocar_map' returned '0': CMAKE_PREFIX_PATH=${CMAKE_PREFIX_PATH}:/opt/ros/foxy /usr/bin/cmake --build /home/jason/Desktop/zam_ws/build/autocar_map -- -j4 -l4
[0.768s] DEBUG:colcon.colcon_core.event_handler.log_command:Invoking command in '/home/jason/Desktop/zam_ws/build/autocar_map': CMAKE_PREFIX_PATH=${CMAKE_PREFIX_PATH}:/opt/ros/foxy /usr/bin/cmake --install /home/jason/Desktop/zam_ws/build/autocar_map
[1.013s] DEBUG:colcon.colcon_core.event_handler.log_command:Invoked command in '/home/jason/Desktop/zam_ws/build/autocar_msgs' returned '0': CMAKE_PREFIX_PATH=${CMAKE_PREFIX_PATH}:/opt/ros/foxy /usr/bin/cmake --build /home/jason/Desktop/zam_ws/build/autocar_msgs -- -j4 -l4
[1.111s] Level 1:colcon.colcon_core.environment:create_environment_scripts_only(autocar_map)
[1.117s] DEBUG:colcon.colcon_core.event_handler.log_command:Invoked command in '/home/jason/Desktop/zam_ws/build/autocar_map' returned '0': CMAKE_PREFIX_PATH=${CMAKE_PREFIX_PATH}:/opt/ros/foxy /usr/bin/cmake --install /home/jason/Desktop/zam_ws/build/autocar_map
[1.122s] Level 1:colcon.colcon_core.environment:checking '/home/jason/Desktop/zam_ws/install/autocar_map' for CMake module files
[1.123s] Level 1:colcon.colcon_core.environment:checking '/home/jason/Desktop/zam_ws/install/autocar_map' for CMake config files
[1.124s] Level 1:colcon.colcon_core.shell:create_environment_hook('autocar_map', 'cmake_prefix_path')
[1.126s] INFO:colcon.colcon_core.shell:Creating environment hook '/home/jason/Desktop/zam_ws/install/autocar_map/share/autocar_map/hook/cmake_prefix_path.ps1'
[1.127s] INFO:colcon.colcon_core.shell:Creating environment descriptor '/home/jason/Desktop/zam_ws/install/autocar_map/share/autocar_map/hook/cmake_prefix_path.dsv'
[1.128s] INFO:colcon.colcon_core.shell:Creating environment hook '/home/jason/Desktop/zam_ws/install/autocar_map/share/autocar_map/hook/cmake_prefix_path.sh'
[1.130s] Level 1:colcon.colcon_core.environment:checking '/home/jason/Desktop/zam_ws/install/autocar_map/lib'
[1.130s] Level 1:colcon.colcon_core.environment:checking '/home/jason/Desktop/zam_ws/install/autocar_map/bin'
[1.130s] Level 1:colcon.colcon_core.environment:checking '/home/jason/Desktop/zam_ws/install/autocar_map/lib/pkgconfig/autocar_map.pc'
[1.131s] Level 1:colcon.colcon_core.environment:checking '/home/jason/Desktop/zam_ws/install/autocar_map/lib/python3.8/site-packages'
[1.132s] Level 1:colcon.colcon_core.environment:checking '/home/jason/Desktop/zam_ws/install/autocar_map/bin'
[1.135s] INFO:colcon.colcon_core.shell:Creating package script '/home/jason/Desktop/zam_ws/install/autocar_map/share/autocar_map/package.ps1'
[1.137s] INFO:colcon.colcon_core.shell:Creating package descriptor '/home/jason/Desktop/zam_ws/install/autocar_map/share/autocar_map/package.dsv'
[1.138s] INFO:colcon.colcon_core.shell:Creating package script '/home/jason/Desktop/zam_ws/install/autocar_map/share/autocar_map/package.sh'
[1.139s] INFO:colcon.colcon_core.shell:Creating package script '/home/jason/Desktop/zam_ws/install/autocar_map/share/autocar_map/package.bash'
[1.140s] INFO:colcon.colcon_core.shell:Creating package script '/home/jason/Desktop/zam_ws/install/autocar_map/share/autocar_map/package.zsh'
[1.141s] Level 1:colcon.colcon_core.environment:create_file_with_runtime_dependencies(/home/jason/Desktop/zam_ws/install/autocar_map/share/colcon-core/packages/autocar_map)
[1.148s] Level 1:colcon.colcon_core.environment:create_environment_scripts_only(autocar_gazebo)
[1.149s] DEBUG:colcon.colcon_core.event_handler.log_command:Invoked command in '/home/jason/Desktop/zam_ws/build/autocar_gazebo' returned '0': CMAKE_PREFIX_PATH=${CMAKE_PREFIX_PATH}:/opt/ros/foxy /usr/bin/cmake --install /home/jason/Desktop/zam_ws/build/autocar_gazebo
[1.154s] Level 1:colcon.colcon_core.environment:checking '/home/jason/Desktop/zam_ws/install/autocar_gazebo' for CMake module files
[1.155s] Level 1:colcon.colcon_core.environment:checking '/home/jason/Desktop/zam_ws/install/autocar_gazebo' for CMake config files
[1.155s] Level 1:colcon.colcon_core.shell:create_environment_hook('autocar_gazebo', 'cmake_prefix_path')
[1.166s] INFO:colcon.colcon_core.shell:Creating environment hook '/home/jason/Desktop/zam_ws/install/autocar_gazebo/share/autocar_gazebo/hook/cmake_prefix_path.ps1'
[1.167s] INFO:colcon.colcon_core.shell:Creating environment descriptor '/home/jason/Desktop/zam_ws/install/autocar_gazebo/share/autocar_gazebo/hook/cmake_prefix_path.dsv'
[1.167s] INFO:colcon.colcon_core.shell:Creating environment hook '/home/jason/Desktop/zam_ws/install/autocar_gazebo/share/autocar_gazebo/hook/cmake_prefix_path.sh'
[1.168s] Level 1:colcon.colcon_core.environment:checking '/home/jason/Desktop/zam_ws/install/autocar_gazebo/bin'
[1.168s] Level 1:colcon.colcon_core.environment:checking '/home/jason/Desktop/zam_ws/install/autocar_gazebo/lib/pkgconfig/autocar_gazebo.pc'
[1.168s] Level 1:colcon.colcon_core.environment:checking '/home/jason/Desktop/zam_ws/install/autocar_gazebo/lib/python3.8/site-packages'
[1.169s] Level 1:colcon.colcon_core.environment:checking '/home/jason/Desktop/zam_ws/install/autocar_gazebo/bin'
[1.171s] INFO:colcon.colcon_core.shell:Creating package script '/home/jason/Desktop/zam_ws/install/autocar_gazebo/share/autocar_gazebo/package.ps1'
[1.172s] INFO:colcon.colcon_core.shell:Creating package descriptor '/home/jason/Desktop/zam_ws/install/autocar_gazebo/share/autocar_gazebo/package.dsv'
[1.172s] INFO:colcon.colcon_core.shell:Creating package script '/home/jason/Desktop/zam_ws/install/autocar_gazebo/share/autocar_gazebo/package.sh'
[1.173s] INFO:colcon.colcon_core.shell:Creating package script '/home/jason/Desktop/zam_ws/install/autocar_gazebo/share/autocar_gazebo/package.bash'
[1.174s] INFO:colcon.colcon_core.shell:Creating package script '/home/jason/Desktop/zam_ws/install/autocar_gazebo/share/autocar_gazebo/package.zsh'
[1.174s] Level 1:colcon.colcon_core.environment:create_file_with_runtime_dependencies(/home/jason/Desktop/zam_ws/install/autocar_gazebo/share/colcon-core/packages/autocar_gazebo)
[1.183s] Level 1:colcon.colcon_core.environment:create_environment_scripts_only(autocar_description)
[1.187s] Level 1:colcon.colcon_core.environment:checking '/home/jason/Desktop/zam_ws/install/autocar_description' for CMake module files
[1.188s] DEBUG:colcon.colcon_core.event_handler.log_command:Invoked command in '/home/jason/Desktop/zam_ws/build/autocar_description' returned '0': CMAKE_PREFIX_PATH=${CMAKE_PREFIX_PATH}:/opt/ros/foxy /usr/bin/cmake --install /home/jason/Desktop/zam_ws/build/autocar_description
[1.189s] Level 1:colcon.colcon_core.environment:checking '/home/jason/Desktop/zam_ws/install/autocar_description' for CMake config files
[1.189s] Level 1:colcon.colcon_core.shell:create_environment_hook('autocar_description', 'cmake_prefix_path')
[1.193s] INFO:colcon.colcon_core.shell:Creating environment hook '/home/jason/Desktop/zam_ws/install/autocar_description/share/autocar_description/hook/cmake_prefix_path.ps1'
[1.193s] INFO:colcon.colcon_core.shell:Creating environment descriptor '/home/jason/Desktop/zam_ws/install/autocar_description/share/autocar_description/hook/cmake_prefix_path.dsv'
[1.194s] INFO:colcon.colcon_core.shell:Creating environment hook '/home/jason/Desktop/zam_ws/install/autocar_description/share/autocar_description/hook/cmake_prefix_path.sh'
[1.195s] Level 1:colcon.colcon_core.environment:checking '/home/jason/Desktop/zam_ws/install/autocar_description/bin'
[1.195s] Level 1:colcon.colcon_core.environment:checking '/home/jason/Desktop/zam_ws/install/autocar_description/lib/pkgconfig/autocar_description.pc'
[1.196s] Level 1:colcon.colcon_core.environment:checking '/home/jason/Desktop/zam_ws/install/autocar_description/lib/python3.8/site-packages'
[1.196s] Level 1:colcon.colcon_core.environment:checking '/home/jason/Desktop/zam_ws/install/autocar_description/bin'
[1.199s] INFO:colcon.colcon_core.shell:Creating package script '/home/jason/Desktop/zam_ws/install/autocar_description/share/autocar_description/package.ps1'
[1.200s] INFO:colcon.colcon_core.shell:Creating package descriptor '/home/jason/Desktop/zam_ws/install/autocar_description/share/autocar_description/package.dsv'
[1.201s] INFO:colcon.colcon_core.shell:Creating package script '/home/jason/Desktop/zam_ws/install/autocar_description/share/autocar_description/package.sh'
[1.201s] INFO:colcon.colcon_core.shell:Creating package script '/home/jason/Desktop/zam_ws/install/autocar_description/share/autocar_description/package.bash'
[1.202s] INFO:colcon.colcon_core.shell:Creating package script '/home/jason/Desktop/zam_ws/install/autocar_description/share/autocar_description/package.zsh'
[1.202s] Level 1:colcon.colcon_core.environment:create_file_with_runtime_dependencies(/home/jason/Desktop/zam_ws/install/autocar_description/share/colcon-core/packages/autocar_description)
[1.229s] Level 1:colcon.colcon_core.environment:create_environment_scripts_only(autocar_gazebo)
[1.237s] Level 1:colcon.colcon_core.environment:checking '/home/jason/Desktop/zam_ws/install/autocar_gazebo' for CMake module files
[1.238s] Level 1:colcon.colcon_core.environment:checking '/home/jason/Desktop/zam_ws/install/autocar_gazebo' for CMake config files
[1.238s] Level 1:colcon.colcon_core.shell:create_environment_hook('autocar_gazebo', 'cmake_prefix_path')
[1.242s] INFO:colcon.colcon_core.shell:Creating environment hook '/home/jason/Desktop/zam_ws/install/autocar_gazebo/share/autocar_gazebo/hook/cmake_prefix_path.ps1'
[1.243s] INFO:colcon.colcon_core.shell:Creating environment descriptor '/home/jason/Desktop/zam_ws/install/autocar_gazebo/share/autocar_gazebo/hook/cmake_prefix_path.dsv'
[1.243s] INFO:colcon.colcon_core.shell:Creating environment hook '/home/jason/Desktop/zam_ws/install/autocar_gazebo/share/autocar_gazebo/hook/cmake_prefix_path.sh'
[1.244s] Level 1:colcon.colcon_core.environment:checking '/home/jason/Desktop/zam_ws/install/autocar_gazebo/bin'
[1.244s] Level 1:colcon.colcon_core.environment:checking '/home/jason/Desktop/zam_ws/install/autocar_gazebo/lib/pkgconfig/autocar_gazebo.pc'
[1.245s] Level 1:colcon.colcon_core.environment:checking '/home/jason/Desktop/zam_ws/install/autocar_gazebo/lib/python3.8/site-packages'
[1.245s] Level 1:colcon.colcon_core.environment:checking '/home/jason/Desktop/zam_ws/install/autocar_gazebo/bin'
[1.249s] INFO:colcon.colcon_core.shell:Creating package script '/home/jason/Desktop/zam_ws/install/autocar_gazebo/share/autocar_gazebo/package.ps1'
[1.250s] INFO:colcon.colcon_core.shell:Creating package descriptor '/home/jason/Desktop/zam_ws/install/autocar_gazebo/share/autocar_gazebo/package.dsv'
[1.251s] INFO:colcon.colcon_core.shell:Creating package script '/home/jason/Desktop/zam_ws/install/autocar_gazebo/share/autocar_gazebo/package.sh'
[1.252s] INFO:colcon.colcon_core.shell:Creating package script '/home/jason/Desktop/zam_ws/install/autocar_gazebo/share/autocar_gazebo/package.bash'
[1.252s] INFO:colcon.colcon_core.shell:Creating package script '/home/jason/Desktop/zam_ws/install/autocar_gazebo/share/autocar_gazebo/package.zsh'
[1.253s] Level 1:colcon.colcon_core.environment:create_file_with_runtime_dependencies(/home/jason/Desktop/zam_ws/install/autocar_gazebo/share/colcon-core/packages/autocar_gazebo)
[1.254s] INFO:colcon.colcon_ros.task.ament_cmake.build:Building ROS package in '/home/jason/Desktop/zam_ws/src/AutoCarROS2/launches' with build type 'ament_cmake'
[1.255s] INFO:colcon.colcon_cmake.task.cmake.build:Building CMake package in '/home/jason/Desktop/zam_ws/src/AutoCarROS2/launches'
[1.257s] INFO:colcon.colcon_core.shell:Skip shell extension 'powershell' for command environment: Not usable outside of PowerShell
[1.257s] DEBUG:colcon.colcon_core.shell:Skip shell extension 'dsv' for command environment
[1.273s] DEBUG:colcon.colcon_core.event_handler.log_command:Invoking command in '/home/jason/Desktop/zam_ws/build/autocar_msgs': CMAKE_PREFIX_PATH=${CMAKE_PREFIX_PATH}:/opt/ros/foxy /usr/bin/cmake --install /home/jason/Desktop/zam_ws/build/autocar_msgs
[1.299s] Level 1:colcon.colcon_core.environment:create_environment_scripts_only(autocar_map)
[1.304s] Level 1:colcon.colcon_core.environment:checking '/home/jason/Desktop/zam_ws/install/autocar_map' for CMake module files
[1.305s] Level 1:colcon.colcon_core.environment:checking '/home/jason/Desktop/zam_ws/install/autocar_map' for CMake config files
[1.305s] Level 1:colcon.colcon_core.shell:create_environment_hook('autocar_map', 'cmake_prefix_path')
[1.307s] INFO:colcon.colcon_core.shell:Creating environment hook '/home/jason/Desktop/zam_ws/install/autocar_map/share/autocar_map/hook/cmake_prefix_path.ps1'
[1.308s] INFO:colcon.colcon_core.shell:Creating environment descriptor '/home/jason/Desktop/zam_ws/install/autocar_map/share/autocar_map/hook/cmake_prefix_path.dsv'
[1.308s] INFO:colcon.colcon_core.shell:Creating environment hook '/home/jason/Desktop/zam_ws/install/autocar_map/share/autocar_map/hook/cmake_prefix_path.sh'
[1.309s] Level 1:colcon.colcon_core.environment:checking '/home/jason/Desktop/zam_ws/install/autocar_map/lib'
[1.310s] Level 1:colcon.colcon_core.environment:checking '/home/jason/Desktop/zam_ws/install/autocar_map/bin'
[1.310s] Level 1:colcon.colcon_core.environment:checking '/home/jason/Desktop/zam_ws/install/autocar_map/lib/pkgconfig/autocar_map.pc'
[1.310s] Level 1:colcon.colcon_core.environment:checking '/home/jason/Desktop/zam_ws/install/autocar_map/lib/python3.8/site-packages'
[1.311s] Level 1:colcon.colcon_core.environment:checking '/home/jason/Desktop/zam_ws/install/autocar_map/bin'
[1.313s] INFO:colcon.colcon_core.shell:Creating package script '/home/jason/Desktop/zam_ws/install/autocar_map/share/autocar_map/package.ps1'
[1.314s] INFO:colcon.colcon_core.shell:Creating package descriptor '/home/jason/Desktop/zam_ws/install/autocar_map/share/autocar_map/package.dsv'
[1.315s] INFO:colcon.colcon_core.shell:Creating package script '/home/jason/Desktop/zam_ws/install/autocar_map/share/autocar_map/package.sh'
[1.316s] INFO:colcon.colcon_core.shell:Creating package script '/home/jason/Desktop/zam_ws/install/autocar_map/share/autocar_map/package.bash'
[1.316s] INFO:colcon.colcon_core.shell:Creating package script '/home/jason/Desktop/zam_ws/install/autocar_map/share/autocar_map/package.zsh'
[1.317s] Level 1:colcon.colcon_core.environment:create_file_with_runtime_dependencies(/home/jason/Desktop/zam_ws/install/autocar_map/share/colcon-core/packages/autocar_map)
[1.320s] Level 1:colcon.colcon_core.environment:create_environment_scripts_only(autocar_description)
[1.330s] Level 1:colcon.colcon_core.environment:checking '/home/jason/Desktop/zam_ws/install/autocar_description' for CMake module files
[1.331s] Level 1:colcon.colcon_core.environment:checking '/home/jason/Desktop/zam_ws/install/autocar_description' for CMake config files
[1.331s] Level 1:colcon.colcon_core.shell:create_environment_hook('autocar_description', 'cmake_prefix_path')
[1.334s] INFO:colcon.colcon_core.shell:Creating environment hook '/home/jason/Desktop/zam_ws/install/autocar_description/share/autocar_description/hook/cmake_prefix_path.ps1'
[1.334s] INFO:colcon.colcon_core.shell:Creating environment descriptor '/home/jason/Desktop/zam_ws/install/autocar_description/share/autocar_description/hook/cmake_prefix_path.dsv'
[1.334s] INFO:colcon.colcon_core.shell:Creating environment hook '/home/jason/Desktop/zam_ws/install/autocar_description/share/autocar_description/hook/cmake_prefix_path.sh'
[1.335s] Level 1:colcon.colcon_core.environment:checking '/home/jason/Desktop/zam_ws/install/autocar_description/bin'
[1.335s] Level 1:colcon.colcon_core.environment:checking '/home/jason/Desktop/zam_ws/install/autocar_description/lib/pkgconfig/autocar_description.pc'
[1.335s] Level 1:colcon.colcon_core.environment:checking '/home/jason/Desktop/zam_ws/install/autocar_description/lib/python3.8/site-packages'
[1.336s] Level 1:colcon.colcon_core.environment:checking '/home/jason/Desktop/zam_ws/install/autocar_description/bin'
[1.339s] INFO:colcon.colcon_core.shell:Creating package script '/home/jason/Desktop/zam_ws/install/autocar_description/share/autocar_description/package.ps1'
[1.340s] INFO:colcon.colcon_core.shell:Creating package descriptor '/home/jason/Desktop/zam_ws/install/autocar_description/share/autocar_description/package.dsv'
[1.341s] INFO:colcon.colcon_core.shell:Creating package script '/home/jason/Desktop/zam_ws/install/autocar_description/share/autocar_description/package.sh'
[1.342s] INFO:colcon.colcon_core.shell:Creating package script '/home/jason/Desktop/zam_ws/install/autocar_description/share/autocar_description/package.bash'
[1.342s] INFO:colcon.colcon_core.shell:Creating package script '/home/jason/Desktop/zam_ws/install/autocar_description/share/autocar_description/package.zsh'
[1.343s] Level 1:colcon.colcon_core.environment:create_file_with_runtime_dependencies(/home/jason/Desktop/zam_ws/install/autocar_description/share/colcon-core/packages/autocar_description)
[1.351s] DEBUG:colcon.colcon_core.event_handler.log_command:Invoking command in '/home/jason/Desktop/zam_ws/build/launches': CMAKE_PREFIX_PATH=${CMAKE_PREFIX_PATH}:/opt/ros/foxy /usr/bin/cmake --build /home/jason/Desktop/zam_ws/build/launches -- -j4 -l4
[1.433s] DEBUG:colcon.colcon_core.event_handler.log_command:Invoked command in '/home/jason/Desktop/zam_ws/build/launches' returned '0': CMAKE_PREFIX_PATH=${CMAKE_PREFIX_PATH}:/opt/ros/foxy /usr/bin/cmake --build /home/jason/Desktop/zam_ws/build/launches -- -j4 -l4
[1.469s] DEBUG:colcon.colcon_core.event_handler.log_command:Invoking command in '/home/jason/Desktop/zam_ws/build/launches': CMAKE_PREFIX_PATH=${CMAKE_PREFIX_PATH}:/opt/ros/foxy /usr/bin/cmake --install /home/jason/Desktop/zam_ws/build/launches
[1.709s] Level 1:colcon.colcon_core.environment:create_environment_scripts_only(launches)
[1.711s] Level 1:colcon.colcon_core.environment:checking '/home/jason/Desktop/zam_ws/install/launches' for CMake module files
[1.712s] DEBUG:colcon.colcon_core.event_handler.log_command:Invoked command in '/home/jason/Desktop/zam_ws/build/launches' returned '0': CMAKE_PREFIX_PATH=${CMAKE_PREFIX_PATH}:/opt/ros/foxy /usr/bin/cmake --install /home/jason/Desktop/zam_ws/build/launches
[1.713s] Level 1:colcon.colcon_core.environment:checking '/home/jason/Desktop/zam_ws/install/launches' for CMake config files
[1.713s] Level 1:colcon.colcon_core.shell:create_environment_hook('launches', 'cmake_prefix_path')
[1.714s] INFO:colcon.colcon_core.shell:Creating environment hook '/home/jason/Desktop/zam_ws/install/launches/share/launches/hook/cmake_prefix_path.ps1'
[1.715s] INFO:colcon.colcon_core.shell:Creating environment descriptor '/home/jason/Desktop/zam_ws/install/launches/share/launches/hook/cmake_prefix_path.dsv'
[1.715s] INFO:colcon.colcon_core.shell:Creating environment hook '/home/jason/Desktop/zam_ws/install/launches/share/launches/hook/cmake_prefix_path.sh'
[1.716s] Level 1:colcon.colcon_core.environment:checking '/home/jason/Desktop/zam_ws/install/launches/bin'
[1.716s] Level 1:colcon.colcon_core.environment:checking '/home/jason/Desktop/zam_ws/install/launches/lib/pkgconfig/launches.pc'
[1.716s] Level 1:colcon.colcon_core.environment:checking '/home/jason/Desktop/zam_ws/install/launches/lib/python3.8/site-packages'
[1.716s] Level 1:colcon.colcon_core.environment:checking '/home/jason/Desktop/zam_ws/install/launches/bin'
[1.718s] INFO:colcon.colcon_core.shell:Creating package script '/home/jason/Desktop/zam_ws/install/launches/share/launches/package.ps1'
[1.719s] INFO:colcon.colcon_core.shell:Creating package descriptor '/home/jason/Desktop/zam_ws/install/launches/share/launches/package.dsv'
[1.720s] INFO:colcon.colcon_core.shell:Creating package script '/home/jason/Desktop/zam_ws/install/launches/share/launches/package.sh'
[1.720s] INFO:colcon.colcon_core.shell:Creating package script '/home/jason/Desktop/zam_ws/install/launches/share/launches/package.bash'
[1.720s] INFO:colcon.colcon_core.shell:Creating package script '/home/jason/Desktop/zam_ws/install/launches/share/launches/package.zsh'
[1.721s] Level 1:colcon.colcon_core.environment:create_file_with_runtime_dependencies(/home/jason/Desktop/zam_ws/install/launches/share/colcon-core/packages/launches)
[1.750s] Level 1:colcon.colcon_core.environment:create_environment_scripts_only(launches)
[1.752s] Level 1:colcon.colcon_core.environment:checking '/home/jason/Desktop/zam_ws/install/launches' for CMake module files
[1.752s] Level 1:colcon.colcon_core.environment:checking '/home/jason/Desktop/zam_ws/install/launches' for CMake config files
[1.753s] Level 1:colcon.colcon_core.shell:create_environment_hook('launches', 'cmake_prefix_path')
[1.755s] INFO:colcon.colcon_core.shell:Creating environment hook '/home/jason/Desktop/zam_ws/install/launches/share/launches/hook/cmake_prefix_path.ps1'
[1.756s] INFO:colcon.colcon_core.shell:Creating environment descriptor '/home/jason/Desktop/zam_ws/install/launches/share/launches/hook/cmake_prefix_path.dsv'
[1.757s] INFO:colcon.colcon_core.shell:Creating environment hook '/home/jason/Desktop/zam_ws/install/launches/share/launches/hook/cmake_prefix_path.sh'
[1.757s] Level 1:colcon.colcon_core.environment:checking '/home/jason/Desktop/zam_ws/install/launches/bin'
[1.758s] Level 1:colcon.colcon_core.environment:checking '/home/jason/Desktop/zam_ws/install/launches/lib/pkgconfig/launches.pc'
[1.758s] Level 1:colcon.colcon_core.environment:checking '/home/jason/Desktop/zam_ws/install/launches/lib/python3.8/site-packages'
[1.759s] Level 1:colcon.colcon_core.environment:checking '/home/jason/Desktop/zam_ws/install/launches/bin'
[1.765s] INFO:colcon.colcon_core.shell:Creating package script '/home/jason/Desktop/zam_ws/install/launches/share/launches/package.ps1'
[1.766s] INFO:colcon.colcon_core.shell:Creating package descriptor '/home/jason/Desktop/zam_ws/install/launches/share/launches/package.dsv'
[1.767s] INFO:colcon.colcon_core.shell:Creating package script '/home/jason/Desktop/zam_ws/install/launches/share/launches/package.sh'
[1.768s] INFO:colcon.colcon_core.shell:Creating package script '/home/jason/Desktop/zam_ws/install/launches/share/launches/package.bash'
[1.769s] INFO:colcon.colcon_core.shell:Creating package script '/home/jason/Desktop/zam_ws/install/launches/share/launches/package.zsh'
[1.770s] Level 1:colcon.colcon_core.environment:create_file_with_runtime_dependencies(/home/jason/Desktop/zam_ws/install/launches/share/colcon-core/packages/launches)
[2.390s] Level 1:colcon.colcon_core.environment:create_environment_scripts_only(autocar_msgs)
[2.394s] Level 1:colcon.colcon_core.environment:checking '/home/jason/Desktop/zam_ws/install/autocar_msgs' for CMake module files
[2.395s] DEBUG:colcon.colcon_core.event_handler.log_command:Invoked command in '/home/jason/Desktop/zam_ws/build/autocar_msgs' returned '0': CMAKE_PREFIX_PATH=${CMAKE_PREFIX_PATH}:/opt/ros/foxy /usr/bin/cmake --install /home/jason/Desktop/zam_ws/build/autocar_msgs
[2.396s] Level 1:colcon.colcon_core.environment:checking '/home/jason/Desktop/zam_ws/install/autocar_msgs' for CMake config files
[2.397s] Level 1:colcon.colcon_core.shell:create_environment_hook('autocar_msgs', 'cmake_prefix_path')
[2.399s] INFO:colcon.colcon_core.shell:Creating environment hook '/home/jason/Desktop/zam_ws/install/autocar_msgs/share/autocar_msgs/hook/cmake_prefix_path.ps1'
[2.400s] INFO:colcon.colcon_core.shell:Creating environment descriptor '/home/jason/Desktop/zam_ws/install/autocar_msgs/share/autocar_msgs/hook/cmake_prefix_path.dsv'
[2.400s] INFO:colcon.colcon_core.shell:Creating environment hook '/home/jason/Desktop/zam_ws/install/autocar_msgs/share/autocar_msgs/hook/cmake_prefix_path.sh'
[2.401s] Level 1:colcon.colcon_core.environment:checking '/home/jason/Desktop/zam_ws/install/autocar_msgs/lib'
[2.401s] Level 1:colcon.colcon_core.shell:create_environment_hook('autocar_msgs', 'ld_library_path_lib')
[2.404s] INFO:colcon.colcon_core.shell:Creating environment hook '/home/jason/Desktop/zam_ws/install/autocar_msgs/share/autocar_msgs/hook/ld_library_path_lib.ps1'
[2.404s] INFO:colcon.colcon_core.shell:Creating environment descriptor '/home/jason/Desktop/zam_ws/install/autocar_msgs/share/autocar_msgs/hook/ld_library_path_lib.dsv'
[2.405s] INFO:colcon.colcon_core.shell:Creating environment hook '/home/jason/Desktop/zam_ws/install/autocar_msgs/share/autocar_msgs/hook/ld_library_path_lib.sh'
[2.405s] Level 1:colcon.colcon_core.environment:checking '/home/jason/Desktop/zam_ws/install/autocar_msgs/bin'
[2.405s] Level 1:colcon.colcon_core.environment:checking '/home/jason/Desktop/zam_ws/install/autocar_msgs/lib/pkgconfig/autocar_msgs.pc'
[2.406s] Level 1:colcon.colcon_core.environment:checking '/home/jason/Desktop/zam_ws/install/autocar_msgs/lib/python3.8/site-packages'
[2.406s] Level 1:colcon.colcon_core.shell:create_environment_hook('autocar_msgs', 'pythonpath')
[2.409s] INFO:colcon.colcon_core.shell:Creating environment hook '/home/jason/Desktop/zam_ws/install/autocar_msgs/share/autocar_msgs/hook/pythonpath.ps1'
[2.409s] INFO:colcon.colcon_core.shell:Creating environment descriptor '/home/jason/Desktop/zam_ws/install/autocar_msgs/share/autocar_msgs/hook/pythonpath.dsv'
[2.410s] INFO:colcon.colcon_core.shell:Creating environment hook '/home/jason/Desktop/zam_ws/install/autocar_msgs/share/autocar_msgs/hook/pythonpath.sh'
[2.410s] Level 1:colcon.colcon_core.environment:checking '/home/jason/Desktop/zam_ws/install/autocar_msgs/bin'
[2.413s] INFO:colcon.colcon_core.shell:Creating package script '/home/jason/Desktop/zam_ws/install/autocar_msgs/share/autocar_msgs/package.ps1'
[2.414s] INFO:colcon.colcon_core.shell:Creating package descriptor '/home/jason/Desktop/zam_ws/install/autocar_msgs/share/autocar_msgs/package.dsv'
[2.415s] INFO:colcon.colcon_core.shell:Creating package script '/home/jason/Desktop/zam_ws/install/autocar_msgs/share/autocar_msgs/package.sh'
[2.415s] INFO:colcon.colcon_core.shell:Creating package script '/home/jason/Desktop/zam_ws/install/autocar_msgs/share/autocar_msgs/package.bash'
[2.416s] INFO:colcon.colcon_core.shell:Creating package script '/home/jason/Desktop/zam_ws/install/autocar_msgs/share/autocar_msgs/package.zsh'
[2.416s] Level 1:colcon.colcon_core.environment:create_file_with_runtime_dependencies(/home/jason/Desktop/zam_ws/install/autocar_msgs/share/colcon-core/packages/autocar_msgs)
[2.519s] Level 1:colcon.colcon_core.environment:create_environment_scripts_only(autocar_msgs)
[2.522s] Level 1:colcon.colcon_core.environment:checking '/home/jason/Desktop/zam_ws/install/autocar_msgs' for CMake module files
[2.523s] Level 1:colcon.colcon_core.environment:checking '/home/jason/Desktop/zam_ws/install/autocar_msgs' for CMake config files
[2.524s] Level 1:colcon.colcon_core.shell:create_environment_hook('autocar_msgs', 'cmake_prefix_path')
[2.526s] INFO:colcon.colcon_core.shell:Creating environment hook '/home/jason/Desktop/zam_ws/install/autocar_msgs/share/autocar_msgs/hook/cmake_prefix_path.ps1'
[2.527s] INFO:colcon.colcon_core.shell:Creating environment descriptor '/home/jason/Desktop/zam_ws/install/autocar_msgs/share/autocar_msgs/hook/cmake_prefix_path.dsv'
[2.527s] INFO:colcon.colcon_core.shell:Creating environment hook '/home/jason/Desktop/zam_ws/install/autocar_msgs/share/autocar_msgs/hook/cmake_prefix_path.sh'
[2.527s] Level 1:colcon.colcon_core.environment:checking '/home/jason/Desktop/zam_ws/install/autocar_msgs/lib'
[2.528s] Level 1:colcon.colcon_core.shell:create_environment_hook('autocar_msgs', 'ld_library_path_lib')
[2.529s] INFO:colcon.colcon_core.shell:Creating environment hook '/home/jason/Desktop/zam_ws/install/autocar_msgs/share/autocar_msgs/hook/ld_library_path_lib.ps1'
[2.530s] INFO:colcon.colcon_core.shell:Creating environment descriptor '/home/jason/Desktop/zam_ws/install/autocar_msgs/share/autocar_msgs/hook/ld_library_path_lib.dsv'
[2.530s] INFO:colcon.colcon_core.shell:Creating environment hook '/home/jason/Desktop/zam_ws/install/autocar_msgs/share/autocar_msgs/hook/ld_library_path_lib.sh'
[2.530s] Level 1:colcon.colcon_core.environment:checking '/home/jason/Desktop/zam_ws/install/autocar_msgs/bin'
[2.530s] Level 1:colcon.colcon_core.environment:checking '/home/jason/Desktop/zam_ws/install/autocar_msgs/lib/pkgconfig/autocar_msgs.pc'
[2.531s] Level 1:colcon.colcon_core.environment:checking '/home/jason/Desktop/zam_ws/install/autocar_msgs/lib/python3.8/site-packages'
[2.531s] Level 1:colcon.colcon_core.shell:create_environment_hook('autocar_msgs', 'pythonpath')
[2.533s] INFO:colcon.colcon_core.shell:Creating environment hook '/home/jason/Desktop/zam_ws/install/autocar_msgs/share/autocar_msgs/hook/pythonpath.ps1'
[2.533s] INFO:colcon.colcon_core.shell:Creating environment descriptor '/home/jason/Desktop/zam_ws/install/autocar_msgs/share/autocar_msgs/hook/pythonpath.dsv'
[2.534s] INFO:colcon.colcon_core.shell:Creating environment hook '/home/jason/Desktop/zam_ws/install/autocar_msgs/share/autocar_msgs/hook/pythonpath.sh'
[2.534s] Level 1:colcon.colcon_core.environment:checking '/home/jason/Desktop/zam_ws/install/autocar_msgs/bin'
[2.536s] INFO:colcon.colcon_core.shell:Creating package script '/home/jason/Desktop/zam_ws/install/autocar_msgs/share/autocar_msgs/package.ps1'
[2.537s] INFO:colcon.colcon_core.shell:Creating package descriptor '/home/jason/Desktop/zam_ws/install/autocar_msgs/share/autocar_msgs/package.dsv'
[2.537s] INFO:colcon.colcon_core.shell:Creating package script '/home/jason/Desktop/zam_ws/install/autocar_msgs/share/autocar_msgs/package.sh'
[2.538s] INFO:colcon.colcon_core.shell:Creating package script '/home/jason/Desktop/zam_ws/install/autocar_msgs/share/autocar_msgs/package.bash'
[2.538s] INFO:colcon.colcon_core.shell:Creating package script '/home/jason/Desktop/zam_ws/install/autocar_msgs/share/autocar_msgs/package.zsh'
[2.539s] Level 1:colcon.colcon_core.environment:create_file_with_runtime_dependencies(/home/jason/Desktop/zam_ws/install/autocar_msgs/share/colcon-core/packages/autocar_msgs)
[2.539s] INFO:colcon.colcon_ros.task.ament_cmake.build:Building ROS package in '/home/jason/Desktop/zam_ws/src/AutoCarROS2/autocar_nav' with build type 'ament_cmake'
[2.540s] INFO:colcon.colcon_cmake.task.cmake.build:Building CMake package in '/home/jason/Desktop/zam_ws/src/AutoCarROS2/autocar_nav'
[2.543s] INFO:colcon.colcon_core.shell:Skip shell extension 'powershell' for command environment: Not usable outside of PowerShell
[2.543s] DEBUG:colcon.colcon_core.shell:Skip shell extension 'dsv' for command environment
[2.567s] DEBUG:colcon.colcon_core.event_handler.log_command:Invoking command in '/home/jason/Desktop/zam_ws/build/autocar_nav': AMENT_PREFIX_PATH=/home/jason/Desktop/zam_ws/install/autocar_msgs:${AMENT_PREFIX_PATH} CMAKE_PREFIX_PATH=/home/jason/Desktop/zam_ws/install/autocar_msgs:/home/jason/Desktop/autocarws/install/launches:/home/jason/Desktop/autocarws/install/autocar_nav:/home/jason/Desktop/autocarws/install/autocar_msgs:/home/jason/Desktop/autocarws/install/autocar_map:/home/jason/Desktop/autocarws/install/autocar_gazebo:/home/jason/Desktop/autocarws/install/autocar_description:/opt/ros/foxy LD_LIBRARY_PATH=/home/jason/Desktop/zam_ws/install/autocar_msgs/lib:${LD_LIBRARY_PATH} PYTHONPATH=/home/jason/Desktop/zam_ws/install/autocar_msgs/lib/python3.8/site-packages:${PYTHONPATH} /usr/bin/cmake --build /home/jason/Desktop/zam_ws/build/autocar_nav -- -j4 -l4
[2.633s] DEBUG:colcon.colcon_core.event_handler.log_command:Invoked command in '/home/jason/Desktop/zam_ws/build/autocar_nav' returned '0': AMENT_PREFIX_PATH=/home/jason/Desktop/zam_ws/install/autocar_msgs:${AMENT_PREFIX_PATH} CMAKE_PREFIX_PATH=/home/jason/Desktop/zam_ws/install/autocar_msgs:/home/jason/Desktop/autocarws/install/launches:/home/jason/Desktop/autocarws/install/autocar_nav:/home/jason/Desktop/autocarws/install/autocar_msgs:/home/jason/Desktop/autocarws/install/autocar_map:/home/jason/Desktop/autocarws/install/autocar_gazebo:/home/jason/Desktop/autocarws/install/autocar_description:/opt/ros/foxy LD_LIBRARY_PATH=/home/jason/Desktop/zam_ws/install/autocar_msgs/lib:${LD_LIBRARY_PATH} PYTHONPATH=/home/jason/Desktop/zam_ws/install/autocar_msgs/lib/python3.8/site-packages:${PYTHONPATH} /usr/bin/cmake --build /home/jason/Desktop/zam_ws/build/autocar_nav -- -j4 -l4
[2.670s] DEBUG:colcon.colcon_core.event_handler.log_command:Invoking command in '/home/jason/Desktop/zam_ws/build/autocar_nav': AMENT_PREFIX_PATH=/home/jason/Desktop/zam_ws/install/autocar_msgs:${AMENT_PREFIX_PATH} CMAKE_PREFIX_PATH=/home/jason/Desktop/zam_ws/install/autocar_msgs:/home/jason/Desktop/autocarws/install/launches:/home/jason/Desktop/autocarws/install/autocar_nav:/home/jason/Desktop/autocarws/install/autocar_msgs:/home/jason/Desktop/autocarws/install/autocar_map:/home/jason/Desktop/autocarws/install/autocar_gazebo:/home/jason/Desktop/autocarws/install/autocar_description:/opt/ros/foxy LD_LIBRARY_PATH=/home/jason/Desktop/zam_ws/install/autocar_msgs/lib:${LD_LIBRARY_PATH} PYTHONPATH=/home/jason/Desktop/zam_ws/install/autocar_msgs/lib/python3.8/site-packages:${PYTHONPATH} /usr/bin/cmake --install /home/jason/Desktop/zam_ws/build/autocar_nav
[3.025s] Level 1:colcon.colcon_core.environment:create_environment_scripts_only(autocar_nav)
[3.029s] Level 1:colcon.colcon_core.environment:checking '/home/jason/Desktop/zam_ws/install/autocar_nav' for CMake module files
[3.030s] DEBUG:colcon.colcon_core.event_handler.log_command:Invoked command in '/home/jason/Desktop/zam_ws/build/autocar_nav' returned '0': AMENT_PREFIX_PATH=/home/jason/Desktop/zam_ws/install/autocar_msgs:${AMENT_PREFIX_PATH} CMAKE_PREFIX_PATH=/home/jason/Desktop/zam_ws/install/autocar_msgs:/home/jason/Desktop/autocarws/install/launches:/home/jason/Desktop/autocarws/install/autocar_nav:/home/jason/Desktop/autocarws/install/autocar_msgs:/home/jason/Desktop/autocarws/install/autocar_map:/home/jason/Desktop/autocarws/install/autocar_gazebo:/home/jason/Desktop/autocarws/install/autocar_description:/opt/ros/foxy LD_LIBRARY_PATH=/home/jason/Desktop/zam_ws/install/autocar_msgs/lib:${LD_LIBRARY_PATH} PYTHONPATH=/home/jason/Desktop/zam_ws/install/autocar_msgs/lib/python3.8/site-packages:${PYTHONPATH} /usr/bin/cmake --install /home/jason/Desktop/zam_ws/build/autocar_nav
[3.030s] Level 1:colcon.colcon_core.environment:checking '/home/jason/Desktop/zam_ws/install/autocar_nav' for CMake config files
[3.030s] Level 1:colcon.colcon_core.shell:create_environment_hook('autocar_nav', 'cmake_prefix_path')
[3.033s] INFO:colcon.colcon_core.shell:Creating environment hook '/home/jason/Desktop/zam_ws/install/autocar_nav/share/autocar_nav/hook/cmake_prefix_path.ps1'
[3.033s] INFO:colcon.colcon_core.shell:Creating environment descriptor '/home/jason/Desktop/zam_ws/install/autocar_nav/share/autocar_nav/hook/cmake_prefix_path.dsv'
[3.034s] INFO:colcon.colcon_core.shell:Creating environment hook '/home/jason/Desktop/zam_ws/install/autocar_nav/share/autocar_nav/hook/cmake_prefix_path.sh'
[3.034s] Level 1:colcon.colcon_core.environment:checking '/home/jason/Desktop/zam_ws/install/autocar_nav/lib'
[3.035s] Level 1:colcon.colcon_core.environment:checking '/home/jason/Desktop/zam_ws/install/autocar_nav/bin'
[3.035s] Level 1:colcon.colcon_core.environment:checking '/home/jason/Desktop/zam_ws/install/autocar_nav/lib/pkgconfig/autocar_nav.pc'
[3.035s] Level 1:colcon.colcon_core.environment:checking '/home/jason/Desktop/zam_ws/install/autocar_nav/lib/python3.8/site-packages'
[3.035s] Level 1:colcon.colcon_core.shell:create_environment_hook('autocar_nav', 'pythonpath')
[3.037s] INFO:colcon.colcon_core.shell:Creating environment hook '/home/jason/Desktop/zam_ws/install/autocar_nav/share/autocar_nav/hook/pythonpath.ps1'
[3.038s] INFO:colcon.colcon_core.shell:Creating environment descriptor '/home/jason/Desktop/zam_ws/install/autocar_nav/share/autocar_nav/hook/pythonpath.dsv'
[3.039s] INFO:colcon.colcon_core.shell:Creating environment hook '/home/jason/Desktop/zam_ws/install/autocar_nav/share/autocar_nav/hook/pythonpath.sh'
[3.039s] Level 1:colcon.colcon_core.environment:checking '/home/jason/Desktop/zam_ws/install/autocar_nav/bin'
[3.042s] INFO:colcon.colcon_core.shell:Creating package script '/home/jason/Desktop/zam_ws/install/autocar_nav/share/autocar_nav/package.ps1'
[3.042s] INFO:colcon.colcon_core.shell:Creating package descriptor '/home/jason/Desktop/zam_ws/install/autocar_nav/share/autocar_nav/package.dsv'
[3.043s] INFO:colcon.colcon_core.shell:Creating package script '/home/jason/Desktop/zam_ws/install/autocar_nav/share/autocar_nav/package.sh'
[3.044s] INFO:colcon.colcon_core.shell:Creating package script '/home/jason/Desktop/zam_ws/install/autocar_nav/share/autocar_nav/package.bash'
[3.044s] INFO:colcon.colcon_core.shell:Creating package script '/home/jason/Desktop/zam_ws/install/autocar_nav/share/autocar_nav/package.zsh'
[3.045s] Level 1:colcon.colcon_core.environment:create_file_with_runtime_dependencies(/home/jason/Desktop/zam_ws/install/autocar_nav/share/colcon-core/packages/autocar_nav)
[3.077s] Level 1:colcon.colcon_core.environment:create_environment_scripts_only(autocar_nav)
[3.080s] Level 1:colcon.colcon_core.environment:checking '/home/jason/Desktop/zam_ws/install/autocar_nav' for CMake module files
[3.081s] Level 1:colcon.colcon_core.environment:checking '/home/jason/Desktop/zam_ws/install/autocar_nav' for CMake config files
[3.081s] Level 1:colcon.colcon_core.shell:create_environment_hook('autocar_nav', 'cmake_prefix_path')
[3.083s] INFO:colcon.colcon_core.shell:Creating environment hook '/home/jason/Desktop/zam_ws/install/autocar_nav/share/autocar_nav/hook/cmake_prefix_path.ps1'
[3.084s] INFO:colcon.colcon_core.shell:Creating environment descriptor '/home/jason/Desktop/zam_ws/install/autocar_nav/share/autocar_nav/hook/cmake_prefix_path.dsv'
[3.084s] INFO:colcon.colcon_core.shell:Creating environment hook '/home/jason/Desktop/zam_ws/install/autocar_nav/share/autocar_nav/hook/cmake_prefix_path.sh'
[3.084s] Level 1:colcon.colcon_core.environment:checking '/home/jason/Desktop/zam_ws/install/autocar_nav/lib'
[3.085s] Level 1:colcon.colcon_core.environment:checking '/home/jason/Desktop/zam_ws/install/autocar_nav/bin'
[3.085s] Level 1:colcon.colcon_core.environment:checking '/home/jason/Desktop/zam_ws/install/autocar_nav/lib/pkgconfig/autocar_nav.pc'
[3.085s] Level 1:colcon.colcon_core.environment:checking '/home/jason/Desktop/zam_ws/install/autocar_nav/lib/python3.8/site-packages'
[3.085s] Level 1:colcon.colcon_core.shell:create_environment_hook('autocar_nav', 'pythonpath')
[3.086s] INFO:colcon.colcon_core.shell:Creating environment hook '/home/jason/Desktop/zam_ws/install/autocar_nav/share/autocar_nav/hook/pythonpath.ps1'
[3.087s] INFO:colcon.colcon_core.shell:Creating environment descriptor '/home/jason/Desktop/zam_ws/install/autocar_nav/share/autocar_nav/hook/pythonpath.dsv'
[3.087s] INFO:colcon.colcon_core.shell:Creating environment hook '/home/jason/Desktop/zam_ws/install/autocar_nav/share/autocar_nav/hook/pythonpath.sh'
[3.088s] Level 1:colcon.colcon_core.environment:checking '/home/jason/Desktop/zam_ws/install/autocar_nav/bin'
[3.089s] INFO:colcon.colcon_core.shell:Creating package script '/home/jason/Desktop/zam_ws/install/autocar_nav/share/autocar_nav/package.ps1'
[3.090s] INFO:colcon.colcon_core.shell:Creating package descriptor '/home/jason/Desktop/zam_ws/install/autocar_nav/share/autocar_nav/package.dsv'
[3.090s] INFO:colcon.colcon_core.shell:Creating package script '/home/jason/Desktop/zam_ws/install/autocar_nav/share/autocar_nav/package.sh'
[3.091s] INFO:colcon.colcon_core.shell:Creating package script '/home/jason/Desktop/zam_ws/install/autocar_nav/share/autocar_nav/package.bash'
[3.091s] INFO:colcon.colcon_core.shell:Creating package script '/home/jason/Desktop/zam_ws/install/autocar_nav/share/autocar_nav/package.zsh'
[3.091s] Level 1:colcon.colcon_core.environment:create_file_with_runtime_dependencies(/home/jason/Desktop/zam_ws/install/autocar_nav/share/colcon-core/packages/autocar_nav)
[3.092s] DEBUG:colcon.colcon_parallel_executor.executor.parallel:closing loop
[3.092s] DEBUG:colcon.colcon_parallel_executor.executor.parallel:loop closed
[3.093s] DEBUG:colcon.colcon_parallel_executor.executor.parallel:run_until_complete finished with '0'
[3.093s] DEBUG:colcon.colcon_core.event_reactor:joining thread
[3.101s] INFO:colcon.colcon_core.plugin_system:Skipping extension 'colcon_notification.desktop_notification.terminal_notifier': Not used on non-Darwin systems
[3.101s] INFO:colcon.colcon_core.plugin_system:Skipping extension 'colcon_notification.desktop_notification.win32': Not used on non-Windows systems
[3.101s] INFO:colcon.colcon_notification.desktop_notification:Sending desktop notification using 'notify2'
[3.119s] DEBUG:colcon.colcon_core.event_reactor:joined thread
[3.122s] INFO:colcon.colcon_core.shell:Creating prefix script '/home/jason/Desktop/zam_ws/install/local_setup.ps1'
[3.123s] INFO:colcon.colcon_core.shell:Creating prefix util module '/home/jason/Desktop/zam_ws/install/_local_setup_util_ps1.py'
[3.125s] INFO:colcon.colcon_core.shell:Creating prefix chain script '/home/jason/Desktop/zam_ws/install/setup.ps1'
[3.126s] INFO:colcon.colcon_core.shell:Creating prefix script '/home/jason/Desktop/zam_ws/install/local_setup.sh'
[3.127s] INFO:colcon.colcon_core.shell:Creating prefix util module '/home/jason/Desktop/zam_ws/install/_local_setup_util_sh.py'
[3.127s] INFO:colcon.colcon_core.shell:Creating prefix chain script '/home/jason/Desktop/zam_ws/install/setup.sh'
[3.129s] INFO:colcon.colcon_core.shell:Creating prefix script '/home/jason/Desktop/zam_ws/install/local_setup.bash'
[3.129s] INFO:colcon.colcon_core.shell:Creating prefix chain script '/home/jason/Desktop/zam_ws/install/setup.bash'
[3.130s] INFO:colcon.colcon_core.shell:Creating prefix script '/home/jason/Desktop/zam_ws/install/local_setup.zsh'
[3.131s] INFO:colcon.colcon_core.shell:Creating prefix chain script '/home/jason/Desktop/zam_ws/install/setup.zsh'
