-- The C compiler identification is GNU 9.4.0
-- The CXX compiler identification is GNU 9.4.0
-- Check for working C compiler: /usr/bin/cc
-- Check for working C compiler: /usr/bin/cc -- works
-- Detecting C compiler ABI info
-- Detecting C compiler ABI info - done
-- Detecting C compile features
-- Detecting C compile features - done
-- Check for working CXX compiler: /usr/bin/c++
-- Check for working CXX compiler: /usr/bin/c++ -- works
-- Detecting CXX compiler ABI info
-- Detecting CXX compiler ABI info - done
-- Detecting CXX compile features
-- Detecting CXX compile features - done
-- Found ament_cmake: 0.9.11 (/opt/ros/foxy/share/ament_cmake/cmake)
-- Found PythonInterp: /usr/bin/python3 (found suitable version "3.8.10", minimum required is "3") 
-- Using PYTHON_EXECUTABLE: /usr/bin/python3
-- Found rclpy: 1.0.11 (/opt/ros/foxy/share/rclpy/cmake)
-- Found geometry_msgs: 2.0.5 (/opt/ros/foxy/share/geometry_msgs/cmake)
-- Using all available rosidl_typesupport_c: rosidl_typesupport_fastrtps_c;rosidl_typesupport_introspection_c
-- Found rosidl_adapter: 1.3.0 (/opt/ros/foxy/share/rosidl_adapter/cmake)
-- Found OpenSSL: /usr/lib/x86_64-linux-gnu/libcrypto.so (found version "1.1.1f")  
-- Found FastRTPS: /opt/ros/foxy/include  
-- Using all available rosidl_typesupport_cpp: rosidl_typesupport_fastrtps_cpp;rosidl_typesupport_introspection_cpp
-- Found nav_msgs: 2.0.5 (/opt/ros/foxy/share/nav_msgs/cmake)
-- Found tf2: 0.13.13 (/opt/ros/foxy/share/tf2/cmake)
-- Found tf2_ros: 0.13.13 (/opt/ros/foxy/share/tf2_ros/cmake)
-- Found rmw_implementation_cmake: 1.0.3 (/opt/ros/foxy/share/rmw_implementation_cmake/cmake)
-- Using RMW implementation 'rmw_fastrtps_cpp' as default
-- Looking for pthread.h
-- Looking for pthread.h - found
-- Performing Test CMAKE_HAVE_LIBC_PTHREAD
-- Performing Test CMAKE_HAVE_LIBC_PTHREAD - Failed
-- Looking for pthread_create in pthreads
-- Looking for pthread_create in pthreads - not found
-- Looking for pthread_create in pthread
-- Looking for pthread_create in pthread - found
-- Found Threads: TRUE  
-- Found ament_lint_auto: 0.9.7 (/opt/ros/foxy/share/ament_lint_auto/cmake)
-- Added test 'copyright' to check source files copyright and LICENSE
-- Added test 'flake8' to check Python code syntax and style conventions
-- Added test 'lint_cmake' to check CMake code style
-- Added test 'pep257' to check Python code against some of the style conventions in PEP 257
-- Added test 'xmllint' to check XML markup files
-- Configuring done
-- Generating done
-- Build files have been written to: /home/jason/Desktop/zam_ws/build/autocar_nav
-- Install configuration: ""
-- Installing: /home/jason/Desktop/zam_ws/install/autocar_nav/share/autocar_nav/environment/pythonpath.sh
-- Installing: /home/jason/Desktop/zam_ws/install/autocar_nav/share/autocar_nav/environment/pythonpath.dsv
-- Installing: /home/jason/Desktop/zam_ws/install/autocar_nav/lib/python3.8/site-packages/autocar_nav
-- Installing: /home/jason/Desktop/zam_ws/install/autocar_nav/lib/python3.8/site-packages/autocar_nav/normalise_angle.py
-- Installing: /home/jason/Desktop/zam_ws/install/autocar_nav/lib/python3.8/site-packages/autocar_nav/yaw_to_quaternion.py
-- Installing: /home/jason/Desktop/zam_ws/install/autocar_nav/lib/python3.8/site-packages/autocar_nav/__init__.py
-- Installing: /home/jason/Desktop/zam_ws/install/autocar_nav/lib/python3.8/site-packages/autocar_nav/cubic_spline_interpolator.py
Listing '/home/jason/Desktop/zam_ws/install/autocar_nav/lib/python3.8/site-packages/autocar_nav'...
Compiling '/home/jason/Desktop/zam_ws/install/autocar_nav/lib/python3.8/site-packages/autocar_nav/__init__.py'...
Compiling '/home/jason/Desktop/zam_ws/install/autocar_nav/lib/python3.8/site-packages/autocar_nav/cubic_spline_interpolator.py'...
Compiling '/home/jason/Desktop/zam_ws/install/autocar_nav/lib/python3.8/site-packages/autocar_nav/normalise_angle.py'...
Compiling '/home/jason/Desktop/zam_ws/install/autocar_nav/lib/python3.8/site-packages/autocar_nav/yaw_to_quaternion.py'...
-- Installing: /home/jason/Desktop/zam_ws/install/autocar_nav/share/autocar_nav/config
-- Installing: /home/jason/Desktop/zam_ws/install/autocar_nav/share/autocar_nav/config/navigation_params.yaml
-- Installing: /home/jason/Desktop/zam_ws/install/autocar_nav/share/autocar_nav/data
-- Installing: /home/jason/Desktop/zam_ws/install/autocar_nav/share/autocar_nav/data/waypoints.csv
-- Installing: /home/jason/Desktop/zam_ws/install/autocar_nav/lib/autocar_nav/globalplanner.py
-- Installing: /home/jason/Desktop/zam_ws/install/autocar_nav/lib/autocar_nav/localisation.py
-- Installing: /home/jason/Desktop/zam_ws/install/autocar_nav/lib/autocar_nav/localplanner.py
-- Installing: /home/jason/Desktop/zam_ws/install/autocar_nav/lib/autocar_nav/clickplanner.py
-- Installing: /home/jason/Desktop/zam_ws/install/autocar_nav/lib/autocar_nav/tracker.py
-- Installing: /home/jason/Desktop/zam_ws/install/autocar_nav/share/ament_index/resource_index/package_run_dependencies/autocar_nav
-- Installing: /home/jason/Desktop/zam_ws/install/autocar_nav/share/ament_index/resource_index/parent_prefix_path/autocar_nav
-- Installing: /home/jason/Desktop/zam_ws/install/autocar_nav/share/autocar_nav/environment/ament_prefix_path.sh
-- Installing: /home/jason/Desktop/zam_ws/install/autocar_nav/share/autocar_nav/environment/ament_prefix_path.dsv
-- Installing: /home/jason/Desktop/zam_ws/install/autocar_nav/share/autocar_nav/environment/path.sh
-- Installing: /home/jason/Desktop/zam_ws/install/autocar_nav/share/autocar_nav/environment/path.dsv
-- Installing: /home/jason/Desktop/zam_ws/install/autocar_nav/share/autocar_nav/local_setup.bash
-- Installing: /home/jason/Desktop/zam_ws/install/autocar_nav/share/autocar_nav/local_setup.sh
-- Installing: /home/jason/Desktop/zam_ws/install/autocar_nav/share/autocar_nav/local_setup.zsh
-- Installing: /home/jason/Desktop/zam_ws/install/autocar_nav/share/autocar_nav/local_setup.dsv
-- Installing: /home/jason/Desktop/zam_ws/install/autocar_nav/share/autocar_nav/package.dsv
-- Installing: /home/jason/Desktop/zam_ws/install/autocar_nav/share/ament_index/resource_index/packages/autocar_nav
-- Installing: /home/jason/Desktop/zam_ws/install/autocar_nav/share/autocar_nav/cmake/autocar_navConfig.cmake
-- Installing: /home/jason/Desktop/zam_ws/install/autocar_nav/share/autocar_nav/cmake/autocar_navConfig-version.cmake
-- Installing: /home/jason/Desktop/zam_ws/install/autocar_nav/share/autocar_nav/package.xml
