[0.064s] Invoking command in '/home/jason/Desktop/zam_ws/build/realsense_node': CMAKE_PREFIX_PATH=/home/jason/Desktop/zam_ws/install/realsense_ros:/home/jason/Desktop/zam_ws/install/realsense_msgs:/home/jason/Desktop/zam_ws/install/realsense_ros2:/home/jason/Desktop/zam_ws/install/realsense_examples:/home/jason/Desktop/zam_ws/install/realsense_node:/home/jason/Desktop/zam_ws/install/keyboard_control:/home/jason/Desktop/zam_ws/install/zam_tools:/opt/ros/foxy:/home/jason/Desktop/zam_ws/install/realsense_gazebo_plugin:/home/jason/Desktop/zam_ws/install/realsense2_description:/home/jason/Desktop/zam_ws/install/realsense2_camera:/home/jason/Desktop/zam_ws/install/realsense2_camera_msgs:/home/jason/Desktop/zam_ws/install/launches:/home/jason/Desktop/zam_ws/install/autocar_nav:/home/jason/Desktop/zam_ws/install/autocar_msgs:/home/jason/Desktop/zam_ws/install/autocar_map:/home/jason/Desktop/zam_ws/install/autocar_gazebo:/home/jason/Desktop/zam_ws/install/autocar_description /usr/bin/cmake --build /home/jason/Desktop/zam_ws/build/realsense_node -- -j4 -l4
[0.236s] [100%] Built target realsense_node
[0.351s] Invoked command in '/home/jason/Desktop/zam_ws/build/realsense_node' returned '0': CMAKE_PREFIX_PATH=/home/jason/Desktop/zam_ws/install/realsense_ros:/home/jason/Desktop/zam_ws/install/realsense_msgs:/home/jason/Desktop/zam_ws/install/realsense_ros2:/home/jason/Desktop/zam_ws/install/realsense_examples:/home/jason/Desktop/zam_ws/install/realsense_node:/home/jason/Desktop/zam_ws/install/keyboard_control:/home/jason/Desktop/zam_ws/install/zam_tools:/opt/ros/foxy:/home/jason/Desktop/zam_ws/install/realsense_gazebo_plugin:/home/jason/Desktop/zam_ws/install/realsense2_description:/home/jason/Desktop/zam_ws/install/realsense2_camera:/home/jason/Desktop/zam_ws/install/realsense2_camera_msgs:/home/jason/Desktop/zam_ws/install/launches:/home/jason/Desktop/zam_ws/install/autocar_nav:/home/jason/Desktop/zam_ws/install/autocar_msgs:/home/jason/Desktop/zam_ws/install/autocar_map:/home/jason/Desktop/zam_ws/install/autocar_gazebo:/home/jason/Desktop/zam_ws/install/autocar_description /usr/bin/cmake --build /home/jason/Desktop/zam_ws/build/realsense_node -- -j4 -l4
[0.434s] Invoking command in '/home/jason/Desktop/zam_ws/build/realsense_node': CMAKE_PREFIX_PATH=/home/jason/Desktop/zam_ws/install/realsense_ros:/home/jason/Desktop/zam_ws/install/realsense_msgs:/home/jason/Desktop/zam_ws/install/realsense_ros2:/home/jason/Desktop/zam_ws/install/realsense_examples:/home/jason/Desktop/zam_ws/install/realsense_node:/home/jason/Desktop/zam_ws/install/keyboard_control:/home/jason/Desktop/zam_ws/install/zam_tools:/opt/ros/foxy:/home/jason/Desktop/zam_ws/install/realsense_gazebo_plugin:/home/jason/Desktop/zam_ws/install/realsense2_description:/home/jason/Desktop/zam_ws/install/realsense2_camera:/home/jason/Desktop/zam_ws/install/realsense2_camera_msgs:/home/jason/Desktop/zam_ws/install/launches:/home/jason/Desktop/zam_ws/install/autocar_nav:/home/jason/Desktop/zam_ws/install/autocar_msgs:/home/jason/Desktop/zam_ws/install/autocar_map:/home/jason/Desktop/zam_ws/install/autocar_gazebo:/home/jason/Desktop/zam_ws/install/autocar_description /usr/bin/cmake --install /home/jason/Desktop/zam_ws/build/realsense_node
[0.468s] -- Install configuration: ""
[0.469s] -- Execute custom install script
[0.469s] -- Up-to-date symlink: /home/jason/Desktop/zam_ws/install/realsense_node/lib/realsense_node/realsense_node
[0.470s] -- Up-to-date symlink: /home/jason/Desktop/zam_ws/install/realsense_node/bin/realsense_node
[0.471s] -- Up-to-date symlink: /home/jason/Desktop/zam_ws/install/realsense_node/share/ament_index/resource_index/package_run_dependencies/realsense_node
[0.471s] -- Up-to-date symlink: /home/jason/Desktop/zam_ws/install/realsense_node/share/ament_index/resource_index/parent_prefix_path/realsense_node
[0.472s] -- Up-to-date symlink: /home/jason/Desktop/zam_ws/install/realsense_node/share/realsense_node/environment/ament_prefix_path.sh
[0.473s] -- Up-to-date symlink: /home/jason/Desktop/zam_ws/install/realsense_node/share/realsense_node/environment/ament_prefix_path.dsv
[0.473s] -- Up-to-date symlink: /home/jason/Desktop/zam_ws/install/realsense_node/share/realsense_node/environment/path.sh
[0.474s] -- Up-to-date symlink: /home/jason/Desktop/zam_ws/install/realsense_node/share/realsense_node/environment/path.dsv
[0.477s] -- Up-to-date symlink: /home/jason/Desktop/zam_ws/install/realsense_node/share/realsense_node/local_setup.bash
[0.477s] -- Up-to-date symlink: /home/jason/Desktop/zam_ws/install/realsense_node/share/realsense_node/local_setup.sh
[0.478s] -- Up-to-date symlink: /home/jason/Desktop/zam_ws/install/realsense_node/share/realsense_node/local_setup.zsh
[0.478s] -- Up-to-date symlink: /home/jason/Desktop/zam_ws/install/realsense_node/share/realsense_node/local_setup.dsv
[0.478s] -- Symlinking: /home/jason/Desktop/zam_ws/install/realsense_node/share/realsense_node/package.dsv
[0.492s] -- Up-to-date symlink: /home/jason/Desktop/zam_ws/install/realsense_node/share/ament_index/resource_index/packages/realsense_node
[0.493s] -- Up-to-date symlink: /home/jason/Desktop/zam_ws/install/realsense_node/share/realsense_node/cmake/realsense_nodeConfig.cmake
[0.493s] -- Up-to-date symlink: /home/jason/Desktop/zam_ws/install/realsense_node/share/realsense_node/cmake/realsense_nodeConfig-version.cmake
[0.494s] -- Up-to-date symlink: /home/jason/Desktop/zam_ws/install/realsense_node/share/realsense_node/package.xml
[0.524s] Invoked command in '/home/jason/Desktop/zam_ws/build/realsense_node' returned '0': CMAKE_PREFIX_PATH=/home/jason/Desktop/zam_ws/install/realsense_ros:/home/jason/Desktop/zam_ws/install/realsense_msgs:/home/jason/Desktop/zam_ws/install/realsense_ros2:/home/jason/Desktop/zam_ws/install/realsense_examples:/home/jason/Desktop/zam_ws/install/realsense_node:/home/jason/Desktop/zam_ws/install/keyboard_control:/home/jason/Desktop/zam_ws/install/zam_tools:/opt/ros/foxy:/home/jason/Desktop/zam_ws/install/realsense_gazebo_plugin:/home/jason/Desktop/zam_ws/install/realsense2_description:/home/jason/Desktop/zam_ws/install/realsense2_camera:/home/jason/Desktop/zam_ws/install/realsense2_camera_msgs:/home/jason/Desktop/zam_ws/install/launches:/home/jason/Desktop/zam_ws/install/autocar_nav:/home/jason/Desktop/zam_ws/install/autocar_msgs:/home/jason/Desktop/zam_ws/install/autocar_map:/home/jason/Desktop/zam_ws/install/autocar_gazebo:/home/jason/Desktop/zam_ws/install/autocar_description /usr/bin/cmake --install /home/jason/Desktop/zam_ws/build/realsense_node
