[0.058s] Invoking command in '/home/jason/Desktop/zam_ws/build/realsense2_camera_msgs': CMAKE_PREFIX_PATH=${CMAKE_PREFIX_PATH}:/home/jason/Desktop/zam_ws/install/zam_tools:/home/jason/Desktop/zam_ws/install/keyboard_control:/opt/ros/foxy /usr/bin/cmake --build /home/jason/Desktop/zam_ws/build/realsense2_camera_msgs -- -j4 -l4
[0.225s] [  1%] Built target realsense2_camera_msgs__cpp
[0.276s] [ 12%] Built target realsense2_camera_msgs__rosidl_generator_c
[0.346s] [ 23%] Built target realsense2_camera_msgs__rosidl_typesupport_introspection_cpp
[0.394s] [ 34%] Built target realsense2_camera_msgs__rosidl_typesupport_introspection_c
[0.442s] [ 45%] Built target realsense2_camera_msgs__rosidl_typesupport_c
[0.543s] [ 56%] Built target realsense2_camera_msgs__rosidl_typesupport_fastrtps_cpp
[0.620s] [ 67%] Built target realsense2_camera_msgs__rosidl_typesupport_cpp
[0.710s] [ 78%] Built target realsense2_camera_msgs__rosidl_typesupport_fastrtps_c
[0.771s] [ 78%] Built target realsense2_camera_msgs
[0.816s] [ 80%] Built target realsense2_camera_msgs__py
[0.897s] [ 89%] Built target realsense2_camera_msgs__python
[0.948s] [ 92%] Built target realsense2_camera_msgs__rosidl_typesupport_c__pyext
[1.003s] [ 96%] Built target realsense2_camera_msgs__rosidl_typesupport_fastrtps_c__pyext
[1.054s] [100%] Built target realsense2_camera_msgs__rosidl_typesupport_introspection_c__pyext
[1.256s] Invoked command in '/home/jason/Desktop/zam_ws/build/realsense2_camera_msgs' returned '0': CMAKE_PREFIX_PATH=${CMAKE_PREFIX_PATH}:/home/jason/Desktop/zam_ws/install/zam_tools:/home/jason/Desktop/zam_ws/install/keyboard_control:/opt/ros/foxy /usr/bin/cmake --build /home/jason/Desktop/zam_ws/build/realsense2_camera_msgs -- -j4 -l4
[1.573s] Invoking command in '/home/jason/Desktop/zam_ws/build/realsense2_camera_msgs': CMAKE_PREFIX_PATH=${CMAKE_PREFIX_PATH}:/home/jason/Desktop/zam_ws/install/zam_tools:/home/jason/Desktop/zam_ws/install/keyboard_control:/opt/ros/foxy /usr/bin/cmake --install /home/jason/Desktop/zam_ws/build/realsense2_camera_msgs
[1.605s] -- Install configuration: ""
[1.606s] -- Execute custom install script
[1.607s] -- Up-to-date symlink: /home/jason/Desktop/zam_ws/install/realsense2_camera_msgs/share/ament_index/resource_index/rosidl_interfaces/realsense2_camera_msgs
[1.609s] -- Up-to-date symlink: /home/jason/Desktop/zam_ws/install/realsense2_camera_msgs/include/realsense2_camera_msgs/msg/detail/extrinsics__functions.h
[1.609s] -- Up-to-date symlink: /home/jason/Desktop/zam_ws/install/realsense2_camera_msgs/include/realsense2_camera_msgs/msg/detail/extrinsics__struct.h
[1.610s] -- Up-to-date symlink: /home/jason/Desktop/zam_ws/install/realsense2_camera_msgs/include/realsense2_camera_msgs/msg/detail/extrinsics__type_support.h
[1.611s] -- Up-to-date symlink: /home/jason/Desktop/zam_ws/install/realsense2_camera_msgs/include/realsense2_camera_msgs/msg/detail/imu_info__functions.h
[1.611s] -- Up-to-date symlink: /home/jason/Desktop/zam_ws/install/realsense2_camera_msgs/include/realsense2_camera_msgs/msg/detail/imu_info__struct.h
[1.612s] -- Up-to-date symlink: /home/jason/Desktop/zam_ws/install/realsense2_camera_msgs/include/realsense2_camera_msgs/msg/detail/imu_info__type_support.h
[1.612s] -- Up-to-date symlink: /home/jason/Desktop/zam_ws/install/realsense2_camera_msgs/include/realsense2_camera_msgs/msg/detail/metadata__functions.h
[1.613s] -- Up-to-date symlink: /home/jason/Desktop/zam_ws/install/realsense2_camera_msgs/include/realsense2_camera_msgs/msg/detail/metadata__struct.h
[1.614s] -- Up-to-date symlink: /home/jason/Desktop/zam_ws/install/realsense2_camera_msgs/include/realsense2_camera_msgs/msg/detail/metadata__type_support.h
[1.614s] -- Up-to-date symlink: /home/jason/Desktop/zam_ws/install/realsense2_camera_msgs/include/realsense2_camera_msgs/msg/extrinsics.h
[1.614s] -- Up-to-date symlink: /home/jason/Desktop/zam_ws/install/realsense2_camera_msgs/include/realsense2_camera_msgs/msg/imu_info.h
[1.616s] -- Up-to-date symlink: /home/jason/Desktop/zam_ws/install/realsense2_camera_msgs/include/realsense2_camera_msgs/msg/metadata.h
[1.616s] -- Up-to-date symlink: /home/jason/Desktop/zam_ws/install/realsense2_camera_msgs/include/realsense2_camera_msgs/msg/rosidl_generator_c__visibility_control.h
[1.617s] -- Up-to-date symlink: /home/jason/Desktop/zam_ws/install/realsense2_camera_msgs/include/realsense2_camera_msgs/srv/detail/device_info__functions.h
[1.618s] -- Up-to-date symlink: /home/jason/Desktop/zam_ws/install/realsense2_camera_msgs/include/realsense2_camera_msgs/srv/detail/device_info__struct.h
[1.618s] -- Up-to-date symlink: /home/jason/Desktop/zam_ws/install/realsense2_camera_msgs/include/realsense2_camera_msgs/srv/detail/device_info__type_support.h
[1.619s] -- Up-to-date symlink: /home/jason/Desktop/zam_ws/install/realsense2_camera_msgs/include/realsense2_camera_msgs/srv/device_info.h
[1.620s] -- Up-to-date symlink: /home/jason/Desktop/zam_ws/install/realsense2_camera_msgs/share/realsense2_camera_msgs/environment/library_path.sh
[1.621s] -- Up-to-date symlink: /home/jason/Desktop/zam_ws/install/realsense2_camera_msgs/share/realsense2_camera_msgs/environment/library_path.dsv
[1.622s] -- Up-to-date symlink: /home/jason/Desktop/zam_ws/install/realsense2_camera_msgs/include/realsense2_camera_msgs/msg/detail/extrinsics__rosidl_typesupport_fastrtps_c.h
[1.623s] -- Up-to-date symlink: /home/jason/Desktop/zam_ws/install/realsense2_camera_msgs/include/realsense2_camera_msgs/msg/detail/imu_info__rosidl_typesupport_fastrtps_c.h
[1.623s] -- Up-to-date symlink: /home/jason/Desktop/zam_ws/install/realsense2_camera_msgs/include/realsense2_camera_msgs/msg/detail/metadata__rosidl_typesupport_fastrtps_c.h
[1.624s] -- Up-to-date symlink: /home/jason/Desktop/zam_ws/install/realsense2_camera_msgs/include/realsense2_camera_msgs/msg/rosidl_typesupport_fastrtps_c__visibility_control.h
[1.624s] -- Up-to-date symlink: /home/jason/Desktop/zam_ws/install/realsense2_camera_msgs/include/realsense2_camera_msgs/srv/detail/device_info__rosidl_typesupport_fastrtps_c.h
[1.626s] -- Up-to-date symlink: /home/jason/Desktop/zam_ws/install/realsense2_camera_msgs/lib/librealsense2_camera_msgs__rosidl_typesupport_fastrtps_c.so
[1.638s] -- Up-to-date symlink: /home/jason/Desktop/zam_ws/install/realsense2_camera_msgs/include/realsense2_camera_msgs/msg/detail/extrinsics__rosidl_typesupport_fastrtps_cpp.hpp
[1.640s] -- Up-to-date symlink: /home/jason/Desktop/zam_ws/install/realsense2_camera_msgs/include/realsense2_camera_msgs/msg/detail/imu_info__rosidl_typesupport_fastrtps_cpp.hpp
[1.642s] -- Up-to-date symlink: /home/jason/Desktop/zam_ws/install/realsense2_camera_msgs/include/realsense2_camera_msgs/msg/detail/metadata__rosidl_typesupport_fastrtps_cpp.hpp
[1.643s] -- Up-to-date symlink: /home/jason/Desktop/zam_ws/install/realsense2_camera_msgs/include/realsense2_camera_msgs/msg/rosidl_typesupport_fastrtps_cpp__visibility_control.h
[1.643s] -- Up-to-date symlink: /home/jason/Desktop/zam_ws/install/realsense2_camera_msgs/include/realsense2_camera_msgs/srv/detail/device_info__rosidl_typesupport_fastrtps_cpp.hpp
[1.657s] -- Up-to-date symlink: /home/jason/Desktop/zam_ws/install/realsense2_camera_msgs/lib/librealsense2_camera_msgs__rosidl_typesupport_fastrtps_cpp.so
[1.657s] -- Up-to-date symlink: /home/jason/Desktop/zam_ws/install/realsense2_camera_msgs/include/realsense2_camera_msgs/msg/detail/extrinsics__rosidl_typesupport_introspection_c.h
[1.657s] -- Up-to-date symlink: /home/jason/Desktop/zam_ws/install/realsense2_camera_msgs/include/realsense2_camera_msgs/msg/detail/imu_info__rosidl_typesupport_introspection_c.h
[1.657s] -- Up-to-date symlink: /home/jason/Desktop/zam_ws/install/realsense2_camera_msgs/include/realsense2_camera_msgs/msg/detail/metadata__rosidl_typesupport_introspection_c.h
[1.658s] -- Up-to-date symlink: /home/jason/Desktop/zam_ws/install/realsense2_camera_msgs/include/realsense2_camera_msgs/msg/rosidl_typesupport_introspection_c__visibility_control.h
[1.658s] -- Up-to-date symlink: /home/jason/Desktop/zam_ws/install/realsense2_camera_msgs/include/realsense2_camera_msgs/srv/detail/device_info__rosidl_typesupport_introspection_c.h
[1.658s] -- Up-to-date symlink: /home/jason/Desktop/zam_ws/install/realsense2_camera_msgs/include/realsense2_camera_msgs/msg/detail/extrinsics__builder.hpp
[1.658s] -- Up-to-date symlink: /home/jason/Desktop/zam_ws/install/realsense2_camera_msgs/include/realsense2_camera_msgs/msg/detail/extrinsics__struct.hpp
[1.658s] -- Up-to-date symlink: /home/jason/Desktop/zam_ws/install/realsense2_camera_msgs/include/realsense2_camera_msgs/msg/detail/extrinsics__traits.hpp
[1.658s] -- Up-to-date symlink: /home/jason/Desktop/zam_ws/install/realsense2_camera_msgs/include/realsense2_camera_msgs/msg/detail/imu_info__builder.hpp
[1.658s] -- Up-to-date symlink: /home/jason/Desktop/zam_ws/install/realsense2_camera_msgs/include/realsense2_camera_msgs/msg/detail/imu_info__struct.hpp
[1.658s] -- Up-to-date symlink: /home/jason/Desktop/zam_ws/install/realsense2_camera_msgs/include/realsense2_camera_msgs/msg/detail/imu_info__traits.hpp
[1.659s] -- Up-to-date symlink: /home/jason/Desktop/zam_ws/install/realsense2_camera_msgs/include/realsense2_camera_msgs/msg/detail/metadata__builder.hpp
[1.666s] -- Up-to-date symlink: /home/jason/Desktop/zam_ws/install/realsense2_camera_msgs/include/realsense2_camera_msgs/msg/detail/metadata__struct.hpp
[1.666s] -- Up-to-date symlink: /home/jason/Desktop/zam_ws/install/realsense2_camera_msgs/include/realsense2_camera_msgs/msg/detail/metadata__traits.hpp
[1.666s] -- Up-to-date symlink: /home/jason/Desktop/zam_ws/install/realsense2_camera_msgs/include/realsense2_camera_msgs/msg/extrinsics.hpp
[1.666s] -- Up-to-date symlink: /home/jason/Desktop/zam_ws/install/realsense2_camera_msgs/include/realsense2_camera_msgs/msg/imu_info.hpp
[1.669s] -- Up-to-date symlink: /home/jason/Desktop/zam_ws/install/realsense2_camera_msgs/include/realsense2_camera_msgs/msg/metadata.hpp
[1.669s] -- Up-to-date symlink: /home/jason/Desktop/zam_ws/install/realsense2_camera_msgs/include/realsense2_camera_msgs/srv/detail/device_info__builder.hpp
[1.669s] -- Up-to-date symlink: /home/jason/Desktop/zam_ws/install/realsense2_camera_msgs/include/realsense2_camera_msgs/srv/detail/device_info__struct.hpp
[1.669s] -- Up-to-date symlink: /home/jason/Desktop/zam_ws/install/realsense2_camera_msgs/include/realsense2_camera_msgs/srv/detail/device_info__traits.hpp
[1.669s] -- Up-to-date symlink: /home/jason/Desktop/zam_ws/install/realsense2_camera_msgs/include/realsense2_camera_msgs/srv/device_info.hpp
[1.670s] -- Up-to-date symlink: /home/jason/Desktop/zam_ws/install/realsense2_camera_msgs/include/realsense2_camera_msgs/msg/detail/extrinsics__rosidl_typesupport_introspection_cpp.hpp
[1.670s] -- Up-to-date symlink: /home/jason/Desktop/zam_ws/install/realsense2_camera_msgs/include/realsense2_camera_msgs/msg/detail/imu_info__rosidl_typesupport_introspection_cpp.hpp
[1.670s] -- Up-to-date symlink: /home/jason/Desktop/zam_ws/install/realsense2_camera_msgs/include/realsense2_camera_msgs/msg/detail/metadata__rosidl_typesupport_introspection_cpp.hpp
[1.670s] -- Up-to-date symlink: /home/jason/Desktop/zam_ws/install/realsense2_camera_msgs/include/realsense2_camera_msgs/srv/detail/device_info__rosidl_typesupport_introspection_cpp.hpp
[1.670s] -- Up-to-date symlink: /home/jason/Desktop/zam_ws/install/realsense2_camera_msgs/share/realsense2_camera_msgs/environment/pythonpath.sh
[1.671s] -- Up-to-date symlink: /home/jason/Desktop/zam_ws/install/realsense2_camera_msgs/share/realsense2_camera_msgs/environment/pythonpath.dsv
[1.671s] -- Up-to-date symlink: /home/jason/Desktop/zam_ws/install/realsense2_camera_msgs/lib/python3.8/site-packages/realsense2_camera_msgs/__init__.py
[1.671s] -- Up-to-date symlink: /home/jason/Desktop/zam_ws/install/realsense2_camera_msgs/lib/python3.8/site-packages/realsense2_camera_msgs/msg/__init__.py
[1.671s] -- Up-to-date symlink: /home/jason/Desktop/zam_ws/install/realsense2_camera_msgs/lib/python3.8/site-packages/realsense2_camera_msgs/msg/_extrinsics.py
[1.674s] -- Up-to-date symlink: /home/jason/Desktop/zam_ws/install/realsense2_camera_msgs/lib/python3.8/site-packages/realsense2_camera_msgs/msg/_imu_info.py
[1.674s] -- Up-to-date symlink: /home/jason/Desktop/zam_ws/install/realsense2_camera_msgs/lib/python3.8/site-packages/realsense2_camera_msgs/msg/_metadata.py
[1.674s] -- Up-to-date symlink: /home/jason/Desktop/zam_ws/install/realsense2_camera_msgs/lib/python3.8/site-packages/realsense2_camera_msgs/srv/__init__.py
[1.674s] -- Up-to-date symlink: /home/jason/Desktop/zam_ws/install/realsense2_camera_msgs/lib/python3.8/site-packages/realsense2_camera_msgs/srv/_device_info.py
[1.674s] -- Up-to-date symlink: /home/jason/Desktop/zam_ws/install/realsense2_camera_msgs/lib/python3.8/site-packages/realsense2_camera_msgs/realsense2_camera_msgs_s__rosidl_typesupport_fastrtps_c.cpython-38-x86_64-linux-gnu.so
[1.677s] -- Up-to-date symlink: /home/jason/Desktop/zam_ws/install/realsense2_camera_msgs/lib/python3.8/site-packages/realsense2_camera_msgs/realsense2_camera_msgs_s__rosidl_typesupport_introspection_c.cpython-38-x86_64-linux-gnu.so
[1.678s] -- Up-to-date symlink: /home/jason/Desktop/zam_ws/install/realsense2_camera_msgs/lib/python3.8/site-packages/realsense2_camera_msgs/realsense2_camera_msgs_s__rosidl_typesupport_c.cpython-38-x86_64-linux-gnu.so
[1.686s] -- Up-to-date symlink: /home/jason/Desktop/zam_ws/install/realsense2_camera_msgs/lib/librealsense2_camera_msgs__python.so
[1.686s] -- Up-to-date symlink: /home/jason/Desktop/zam_ws/install/realsense2_camera_msgs/share/realsense2_camera_msgs/msg/IMUInfo.idl
[1.686s] -- Up-to-date symlink: /home/jason/Desktop/zam_ws/install/realsense2_camera_msgs/share/realsense2_camera_msgs/msg/Extrinsics.idl
[1.686s] -- Up-to-date symlink: /home/jason/Desktop/zam_ws/install/realsense2_camera_msgs/share/realsense2_camera_msgs/msg/Metadata.idl
[1.686s] -- Up-to-date symlink: /home/jason/Desktop/zam_ws/install/realsense2_camera_msgs/share/realsense2_camera_msgs/srv/DeviceInfo.idl
[1.687s] -- Up-to-date symlink: /home/jason/Desktop/zam_ws/install/realsense2_camera_msgs/share/realsense2_camera_msgs/msg/IMUInfo.msg
[1.691s] -- Up-to-date symlink: /home/jason/Desktop/zam_ws/install/realsense2_camera_msgs/share/realsense2_camera_msgs/msg/Extrinsics.msg
[1.692s] -- Up-to-date symlink: /home/jason/Desktop/zam_ws/install/realsense2_camera_msgs/share/realsense2_camera_msgs/msg/Metadata.msg
[1.695s] -- Up-to-date symlink: /home/jason/Desktop/zam_ws/install/realsense2_camera_msgs/share/realsense2_camera_msgs/srv/DeviceInfo.srv
[1.704s] -- Up-to-date symlink: /home/jason/Desktop/zam_ws/install/realsense2_camera_msgs/share/realsense2_camera_msgs/srv/DeviceInfo_Request.msg
[1.704s] -- Up-to-date symlink: /home/jason/Desktop/zam_ws/install/realsense2_camera_msgs/share/realsense2_camera_msgs/srv/DeviceInfo_Response.msg
[1.704s] -- Up-to-date symlink: /home/jason/Desktop/zam_ws/install/realsense2_camera_msgs/share/ament_index/resource_index/package_run_dependencies/realsense2_camera_msgs
[1.704s] -- Up-to-date symlink: /home/jason/Desktop/zam_ws/install/realsense2_camera_msgs/share/ament_index/resource_index/parent_prefix_path/realsense2_camera_msgs
[1.705s] -- Up-to-date symlink: /home/jason/Desktop/zam_ws/install/realsense2_camera_msgs/share/realsense2_camera_msgs/environment/ament_prefix_path.sh
[1.705s] -- Up-to-date symlink: /home/jason/Desktop/zam_ws/install/realsense2_camera_msgs/share/realsense2_camera_msgs/environment/ament_prefix_path.dsv
[1.705s] -- Up-to-date symlink: /home/jason/Desktop/zam_ws/install/realsense2_camera_msgs/share/realsense2_camera_msgs/environment/path.sh
[1.705s] -- Up-to-date symlink: /home/jason/Desktop/zam_ws/install/realsense2_camera_msgs/share/realsense2_camera_msgs/environment/path.dsv
[1.705s] -- Up-to-date symlink: /home/jason/Desktop/zam_ws/install/realsense2_camera_msgs/share/realsense2_camera_msgs/local_setup.bash
[1.705s] -- Up-to-date symlink: /home/jason/Desktop/zam_ws/install/realsense2_camera_msgs/share/realsense2_camera_msgs/local_setup.sh
[1.705s] -- Up-to-date symlink: /home/jason/Desktop/zam_ws/install/realsense2_camera_msgs/share/realsense2_camera_msgs/local_setup.zsh
[1.706s] -- Up-to-date symlink: /home/jason/Desktop/zam_ws/install/realsense2_camera_msgs/share/realsense2_camera_msgs/local_setup.dsv
[1.706s] -- Symlinking: /home/jason/Desktop/zam_ws/install/realsense2_camera_msgs/share/realsense2_camera_msgs/package.dsv
[1.737s] -- Up-to-date symlink: /home/jason/Desktop/zam_ws/install/realsense2_camera_msgs/share/ament_index/resource_index/packages/realsense2_camera_msgs
[1.748s] -- Up-to-date symlink: /home/jason/Desktop/zam_ws/install/realsense2_camera_msgs/share/realsense2_camera_msgs/cmake/rosidl_cmake-extras.cmake
[1.749s] -- Up-to-date symlink: /home/jason/Desktop/zam_ws/install/realsense2_camera_msgs/share/realsense2_camera_msgs/cmake/ament_cmake_export_dependencies-extras.cmake
[1.749s] -- Up-to-date symlink: /home/jason/Desktop/zam_ws/install/realsense2_camera_msgs/share/realsense2_camera_msgs/cmake/ament_cmake_export_libraries-extras.cmake
[1.749s] -- Up-to-date symlink: /home/jason/Desktop/zam_ws/install/realsense2_camera_msgs/share/realsense2_camera_msgs/cmake/ament_cmake_export_targets-extras.cmake
[1.749s] -- Up-to-date symlink: /home/jason/Desktop/zam_ws/install/realsense2_camera_msgs/share/realsense2_camera_msgs/cmake/ament_cmake_export_include_directories-extras.cmake
[1.749s] -- Up-to-date symlink: /home/jason/Desktop/zam_ws/install/realsense2_camera_msgs/share/realsense2_camera_msgs/cmake/rosidl_cmake_export_typesupport_libraries-extras.cmake
[1.750s] -- Up-to-date symlink: /home/jason/Desktop/zam_ws/install/realsense2_camera_msgs/share/realsense2_camera_msgs/cmake/rosidl_cmake_export_typesupport_targets-extras.cmake
[1.750s] -- Up-to-date symlink: /home/jason/Desktop/zam_ws/install/realsense2_camera_msgs/share/realsense2_camera_msgs/cmake/realsense2_camera_msgsConfig.cmake
[1.750s] -- Up-to-date symlink: /home/jason/Desktop/zam_ws/install/realsense2_camera_msgs/share/realsense2_camera_msgs/cmake/realsense2_camera_msgsConfig-version.cmake
[1.751s] -- Up-to-date symlink: /home/jason/Desktop/zam_ws/install/realsense2_camera_msgs/share/realsense2_camera_msgs/package.xml
[1.752s] -- Up-to-date: /home/jason/Desktop/zam_ws/install/realsense2_camera_msgs/lib/librealsense2_camera_msgs__rosidl_generator_c.so
[1.753s] -- Up-to-date: /home/jason/Desktop/zam_ws/install/realsense2_camera_msgs/lib/librealsense2_camera_msgs__rosidl_typesupport_introspection_c.so
[1.754s] -- Up-to-date: /home/jason/Desktop/zam_ws/install/realsense2_camera_msgs/lib/librealsense2_camera_msgs__rosidl_typesupport_c.so
[1.759s] -- Up-to-date: /home/jason/Desktop/zam_ws/install/realsense2_camera_msgs/lib/librealsense2_camera_msgs__rosidl_typesupport_introspection_cpp.so
[1.763s] -- Up-to-date: /home/jason/Desktop/zam_ws/install/realsense2_camera_msgs/lib/librealsense2_camera_msgs__rosidl_typesupport_cpp.so
[1.851s] -- Up-to-date: /home/jason/Desktop/zam_ws/install/realsense2_camera_msgs/share/realsense2_camera_msgs/cmake/realsense2_camera_msgs__rosidl_generator_cExport.cmake
[1.852s] -- Up-to-date: /home/jason/Desktop/zam_ws/install/realsense2_camera_msgs/share/realsense2_camera_msgs/cmake/realsense2_camera_msgs__rosidl_generator_cExport-noconfig.cmake
[1.852s] -- Up-to-date: /home/jason/Desktop/zam_ws/install/realsense2_camera_msgs/share/realsense2_camera_msgs/cmake/realsense2_camera_msgs__rosidl_typesupport_introspection_cExport.cmake
[1.852s] -- Up-to-date: /home/jason/Desktop/zam_ws/install/realsense2_camera_msgs/share/realsense2_camera_msgs/cmake/realsense2_camera_msgs__rosidl_typesupport_introspection_cExport-noconfig.cmake
[1.853s] -- Up-to-date: /home/jason/Desktop/zam_ws/install/realsense2_camera_msgs/share/realsense2_camera_msgs/cmake/realsense2_camera_msgs__rosidl_typesupport_cExport.cmake
[1.853s] -- Up-to-date: /home/jason/Desktop/zam_ws/install/realsense2_camera_msgs/share/realsense2_camera_msgs/cmake/realsense2_camera_msgs__rosidl_typesupport_cExport-noconfig.cmake
[1.853s] -- Up-to-date: /home/jason/Desktop/zam_ws/install/realsense2_camera_msgs/share/realsense2_camera_msgs/cmake/realsense2_camera_msgs__rosidl_generator_cppExport.cmake
[1.853s] -- Up-to-date: /home/jason/Desktop/zam_ws/install/realsense2_camera_msgs/share/realsense2_camera_msgs/cmake/realsense2_camera_msgs__rosidl_typesupport_introspection_cppExport.cmake
[1.853s] -- Up-to-date: /home/jason/Desktop/zam_ws/install/realsense2_camera_msgs/share/realsense2_camera_msgs/cmake/realsense2_camera_msgs__rosidl_typesupport_introspection_cppExport-noconfig.cmake
[1.853s] -- Up-to-date: /home/jason/Desktop/zam_ws/install/realsense2_camera_msgs/share/realsense2_camera_msgs/cmake/realsense2_camera_msgs__rosidl_typesupport_cppExport.cmake
[1.853s] -- Up-to-date: /home/jason/Desktop/zam_ws/install/realsense2_camera_msgs/share/realsense2_camera_msgs/cmake/realsense2_camera_msgs__rosidl_typesupport_cppExport-noconfig.cmake
[1.891s] Invoked command in '/home/jason/Desktop/zam_ws/build/realsense2_camera_msgs' returned '0': CMAKE_PREFIX_PATH=${CMAKE_PREFIX_PATH}:/home/jason/Desktop/zam_ws/install/zam_tools:/home/jason/Desktop/zam_ws/install/keyboard_control:/opt/ros/foxy /usr/bin/cmake --install /home/jason/Desktop/zam_ws/build/realsense2_camera_msgs
