[0.278s] Invoking command in '/home/jason/Desktop/zam_ws/build/autocar_nav': AMENT_PREFIX_PATH=/home/jason/Desktop/zam_ws/install/autocar_msgs:${AMENT_PREFIX_PATH} CMAKE_PREFIX_PATH=/home/jason/Desktop/zam_ws/install/autocar_msgs:/opt/ros/foxy LD_LIBRARY_PATH=/home/jason/Desktop/zam_ws/install/autocar_msgs/lib:${LD_LIBRARY_PATH} PYTHONPATH=/home/jason/Desktop/zam_ws/install/autocar_msgs/lib/python3.8/site-packages:${PYTHONPATH} /usr/bin/cmake --build /home/jason/Desktop/zam_ws/build/autocar_nav -- -j4 -l4
[0.367s] Invoked command in '/home/jason/Desktop/zam_ws/build/autocar_nav' returned '0': AMENT_PREFIX_PATH=/home/jason/Desktop/zam_ws/install/autocar_msgs:${AMENT_PREFIX_PATH} CMAKE_PREFIX_PATH=/home/jason/Desktop/zam_ws/install/autocar_msgs:/opt/ros/foxy LD_LIBRARY_PATH=/home/jason/Desktop/zam_ws/install/autocar_msgs/lib:${LD_LIBRARY_PATH} PYTHONPATH=/home/jason/Desktop/zam_ws/install/autocar_msgs/lib/python3.8/site-packages:${PYTHONPATH} /usr/bin/cmake --build /home/jason/Desktop/zam_ws/build/autocar_nav -- -j4 -l4
[0.410s] Invoking command in '/home/jason/Desktop/zam_ws/build/autocar_nav': AMENT_PREFIX_PATH=/home/jason/Desktop/zam_ws/install/autocar_msgs:${AMENT_PREFIX_PATH} CMAKE_PREFIX_PATH=/home/jason/Desktop/zam_ws/install/autocar_msgs:/opt/ros/foxy LD_LIBRARY_PATH=/home/jason/Desktop/zam_ws/install/autocar_msgs/lib:${LD_LIBRARY_PATH} PYTHONPATH=/home/jason/Desktop/zam_ws/install/autocar_msgs/lib/python3.8/site-packages:${PYTHONPATH} /usr/bin/cmake --install /home/jason/Desktop/zam_ws/build/autocar_nav
[0.424s] -- Install configuration: ""
[0.428s] -- Execute custom install script
[0.428s] -- Up-to-date symlink: /home/jason/Desktop/zam_ws/install/autocar_nav/share/autocar_nav/environment/pythonpath.sh
[0.428s] -- Up-to-date symlink: /home/jason/Desktop/zam_ws/install/autocar_nav/share/autocar_nav/environment/pythonpath.dsv
[0.428s] -- Up-to-date symlink: /home/jason/Desktop/zam_ws/install/autocar_nav/lib/python3.8/site-packages/autocar_nav/__init__.py
[0.428s] -- Up-to-date symlink: /home/jason/Desktop/zam_ws/install/autocar_nav/lib/python3.8/site-packages/autocar_nav/cubic_spline_interpolator.py
[0.428s] -- Up-to-date symlink: /home/jason/Desktop/zam_ws/install/autocar_nav/lib/python3.8/site-packages/autocar_nav/normalise_angle.py
[0.429s] -- Up-to-date symlink: /home/jason/Desktop/zam_ws/install/autocar_nav/lib/python3.8/site-packages/autocar_nav/yaw_to_quaternion.py
[0.430s] -- Up-to-date symlink: /home/jason/Desktop/zam_ws/install/autocar_nav/share/autocar_nav/config/navigation_params.yaml
[0.430s] -- Up-to-date symlink: /home/jason/Desktop/zam_ws/install/autocar_nav/share/autocar_nav/data/waypoints.csv
[0.431s] -- Up-to-date symlink: /home/jason/Desktop/zam_ws/install/autocar_nav/lib/autocar_nav/globalplanner.py
[0.433s] -- Up-to-date symlink: /home/jason/Desktop/zam_ws/install/autocar_nav/lib/autocar_nav/localisation.py
[0.434s] -- Up-to-date symlink: /home/jason/Desktop/zam_ws/install/autocar_nav/lib/autocar_nav/localplanner.py
[0.434s] -- Up-to-date symlink: /home/jason/Desktop/zam_ws/install/autocar_nav/lib/autocar_nav/clickplanner.py
[0.434s] -- Up-to-date symlink: /home/jason/Desktop/zam_ws/install/autocar_nav/lib/autocar_nav/tracker.py
[0.434s] -- Up-to-date symlink: /home/jason/Desktop/zam_ws/install/autocar_nav/share/ament_index/resource_index/package_run_dependencies/autocar_nav
[0.434s] -- Up-to-date symlink: /home/jason/Desktop/zam_ws/install/autocar_nav/share/ament_index/resource_index/parent_prefix_path/autocar_nav
[0.434s] -- Up-to-date symlink: /home/jason/Desktop/zam_ws/install/autocar_nav/share/autocar_nav/environment/ament_prefix_path.sh
[0.434s] -- Up-to-date symlink: /home/jason/Desktop/zam_ws/install/autocar_nav/share/autocar_nav/environment/ament_prefix_path.dsv
[0.434s] -- Up-to-date symlink: /home/jason/Desktop/zam_ws/install/autocar_nav/share/autocar_nav/environment/path.sh
[0.435s] -- Up-to-date symlink: /home/jason/Desktop/zam_ws/install/autocar_nav/share/autocar_nav/environment/path.dsv
[0.435s] -- Up-to-date symlink: /home/jason/Desktop/zam_ws/install/autocar_nav/share/autocar_nav/local_setup.bash
[0.435s] -- Up-to-date symlink: /home/jason/Desktop/zam_ws/install/autocar_nav/share/autocar_nav/local_setup.sh
[0.436s] -- Up-to-date symlink: /home/jason/Desktop/zam_ws/install/autocar_nav/share/autocar_nav/local_setup.zsh
[0.436s] -- Up-to-date symlink: /home/jason/Desktop/zam_ws/install/autocar_nav/share/autocar_nav/local_setup.dsv
[0.436s] -- Symlinking: /home/jason/Desktop/zam_ws/install/autocar_nav/share/autocar_nav/package.dsv
[0.450s] -- Up-to-date symlink: /home/jason/Desktop/zam_ws/install/autocar_nav/share/ament_index/resource_index/packages/autocar_nav
[0.451s] -- Up-to-date symlink: /home/jason/Desktop/zam_ws/install/autocar_nav/share/autocar_nav/cmake/autocar_navConfig.cmake
[0.451s] -- Up-to-date symlink: /home/jason/Desktop/zam_ws/install/autocar_nav/share/autocar_nav/cmake/autocar_navConfig-version.cmake
[0.451s] -- Up-to-date symlink: /home/jason/Desktop/zam_ws/install/autocar_nav/share/autocar_nav/package.xml
[0.505s] Listing '/home/jason/Desktop/zam_ws/install/autocar_nav/lib/python3.8/site-packages/autocar_nav'...
[0.542s] Invoked command in '/home/jason/Desktop/zam_ws/build/autocar_nav' returned '0': AMENT_PREFIX_PATH=/home/jason/Desktop/zam_ws/install/autocar_msgs:${AMENT_PREFIX_PATH} CMAKE_PREFIX_PATH=/home/jason/Desktop/zam_ws/install/autocar_msgs:/opt/ros/foxy LD_LIBRARY_PATH=/home/jason/Desktop/zam_ws/install/autocar_msgs/lib:${LD_LIBRARY_PATH} PYTHONPATH=/home/jason/Desktop/zam_ws/install/autocar_msgs/lib/python3.8/site-packages:${PYTHONPATH} /usr/bin/cmake --install /home/jason/Desktop/zam_ws/build/autocar_nav
