[0.141s] Invoking command in '/home/jason/Desktop/zam_ws/build/realsense_ros': CMAKE_PREFIX_PATH=/home/jason/Desktop/zam_ws/install/realsense_msgs:/home/jason/Desktop/zam_ws/install/realsense_examples:/home/jason/Desktop/zam_ws/install/realsense_node:/home/jason/Desktop/zam_ws/install/realsense_ros:/home/jason/Desktop/zam_ws/install/keyboard_control:/home/jason/Desktop/zam_ws/install/zam_tools:/opt/ros/foxy:/home/jason/Desktop/zam_ws/install/realsense_gazebo_plugin:/home/jason/Desktop/zam_ws/install/realsense2_description:/home/jason/Desktop/zam_ws/install/realsense2_camera:/home/jason/Desktop/zam_ws/install/realsense2_camera_msgs:/home/jason/Desktop/zam_ws/install/launches:/home/jason/Desktop/zam_ws/install/autocar_nav:/home/jason/Desktop/zam_ws/install/autocar_msgs:/home/jason/Desktop/zam_ws/install/autocar_map:/home/jason/Desktop/zam_ws/install/autocar_gazebo:/home/jason/Desktop/zam_ws/install/autocar_description LD_LIBRARY_PATH=/home/jason/Desktop/zam_ws/install/realsense_msgs/lib:/home/jason/Desktop/zam_ws/install/realsense_ros/lib:/home/jason/Desktop/zam_ws/install/realsense_gazebo_plugin/lib:/home/jason/Desktop/zam_ws/install/realsense2_camera/lib:/home/jason/Desktop/zam_ws/install/realsense2_camera_msgs/lib:/home/jason/Desktop/zam_ws/install/autocar_msgs/lib:/usr/lib/x86_64-linux-gnu/gazebo-11/plugins:/opt/ros/foxy/opt/yaml_cpp_vendor/lib:/opt/ros/foxy/opt/rviz_ogre_vendor/lib:/opt/ros/foxy/lib/x86_64-linux-gnu:/opt/ros/foxy/lib /usr/bin/cmake --build /home/jason/Desktop/zam_ws/build/realsense_ros -- -j4 -l4
[0.493s] [ 16%] Built target gtest
[0.562s] [ 33%] Built target gtest_main
[0.854s] [ 83%] Built target realsense_ros
[1.054s] [100%] Built target camera_core
[1.123s] Invoked command in '/home/jason/Desktop/zam_ws/build/realsense_ros' returned '0': CMAKE_PREFIX_PATH=/home/jason/Desktop/zam_ws/install/realsense_msgs:/home/jason/Desktop/zam_ws/install/realsense_examples:/home/jason/Desktop/zam_ws/install/realsense_node:/home/jason/Desktop/zam_ws/install/realsense_ros:/home/jason/Desktop/zam_ws/install/keyboard_control:/home/jason/Desktop/zam_ws/install/zam_tools:/opt/ros/foxy:/home/jason/Desktop/zam_ws/install/realsense_gazebo_plugin:/home/jason/Desktop/zam_ws/install/realsense2_description:/home/jason/Desktop/zam_ws/install/realsense2_camera:/home/jason/Desktop/zam_ws/install/realsense2_camera_msgs:/home/jason/Desktop/zam_ws/install/launches:/home/jason/Desktop/zam_ws/install/autocar_nav:/home/jason/Desktop/zam_ws/install/autocar_msgs:/home/jason/Desktop/zam_ws/install/autocar_map:/home/jason/Desktop/zam_ws/install/autocar_gazebo:/home/jason/Desktop/zam_ws/install/autocar_description LD_LIBRARY_PATH=/home/jason/Desktop/zam_ws/install/realsense_msgs/lib:/home/jason/Desktop/zam_ws/install/realsense_ros/lib:/home/jason/Desktop/zam_ws/install/realsense_gazebo_plugin/lib:/home/jason/Desktop/zam_ws/install/realsense2_camera/lib:/home/jason/Desktop/zam_ws/install/realsense2_camera_msgs/lib:/home/jason/Desktop/zam_ws/install/autocar_msgs/lib:/usr/lib/x86_64-linux-gnu/gazebo-11/plugins:/opt/ros/foxy/opt/yaml_cpp_vendor/lib:/opt/ros/foxy/opt/rviz_ogre_vendor/lib:/opt/ros/foxy/lib/x86_64-linux-gnu:/opt/ros/foxy/lib /usr/bin/cmake --build /home/jason/Desktop/zam_ws/build/realsense_ros -- -j4 -l4
[1.621s] Invoking command in '/home/jason/Desktop/zam_ws/build/realsense_ros': CMAKE_PREFIX_PATH=/home/jason/Desktop/zam_ws/install/realsense_msgs:/home/jason/Desktop/zam_ws/install/realsense_examples:/home/jason/Desktop/zam_ws/install/realsense_node:/home/jason/Desktop/zam_ws/install/realsense_ros:/home/jason/Desktop/zam_ws/install/keyboard_control:/home/jason/Desktop/zam_ws/install/zam_tools:/opt/ros/foxy:/home/jason/Desktop/zam_ws/install/realsense_gazebo_plugin:/home/jason/Desktop/zam_ws/install/realsense2_description:/home/jason/Desktop/zam_ws/install/realsense2_camera:/home/jason/Desktop/zam_ws/install/realsense2_camera_msgs:/home/jason/Desktop/zam_ws/install/launches:/home/jason/Desktop/zam_ws/install/autocar_nav:/home/jason/Desktop/zam_ws/install/autocar_msgs:/home/jason/Desktop/zam_ws/install/autocar_map:/home/jason/Desktop/zam_ws/install/autocar_gazebo:/home/jason/Desktop/zam_ws/install/autocar_description LD_LIBRARY_PATH=/home/jason/Desktop/zam_ws/install/realsense_msgs/lib:/home/jason/Desktop/zam_ws/install/realsense_ros/lib:/home/jason/Desktop/zam_ws/install/realsense_gazebo_plugin/lib:/home/jason/Desktop/zam_ws/install/realsense2_camera/lib:/home/jason/Desktop/zam_ws/install/realsense2_camera_msgs/lib:/home/jason/Desktop/zam_ws/install/autocar_msgs/lib:/usr/lib/x86_64-linux-gnu/gazebo-11/plugins:/opt/ros/foxy/opt/yaml_cpp_vendor/lib:/opt/ros/foxy/opt/rviz_ogre_vendor/lib:/opt/ros/foxy/lib/x86_64-linux-gnu:/opt/ros/foxy/lib /usr/bin/cmake --install /home/jason/Desktop/zam_ws/build/realsense_ros
[1.724s] -- Install configuration: ""
[1.725s] -- Execute custom install script
[1.730s] -- Up-to-date symlink: /home/jason/Desktop/zam_ws/install/realsense_ros/lib/librealsense_ros.so
[1.744s] -- Up-to-date symlink: /home/jason/Desktop/zam_ws/install/realsense_ros/include/realsense/rs_base.hpp
[1.746s] -- Up-to-date symlink: /home/jason/Desktop/zam_ws/install/realsense_ros/include/realsense/rs_constants.hpp
[1.746s] -- Up-to-date symlink: /home/jason/Desktop/zam_ws/install/realsense_ros/include/realsense/rs_d435.hpp
[1.747s] -- Up-to-date symlink: /home/jason/Desktop/zam_ws/install/realsense_ros/include/realsense/rs_d435i.hpp
[1.747s] -- Up-to-date symlink: /home/jason/Desktop/zam_ws/install/realsense_ros/include/realsense/rs_factory.hpp
[1.747s] -- Up-to-date symlink: /home/jason/Desktop/zam_ws/install/realsense_ros/include/realsense/rs_t265.hpp
[1.747s] -- Up-to-date symlink: /home/jason/Desktop/zam_ws/install/realsense_ros/share/realsense_ros/environment/library_path.sh
[1.747s] -- Up-to-date symlink: /home/jason/Desktop/zam_ws/install/realsense_ros/share/realsense_ros/environment/library_path.dsv
[1.747s] -- Up-to-date symlink: /home/jason/Desktop/zam_ws/install/realsense_ros/share/ament_index/resource_index/package_run_dependencies/realsense_ros
[1.747s] -- Up-to-date symlink: /home/jason/Desktop/zam_ws/install/realsense_ros/share/ament_index/resource_index/parent_prefix_path/realsense_ros
[1.755s] -- Up-to-date symlink: /home/jason/Desktop/zam_ws/install/realsense_ros/share/realsense_ros/environment/ament_prefix_path.sh
[1.756s] -- Up-to-date symlink: /home/jason/Desktop/zam_ws/install/realsense_ros/share/realsense_ros/environment/ament_prefix_path.dsv
[1.756s] -- Up-to-date symlink: /home/jason/Desktop/zam_ws/install/realsense_ros/share/realsense_ros/environment/path.sh
[1.758s] -- Up-to-date symlink: /home/jason/Desktop/zam_ws/install/realsense_ros/share/realsense_ros/environment/path.dsv
[1.761s] -- Up-to-date symlink: /home/jason/Desktop/zam_ws/install/realsense_ros/share/realsense_ros/local_setup.bash
[1.761s] -- Up-to-date symlink: /home/jason/Desktop/zam_ws/install/realsense_ros/share/realsense_ros/local_setup.sh
[1.762s] -- Up-to-date symlink: /home/jason/Desktop/zam_ws/install/realsense_ros/share/realsense_ros/local_setup.zsh
[1.763s] -- Up-to-date symlink: /home/jason/Desktop/zam_ws/install/realsense_ros/share/realsense_ros/local_setup.dsv
[1.763s] -- Symlinking: /home/jason/Desktop/zam_ws/install/realsense_ros/share/realsense_ros/package.dsv
[1.824s] -- Up-to-date symlink: /home/jason/Desktop/zam_ws/install/realsense_ros/share/ament_index/resource_index/packages/realsense_ros
[1.825s] -- Up-to-date symlink: /home/jason/Desktop/zam_ws/install/realsense_ros/share/ament_index/resource_index/rclcpp_components/realsense_ros
[1.825s] -- Up-to-date symlink: /home/jason/Desktop/zam_ws/install/realsense_ros/share/realsense_ros/cmake/ament_cmake_export_include_directories-extras.cmake
[1.825s] -- Up-to-date symlink: /home/jason/Desktop/zam_ws/install/realsense_ros/share/realsense_ros/cmake/ament_cmake_export_libraries-extras.cmake
[1.825s] -- Up-to-date symlink: /home/jason/Desktop/zam_ws/install/realsense_ros/share/realsense_ros/cmake/realsense_rosConfig.cmake
[1.825s] -- Up-to-date symlink: /home/jason/Desktop/zam_ws/install/realsense_ros/share/realsense_ros/cmake/realsense_rosConfig-version.cmake
[1.825s] -- Up-to-date symlink: /home/jason/Desktop/zam_ws/install/realsense_ros/share/realsense_ros/package.xml
[1.826s] Invoked command in '/home/jason/Desktop/zam_ws/build/realsense_ros' returned '0': CMAKE_PREFIX_PATH=/home/jason/Desktop/zam_ws/install/realsense_msgs:/home/jason/Desktop/zam_ws/install/realsense_examples:/home/jason/Desktop/zam_ws/install/realsense_node:/home/jason/Desktop/zam_ws/install/realsense_ros:/home/jason/Desktop/zam_ws/install/keyboard_control:/home/jason/Desktop/zam_ws/install/zam_tools:/opt/ros/foxy:/home/jason/Desktop/zam_ws/install/realsense_gazebo_plugin:/home/jason/Desktop/zam_ws/install/realsense2_description:/home/jason/Desktop/zam_ws/install/realsense2_camera:/home/jason/Desktop/zam_ws/install/realsense2_camera_msgs:/home/jason/Desktop/zam_ws/install/launches:/home/jason/Desktop/zam_ws/install/autocar_nav:/home/jason/Desktop/zam_ws/install/autocar_msgs:/home/jason/Desktop/zam_ws/install/autocar_map:/home/jason/Desktop/zam_ws/install/autocar_gazebo:/home/jason/Desktop/zam_ws/install/autocar_description LD_LIBRARY_PATH=/home/jason/Desktop/zam_ws/install/realsense_msgs/lib:/home/jason/Desktop/zam_ws/install/realsense_ros/lib:/home/jason/Desktop/zam_ws/install/realsense_gazebo_plugin/lib:/home/jason/Desktop/zam_ws/install/realsense2_camera/lib:/home/jason/Desktop/zam_ws/install/realsense2_camera_msgs/lib:/home/jason/Desktop/zam_ws/install/autocar_msgs/lib:/usr/lib/x86_64-linux-gnu/gazebo-11/plugins:/opt/ros/foxy/opt/yaml_cpp_vendor/lib:/opt/ros/foxy/opt/rviz_ogre_vendor/lib:/opt/ros/foxy/lib/x86_64-linux-gnu:/opt/ros/foxy/lib /usr/bin/cmake --install /home/jason/Desktop/zam_ws/build/realsense_ros
