[0.190s] Invoking command in '/home/jason/Desktop/zam_ws/build/realsense_node': CMAKE_PREFIX_PATH=/home/jason/Desktop/zam_ws/install/realsense_ros:/home/jason/Desktop/zam_ws/install/realsense_msgs:/home/jason/Desktop/zam_ws/install/realsense_examples:/home/jason/Desktop/zam_ws/install/realsense_node:/home/jason/Desktop/zam_ws/install/keyboard_control:/home/jason/Desktop/zam_ws/install/zam_tools:/opt/ros/foxy:/home/jason/Desktop/zam_ws/install/realsense_gazebo_plugin:/home/jason/Desktop/zam_ws/install/realsense2_description:/home/jason/Desktop/zam_ws/install/realsense2_camera:/home/jason/Desktop/zam_ws/install/realsense2_camera_msgs:/home/jason/Desktop/zam_ws/install/launches:/home/jason/Desktop/zam_ws/install/autocar_nav:/home/jason/Desktop/zam_ws/install/autocar_msgs:/home/jason/Desktop/zam_ws/install/autocar_map:/home/jason/Desktop/zam_ws/install/autocar_gazebo:/home/jason/Desktop/zam_ws/install/autocar_description /usr/bin/cmake --build /home/jason/Desktop/zam_ws/build/realsense_node -- -j4 -l4
[0.557s] [100%] Built target realsense_node
[0.594s] Invoked command in '/home/jason/Desktop/zam_ws/build/realsense_node' returned '0': CMAKE_PREFIX_PATH=/home/jason/Desktop/zam_ws/install/realsense_ros:/home/jason/Desktop/zam_ws/install/realsense_msgs:/home/jason/Desktop/zam_ws/install/realsense_examples:/home/jason/Desktop/zam_ws/install/realsense_node:/home/jason/Desktop/zam_ws/install/keyboard_control:/home/jason/Desktop/zam_ws/install/zam_tools:/opt/ros/foxy:/home/jason/Desktop/zam_ws/install/realsense_gazebo_plugin:/home/jason/Desktop/zam_ws/install/realsense2_description:/home/jason/Desktop/zam_ws/install/realsense2_camera:/home/jason/Desktop/zam_ws/install/realsense2_camera_msgs:/home/jason/Desktop/zam_ws/install/launches:/home/jason/Desktop/zam_ws/install/autocar_nav:/home/jason/Desktop/zam_ws/install/autocar_msgs:/home/jason/Desktop/zam_ws/install/autocar_map:/home/jason/Desktop/zam_ws/install/autocar_gazebo:/home/jason/Desktop/zam_ws/install/autocar_description /usr/bin/cmake --build /home/jason/Desktop/zam_ws/build/realsense_node -- -j4 -l4
[0.851s] Invoking command in '/home/jason/Desktop/zam_ws/build/realsense_node': CMAKE_PREFIX_PATH=/home/jason/Desktop/zam_ws/install/realsense_ros:/home/jason/Desktop/zam_ws/install/realsense_msgs:/home/jason/Desktop/zam_ws/install/realsense_examples:/home/jason/Desktop/zam_ws/install/realsense_node:/home/jason/Desktop/zam_ws/install/keyboard_control:/home/jason/Desktop/zam_ws/install/zam_tools:/opt/ros/foxy:/home/jason/Desktop/zam_ws/install/realsense_gazebo_plugin:/home/jason/Desktop/zam_ws/install/realsense2_description:/home/jason/Desktop/zam_ws/install/realsense2_camera:/home/jason/Desktop/zam_ws/install/realsense2_camera_msgs:/home/jason/Desktop/zam_ws/install/launches:/home/jason/Desktop/zam_ws/install/autocar_nav:/home/jason/Desktop/zam_ws/install/autocar_msgs:/home/jason/Desktop/zam_ws/install/autocar_map:/home/jason/Desktop/zam_ws/install/autocar_gazebo:/home/jason/Desktop/zam_ws/install/autocar_description /usr/bin/cmake --install /home/jason/Desktop/zam_ws/build/realsense_node
[1.003s] -- Install configuration: ""
[1.004s] -- Execute custom install script
[1.004s] -- Up-to-date symlink: /home/jason/Desktop/zam_ws/install/realsense_node/lib/realsense_node/realsense_node
[1.004s] -- Up-to-date symlink: /home/jason/Desktop/zam_ws/install/realsense_node/bin/realsense_node
[1.004s] -- Up-to-date symlink: /home/jason/Desktop/zam_ws/install/realsense_node/share/ament_index/resource_index/package_run_dependencies/realsense_node
[1.004s] -- Up-to-date symlink: /home/jason/Desktop/zam_ws/install/realsense_node/share/ament_index/resource_index/parent_prefix_path/realsense_node
[1.005s] -- Up-to-date symlink: /home/jason/Desktop/zam_ws/install/realsense_node/share/realsense_node/environment/ament_prefix_path.sh
[1.005s] -- Up-to-date symlink: /home/jason/Desktop/zam_ws/install/realsense_node/share/realsense_node/environment/ament_prefix_path.dsv
[1.005s] -- Up-to-date symlink: /home/jason/Desktop/zam_ws/install/realsense_node/share/realsense_node/environment/path.sh
[1.005s] -- Up-to-date symlink: /home/jason/Desktop/zam_ws/install/realsense_node/share/realsense_node/environment/path.dsv
[1.005s] -- Up-to-date symlink: /home/jason/Desktop/zam_ws/install/realsense_node/share/realsense_node/local_setup.bash
[1.005s] -- Up-to-date symlink: /home/jason/Desktop/zam_ws/install/realsense_node/share/realsense_node/local_setup.sh
[1.005s] -- Up-to-date symlink: /home/jason/Desktop/zam_ws/install/realsense_node/share/realsense_node/local_setup.zsh
[1.005s] -- Up-to-date symlink: /home/jason/Desktop/zam_ws/install/realsense_node/share/realsense_node/local_setup.dsv
[1.005s] -- Symlinking: /home/jason/Desktop/zam_ws/install/realsense_node/share/realsense_node/package.dsv
[1.005s] -- Up-to-date symlink: /home/jason/Desktop/zam_ws/install/realsense_node/share/ament_index/resource_index/packages/realsense_node
[1.006s] -- Up-to-date symlink: /home/jason/Desktop/zam_ws/install/realsense_node/share/realsense_node/cmake/realsense_nodeConfig.cmake
[1.006s] -- Up-to-date symlink: /home/jason/Desktop/zam_ws/install/realsense_node/share/realsense_node/cmake/realsense_nodeConfig-version.cmake
[1.006s] -- Up-to-date symlink: /home/jason/Desktop/zam_ws/install/realsense_node/share/realsense_node/package.xml
[1.192s] Invoked command in '/home/jason/Desktop/zam_ws/build/realsense_node' returned '0': CMAKE_PREFIX_PATH=/home/jason/Desktop/zam_ws/install/realsense_ros:/home/jason/Desktop/zam_ws/install/realsense_msgs:/home/jason/Desktop/zam_ws/install/realsense_examples:/home/jason/Desktop/zam_ws/install/realsense_node:/home/jason/Desktop/zam_ws/install/keyboard_control:/home/jason/Desktop/zam_ws/install/zam_tools:/opt/ros/foxy:/home/jason/Desktop/zam_ws/install/realsense_gazebo_plugin:/home/jason/Desktop/zam_ws/install/realsense2_description:/home/jason/Desktop/zam_ws/install/realsense2_camera:/home/jason/Desktop/zam_ws/install/realsense2_camera_msgs:/home/jason/Desktop/zam_ws/install/launches:/home/jason/Desktop/zam_ws/install/autocar_nav:/home/jason/Desktop/zam_ws/install/autocar_msgs:/home/jason/Desktop/zam_ws/install/autocar_map:/home/jason/Desktop/zam_ws/install/autocar_gazebo:/home/jason/Desktop/zam_ws/install/autocar_description /usr/bin/cmake --install /home/jason/Desktop/zam_ws/build/realsense_node
