[0.063s] Invoking command in '/home/jason/Desktop/zam_ws/build/realsense_ros': CMAKE_PREFIX_PATH=/home/jason/Desktop/zam_ws/install/realsense_msgs:/home/jason/Desktop/zam_ws/install/realsense_examples:/home/jason/Desktop/zam_ws/install/realsense_node:/home/jason/Desktop/zam_ws/install/realsense_ros:/home/jason/Desktop/zam_ws/install/zam_tools:/home/jason/Desktop/zam_ws/install/keyboard_control:/opt/ros/foxy:/home/jason/Desktop/zam_ws/install/realsense_gazebo_plugin:/home/jason/Desktop/zam_ws/install/realsense2_description:/home/jason/Desktop/zam_ws/install/realsense2_camera:/home/jason/Desktop/zam_ws/install/realsense2_camera_msgs:/home/jason/Desktop/zam_ws/install/launches:/home/jason/Desktop/zam_ws/install/autocar_nav:/home/jason/Desktop/zam_ws/install/autocar_msgs:/home/jason/Desktop/zam_ws/install/autocar_map:/home/jason/Desktop/zam_ws/install/autocar_gazebo:/home/jason/Desktop/zam_ws/install/autocar_description LD_LIBRARY_PATH=/home/jason/Desktop/zam_ws/install/realsense_msgs/lib:/home/jason/Desktop/zam_ws/install/realsense_ros/lib:/home/jason/Desktop/zam_ws/install/realsense_gazebo_plugin/lib:/home/jason/Desktop/zam_ws/install/realsense2_camera/lib:/home/jason/Desktop/zam_ws/install/realsense2_camera_msgs/lib:/home/jason/Desktop/zam_ws/install/autocar_msgs/lib:/usr/lib/x86_64-linux-gnu/gazebo-11/plugins:/opt/ros/foxy/opt/yaml_cpp_vendor/lib:/opt/ros/foxy/opt/rviz_ogre_vendor/lib:/opt/ros/foxy/lib/x86_64-linux-gnu:/opt/ros/foxy/lib PYTHONPATH=/home/jason/Desktop/zam_ws/install/realsense_msgs/lib/python3.8/site-packages:/home/jason/Desktop/zam_ws/build/zam_tools:/home/jason/Desktop/zam_ws/install/zam_tools/lib/python3.8/site-packages:/home/jason/Desktop/zam_ws/install/realsense2_camera_msgs/lib/python3.8/site-packages:/home/jason/Desktop/zam_ws/build/keyboard_control:/home/jason/Desktop/zam_ws/install/keyboard_control/lib/python3.8/site-packages:/home/jason/Desktop/zam_ws/install/autocar_nav/lib/python3.8/site-packages:/home/jason/Desktop/zam_ws/install/autocar_msgs/lib/python3.8/site-packages:/opt/ros/foxy/lib/python3.8/site-packages /usr/bin/cmake /home/jason/Desktop/zam_ws/src/ros2_intel_realsense/realsense_ros -DCMAKE_INSTALL_PREFIX=/home/jason/Desktop/zam_ws/install/realsense_ros
[0.132s] -- Create Debug Build.
[0.132s] -- Found ament_cmake: 0.9.11 (/opt/ros/foxy/share/ament_cmake/cmake)
[0.259s] -- Using PYTHON_EXECUTABLE: /usr/bin/python3
[0.676s] -- Override CMake install command with custom implementation using symlinks instead of copying resources
[0.686s] -- Found rclcpp: 2.4.2 (/opt/ros/foxy/share/rclcpp/cmake)
[0.774s] -- Using all available rosidl_typesupport_c: rosidl_typesupport_fastrtps_c;rosidl_typesupport_introspection_c
[0.785s] -- Found rosidl_adapter: 1.3.0 (/opt/ros/foxy/share/rosidl_adapter/cmake)
[1.237s] -- Using all available rosidl_typesupport_cpp: rosidl_typesupport_fastrtps_cpp;rosidl_typesupport_introspection_cpp
[1.346s] -- Found rmw_implementation_cmake: 1.0.3 (/opt/ros/foxy/share/rmw_implementation_cmake/cmake)
[1.350s] -- Using RMW implementation 'rmw_fastrtps_cpp' as default
[1.961s] -- Found rclcpp_components: 2.4.2 (/opt/ros/foxy/share/rclcpp_components/cmake)
[2.234s] -- Found nav_msgs: 2.0.5 (/opt/ros/foxy/share/nav_msgs/cmake)
[2.549s] -- Found sensor_msgs: 2.0.5 (/opt/ros/foxy/share/sensor_msgs/cmake)
[2.838s] -- Found tf2: 0.13.13 (/opt/ros/foxy/share/tf2/cmake)
[2.857s] -- Found tf2_ros: 0.13.13 (/opt/ros/foxy/share/tf2_ros/cmake)
[4.116s] -- Found realsense_msgs: 2.0.8 (/home/jason/Desktop/zam_ws/install/realsense_msgs/share/realsense_msgs/cmake)
[4.272s] -- Found ament_lint_auto: 0.9.7 (/opt/ros/foxy/share/ament_lint_auto/cmake)
[4.575s] -- Found gtest sources under '/opt/ros/foxy/src/gtest_vendor': C++ tests using 'Google Test' will be built
[4.600s] -- Added test 'copyright' to check source files copyright and LICENSE
[4.603s] -- Added test 'cppcheck' to perform static code analysis on C / C++ code
[4.604s] -- Configured cppcheck include dirs: /home/jason/Desktop/zam_ws/src/ros2_intel_realsense/realsense_ros/include
[4.604s] -- Configured cppcheck exclude dirs and/or files: 
[4.607s] -- Added test 'cpplint' to check C / C++ code against the Google style
[4.619s] -- Configured cpplint exclude dirs and/or files: 
[4.619s] -- Added test 'lint_cmake' to check CMake code style
[4.640s] -- Added test 'uncrustify' to check C / C++ code style
[4.640s] -- Configured uncrustify additional arguments: 
[4.655s] -- Added test 'xmllint' to check XML markup files
[4.672s] -- Configuring done
[4.806s] -- Generating done
[4.814s] -- Build files have been written to: /home/jason/Desktop/zam_ws/build/realsense_ros
[4.886s] Invoked command in '/home/jason/Desktop/zam_ws/build/realsense_ros' returned '0': CMAKE_PREFIX_PATH=/home/jason/Desktop/zam_ws/install/realsense_msgs:/home/jason/Desktop/zam_ws/install/realsense_examples:/home/jason/Desktop/zam_ws/install/realsense_node:/home/jason/Desktop/zam_ws/install/realsense_ros:/home/jason/Desktop/zam_ws/install/zam_tools:/home/jason/Desktop/zam_ws/install/keyboard_control:/opt/ros/foxy:/home/jason/Desktop/zam_ws/install/realsense_gazebo_plugin:/home/jason/Desktop/zam_ws/install/realsense2_description:/home/jason/Desktop/zam_ws/install/realsense2_camera:/home/jason/Desktop/zam_ws/install/realsense2_camera_msgs:/home/jason/Desktop/zam_ws/install/launches:/home/jason/Desktop/zam_ws/install/autocar_nav:/home/jason/Desktop/zam_ws/install/autocar_msgs:/home/jason/Desktop/zam_ws/install/autocar_map:/home/jason/Desktop/zam_ws/install/autocar_gazebo:/home/jason/Desktop/zam_ws/install/autocar_description LD_LIBRARY_PATH=/home/jason/Desktop/zam_ws/install/realsense_msgs/lib:/home/jason/Desktop/zam_ws/install/realsense_ros/lib:/home/jason/Desktop/zam_ws/install/realsense_gazebo_plugin/lib:/home/jason/Desktop/zam_ws/install/realsense2_camera/lib:/home/jason/Desktop/zam_ws/install/realsense2_camera_msgs/lib:/home/jason/Desktop/zam_ws/install/autocar_msgs/lib:/usr/lib/x86_64-linux-gnu/gazebo-11/plugins:/opt/ros/foxy/opt/yaml_cpp_vendor/lib:/opt/ros/foxy/opt/rviz_ogre_vendor/lib:/opt/ros/foxy/lib/x86_64-linux-gnu:/opt/ros/foxy/lib PYTHONPATH=/home/jason/Desktop/zam_ws/install/realsense_msgs/lib/python3.8/site-packages:/home/jason/Desktop/zam_ws/build/zam_tools:/home/jason/Desktop/zam_ws/install/zam_tools/lib/python3.8/site-packages:/home/jason/Desktop/zam_ws/install/realsense2_camera_msgs/lib/python3.8/site-packages:/home/jason/Desktop/zam_ws/build/keyboard_control:/home/jason/Desktop/zam_ws/install/keyboard_control/lib/python3.8/site-packages:/home/jason/Desktop/zam_ws/install/autocar_nav/lib/python3.8/site-packages:/home/jason/Desktop/zam_ws/install/autocar_msgs/lib/python3.8/site-packages:/opt/ros/foxy/lib/python3.8/site-packages /usr/bin/cmake /home/jason/Desktop/zam_ws/src/ros2_intel_realsense/realsense_ros -DCMAKE_INSTALL_PREFIX=/home/jason/Desktop/zam_ws/install/realsense_ros
[4.889s] Invoking command in '/home/jason/Desktop/zam_ws/build/realsense_ros': CMAKE_PREFIX_PATH=/home/jason/Desktop/zam_ws/install/realsense_msgs:/home/jason/Desktop/zam_ws/install/realsense_examples:/home/jason/Desktop/zam_ws/install/realsense_node:/home/jason/Desktop/zam_ws/install/realsense_ros:/home/jason/Desktop/zam_ws/install/zam_tools:/home/jason/Desktop/zam_ws/install/keyboard_control:/opt/ros/foxy:/home/jason/Desktop/zam_ws/install/realsense_gazebo_plugin:/home/jason/Desktop/zam_ws/install/realsense2_description:/home/jason/Desktop/zam_ws/install/realsense2_camera:/home/jason/Desktop/zam_ws/install/realsense2_camera_msgs:/home/jason/Desktop/zam_ws/install/launches:/home/jason/Desktop/zam_ws/install/autocar_nav:/home/jason/Desktop/zam_ws/install/autocar_msgs:/home/jason/Desktop/zam_ws/install/autocar_map:/home/jason/Desktop/zam_ws/install/autocar_gazebo:/home/jason/Desktop/zam_ws/install/autocar_description LD_LIBRARY_PATH=/home/jason/Desktop/zam_ws/install/realsense_msgs/lib:/home/jason/Desktop/zam_ws/install/realsense_ros/lib:/home/jason/Desktop/zam_ws/install/realsense_gazebo_plugin/lib:/home/jason/Desktop/zam_ws/install/realsense2_camera/lib:/home/jason/Desktop/zam_ws/install/realsense2_camera_msgs/lib:/home/jason/Desktop/zam_ws/install/autocar_msgs/lib:/usr/lib/x86_64-linux-gnu/gazebo-11/plugins:/opt/ros/foxy/opt/yaml_cpp_vendor/lib:/opt/ros/foxy/opt/rviz_ogre_vendor/lib:/opt/ros/foxy/lib/x86_64-linux-gnu:/opt/ros/foxy/lib PYTHONPATH=/home/jason/Desktop/zam_ws/install/realsense_msgs/lib/python3.8/site-packages:/home/jason/Desktop/zam_ws/build/zam_tools:/home/jason/Desktop/zam_ws/install/zam_tools/lib/python3.8/site-packages:/home/jason/Desktop/zam_ws/install/realsense2_camera_msgs/lib/python3.8/site-packages:/home/jason/Desktop/zam_ws/build/keyboard_control:/home/jason/Desktop/zam_ws/install/keyboard_control/lib/python3.8/site-packages:/home/jason/Desktop/zam_ws/install/autocar_nav/lib/python3.8/site-packages:/home/jason/Desktop/zam_ws/install/autocar_msgs/lib/python3.8/site-packages:/opt/ros/foxy/lib/python3.8/site-packages /usr/bin/cmake --build /home/jason/Desktop/zam_ws/build/realsense_ros -- -j4 -l4
[5.287s] [ 16%] Built target gtest
[5.329s] [ 33%] Built target gtest_main
[5.359s] [ 41%] [32mBuilding CXX object CMakeFiles/realsense_ros.dir/src/rs_base.cpp.o[0m
[5.398s] [ 50%] [32mBuilding CXX object CMakeFiles/realsense_ros.dir/src/rs_factory.cpp.o[0m
[5.402s] [ 58%] [32mBuilding CXX object CMakeFiles/realsense_ros.dir/src/rs_d435.cpp.o[0m
[5.415s] [ 66%] [32mBuilding CXX object CMakeFiles/realsense_ros.dir/src/rs_d435i.cpp.o[0m
[24.232s] [01m[K/home/jason/Desktop/zam_ws/src/ros2_intel_realsense/realsense_ros/src/rs_base.cpp:[m[K In constructor ‘[01m[Krealsense::RealSenseBase::RealSenseBase(rs2::context, rs2::device, rclcpp::Node&)[m[K’:
[24.233s] [01m[K/home/jason/Desktop/zam_ws/src/ros2_intel_realsense/realsense_ros/src/rs_base.cpp:45:29:[m[K [01;35m[Kwarning: [m[K‘[01m[Krclcpp::Node::OnParametersSetCallbackType rclcpp::Node::set_on_parameters_set_callback(rclcpp::Node::OnParametersSetCallbackType)[m[K’ is deprecated: use add_on_set_parameters_callback(OnParametersSetCallbackType callback) instead [[01;35m[K-Wdeprecated-declarations[m[K]
[24.233s]    45 |       std::placeholders::_1)[01;35m[K)[m[K;
[24.233s]       |                             [01;35m[K^[m[K
[24.235s] In file included from [01m[K/opt/ros/foxy/include/rclcpp/executors/single_threaded_executor.hpp:28[m[K,
[24.235s]                  from [01m[K/opt/ros/foxy/include/rclcpp/executors.hpp:22[m[K,
[24.235s]                  from [01m[K/opt/ros/foxy/include/rclcpp/rclcpp.hpp:146[m[K,
[24.235s]                  from [01m[K/home/jason/Desktop/zam_ws/src/ros2_intel_realsense/realsense_ros/include/realsense/rs_base.hpp:22[m[K,
[24.239s]                  from [01m[K/home/jason/Desktop/zam_ws/src/ros2_intel_realsense/realsense_ros/src/rs_base.cpp:21[m[K:
[24.239s] [01m[K/opt/ros/foxy/include/rclcpp/node.hpp:866:3:[m[K [01;36m[Knote: [m[Kdeclared here
[24.239s]   866 |   [01;36m[Kset_on_parameters_set_callback[m[K(rclcpp::Node::OnParametersSetCallbackType callback);
[24.240s]       |   [01;36m[K^~~~~~~~~~~~~~~~~~~~~~~~~~~~~~[m[K
[41.703s] [ 75%] [32mBuilding CXX object CMakeFiles/realsense_ros.dir/src/rs_t265.cpp.o[0m
[49.575s] [ 83%] [32m[1mLinking CXX shared library librealsense_ros.so[0m
[51.134s] [ 83%] Built target realsense_ros
[51.178s] [ 91%] [32mBuilding CXX object CMakeFiles/camera_core.dir/tests/camera_core.cpp.o[0m
[56.141s] [01m[K/home/jason/Desktop/zam_ws/src/ros2_intel_realsense/realsense_ros/tests/camera_core.cpp:[m[K In function ‘[01m[Kvoid getMsgInfo(rs2_stream, const ConstSharedPtr&)[m[K’:
[56.142s] [01m[K/home/jason/Desktop/zam_ws/src/ros2_intel_realsense/realsense_ros/tests/camera_core.cpp:88:86:[m[K [01;35m[Kwarning: [m[Kformat not a string literal and no format arguments [[01;35m[K-Wformat-security[m[K]
[56.142s]    88 |   snprintf(g_encoding_recv[stream], msg->encoding.length() + 1, msg->encoding.c_str()[01;35m[K)[m[K;
[56.142s]       |                                                                                      [01;35m[K^[m[K
[56.143s] [01m[K/home/jason/Desktop/zam_ws/src/ros2_intel_realsense/realsense_ros/tests/camera_core.cpp:[m[K In function ‘[01m[Kvoid getCameraInfo(rs2_stream, sensor_msgs::msg::CameraInfo_<std::allocator<void> >::SharedPtr)[m[K’:
[56.144s] [01m[K/home/jason/Desktop/zam_ws/src/ros2_intel_realsense/realsense_ros/tests/camera_core.cpp:101:39:[m[K [01;35m[Kwarning: [m[Kformat not a string literal and no format arguments [[01;35m[K-Wformat-security[m[K]
[56.144s]   101 |     info_msg->distortion_model.c_str()[01;35m[K)[m[K;
[56.144s]       |                                       [01;35m[K^[m[K
[66.788s] [100%] [32m[1mLinking CXX executable camera_core[0m
[68.145s] [100%] Built target camera_core
[68.162s] Invoked command in '/home/jason/Desktop/zam_ws/build/realsense_ros' returned '0': CMAKE_PREFIX_PATH=/home/jason/Desktop/zam_ws/install/realsense_msgs:/home/jason/Desktop/zam_ws/install/realsense_examples:/home/jason/Desktop/zam_ws/install/realsense_node:/home/jason/Desktop/zam_ws/install/realsense_ros:/home/jason/Desktop/zam_ws/install/zam_tools:/home/jason/Desktop/zam_ws/install/keyboard_control:/opt/ros/foxy:/home/jason/Desktop/zam_ws/install/realsense_gazebo_plugin:/home/jason/Desktop/zam_ws/install/realsense2_description:/home/jason/Desktop/zam_ws/install/realsense2_camera:/home/jason/Desktop/zam_ws/install/realsense2_camera_msgs:/home/jason/Desktop/zam_ws/install/launches:/home/jason/Desktop/zam_ws/install/autocar_nav:/home/jason/Desktop/zam_ws/install/autocar_msgs:/home/jason/Desktop/zam_ws/install/autocar_map:/home/jason/Desktop/zam_ws/install/autocar_gazebo:/home/jason/Desktop/zam_ws/install/autocar_description LD_LIBRARY_PATH=/home/jason/Desktop/zam_ws/install/realsense_msgs/lib:/home/jason/Desktop/zam_ws/install/realsense_ros/lib:/home/jason/Desktop/zam_ws/install/realsense_gazebo_plugin/lib:/home/jason/Desktop/zam_ws/install/realsense2_camera/lib:/home/jason/Desktop/zam_ws/install/realsense2_camera_msgs/lib:/home/jason/Desktop/zam_ws/install/autocar_msgs/lib:/usr/lib/x86_64-linux-gnu/gazebo-11/plugins:/opt/ros/foxy/opt/yaml_cpp_vendor/lib:/opt/ros/foxy/opt/rviz_ogre_vendor/lib:/opt/ros/foxy/lib/x86_64-linux-gnu:/opt/ros/foxy/lib PYTHONPATH=/home/jason/Desktop/zam_ws/install/realsense_msgs/lib/python3.8/site-packages:/home/jason/Desktop/zam_ws/build/zam_tools:/home/jason/Desktop/zam_ws/install/zam_tools/lib/python3.8/site-packages:/home/jason/Desktop/zam_ws/install/realsense2_camera_msgs/lib/python3.8/site-packages:/home/jason/Desktop/zam_ws/build/keyboard_control:/home/jason/Desktop/zam_ws/install/keyboard_control/lib/python3.8/site-packages:/home/jason/Desktop/zam_ws/install/autocar_nav/lib/python3.8/site-packages:/home/jason/Desktop/zam_ws/install/autocar_msgs/lib/python3.8/site-packages:/opt/ros/foxy/lib/python3.8/site-packages /usr/bin/cmake --build /home/jason/Desktop/zam_ws/build/realsense_ros -- -j4 -l4
[68.210s] Invoking command in '/home/jason/Desktop/zam_ws/build/realsense_ros': CMAKE_PREFIX_PATH=/home/jason/Desktop/zam_ws/install/realsense_msgs:/home/jason/Desktop/zam_ws/install/realsense_examples:/home/jason/Desktop/zam_ws/install/realsense_node:/home/jason/Desktop/zam_ws/install/realsense_ros:/home/jason/Desktop/zam_ws/install/zam_tools:/home/jason/Desktop/zam_ws/install/keyboard_control:/opt/ros/foxy:/home/jason/Desktop/zam_ws/install/realsense_gazebo_plugin:/home/jason/Desktop/zam_ws/install/realsense2_description:/home/jason/Desktop/zam_ws/install/realsense2_camera:/home/jason/Desktop/zam_ws/install/realsense2_camera_msgs:/home/jason/Desktop/zam_ws/install/launches:/home/jason/Desktop/zam_ws/install/autocar_nav:/home/jason/Desktop/zam_ws/install/autocar_msgs:/home/jason/Desktop/zam_ws/install/autocar_map:/home/jason/Desktop/zam_ws/install/autocar_gazebo:/home/jason/Desktop/zam_ws/install/autocar_description LD_LIBRARY_PATH=/home/jason/Desktop/zam_ws/install/realsense_msgs/lib:/home/jason/Desktop/zam_ws/install/realsense_ros/lib:/home/jason/Desktop/zam_ws/install/realsense_gazebo_plugin/lib:/home/jason/Desktop/zam_ws/install/realsense2_camera/lib:/home/jason/Desktop/zam_ws/install/realsense2_camera_msgs/lib:/home/jason/Desktop/zam_ws/install/autocar_msgs/lib:/usr/lib/x86_64-linux-gnu/gazebo-11/plugins:/opt/ros/foxy/opt/yaml_cpp_vendor/lib:/opt/ros/foxy/opt/rviz_ogre_vendor/lib:/opt/ros/foxy/lib/x86_64-linux-gnu:/opt/ros/foxy/lib PYTHONPATH=/home/jason/Desktop/zam_ws/install/realsense_msgs/lib/python3.8/site-packages:/home/jason/Desktop/zam_ws/build/zam_tools:/home/jason/Desktop/zam_ws/install/zam_tools/lib/python3.8/site-packages:/home/jason/Desktop/zam_ws/install/realsense2_camera_msgs/lib/python3.8/site-packages:/home/jason/Desktop/zam_ws/build/keyboard_control:/home/jason/Desktop/zam_ws/install/keyboard_control/lib/python3.8/site-packages:/home/jason/Desktop/zam_ws/install/autocar_nav/lib/python3.8/site-packages:/home/jason/Desktop/zam_ws/install/autocar_msgs/lib/python3.8/site-packages:/opt/ros/foxy/lib/python3.8/site-packages /usr/bin/cmake --install /home/jason/Desktop/zam_ws/build/realsense_ros
[68.225s] -- Install configuration: ""
[68.226s] -- Execute custom install script
[68.227s] -- Up-to-date symlink: /home/jason/Desktop/zam_ws/install/realsense_ros/lib/librealsense_ros.so
[68.228s] -- Up-to-date symlink: /home/jason/Desktop/zam_ws/install/realsense_ros/include/realsense/rs_base.hpp
[68.228s] -- Up-to-date symlink: /home/jason/Desktop/zam_ws/install/realsense_ros/include/realsense/rs_constants.hpp
[68.228s] -- Up-to-date symlink: /home/jason/Desktop/zam_ws/install/realsense_ros/include/realsense/rs_d435.hpp
[68.228s] -- Up-to-date symlink: /home/jason/Desktop/zam_ws/install/realsense_ros/include/realsense/rs_d435i.hpp
[68.229s] -- Up-to-date symlink: /home/jason/Desktop/zam_ws/install/realsense_ros/include/realsense/rs_factory.hpp
[68.229s] -- Up-to-date symlink: /home/jason/Desktop/zam_ws/install/realsense_ros/include/realsense/rs_t265.hpp
[68.230s] -- Up-to-date symlink: /home/jason/Desktop/zam_ws/install/realsense_ros/share/realsense_ros/environment/library_path.sh
[68.230s] -- Up-to-date symlink: /home/jason/Desktop/zam_ws/install/realsense_ros/share/realsense_ros/environment/library_path.dsv
[68.230s] -- Up-to-date symlink: /home/jason/Desktop/zam_ws/install/realsense_ros/share/ament_index/resource_index/package_run_dependencies/realsense_ros
[68.231s] -- Up-to-date symlink: /home/jason/Desktop/zam_ws/install/realsense_ros/share/ament_index/resource_index/parent_prefix_path/realsense_ros
[68.232s] -- Up-to-date symlink: /home/jason/Desktop/zam_ws/install/realsense_ros/share/realsense_ros/environment/ament_prefix_path.sh
[68.232s] -- Up-to-date symlink: /home/jason/Desktop/zam_ws/install/realsense_ros/share/realsense_ros/environment/ament_prefix_path.dsv
[68.233s] -- Up-to-date symlink: /home/jason/Desktop/zam_ws/install/realsense_ros/share/realsense_ros/environment/path.sh
[68.233s] -- Up-to-date symlink: /home/jason/Desktop/zam_ws/install/realsense_ros/share/realsense_ros/environment/path.dsv
[68.233s] -- Up-to-date symlink: /home/jason/Desktop/zam_ws/install/realsense_ros/share/realsense_ros/local_setup.bash
[68.234s] -- Up-to-date symlink: /home/jason/Desktop/zam_ws/install/realsense_ros/share/realsense_ros/local_setup.sh
[68.234s] -- Up-to-date symlink: /home/jason/Desktop/zam_ws/install/realsense_ros/share/realsense_ros/local_setup.zsh
[68.235s] -- Up-to-date symlink: /home/jason/Desktop/zam_ws/install/realsense_ros/share/realsense_ros/local_setup.dsv
[68.235s] -- Symlinking: /home/jason/Desktop/zam_ws/install/realsense_ros/share/realsense_ros/package.dsv
[68.247s] -- Up-to-date symlink: /home/jason/Desktop/zam_ws/install/realsense_ros/share/ament_index/resource_index/packages/realsense_ros
[68.247s] -- Up-to-date symlink: /home/jason/Desktop/zam_ws/install/realsense_ros/share/ament_index/resource_index/rclcpp_components/realsense_ros
[68.248s] -- Up-to-date symlink: /home/jason/Desktop/zam_ws/install/realsense_ros/share/realsense_ros/cmake/ament_cmake_export_include_directories-extras.cmake
[68.248s] -- Up-to-date symlink: /home/jason/Desktop/zam_ws/install/realsense_ros/share/realsense_ros/cmake/ament_cmake_export_libraries-extras.cmake
[68.249s] -- Up-to-date symlink: /home/jason/Desktop/zam_ws/install/realsense_ros/share/realsense_ros/cmake/realsense_rosConfig.cmake
[68.250s] -- Up-to-date symlink: /home/jason/Desktop/zam_ws/install/realsense_ros/share/realsense_ros/cmake/realsense_rosConfig-version.cmake
[68.250s] -- Up-to-date symlink: /home/jason/Desktop/zam_ws/install/realsense_ros/share/realsense_ros/package.xml
[68.255s] Invoked command in '/home/jason/Desktop/zam_ws/build/realsense_ros' returned '0': CMAKE_PREFIX_PATH=/home/jason/Desktop/zam_ws/install/realsense_msgs:/home/jason/Desktop/zam_ws/install/realsense_examples:/home/jason/Desktop/zam_ws/install/realsense_node:/home/jason/Desktop/zam_ws/install/realsense_ros:/home/jason/Desktop/zam_ws/install/zam_tools:/home/jason/Desktop/zam_ws/install/keyboard_control:/opt/ros/foxy:/home/jason/Desktop/zam_ws/install/realsense_gazebo_plugin:/home/jason/Desktop/zam_ws/install/realsense2_description:/home/jason/Desktop/zam_ws/install/realsense2_camera:/home/jason/Desktop/zam_ws/install/realsense2_camera_msgs:/home/jason/Desktop/zam_ws/install/launches:/home/jason/Desktop/zam_ws/install/autocar_nav:/home/jason/Desktop/zam_ws/install/autocar_msgs:/home/jason/Desktop/zam_ws/install/autocar_map:/home/jason/Desktop/zam_ws/install/autocar_gazebo:/home/jason/Desktop/zam_ws/install/autocar_description LD_LIBRARY_PATH=/home/jason/Desktop/zam_ws/install/realsense_msgs/lib:/home/jason/Desktop/zam_ws/install/realsense_ros/lib:/home/jason/Desktop/zam_ws/install/realsense_gazebo_plugin/lib:/home/jason/Desktop/zam_ws/install/realsense2_camera/lib:/home/jason/Desktop/zam_ws/install/realsense2_camera_msgs/lib:/home/jason/Desktop/zam_ws/install/autocar_msgs/lib:/usr/lib/x86_64-linux-gnu/gazebo-11/plugins:/opt/ros/foxy/opt/yaml_cpp_vendor/lib:/opt/ros/foxy/opt/rviz_ogre_vendor/lib:/opt/ros/foxy/lib/x86_64-linux-gnu:/opt/ros/foxy/lib PYTHONPATH=/home/jason/Desktop/zam_ws/install/realsense_msgs/lib/python3.8/site-packages:/home/jason/Desktop/zam_ws/build/zam_tools:/home/jason/Desktop/zam_ws/install/zam_tools/lib/python3.8/site-packages:/home/jason/Desktop/zam_ws/install/realsense2_camera_msgs/lib/python3.8/site-packages:/home/jason/Desktop/zam_ws/build/keyboard_control:/home/jason/Desktop/zam_ws/install/keyboard_control/lib/python3.8/site-packages:/home/jason/Desktop/zam_ws/install/autocar_nav/lib/python3.8/site-packages:/home/jason/Desktop/zam_ws/install/autocar_msgs/lib/python3.8/site-packages:/opt/ros/foxy/lib/python3.8/site-packages /usr/bin/cmake --install /home/jason/Desktop/zam_ws/build/realsense_ros
