[0.088s] Invoking command in '/home/jason/Desktop/zam_ws/build/autocar_map': CMAKE_PREFIX_PATH=${CMAKE_PREFIX_PATH}:/opt/ros/foxy /usr/bin/cmake --build /home/jason/Desktop/zam_ws/build/autocar_map -- -j4 -l4
[0.217s] [100%] Built target bof
[0.249s] Invoked command in '/home/jason/Desktop/zam_ws/build/autocar_map' returned '0': CMAKE_PREFIX_PATH=${CMAKE_PREFIX_PATH}:/opt/ros/foxy /usr/bin/cmake --build /home/jason/Desktop/zam_ws/build/autocar_map -- -j4 -l4
[0.348s] Invoking command in '/home/jason/Desktop/zam_ws/build/autocar_map': CMAKE_PREFIX_PATH=${CMAKE_PREFIX_PATH}:/opt/ros/foxy /usr/bin/cmake --install /home/jason/Desktop/zam_ws/build/autocar_map
[0.361s] -- Install configuration: ""
[0.361s] -- Execute custom install script
[0.362s] -- Up-to-date symlink: /home/jason/Desktop/zam_ws/install/autocar_map/lib/autocar_map/bof
[0.363s] -- Up-to-date symlink: /home/jason/Desktop/zam_ws/install/autocar_map/share/ament_index/resource_index/package_run_dependencies/autocar_map
[0.363s] -- Up-to-date symlink: /home/jason/Desktop/zam_ws/install/autocar_map/share/ament_index/resource_index/parent_prefix_path/autocar_map
[0.364s] -- Up-to-date symlink: /home/jason/Desktop/zam_ws/install/autocar_map/share/autocar_map/environment/ament_prefix_path.sh
[0.364s] -- Up-to-date symlink: /home/jason/Desktop/zam_ws/install/autocar_map/share/autocar_map/environment/ament_prefix_path.dsv
[0.364s] -- Up-to-date symlink: /home/jason/Desktop/zam_ws/install/autocar_map/share/autocar_map/environment/path.sh
[0.365s] -- Up-to-date symlink: /home/jason/Desktop/zam_ws/install/autocar_map/share/autocar_map/environment/path.dsv
[0.365s] -- Up-to-date symlink: /home/jason/Desktop/zam_ws/install/autocar_map/share/autocar_map/local_setup.bash
[0.366s] -- Up-to-date symlink: /home/jason/Desktop/zam_ws/install/autocar_map/share/autocar_map/local_setup.sh
[0.366s] -- Up-to-date symlink: /home/jason/Desktop/zam_ws/install/autocar_map/share/autocar_map/local_setup.zsh
[0.367s] -- Up-to-date symlink: /home/jason/Desktop/zam_ws/install/autocar_map/share/autocar_map/local_setup.dsv
[0.367s] -- Symlinking: /home/jason/Desktop/zam_ws/install/autocar_map/share/autocar_map/package.dsv
[0.414s] -- Up-to-date symlink: /home/jason/Desktop/zam_ws/install/autocar_map/share/ament_index/resource_index/packages/autocar_map
[0.415s] -- Up-to-date symlink: /home/jason/Desktop/zam_ws/install/autocar_map/share/autocar_map/cmake/autocar_mapConfig.cmake
[0.415s] -- Up-to-date symlink: /home/jason/Desktop/zam_ws/install/autocar_map/share/autocar_map/cmake/autocar_mapConfig-version.cmake
[0.415s] -- Up-to-date symlink: /home/jason/Desktop/zam_ws/install/autocar_map/share/autocar_map/package.xml
[0.445s] Invoked command in '/home/jason/Desktop/zam_ws/build/autocar_map' returned '0': CMAKE_PREFIX_PATH=${CMAKE_PREFIX_PATH}:/opt/ros/foxy /usr/bin/cmake --install /home/jason/Desktop/zam_ws/build/autocar_map
