[0.076s] Invoking command in '/home/jason/Desktop/zam_ws/build/realsense_msgs': CMAKE_PREFIX_PATH=/home/jason/Desktop/zam_ws/install/realsense_ros2:/home/jason/Desktop/zam_ws/install/realsense_examples:/home/jason/Desktop/zam_ws/install/realsense_node:/home/jason/Desktop/zam_ws/install/realsense_ros:/home/jason/Desktop/zam_ws/install/realsense_msgs:/home/jason/Desktop/zam_ws/install/keyboard_control:/home/jason/Desktop/zam_ws/install/zam_tools:/opt/ros/foxy:/home/jason/Desktop/zam_ws/install/realsense_gazebo_plugin:/home/jason/Desktop/zam_ws/install/realsense2_description:/home/jason/Desktop/zam_ws/install/realsense2_camera:/home/jason/Desktop/zam_ws/install/realsense2_camera_msgs:/home/jason/Desktop/zam_ws/install/launches:/home/jason/Desktop/zam_ws/install/autocar_nav:/home/jason/Desktop/zam_ws/install/autocar_msgs:/home/jason/Desktop/zam_ws/install/autocar_map:/home/jason/Desktop/zam_ws/install/autocar_gazebo:/home/jason/Desktop/zam_ws/install/autocar_description /usr/bin/cmake --build /home/jason/Desktop/zam_ws/build/realsense_msgs -- -j4 -l4
[0.206s] [  3%] Built target realsense_msgs__cpp
[0.224s] [ 12%] Built target realsense_msgs__rosidl_generator_c
[0.395s] [ 22%] Built target realsense_msgs__rosidl_typesupport_fastrtps_cpp
[0.423s] [ 32%] Built target realsense_msgs__rosidl_typesupport_introspection_c
[0.463s] [ 41%] Built target realsense_msgs__rosidl_typesupport_cpp
[0.512s] [ 51%] Built target realsense_msgs__rosidl_typesupport_c
[0.574s] [ 61%] Built target realsense_msgs__rosidl_typesupport_introspection_cpp
[0.592s] [ 70%] Built target realsense_msgs__rosidl_typesupport_fastrtps_c
[0.672s] [ 70%] Built target realsense_msgs
[0.733s] [ 74%] Built target realsense_msgs__py
[0.894s] [ 80%] Built target realsense_msgs__python
[1.063s] [ 87%] Built target realsense_msgs__rosidl_typesupport_introspection_c__pyext
[1.073s] [ 93%] Built target realsense_msgs__rosidl_typesupport_c__pyext
[1.081s] [100%] Built target realsense_msgs__rosidl_typesupport_fastrtps_c__pyext
[1.175s] Invoked command in '/home/jason/Desktop/zam_ws/build/realsense_msgs' returned '0': CMAKE_PREFIX_PATH=/home/jason/Desktop/zam_ws/install/realsense_ros2:/home/jason/Desktop/zam_ws/install/realsense_examples:/home/jason/Desktop/zam_ws/install/realsense_node:/home/jason/Desktop/zam_ws/install/realsense_ros:/home/jason/Desktop/zam_ws/install/realsense_msgs:/home/jason/Desktop/zam_ws/install/keyboard_control:/home/jason/Desktop/zam_ws/install/zam_tools:/opt/ros/foxy:/home/jason/Desktop/zam_ws/install/realsense_gazebo_plugin:/home/jason/Desktop/zam_ws/install/realsense2_description:/home/jason/Desktop/zam_ws/install/realsense2_camera:/home/jason/Desktop/zam_ws/install/realsense2_camera_msgs:/home/jason/Desktop/zam_ws/install/launches:/home/jason/Desktop/zam_ws/install/autocar_nav:/home/jason/Desktop/zam_ws/install/autocar_msgs:/home/jason/Desktop/zam_ws/install/autocar_map:/home/jason/Desktop/zam_ws/install/autocar_gazebo:/home/jason/Desktop/zam_ws/install/autocar_description /usr/bin/cmake --build /home/jason/Desktop/zam_ws/build/realsense_msgs -- -j4 -l4
[1.483s] Invoking command in '/home/jason/Desktop/zam_ws/build/realsense_msgs': CMAKE_PREFIX_PATH=/home/jason/Desktop/zam_ws/install/realsense_ros2:/home/jason/Desktop/zam_ws/install/realsense_examples:/home/jason/Desktop/zam_ws/install/realsense_node:/home/jason/Desktop/zam_ws/install/realsense_ros:/home/jason/Desktop/zam_ws/install/realsense_msgs:/home/jason/Desktop/zam_ws/install/keyboard_control:/home/jason/Desktop/zam_ws/install/zam_tools:/opt/ros/foxy:/home/jason/Desktop/zam_ws/install/realsense_gazebo_plugin:/home/jason/Desktop/zam_ws/install/realsense2_description:/home/jason/Desktop/zam_ws/install/realsense2_camera:/home/jason/Desktop/zam_ws/install/realsense2_camera_msgs:/home/jason/Desktop/zam_ws/install/launches:/home/jason/Desktop/zam_ws/install/autocar_nav:/home/jason/Desktop/zam_ws/install/autocar_msgs:/home/jason/Desktop/zam_ws/install/autocar_map:/home/jason/Desktop/zam_ws/install/autocar_gazebo:/home/jason/Desktop/zam_ws/install/autocar_description /usr/bin/cmake --install /home/jason/Desktop/zam_ws/build/realsense_msgs
[1.528s] -- Install configuration: ""
[1.528s] -- Execute custom install script
[1.528s] -- Up-to-date symlink: /home/jason/Desktop/zam_ws/install/realsense_msgs/share/ament_index/resource_index/rosidl_interfaces/realsense_msgs
[1.528s] -- Up-to-date symlink: /home/jason/Desktop/zam_ws/install/realsense_msgs/include/realsense_msgs/msg/detail/imu_info__functions.h
[1.529s] -- Up-to-date symlink: /home/jason/Desktop/zam_ws/install/realsense_msgs/include/realsense_msgs/msg/detail/imu_info__struct.h
[1.529s] -- Up-to-date symlink: /home/jason/Desktop/zam_ws/install/realsense_msgs/include/realsense_msgs/msg/detail/imu_info__type_support.h
[1.529s] -- Up-to-date symlink: /home/jason/Desktop/zam_ws/install/realsense_msgs/include/realsense_msgs/msg/imu_info.h
[1.529s] -- Up-to-date symlink: /home/jason/Desktop/zam_ws/install/realsense_msgs/include/realsense_msgs/msg/rosidl_generator_c__visibility_control.h
[1.529s] -- Up-to-date symlink: /home/jason/Desktop/zam_ws/install/realsense_msgs/share/realsense_msgs/environment/library_path.sh
[1.529s] -- Up-to-date symlink: /home/jason/Desktop/zam_ws/install/realsense_msgs/share/realsense_msgs/environment/library_path.dsv
[1.530s] -- Up-to-date symlink: /home/jason/Desktop/zam_ws/install/realsense_msgs/include/realsense_msgs/msg/detail/imu_info__rosidl_typesupport_fastrtps_c.h
[1.530s] -- Up-to-date symlink: /home/jason/Desktop/zam_ws/install/realsense_msgs/include/realsense_msgs/msg/rosidl_typesupport_fastrtps_c__visibility_control.h
[1.530s] -- Up-to-date symlink: /home/jason/Desktop/zam_ws/install/realsense_msgs/lib/librealsense_msgs__rosidl_typesupport_fastrtps_c.so
[1.530s] -- Up-to-date symlink: /home/jason/Desktop/zam_ws/install/realsense_msgs/include/realsense_msgs/msg/detail/imu_info__rosidl_typesupport_fastrtps_cpp.hpp
[1.530s] -- Up-to-date symlink: /home/jason/Desktop/zam_ws/install/realsense_msgs/include/realsense_msgs/msg/rosidl_typesupport_fastrtps_cpp__visibility_control.h
[1.530s] -- Up-to-date symlink: /home/jason/Desktop/zam_ws/install/realsense_msgs/lib/librealsense_msgs__rosidl_typesupport_fastrtps_cpp.so
[1.531s] -- Up-to-date symlink: /home/jason/Desktop/zam_ws/install/realsense_msgs/include/realsense_msgs/msg/detail/imu_info__rosidl_typesupport_introspection_c.h
[1.531s] -- Up-to-date symlink: /home/jason/Desktop/zam_ws/install/realsense_msgs/include/realsense_msgs/msg/rosidl_typesupport_introspection_c__visibility_control.h
[1.531s] -- Up-to-date symlink: /home/jason/Desktop/zam_ws/install/realsense_msgs/include/realsense_msgs/msg/detail/imu_info__builder.hpp
[1.531s] -- Up-to-date symlink: /home/jason/Desktop/zam_ws/install/realsense_msgs/include/realsense_msgs/msg/detail/imu_info__struct.hpp
[1.531s] -- Up-to-date symlink: /home/jason/Desktop/zam_ws/install/realsense_msgs/include/realsense_msgs/msg/detail/imu_info__traits.hpp
[1.531s] -- Up-to-date symlink: /home/jason/Desktop/zam_ws/install/realsense_msgs/include/realsense_msgs/msg/imu_info.hpp
[1.532s] -- Up-to-date symlink: /home/jason/Desktop/zam_ws/install/realsense_msgs/include/realsense_msgs/msg/detail/imu_info__rosidl_typesupport_introspection_cpp.hpp
[1.532s] -- Up-to-date symlink: /home/jason/Desktop/zam_ws/install/realsense_msgs/share/realsense_msgs/environment/pythonpath.sh
[1.533s] -- Up-to-date symlink: /home/jason/Desktop/zam_ws/install/realsense_msgs/share/realsense_msgs/environment/pythonpath.dsv
[1.533s] -- Up-to-date symlink: /home/jason/Desktop/zam_ws/install/realsense_msgs/lib/python3.8/site-packages/realsense_msgs/__init__.py
[1.534s] -- Up-to-date symlink: /home/jason/Desktop/zam_ws/install/realsense_msgs/lib/python3.8/site-packages/realsense_msgs/msg/__init__.py
[1.538s] -- Up-to-date symlink: /home/jason/Desktop/zam_ws/install/realsense_msgs/lib/python3.8/site-packages/realsense_msgs/msg/_imu_info.py
[1.538s] -- Up-to-date symlink: /home/jason/Desktop/zam_ws/install/realsense_msgs/lib/python3.8/site-packages/realsense_msgs/realsense_msgs_s__rosidl_typesupport_fastrtps_c.cpython-38-x86_64-linux-gnu.so
[1.538s] -- Up-to-date symlink: /home/jason/Desktop/zam_ws/install/realsense_msgs/lib/python3.8/site-packages/realsense_msgs/realsense_msgs_s__rosidl_typesupport_introspection_c.cpython-38-x86_64-linux-gnu.so
[1.539s] -- Up-to-date symlink: /home/jason/Desktop/zam_ws/install/realsense_msgs/lib/python3.8/site-packages/realsense_msgs/realsense_msgs_s__rosidl_typesupport_c.cpython-38-x86_64-linux-gnu.so
[1.539s] -- Up-to-date symlink: /home/jason/Desktop/zam_ws/install/realsense_msgs/lib/librealsense_msgs__python.so
[1.551s] -- Up-to-date symlink: /home/jason/Desktop/zam_ws/install/realsense_msgs/share/realsense_msgs/msg/IMUInfo.idl
[1.551s] -- Up-to-date symlink: /home/jason/Desktop/zam_ws/install/realsense_msgs/share/realsense_msgs/msg/IMUInfo.msg
[1.551s] -- Up-to-date symlink: /home/jason/Desktop/zam_ws/install/realsense_msgs/share/ament_index/resource_index/package_run_dependencies/realsense_msgs
[1.552s] -- Up-to-date symlink: /home/jason/Desktop/zam_ws/install/realsense_msgs/share/ament_index/resource_index/parent_prefix_path/realsense_msgs
[1.552s] -- Up-to-date symlink: /home/jason/Desktop/zam_ws/install/realsense_msgs/share/realsense_msgs/environment/ament_prefix_path.sh
[1.552s] -- Up-to-date symlink: /home/jason/Desktop/zam_ws/install/realsense_msgs/share/realsense_msgs/environment/ament_prefix_path.dsv
[1.552s] -- Up-to-date symlink: /home/jason/Desktop/zam_ws/install/realsense_msgs/share/realsense_msgs/environment/path.sh
[1.552s] -- Up-to-date symlink: /home/jason/Desktop/zam_ws/install/realsense_msgs/share/realsense_msgs/environment/path.dsv
[1.552s] -- Up-to-date symlink: /home/jason/Desktop/zam_ws/install/realsense_msgs/share/realsense_msgs/local_setup.bash
[1.553s] -- Up-to-date symlink: /home/jason/Desktop/zam_ws/install/realsense_msgs/share/realsense_msgs/local_setup.sh
[1.553s] -- Up-to-date symlink: /home/jason/Desktop/zam_ws/install/realsense_msgs/share/realsense_msgs/local_setup.zsh
[1.553s] -- Up-to-date symlink: /home/jason/Desktop/zam_ws/install/realsense_msgs/share/realsense_msgs/local_setup.dsv
[1.557s] -- Symlinking: /home/jason/Desktop/zam_ws/install/realsense_msgs/share/realsense_msgs/package.dsv
[1.576s] -- Up-to-date symlink: /home/jason/Desktop/zam_ws/install/realsense_msgs/share/ament_index/resource_index/packages/realsense_msgs
[1.577s] -- Up-to-date symlink: /home/jason/Desktop/zam_ws/install/realsense_msgs/share/realsense_msgs/cmake/rosidl_cmake-extras.cmake
[1.578s] -- Up-to-date symlink: /home/jason/Desktop/zam_ws/install/realsense_msgs/share/realsense_msgs/cmake/ament_cmake_export_dependencies-extras.cmake
[1.578s] -- Up-to-date symlink: /home/jason/Desktop/zam_ws/install/realsense_msgs/share/realsense_msgs/cmake/ament_cmake_export_libraries-extras.cmake
[1.579s] -- Up-to-date symlink: /home/jason/Desktop/zam_ws/install/realsense_msgs/share/realsense_msgs/cmake/ament_cmake_export_targets-extras.cmake
[1.580s] -- Up-to-date symlink: /home/jason/Desktop/zam_ws/install/realsense_msgs/share/realsense_msgs/cmake/ament_cmake_export_include_directories-extras.cmake
[1.581s] -- Up-to-date symlink: /home/jason/Desktop/zam_ws/install/realsense_msgs/share/realsense_msgs/cmake/rosidl_cmake_export_typesupport_libraries-extras.cmake
[1.587s] -- Up-to-date symlink: /home/jason/Desktop/zam_ws/install/realsense_msgs/share/realsense_msgs/cmake/rosidl_cmake_export_typesupport_targets-extras.cmake
[1.588s] -- Up-to-date symlink: /home/jason/Desktop/zam_ws/install/realsense_msgs/share/realsense_msgs/cmake/realsense_msgsConfig.cmake
[1.588s] -- Up-to-date symlink: /home/jason/Desktop/zam_ws/install/realsense_msgs/share/realsense_msgs/cmake/realsense_msgsConfig-version.cmake
[1.588s] -- Up-to-date symlink: /home/jason/Desktop/zam_ws/install/realsense_msgs/share/realsense_msgs/package.xml
[1.588s] -- Up-to-date: /home/jason/Desktop/zam_ws/install/realsense_msgs/lib/librealsense_msgs__rosidl_generator_c.so
[1.588s] -- Up-to-date: /home/jason/Desktop/zam_ws/install/realsense_msgs/lib/librealsense_msgs__rosidl_typesupport_introspection_c.so
[1.588s] -- Up-to-date: /home/jason/Desktop/zam_ws/install/realsense_msgs/lib/librealsense_msgs__rosidl_typesupport_c.so
[1.588s] -- Up-to-date: /home/jason/Desktop/zam_ws/install/realsense_msgs/lib/librealsense_msgs__rosidl_typesupport_introspection_cpp.so
[1.589s] -- Up-to-date: /home/jason/Desktop/zam_ws/install/realsense_msgs/lib/librealsense_msgs__rosidl_typesupport_cpp.so
[1.674s] -- Up-to-date: /home/jason/Desktop/zam_ws/install/realsense_msgs/share/realsense_msgs/cmake/realsense_msgs__rosidl_generator_cExport.cmake
[1.674s] -- Up-to-date: /home/jason/Desktop/zam_ws/install/realsense_msgs/share/realsense_msgs/cmake/realsense_msgs__rosidl_generator_cExport-noconfig.cmake
[1.675s] -- Up-to-date: /home/jason/Desktop/zam_ws/install/realsense_msgs/share/realsense_msgs/cmake/realsense_msgs__rosidl_typesupport_introspection_cExport.cmake
[1.675s] -- Up-to-date: /home/jason/Desktop/zam_ws/install/realsense_msgs/share/realsense_msgs/cmake/realsense_msgs__rosidl_typesupport_introspection_cExport-noconfig.cmake
[1.675s] -- Up-to-date: /home/jason/Desktop/zam_ws/install/realsense_msgs/share/realsense_msgs/cmake/realsense_msgs__rosidl_typesupport_cExport.cmake
[1.675s] -- Up-to-date: /home/jason/Desktop/zam_ws/install/realsense_msgs/share/realsense_msgs/cmake/realsense_msgs__rosidl_typesupport_cExport-noconfig.cmake
[1.675s] -- Up-to-date: /home/jason/Desktop/zam_ws/install/realsense_msgs/share/realsense_msgs/cmake/realsense_msgs__rosidl_generator_cppExport.cmake
[1.675s] -- Up-to-date: /home/jason/Desktop/zam_ws/install/realsense_msgs/share/realsense_msgs/cmake/realsense_msgs__rosidl_typesupport_introspection_cppExport.cmake
[1.676s] -- Up-to-date: /home/jason/Desktop/zam_ws/install/realsense_msgs/share/realsense_msgs/cmake/realsense_msgs__rosidl_typesupport_introspection_cppExport-noconfig.cmake
[1.676s] -- Up-to-date: /home/jason/Desktop/zam_ws/install/realsense_msgs/share/realsense_msgs/cmake/realsense_msgs__rosidl_typesupport_cppExport.cmake
[1.676s] -- Up-to-date: /home/jason/Desktop/zam_ws/install/realsense_msgs/share/realsense_msgs/cmake/realsense_msgs__rosidl_typesupport_cppExport-noconfig.cmake
[1.685s] Invoked command in '/home/jason/Desktop/zam_ws/build/realsense_msgs' returned '0': CMAKE_PREFIX_PATH=/home/jason/Desktop/zam_ws/install/realsense_ros2:/home/jason/Desktop/zam_ws/install/realsense_examples:/home/jason/Desktop/zam_ws/install/realsense_node:/home/jason/Desktop/zam_ws/install/realsense_ros:/home/jason/Desktop/zam_ws/install/realsense_msgs:/home/jason/Desktop/zam_ws/install/keyboard_control:/home/jason/Desktop/zam_ws/install/zam_tools:/opt/ros/foxy:/home/jason/Desktop/zam_ws/install/realsense_gazebo_plugin:/home/jason/Desktop/zam_ws/install/realsense2_description:/home/jason/Desktop/zam_ws/install/realsense2_camera:/home/jason/Desktop/zam_ws/install/realsense2_camera_msgs:/home/jason/Desktop/zam_ws/install/launches:/home/jason/Desktop/zam_ws/install/autocar_nav:/home/jason/Desktop/zam_ws/install/autocar_msgs:/home/jason/Desktop/zam_ws/install/autocar_map:/home/jason/Desktop/zam_ws/install/autocar_gazebo:/home/jason/Desktop/zam_ws/install/autocar_description /usr/bin/cmake --install /home/jason/Desktop/zam_ws/build/realsense_msgs
