[0.077s] Invoking command in '/home/jason/Desktop/zam_ws/build/realsense_ros2': CMAKE_PREFIX_PATH=/home/jason/Desktop/zam_ws/install/realsense_examples:/home/jason/Desktop/zam_ws/install/realsense_node:/home/jason/Desktop/zam_ws/install/realsense_ros:/home/jason/Desktop/zam_ws/install/realsense_msgs:/home/jason/Desktop/zam_ws/install/zam_tools:/home/jason/Desktop/zam_ws/install/keyboard_control:/opt/ros/foxy:/home/jason/Desktop/zam_ws/install/realsense_gazebo_plugin:/home/jason/Desktop/zam_ws/install/realsense2_description:/home/jason/Desktop/zam_ws/install/realsense2_camera:/home/jason/Desktop/zam_ws/install/realsense2_camera_msgs:/home/jason/Desktop/zam_ws/install/launches:/home/jason/Desktop/zam_ws/install/autocar_nav:/home/jason/Desktop/zam_ws/install/autocar_msgs:/home/jason/Desktop/zam_ws/install/autocar_map:/home/jason/Desktop/zam_ws/install/autocar_gazebo:/home/jason/Desktop/zam_ws/install/autocar_description /usr/bin/cmake /home/jason/Desktop/zam_ws/src/realsense_ros2/realsense_ros2 -DCMAKE_INSTALL_PREFIX=/home/jason/Desktop/zam_ws/install/realsense_ros2
[0.283s] -- The C compiler identification is GNU 9.4.0
[0.428s] -- The CXX compiler identification is GNU 9.4.0
[0.443s] -- Check for working C compiler: /usr/bin/cc
[0.778s] -- Check for working C compiler: /usr/bin/cc -- works
[0.779s] -- Detecting C compiler ABI info
[1.014s] -- Detecting C compiler ABI info - done
[1.032s] -- Detecting C compile features
[1.033s] -- Detecting C compile features - done
[1.083s] -- Check for working CXX compiler: /usr/bin/c++
[1.367s] -- Check for working CXX compiler: /usr/bin/c++ -- works
[1.367s] -- Detecting CXX compiler ABI info
[1.625s] -- Detecting CXX compiler ABI info - done
[1.681s] -- Detecting CXX compile features
[1.681s] -- Detecting CXX compile features - done
[1.702s] -- Found ament_cmake: 0.9.11 (/opt/ros/foxy/share/ament_cmake/cmake)
[1.802s] -- Found PythonInterp: /usr/bin/python3 (found suitable version "3.8.10", minimum required is "3") 
[1.803s] -- Using PYTHON_EXECUTABLE: /usr/bin/python3
[3.196s] -- Found rclcpp: 2.4.2 (/opt/ros/foxy/share/rclcpp/cmake)
[3.442s] -- Using all available rosidl_typesupport_c: rosidl_typesupport_fastrtps_c;rosidl_typesupport_introspection_c
[3.500s] -- Found rosidl_adapter: 1.3.0 (/opt/ros/foxy/share/rosidl_adapter/cmake)
[4.210s] -- Found OpenSSL: /usr/lib/x86_64-linux-gnu/libcrypto.so (found version "1.1.1f")  
[4.452s] -- Found FastRTPS: /opt/ros/foxy/include  
[5.099s] -- Using all available rosidl_typesupport_cpp: rosidl_typesupport_fastrtps_cpp;rosidl_typesupport_introspection_cpp
[5.462s] -- Found rmw_implementation_cmake: 1.0.3 (/opt/ros/foxy/share/rmw_implementation_cmake/cmake)
[5.473s] -- Using RMW implementation 'rmw_fastrtps_cpp' as default
[5.477s] -- Looking for pthread.h
[6.042s] -- Looking for pthread.h - found
[6.045s] -- Performing Test CMAKE_HAVE_LIBC_PTHREAD
[6.756s] -- Performing Test CMAKE_HAVE_LIBC_PTHREAD - Failed
[6.756s] -- Looking for pthread_create in pthreads
[7.302s] -- Looking for pthread_create in pthreads - not found
[7.302s] -- Looking for pthread_create in pthread
[7.965s] -- Looking for pthread_create in pthread - found
[7.967s] -- Found Threads: TRUE  
[9.263s] -- Found geometry_msgs: 2.0.5 (/opt/ros/foxy/share/geometry_msgs/cmake)
[9.648s] -- Found nav_msgs: 2.0.5 (/opt/ros/foxy/share/nav_msgs/cmake)
[10.329s] -- Found sensor_msgs: 2.0.5 (/opt/ros/foxy/share/sensor_msgs/cmake)
[11.061s] -- Found tf2_msgs: 0.13.13 (/opt/ros/foxy/share/tf2_msgs/cmake)
[12.811s] -- Found tf2_ros: 0.13.13 (/opt/ros/foxy/share/tf2_ros/cmake)
[14.115s] -- Found pcl_conversions: 2.2.1 (/opt/ros/foxy/share/pcl_conversions/cmake)
[15.851s] -- Found cv_bridge: 3.0.7 (/opt/ros/foxy/share/cv_bridge/cmake)
[16.118s] -- Found image_transport: 2.4.0 (/opt/ros/foxy/share/image_transport/cmake)
[16.519s] -- Found Boost: /usr/lib/x86_64-linux-gnu/cmake/Boost-1.71.0/BoostConfig.cmake (found version "1.71.0") found components: system 
[16.663s] -- Checking for module 'eigen3'
[16.848s] --   Found eigen3, version 3.3.7
[17.372s] -- Found Eigen: /usr/include/eigen3 (Required is at least version "3.1") 
[17.373s] -- Eigen found (include: /usr/include/eigen3, version: 3.3.7)
[17.713s] -- Found Boost: /usr/include (found suitable version "1.71.0", minimum required is "1.55.0") found components: system filesystem date_time iostreams regex 
[17.717s] -- looking for PCL_COMMON
[17.732s] -- Found PCL_COMMON: /usr/lib/x86_64-linux-gnu/libpcl_common.so  
[17.765s] -- Found PCL: pcl_common;/usr/lib/x86_64-linux-gnu/libboost_system.so.1.71.0;/usr/lib/x86_64-linux-gnu/libboost_filesystem.so;/usr/lib/x86_64-linux-gnu/libboost_date_time.so;/usr/lib/x86_64-linux-gnu/libboost_iostreams.so;/usr/lib/x86_64-linux-gnu/libboost_regex.so  
[17.798s] -- Found PkgConfig: /usr/bin/pkg-config (found version "0.29.1") 
[17.809s] -- Checking for one of the modules 'eigen3'
[19.846s] -- Found ament_lint_auto: 0.9.7 (/opt/ros/foxy/share/ament_lint_auto/cmake)
[20.661s] -- Added test 'copyright' to check source files copyright and LICENSE
[20.673s] -- Added test 'cppcheck' to perform static code analysis on C / C++ code
[20.673s] -- Configured cppcheck include dirs: /home/jason/Desktop/zam_ws/src/realsense_ros2/realsense_ros2/include;$<BUILD_INTERFACE:/home/jason/Desktop/zam_ws/src/realsense_ros2/realsense_ros2/include>
[20.673s] -- Configured cppcheck exclude dirs and/or files: 
[20.695s] -- Added test 'cpplint' to check C / C++ code against the Google style
[20.695s] -- Configured cpplint exclude dirs and/or files: 
[20.695s] -- Added test 'flake8' to check Python code syntax and style conventions
[20.695s] -- Added test 'lint_cmake' to check CMake code style
[20.697s] -- Added test 'pep257' to check Python code against some of the style conventions in PEP 257
[20.699s] -- Added test 'uncrustify' to check C / C++ code style
[20.699s] -- Configured uncrustify additional arguments: 
[20.703s] -- Added test 'xmllint' to check XML markup files
[20.725s] -- Configuring done
[21.386s] -- Generating done
[21.398s] -- Build files have been written to: /home/jason/Desktop/zam_ws/build/realsense_ros2
[21.577s] Invoked command in '/home/jason/Desktop/zam_ws/build/realsense_ros2' returned '0': CMAKE_PREFIX_PATH=/home/jason/Desktop/zam_ws/install/realsense_examples:/home/jason/Desktop/zam_ws/install/realsense_node:/home/jason/Desktop/zam_ws/install/realsense_ros:/home/jason/Desktop/zam_ws/install/realsense_msgs:/home/jason/Desktop/zam_ws/install/zam_tools:/home/jason/Desktop/zam_ws/install/keyboard_control:/opt/ros/foxy:/home/jason/Desktop/zam_ws/install/realsense_gazebo_plugin:/home/jason/Desktop/zam_ws/install/realsense2_description:/home/jason/Desktop/zam_ws/install/realsense2_camera:/home/jason/Desktop/zam_ws/install/realsense2_camera_msgs:/home/jason/Desktop/zam_ws/install/launches:/home/jason/Desktop/zam_ws/install/autocar_nav:/home/jason/Desktop/zam_ws/install/autocar_msgs:/home/jason/Desktop/zam_ws/install/autocar_map:/home/jason/Desktop/zam_ws/install/autocar_gazebo:/home/jason/Desktop/zam_ws/install/autocar_description /usr/bin/cmake /home/jason/Desktop/zam_ws/src/realsense_ros2/realsense_ros2 -DCMAKE_INSTALL_PREFIX=/home/jason/Desktop/zam_ws/install/realsense_ros2
[21.578s] Invoking command in '/home/jason/Desktop/zam_ws/build/realsense_ros2': CMAKE_PREFIX_PATH=/home/jason/Desktop/zam_ws/install/realsense_examples:/home/jason/Desktop/zam_ws/install/realsense_node:/home/jason/Desktop/zam_ws/install/realsense_ros:/home/jason/Desktop/zam_ws/install/realsense_msgs:/home/jason/Desktop/zam_ws/install/zam_tools:/home/jason/Desktop/zam_ws/install/keyboard_control:/opt/ros/foxy:/home/jason/Desktop/zam_ws/install/realsense_gazebo_plugin:/home/jason/Desktop/zam_ws/install/realsense2_description:/home/jason/Desktop/zam_ws/install/realsense2_camera:/home/jason/Desktop/zam_ws/install/realsense2_camera_msgs:/home/jason/Desktop/zam_ws/install/launches:/home/jason/Desktop/zam_ws/install/autocar_nav:/home/jason/Desktop/zam_ws/install/autocar_msgs:/home/jason/Desktop/zam_ws/install/autocar_map:/home/jason/Desktop/zam_ws/install/autocar_gazebo:/home/jason/Desktop/zam_ws/install/autocar_description /usr/bin/cmake --build /home/jason/Desktop/zam_ws/build/realsense_ros2 -- -j4 -l4
[21.902s] [35m[1mScanning dependencies of target rs_d435_node[0m
[22.432s] [ 25%] [32mBuilding CXX object CMakeFiles/rs_d435_node.dir/src/rs_d435_node.cpp.o[0m
[30.226s] In file included from [01m[K/home/jason/Desktop/zam_ws/src/realsense_ros2/realsense_ros2/src/rs_d435_node.cpp:21[m[K:
[30.226s] [01m[K/opt/ros/foxy/include/image_transport/image_transport.h:41:89:[m[K [01;36m[Knote: [m[K#pragma message: Warning: This header is deprecated. Use 'image_transport.hpp' instead
[30.226s]    41 | #pragma message ("Warning: This header is deprecated. Use 'image_transport.hpp' instead"[01;36m[K)[m[K
[30.227s]       |                                                                                         [01;36m[K^[m[K
[40.170s] [ 50%] [32m[1mLinking CXX executable rs_d435_node[0m
[41.784s] [ 50%] Built target rs_d435_node
[41.797s] [35m[1mScanning dependencies of target rs_t265_node[0m
[41.895s] [ 75%] [32mBuilding CXX object CMakeFiles/rs_t265_node.dir/src/rs_t265_node.cpp.o[0m
[49.680s] [100%] [32m[1mLinking CXX executable rs_t265_node[0m
[50.668s] [100%] Built target rs_t265_node
[50.690s] Invoked command in '/home/jason/Desktop/zam_ws/build/realsense_ros2' returned '0': CMAKE_PREFIX_PATH=/home/jason/Desktop/zam_ws/install/realsense_examples:/home/jason/Desktop/zam_ws/install/realsense_node:/home/jason/Desktop/zam_ws/install/realsense_ros:/home/jason/Desktop/zam_ws/install/realsense_msgs:/home/jason/Desktop/zam_ws/install/zam_tools:/home/jason/Desktop/zam_ws/install/keyboard_control:/opt/ros/foxy:/home/jason/Desktop/zam_ws/install/realsense_gazebo_plugin:/home/jason/Desktop/zam_ws/install/realsense2_description:/home/jason/Desktop/zam_ws/install/realsense2_camera:/home/jason/Desktop/zam_ws/install/realsense2_camera_msgs:/home/jason/Desktop/zam_ws/install/launches:/home/jason/Desktop/zam_ws/install/autocar_nav:/home/jason/Desktop/zam_ws/install/autocar_msgs:/home/jason/Desktop/zam_ws/install/autocar_map:/home/jason/Desktop/zam_ws/install/autocar_gazebo:/home/jason/Desktop/zam_ws/install/autocar_description /usr/bin/cmake --build /home/jason/Desktop/zam_ws/build/realsense_ros2 -- -j4 -l4
[50.749s] Invoking command in '/home/jason/Desktop/zam_ws/build/realsense_ros2': CMAKE_PREFIX_PATH=/home/jason/Desktop/zam_ws/install/realsense_examples:/home/jason/Desktop/zam_ws/install/realsense_node:/home/jason/Desktop/zam_ws/install/realsense_ros:/home/jason/Desktop/zam_ws/install/realsense_msgs:/home/jason/Desktop/zam_ws/install/zam_tools:/home/jason/Desktop/zam_ws/install/keyboard_control:/opt/ros/foxy:/home/jason/Desktop/zam_ws/install/realsense_gazebo_plugin:/home/jason/Desktop/zam_ws/install/realsense2_description:/home/jason/Desktop/zam_ws/install/realsense2_camera:/home/jason/Desktop/zam_ws/install/realsense2_camera_msgs:/home/jason/Desktop/zam_ws/install/launches:/home/jason/Desktop/zam_ws/install/autocar_nav:/home/jason/Desktop/zam_ws/install/autocar_msgs:/home/jason/Desktop/zam_ws/install/autocar_map:/home/jason/Desktop/zam_ws/install/autocar_gazebo:/home/jason/Desktop/zam_ws/install/autocar_description /usr/bin/cmake --install /home/jason/Desktop/zam_ws/build/realsense_ros2
[50.764s] -- Install configuration: ""
[50.764s] -- Installing: /home/jason/Desktop/zam_ws/install/realsense_ros2/share/realsense_ros2//launch
[50.765s] -- Installing: /home/jason/Desktop/zam_ws/install/realsense_ros2/share/realsense_ros2//launch/realsense_rtabmap.py
[50.765s] -- Installing: /home/jason/Desktop/zam_ws/install/realsense_ros2/share/realsense_ros2//launch/online_async_launch.py
[50.765s] -- Installing: /home/jason/Desktop/zam_ws/install/realsense_ros2/share/realsense_ros2//launch/realsense_2d_slam_launch.py
[50.766s] -- Installing: /home/jason/Desktop/zam_ws/install/realsense_ros2/share/realsense_ros2//launch/realsense_launch.py
[50.766s] -- Installing: /home/jason/Desktop/zam_ws/install/realsense_ros2/share/realsense_ros2//config
[50.766s] -- Installing: /home/jason/Desktop/zam_ws/install/realsense_ros2/share/realsense_ros2//config/mapper_params_online_async.yaml
[50.766s] -- Installing: /home/jason/Desktop/zam_ws/install/realsense_ros2/share/realsense_ros2//config/rs_cartographer.lua
[50.767s] -- Installing: /home/jason/Desktop/zam_ws/install/realsense_ros2/lib/realsense_ros2/rs_t265_node
[50.769s] -- Set runtime path of "/home/jason/Desktop/zam_ws/install/realsense_ros2/lib/realsense_ros2/rs_t265_node" to ""
[50.769s] -- Installing: /home/jason/Desktop/zam_ws/install/realsense_ros2/lib/realsense_ros2/rs_d435_node
[50.771s] -- Set runtime path of "/home/jason/Desktop/zam_ws/install/realsense_ros2/lib/realsense_ros2/rs_d435_node" to ""
[50.771s] -- Installing: /home/jason/Desktop/zam_ws/install/realsense_ros2/share/ament_index/resource_index/package_run_dependencies/realsense_ros2
[50.772s] -- Installing: /home/jason/Desktop/zam_ws/install/realsense_ros2/share/ament_index/resource_index/parent_prefix_path/realsense_ros2
[50.772s] -- Installing: /home/jason/Desktop/zam_ws/install/realsense_ros2/share/realsense_ros2/environment/ament_prefix_path.sh
[50.772s] -- Installing: /home/jason/Desktop/zam_ws/install/realsense_ros2/share/realsense_ros2/environment/ament_prefix_path.dsv
[50.773s] -- Installing: /home/jason/Desktop/zam_ws/install/realsense_ros2/share/realsense_ros2/environment/path.sh
[50.773s] -- Installing: /home/jason/Desktop/zam_ws/install/realsense_ros2/share/realsense_ros2/environment/path.dsv
[50.773s] -- Installing: /home/jason/Desktop/zam_ws/install/realsense_ros2/share/realsense_ros2/local_setup.bash
[50.774s] -- Installing: /home/jason/Desktop/zam_ws/install/realsense_ros2/share/realsense_ros2/local_setup.sh
[50.774s] -- Installing: /home/jason/Desktop/zam_ws/install/realsense_ros2/share/realsense_ros2/local_setup.zsh
[50.774s] -- Installing: /home/jason/Desktop/zam_ws/install/realsense_ros2/share/realsense_ros2/local_setup.dsv
[50.775s] -- Installing: /home/jason/Desktop/zam_ws/install/realsense_ros2/share/realsense_ros2/package.dsv
[50.775s] -- Installing: /home/jason/Desktop/zam_ws/install/realsense_ros2/share/ament_index/resource_index/packages/realsense_ros2
[50.775s] -- Installing: /home/jason/Desktop/zam_ws/install/realsense_ros2/share/realsense_ros2/cmake/realsense_ros2Config.cmake
[50.775s] -- Installing: /home/jason/Desktop/zam_ws/install/realsense_ros2/share/realsense_ros2/cmake/realsense_ros2Config-version.cmake
[50.776s] -- Installing: /home/jason/Desktop/zam_ws/install/realsense_ros2/share/realsense_ros2/package.xml
[50.790s] Invoked command in '/home/jason/Desktop/zam_ws/build/realsense_ros2' returned '0': CMAKE_PREFIX_PATH=/home/jason/Desktop/zam_ws/install/realsense_examples:/home/jason/Desktop/zam_ws/install/realsense_node:/home/jason/Desktop/zam_ws/install/realsense_ros:/home/jason/Desktop/zam_ws/install/realsense_msgs:/home/jason/Desktop/zam_ws/install/zam_tools:/home/jason/Desktop/zam_ws/install/keyboard_control:/opt/ros/foxy:/home/jason/Desktop/zam_ws/install/realsense_gazebo_plugin:/home/jason/Desktop/zam_ws/install/realsense2_description:/home/jason/Desktop/zam_ws/install/realsense2_camera:/home/jason/Desktop/zam_ws/install/realsense2_camera_msgs:/home/jason/Desktop/zam_ws/install/launches:/home/jason/Desktop/zam_ws/install/autocar_nav:/home/jason/Desktop/zam_ws/install/autocar_msgs:/home/jason/Desktop/zam_ws/install/autocar_map:/home/jason/Desktop/zam_ws/install/autocar_gazebo:/home/jason/Desktop/zam_ws/install/autocar_description /usr/bin/cmake --install /home/jason/Desktop/zam_ws/build/realsense_ros2
