[0.063s] Invoking command in '/home/jason/Desktop/zam_ws/build/realsense2_camera_msgs': CMAKE_PREFIX_PATH=${CMAKE_PREFIX_PATH}:/opt/ros/foxy /usr/bin/cmake /home/jason/Desktop/zam_ws/src/realsense-ros/realsense2_camera_msgs -DAMENT_CMAKE_SYMLINK_INSTALL=1 -DCMAKE_INSTALL_PREFIX=/home/jason/Desktop/zam_ws/install/realsense2_camera_msgs
[0.092s] -- Found ament_cmake: 0.9.11 (/opt/ros/foxy/share/ament_cmake/cmake)
[0.165s] -- Found PythonInterp: /usr/bin/python3 (found suitable version "3.8.10", minimum required is "3") 
[0.165s] -- Using PYTHON_EXECUTABLE: /usr/bin/python3
[0.536s] -- Override CMake install command with custom implementation using symlinks instead of copying resources
[0.552s] -- Found rosidl_default_generators: 1.0.1 (/opt/ros/foxy/share/rosidl_default_generators/cmake)
[0.577s] -- Using all available rosidl_typesupport_c: rosidl_typesupport_fastrtps_c;rosidl_typesupport_introspection_c
[0.583s] -- Found rosidl_adapter: 1.3.0 (/opt/ros/foxy/share/rosidl_adapter/cmake)
[0.916s] -- Using all available rosidl_typesupport_cpp: rosidl_typesupport_fastrtps_cpp;rosidl_typesupport_introspection_cpp
[0.964s] -- Found builtin_interfaces: 1.0.0 (/opt/ros/foxy/share/builtin_interfaces/cmake)
[0.985s] -- Found std_msgs: 2.0.5 (/opt/ros/foxy/share/std_msgs/cmake)
[1.084s] -- Found PythonInterp: /usr/bin/python3 (found version "3.8.10") 
[1.663s] -- Found ament_cmake_cppcheck: 0.9.7 (/opt/ros/foxy/share/ament_cmake_cppcheck/cmake)
[1.663s] -- Found ament_cmake_cpplint: 0.9.7 (/opt/ros/foxy/share/ament_cmake_cpplint/cmake)
[1.677s] -- Found ament_cmake_uncrustify: 0.9.7 (/opt/ros/foxy/share/ament_cmake_uncrustify/cmake)
[1.678s] -- Found ament_cmake_ros: 0.9.2 (/opt/ros/foxy/share/ament_cmake_ros/cmake)
[2.366s] -- Using all available rosidl_typesupport_c: rosidl_typesupport_fastrtps_c;rosidl_typesupport_introspection_c
[2.631s] -- Using all available rosidl_typesupport_cpp: rosidl_typesupport_fastrtps_cpp;rosidl_typesupport_introspection_cpp
[2.735s] -- Found PythonInterp: /usr/bin/python3 (found suitable version "3.8.10", minimum required is "3.5") 
[2.736s] -- Found python_cmake_module: 0.8.1 (/opt/ros/foxy/share/python_cmake_module/cmake)
[2.787s] -- Using PYTHON_EXECUTABLE: /usr/bin/python3
[2.787s] -- Using PYTHON_INCLUDE_DIRS: /usr/include/python3.8
[2.787s] -- Using PYTHON_LIBRARIES: /usr/lib/x86_64-linux-gnu/libpython3.8.so
[2.902s] -- Found ament_cmake_flake8: 0.9.7 (/opt/ros/foxy/share/ament_cmake_flake8/cmake)
[2.903s] -- Found ament_cmake_pep257: 0.9.7 (/opt/ros/foxy/share/ament_cmake_pep257/cmake)
[2.945s] -- Configuring done
[3.121s] -- Generating done
[3.127s] -- Build files have been written to: /home/jason/Desktop/zam_ws/build/realsense2_camera_msgs
[3.142s] Invoked command in '/home/jason/Desktop/zam_ws/build/realsense2_camera_msgs' returned '0': CMAKE_PREFIX_PATH=${CMAKE_PREFIX_PATH}:/opt/ros/foxy /usr/bin/cmake /home/jason/Desktop/zam_ws/src/realsense-ros/realsense2_camera_msgs -DAMENT_CMAKE_SYMLINK_INSTALL=1 -DCMAKE_INSTALL_PREFIX=/home/jason/Desktop/zam_ws/install/realsense2_camera_msgs
[3.144s] Invoking command in '/home/jason/Desktop/zam_ws/build/realsense2_camera_msgs': CMAKE_PREFIX_PATH=${CMAKE_PREFIX_PATH}:/opt/ros/foxy /usr/bin/cmake --build /home/jason/Desktop/zam_ws/build/realsense2_camera_msgs -- -j4 -l4
[3.359s] [  1%] [34m[1mGenerating C code for ROS interfaces[0m
[3.413s] [  3%] [34m[1mGenerating C++ code for ROS interfaces[0m
[4.707s] [  3%] Built target realsense2_camera_msgs__cpp
[4.717s] [35m[1mScanning dependencies of target realsense2_camera_msgs__rosidl_generator_c[0m
[4.736s] [  5%] [34m[1mGenerating C++ type support for eProsima Fast-RTPS[0m
[4.752s] [  7%] [32mBuilding C object CMakeFiles/realsense2_camera_msgs__rosidl_generator_c.dir/rosidl_generator_c/realsense2_camera_msgs/msg/detail/imu_info__functions.c.o[0m
[4.755s] [  9%] [34m[1mGenerating C++ introspection for ROS interfaces[0m
[4.795s] [ 10%] [34m[1mGenerating C++ type support dispatch for ROS interfaces[0m
[4.976s] [ 12%] [32mBuilding C object CMakeFiles/realsense2_camera_msgs__rosidl_generator_c.dir/rosidl_generator_c/realsense2_camera_msgs/msg/detail/extrinsics__functions.c.o[0m
[5.200s] [ 14%] [32mBuilding C object CMakeFiles/realsense2_camera_msgs__rosidl_generator_c.dir/rosidl_generator_c/realsense2_camera_msgs/msg/detail/metadata__functions.c.o[0m
[5.368s] [ 16%] [32mBuilding C object CMakeFiles/realsense2_camera_msgs__rosidl_generator_c.dir/rosidl_generator_c/realsense2_camera_msgs/srv/detail/device_info__functions.c.o[0m
[5.616s] [ 18%] [32m[1mLinking C shared library librealsense2_camera_msgs__rosidl_generator_c.so[0m
[5.771s] [ 18%] Built target realsense2_camera_msgs__rosidl_generator_c
[5.840s] [ 20%] [34m[1mGenerating C introspection for ROS interfaces[0m
[5.995s] [35m[1mScanning dependencies of target realsense2_camera_msgs__rosidl_typesupport_cpp[0m
[6.093s] [ 21%] [32mBuilding CXX object CMakeFiles/realsense2_camera_msgs__rosidl_typesupport_cpp.dir/rosidl_typesupport_cpp/realsense2_camera_msgs/msg/imu_info__type_support.cpp.o[0m
[6.270s] [35m[1mScanning dependencies of target realsense2_camera_msgs__rosidl_typesupport_fastrtps_cpp[0m
[6.372s] [ 23%] [32mBuilding CXX object CMakeFiles/realsense2_camera_msgs__rosidl_typesupport_fastrtps_cpp.dir/rosidl_typesupport_fastrtps_cpp/realsense2_camera_msgs/msg/detail/dds_fastrtps/imu_info__type_support.cpp.o[0m
[6.401s] [35m[1mScanning dependencies of target realsense2_camera_msgs__rosidl_typesupport_introspection_cpp[0m
[6.521s] [ 25%] [32mBuilding CXX object CMakeFiles/realsense2_camera_msgs__rosidl_typesupport_introspection_cpp.dir/rosidl_typesupport_introspection_cpp/realsense2_camera_msgs/msg/detail/imu_info__type_support.cpp.o[0m
[6.966s] [ 27%] [32mBuilding CXX object CMakeFiles/realsense2_camera_msgs__rosidl_typesupport_cpp.dir/rosidl_typesupport_cpp/realsense2_camera_msgs/msg/extrinsics__type_support.cpp.o[0m
[7.480s] [35m[1mScanning dependencies of target realsense2_camera_msgs__rosidl_typesupport_introspection_c[0m
[7.543s] [ 29%] [32mBuilding C object CMakeFiles/realsense2_camera_msgs__rosidl_typesupport_introspection_c.dir/rosidl_typesupport_introspection_c/realsense2_camera_msgs/msg/detail/imu_info__type_support.c.o[0m
[7.667s] [ 30%] [32mBuilding CXX object CMakeFiles/realsense2_camera_msgs__rosidl_typesupport_introspection_cpp.dir/rosidl_typesupport_introspection_cpp/realsense2_camera_msgs/msg/detail/extrinsics__type_support.cpp.o[0m
[7.764s] [ 32%] [32mBuilding C object CMakeFiles/realsense2_camera_msgs__rosidl_typesupport_introspection_c.dir/rosidl_typesupport_introspection_c/realsense2_camera_msgs/msg/detail/extrinsics__type_support.c.o[0m
[7.816s] [ 34%] [32mBuilding CXX object CMakeFiles/realsense2_camera_msgs__rosidl_typesupport_cpp.dir/rosidl_typesupport_cpp/realsense2_camera_msgs/msg/metadata__type_support.cpp.o[0m
[7.840s] [ 36%] [32mBuilding C object CMakeFiles/realsense2_camera_msgs__rosidl_typesupport_introspection_c.dir/rosidl_typesupport_introspection_c/realsense2_camera_msgs/msg/detail/metadata__type_support.c.o[0m
[7.960s] [ 38%] [32mBuilding C object CMakeFiles/realsense2_camera_msgs__rosidl_typesupport_introspection_c.dir/rosidl_typesupport_introspection_c/realsense2_camera_msgs/srv/detail/device_info__type_support.c.o[0m
[8.143s] [ 40%] [32mBuilding CXX object CMakeFiles/realsense2_camera_msgs__rosidl_typesupport_fastrtps_cpp.dir/rosidl_typesupport_fastrtps_cpp/realsense2_camera_msgs/msg/detail/dds_fastrtps/extrinsics__type_support.cpp.o[0m
[8.157s] [ 41%] [32m[1mLinking C shared library librealsense2_camera_msgs__rosidl_typesupport_introspection_c.so[0m
[8.392s] [ 41%] Built target realsense2_camera_msgs__rosidl_typesupport_introspection_c
[8.464s] [ 43%] [34m[1mGenerating C type support dispatch for ROS interfaces[0m
[8.722s] [ 45%] [32mBuilding CXX object CMakeFiles/realsense2_camera_msgs__rosidl_typesupport_introspection_cpp.dir/rosidl_typesupport_introspection_cpp/realsense2_camera_msgs/msg/detail/metadata__type_support.cpp.o[0m
[8.781s] [ 47%] [32mBuilding CXX object CMakeFiles/realsense2_camera_msgs__rosidl_typesupport_cpp.dir/rosidl_typesupport_cpp/realsense2_camera_msgs/srv/device_info__type_support.cpp.o[0m
[9.500s] [ 49%] [32mBuilding CXX object CMakeFiles/realsense2_camera_msgs__rosidl_typesupport_introspection_cpp.dir/rosidl_typesupport_introspection_cpp/realsense2_camera_msgs/srv/detail/device_info__type_support.cpp.o[0m
[9.519s] [ 50%] [32mBuilding CXX object CMakeFiles/realsense2_camera_msgs__rosidl_typesupport_fastrtps_cpp.dir/rosidl_typesupport_fastrtps_cpp/realsense2_camera_msgs/msg/detail/dds_fastrtps/metadata__type_support.cpp.o[0m
[9.755s] [ 52%] [32m[1mLinking CXX shared library librealsense2_camera_msgs__rosidl_typesupport_cpp.so[0m
[9.803s] [35m[1mScanning dependencies of target realsense2_camera_msgs__rosidl_typesupport_c[0m
[9.830s] [ 54%] [32mBuilding CXX object CMakeFiles/realsense2_camera_msgs__rosidl_typesupport_c.dir/rosidl_typesupport_c/realsense2_camera_msgs/msg/imu_info__type_support.cpp.o[0m
[9.938s] [ 54%] Built target realsense2_camera_msgs__rosidl_typesupport_cpp
[9.966s] [ 56%] [32mBuilding CXX object CMakeFiles/realsense2_camera_msgs__rosidl_typesupport_c.dir/rosidl_typesupport_c/realsense2_camera_msgs/msg/extrinsics__type_support.cpp.o[0m
[10.004s] [ 58%] [32mBuilding CXX object CMakeFiles/realsense2_camera_msgs__rosidl_typesupport_fastrtps_cpp.dir/rosidl_typesupport_fastrtps_cpp/realsense2_camera_msgs/srv/detail/dds_fastrtps/device_info__type_support.cpp.o[0m
[10.117s] [ 60%] [32mBuilding CXX object CMakeFiles/realsense2_camera_msgs__rosidl_typesupport_c.dir/rosidl_typesupport_c/realsense2_camera_msgs/msg/metadata__type_support.cpp.o[0m
[10.259s] [ 61%] [32mBuilding CXX object CMakeFiles/realsense2_camera_msgs__rosidl_typesupport_c.dir/rosidl_typesupport_c/realsense2_camera_msgs/srv/device_info__type_support.cpp.o[0m
[10.359s] [ 63%] [32m[1mLinking CXX shared library librealsense2_camera_msgs__rosidl_typesupport_c.so[0m
[10.494s] [ 63%] Built target realsense2_camera_msgs__rosidl_typesupport_c
[10.824s] [ 65%] [32m[1mLinking CXX shared library librealsense2_camera_msgs__rosidl_typesupport_introspection_cpp.so[0m
[11.043s] [ 65%] Built target realsense2_camera_msgs__rosidl_typesupport_introspection_cpp
[11.199s] [ 67%] [32m[1mLinking CXX shared library librealsense2_camera_msgs__rosidl_typesupport_fastrtps_cpp.so[0m
[11.333s] [ 67%] Built target realsense2_camera_msgs__rosidl_typesupport_fastrtps_cpp
[11.348s] [ 69%] [34m[1mGenerating C type support for eProsima Fast-RTPS[0m
[11.889s] [35m[1mScanning dependencies of target realsense2_camera_msgs__rosidl_typesupport_fastrtps_c[0m
[11.917s] [ 70%] [32mBuilding CXX object CMakeFiles/realsense2_camera_msgs__rosidl_typesupport_fastrtps_c.dir/rosidl_typesupport_fastrtps_c/realsense2_camera_msgs/msg/detail/extrinsics__type_support_c.cpp.o[0m
[11.917s] [ 72%] [32mBuilding CXX object CMakeFiles/realsense2_camera_msgs__rosidl_typesupport_fastrtps_c.dir/rosidl_typesupport_fastrtps_c/realsense2_camera_msgs/msg/detail/imu_info__type_support_c.cpp.o[0m
[11.927s] [ 74%] [32mBuilding CXX object CMakeFiles/realsense2_camera_msgs__rosidl_typesupport_fastrtps_c.dir/rosidl_typesupport_fastrtps_c/realsense2_camera_msgs/srv/detail/device_info__type_support_c.cpp.o[0m
[11.930s] [ 76%] [32mBuilding CXX object CMakeFiles/realsense2_camera_msgs__rosidl_typesupport_fastrtps_c.dir/rosidl_typesupport_fastrtps_c/realsense2_camera_msgs/msg/detail/metadata__type_support_c.cpp.o[0m
[12.794s] [ 78%] [32m[1mLinking CXX shared library librealsense2_camera_msgs__rosidl_typesupport_fastrtps_c.so[0m
[12.951s] [ 78%] Built target realsense2_camera_msgs__rosidl_typesupport_fastrtps_c
[12.980s] [ 78%] Built target realsense2_camera_msgs
[13.006s] [ 80%] [34m[1mGenerating Python code for ROS interfaces[0m
[14.164s] [ 80%] Built target realsense2_camera_msgs__py
[14.179s] [35m[1mScanning dependencies of target realsense2_camera_msgs__python[0m
[14.211s] [ 81%] [32mBuilding C object CMakeFiles/realsense2_camera_msgs__python.dir/rosidl_generator_py/realsense2_camera_msgs/msg/_extrinsics_s.c.o[0m
[14.215s] [ 83%] [32mBuilding C object CMakeFiles/realsense2_camera_msgs__python.dir/rosidl_generator_py/realsense2_camera_msgs/msg/_imu_info_s.c.o[0m
[14.218s] [ 85%] [32mBuilding C object CMakeFiles/realsense2_camera_msgs__python.dir/rosidl_generator_py/realsense2_camera_msgs/msg/_metadata_s.c.o[0m
[14.225s] [ 87%] [32mBuilding C object CMakeFiles/realsense2_camera_msgs__python.dir/rosidl_generator_py/realsense2_camera_msgs/srv/_device_info_s.c.o[0m
[14.505s] [ 89%] [32m[1mLinking C shared library rosidl_generator_py/realsense2_camera_msgs/librealsense2_camera_msgs__python.so[0m
[14.563s] [ 89%] Built target realsense2_camera_msgs__python
[14.581s] [35m[1mScanning dependencies of target realsense2_camera_msgs__rosidl_typesupport_c__pyext[0m
[14.585s] [35m[1mScanning dependencies of target realsense2_camera_msgs__rosidl_typesupport_fastrtps_c__pyext[0m
[14.585s] [35m[1mScanning dependencies of target realsense2_camera_msgs__rosidl_typesupport_introspection_c__pyext[0m
[14.621s] [ 90%] [32mBuilding C object CMakeFiles/realsense2_camera_msgs__rosidl_typesupport_introspection_c__pyext.dir/rosidl_generator_py/realsense2_camera_msgs/_realsense2_camera_msgs_s.ep.rosidl_typesupport_introspection_c.c.o[0m
[14.625s] [ 92%] [32mBuilding C object CMakeFiles/realsense2_camera_msgs__rosidl_typesupport_fastrtps_c__pyext.dir/rosidl_generator_py/realsense2_camera_msgs/_realsense2_camera_msgs_s.ep.rosidl_typesupport_fastrtps_c.c.o[0m
[14.625s] [ 94%] [32mBuilding C object CMakeFiles/realsense2_camera_msgs__rosidl_typesupport_c__pyext.dir/rosidl_generator_py/realsense2_camera_msgs/_realsense2_camera_msgs_s.ep.rosidl_typesupport_c.c.o[0m
[14.816s] [ 96%] [32m[1mLinking C shared library rosidl_generator_py/realsense2_camera_msgs/realsense2_camera_msgs_s__rosidl_typesupport_c.cpython-38-x86_64-linux-gnu.so[0m
[14.842s] [ 98%] [32m[1mLinking CXX shared library rosidl_generator_py/realsense2_camera_msgs/realsense2_camera_msgs_s__rosidl_typesupport_fastrtps_c.cpython-38-x86_64-linux-gnu.so[0m
[14.875s] [100%] [32m[1mLinking C shared library rosidl_generator_py/realsense2_camera_msgs/realsense2_camera_msgs_s__rosidl_typesupport_introspection_c.cpython-38-x86_64-linux-gnu.so[0m
[14.898s] [100%] Built target realsense2_camera_msgs__rosidl_typesupport_c__pyext
[14.944s] [100%] Built target realsense2_camera_msgs__rosidl_typesupport_introspection_c__pyext
[14.965s] [100%] Built target realsense2_camera_msgs__rosidl_typesupport_fastrtps_c__pyext
[14.983s] Invoked command in '/home/jason/Desktop/zam_ws/build/realsense2_camera_msgs' returned '0': CMAKE_PREFIX_PATH=${CMAKE_PREFIX_PATH}:/opt/ros/foxy /usr/bin/cmake --build /home/jason/Desktop/zam_ws/build/realsense2_camera_msgs -- -j4 -l4
[15.107s] Invoking command in '/home/jason/Desktop/zam_ws/build/realsense2_camera_msgs': CMAKE_PREFIX_PATH=${CMAKE_PREFIX_PATH}:/opt/ros/foxy /usr/bin/cmake --install /home/jason/Desktop/zam_ws/build/realsense2_camera_msgs
[15.121s] -- Install configuration: ""
[15.122s] -- Execute custom install script
[15.123s] -- Symlinking: /home/jason/Desktop/zam_ws/install/realsense2_camera_msgs/share/ament_index/resource_index/rosidl_interfaces/realsense2_camera_msgs
[15.135s] -- Symlinking: /home/jason/Desktop/zam_ws/install/realsense2_camera_msgs/include/realsense2_camera_msgs/msg/detail/extrinsics__functions.h
[15.149s] -- Symlinking: /home/jason/Desktop/zam_ws/install/realsense2_camera_msgs/include/realsense2_camera_msgs/msg/detail/extrinsics__struct.h
[15.161s] -- Symlinking: /home/jason/Desktop/zam_ws/install/realsense2_camera_msgs/include/realsense2_camera_msgs/msg/detail/extrinsics__type_support.h
[15.175s] -- Symlinking: /home/jason/Desktop/zam_ws/install/realsense2_camera_msgs/include/realsense2_camera_msgs/msg/detail/imu_info__functions.h
[15.189s] -- Symlinking: /home/jason/Desktop/zam_ws/install/realsense2_camera_msgs/include/realsense2_camera_msgs/msg/detail/imu_info__struct.h
[15.200s] -- Symlinking: /home/jason/Desktop/zam_ws/install/realsense2_camera_msgs/include/realsense2_camera_msgs/msg/detail/imu_info__type_support.h
[15.216s] -- Symlinking: /home/jason/Desktop/zam_ws/install/realsense2_camera_msgs/include/realsense2_camera_msgs/msg/detail/metadata__functions.h
[15.231s] -- Symlinking: /home/jason/Desktop/zam_ws/install/realsense2_camera_msgs/include/realsense2_camera_msgs/msg/detail/metadata__struct.h
[15.243s] -- Symlinking: /home/jason/Desktop/zam_ws/install/realsense2_camera_msgs/include/realsense2_camera_msgs/msg/detail/metadata__type_support.h
[15.264s] -- Symlinking: /home/jason/Desktop/zam_ws/install/realsense2_camera_msgs/include/realsense2_camera_msgs/msg/extrinsics.h
[15.277s] -- Symlinking: /home/jason/Desktop/zam_ws/install/realsense2_camera_msgs/include/realsense2_camera_msgs/msg/imu_info.h
[15.285s] -- Symlinking: /home/jason/Desktop/zam_ws/install/realsense2_camera_msgs/include/realsense2_camera_msgs/msg/metadata.h
[15.296s] -- Symlinking: /home/jason/Desktop/zam_ws/install/realsense2_camera_msgs/include/realsense2_camera_msgs/msg/rosidl_generator_c__visibility_control.h
[15.307s] -- Symlinking: /home/jason/Desktop/zam_ws/install/realsense2_camera_msgs/include/realsense2_camera_msgs/srv/detail/device_info__functions.h
[15.318s] -- Symlinking: /home/jason/Desktop/zam_ws/install/realsense2_camera_msgs/include/realsense2_camera_msgs/srv/detail/device_info__struct.h
[15.329s] -- Symlinking: /home/jason/Desktop/zam_ws/install/realsense2_camera_msgs/include/realsense2_camera_msgs/srv/detail/device_info__type_support.h
[15.341s] -- Symlinking: /home/jason/Desktop/zam_ws/install/realsense2_camera_msgs/include/realsense2_camera_msgs/srv/device_info.h
[15.352s] -- Symlinking: /home/jason/Desktop/zam_ws/install/realsense2_camera_msgs/share/realsense2_camera_msgs/environment/library_path.sh
[15.364s] -- Symlinking: /home/jason/Desktop/zam_ws/install/realsense2_camera_msgs/share/realsense2_camera_msgs/environment/library_path.dsv
[15.376s] -- Symlinking: /home/jason/Desktop/zam_ws/install/realsense2_camera_msgs/include/realsense2_camera_msgs/msg/detail/extrinsics__rosidl_typesupport_fastrtps_c.h
[15.393s] -- Symlinking: /home/jason/Desktop/zam_ws/install/realsense2_camera_msgs/include/realsense2_camera_msgs/msg/detail/imu_info__rosidl_typesupport_fastrtps_c.h
[15.405s] -- Symlinking: /home/jason/Desktop/zam_ws/install/realsense2_camera_msgs/include/realsense2_camera_msgs/msg/detail/metadata__rosidl_typesupport_fastrtps_c.h
[15.418s] -- Symlinking: /home/jason/Desktop/zam_ws/install/realsense2_camera_msgs/include/realsense2_camera_msgs/msg/rosidl_typesupport_fastrtps_c__visibility_control.h
[15.433s] -- Symlinking: /home/jason/Desktop/zam_ws/install/realsense2_camera_msgs/include/realsense2_camera_msgs/srv/detail/device_info__rosidl_typesupport_fastrtps_c.h
[15.447s] -- Symlinking: /home/jason/Desktop/zam_ws/install/realsense2_camera_msgs/lib/librealsense2_camera_msgs__rosidl_typesupport_fastrtps_c.so
[15.458s] -- Symlinking: /home/jason/Desktop/zam_ws/install/realsense2_camera_msgs/include/realsense2_camera_msgs/msg/detail/extrinsics__rosidl_typesupport_fastrtps_cpp.hpp
[15.468s] -- Symlinking: /home/jason/Desktop/zam_ws/install/realsense2_camera_msgs/include/realsense2_camera_msgs/msg/detail/imu_info__rosidl_typesupport_fastrtps_cpp.hpp
[15.481s] -- Symlinking: /home/jason/Desktop/zam_ws/install/realsense2_camera_msgs/include/realsense2_camera_msgs/msg/detail/metadata__rosidl_typesupport_fastrtps_cpp.hpp
[15.501s] -- Symlinking: /home/jason/Desktop/zam_ws/install/realsense2_camera_msgs/include/realsense2_camera_msgs/msg/rosidl_typesupport_fastrtps_cpp__visibility_control.h
[15.508s] -- Symlinking: /home/jason/Desktop/zam_ws/install/realsense2_camera_msgs/include/realsense2_camera_msgs/srv/detail/device_info__rosidl_typesupport_fastrtps_cpp.hpp
[15.528s] -- Symlinking: /home/jason/Desktop/zam_ws/install/realsense2_camera_msgs/lib/librealsense2_camera_msgs__rosidl_typesupport_fastrtps_cpp.so
[15.536s] -- Symlinking: /home/jason/Desktop/zam_ws/install/realsense2_camera_msgs/include/realsense2_camera_msgs/msg/detail/extrinsics__rosidl_typesupport_introspection_c.h
[15.549s] -- Symlinking: /home/jason/Desktop/zam_ws/install/realsense2_camera_msgs/include/realsense2_camera_msgs/msg/detail/imu_info__rosidl_typesupport_introspection_c.h
[15.561s] -- Symlinking: /home/jason/Desktop/zam_ws/install/realsense2_camera_msgs/include/realsense2_camera_msgs/msg/detail/metadata__rosidl_typesupport_introspection_c.h
[15.573s] -- Symlinking: /home/jason/Desktop/zam_ws/install/realsense2_camera_msgs/include/realsense2_camera_msgs/msg/rosidl_typesupport_introspection_c__visibility_control.h
[15.585s] -- Symlinking: /home/jason/Desktop/zam_ws/install/realsense2_camera_msgs/include/realsense2_camera_msgs/srv/detail/device_info__rosidl_typesupport_introspection_c.h
[15.596s] -- Symlinking: /home/jason/Desktop/zam_ws/install/realsense2_camera_msgs/include/realsense2_camera_msgs/msg/detail/extrinsics__builder.hpp
[15.607s] -- Symlinking: /home/jason/Desktop/zam_ws/install/realsense2_camera_msgs/include/realsense2_camera_msgs/msg/detail/extrinsics__struct.hpp
[15.618s] -- Symlinking: /home/jason/Desktop/zam_ws/install/realsense2_camera_msgs/include/realsense2_camera_msgs/msg/detail/extrinsics__traits.hpp
[15.629s] -- Symlinking: /home/jason/Desktop/zam_ws/install/realsense2_camera_msgs/include/realsense2_camera_msgs/msg/detail/imu_info__builder.hpp
[15.639s] -- Symlinking: /home/jason/Desktop/zam_ws/install/realsense2_camera_msgs/include/realsense2_camera_msgs/msg/detail/imu_info__struct.hpp
[15.653s] -- Symlinking: /home/jason/Desktop/zam_ws/install/realsense2_camera_msgs/include/realsense2_camera_msgs/msg/detail/imu_info__traits.hpp
[15.663s] -- Symlinking: /home/jason/Desktop/zam_ws/install/realsense2_camera_msgs/include/realsense2_camera_msgs/msg/detail/metadata__builder.hpp
[15.674s] -- Symlinking: /home/jason/Desktop/zam_ws/install/realsense2_camera_msgs/include/realsense2_camera_msgs/msg/detail/metadata__struct.hpp
[15.685s] -- Symlinking: /home/jason/Desktop/zam_ws/install/realsense2_camera_msgs/include/realsense2_camera_msgs/msg/detail/metadata__traits.hpp
[15.695s] -- Symlinking: /home/jason/Desktop/zam_ws/install/realsense2_camera_msgs/include/realsense2_camera_msgs/msg/extrinsics.hpp
[15.706s] -- Symlinking: /home/jason/Desktop/zam_ws/install/realsense2_camera_msgs/include/realsense2_camera_msgs/msg/imu_info.hpp
[15.721s] -- Symlinking: /home/jason/Desktop/zam_ws/install/realsense2_camera_msgs/include/realsense2_camera_msgs/msg/metadata.hpp
[15.731s] -- Symlinking: /home/jason/Desktop/zam_ws/install/realsense2_camera_msgs/include/realsense2_camera_msgs/srv/detail/device_info__builder.hpp
[15.742s] -- Symlinking: /home/jason/Desktop/zam_ws/install/realsense2_camera_msgs/include/realsense2_camera_msgs/srv/detail/device_info__struct.hpp
[15.752s] -- Symlinking: /home/jason/Desktop/zam_ws/install/realsense2_camera_msgs/include/realsense2_camera_msgs/srv/detail/device_info__traits.hpp
[15.764s] -- Symlinking: /home/jason/Desktop/zam_ws/install/realsense2_camera_msgs/include/realsense2_camera_msgs/srv/device_info.hpp
[15.776s] -- Symlinking: /home/jason/Desktop/zam_ws/install/realsense2_camera_msgs/include/realsense2_camera_msgs/msg/detail/extrinsics__rosidl_typesupport_introspection_cpp.hpp
[15.786s] -- Symlinking: /home/jason/Desktop/zam_ws/install/realsense2_camera_msgs/include/realsense2_camera_msgs/msg/detail/imu_info__rosidl_typesupport_introspection_cpp.hpp
[15.797s] -- Symlinking: /home/jason/Desktop/zam_ws/install/realsense2_camera_msgs/include/realsense2_camera_msgs/msg/detail/metadata__rosidl_typesupport_introspection_cpp.hpp
[15.808s] -- Symlinking: /home/jason/Desktop/zam_ws/install/realsense2_camera_msgs/include/realsense2_camera_msgs/srv/detail/device_info__rosidl_typesupport_introspection_cpp.hpp
[15.818s] -- Symlinking: /home/jason/Desktop/zam_ws/install/realsense2_camera_msgs/share/realsense2_camera_msgs/environment/pythonpath.sh
[15.829s] -- Symlinking: /home/jason/Desktop/zam_ws/install/realsense2_camera_msgs/share/realsense2_camera_msgs/environment/pythonpath.dsv
[15.840s] -- Symlinking: /home/jason/Desktop/zam_ws/install/realsense2_camera_msgs/lib/python3.8/site-packages/realsense2_camera_msgs/__init__.py
[15.852s] -- Symlinking: /home/jason/Desktop/zam_ws/install/realsense2_camera_msgs/lib/python3.8/site-packages/realsense2_camera_msgs/msg/__init__.py
[15.863s] -- Symlinking: /home/jason/Desktop/zam_ws/install/realsense2_camera_msgs/lib/python3.8/site-packages/realsense2_camera_msgs/msg/_extrinsics.py
[15.874s] -- Symlinking: /home/jason/Desktop/zam_ws/install/realsense2_camera_msgs/lib/python3.8/site-packages/realsense2_camera_msgs/msg/_imu_info.py
[15.884s] -- Symlinking: /home/jason/Desktop/zam_ws/install/realsense2_camera_msgs/lib/python3.8/site-packages/realsense2_camera_msgs/msg/_metadata.py
[15.895s] -- Symlinking: /home/jason/Desktop/zam_ws/install/realsense2_camera_msgs/lib/python3.8/site-packages/realsense2_camera_msgs/srv/__init__.py
[15.907s] -- Symlinking: /home/jason/Desktop/zam_ws/install/realsense2_camera_msgs/lib/python3.8/site-packages/realsense2_camera_msgs/srv/_device_info.py
[15.918s] -- Symlinking: /home/jason/Desktop/zam_ws/install/realsense2_camera_msgs/lib/python3.8/site-packages/realsense2_camera_msgs/realsense2_camera_msgs_s__rosidl_typesupport_fastrtps_c.cpython-38-x86_64-linux-gnu.so
[15.929s] -- Symlinking: /home/jason/Desktop/zam_ws/install/realsense2_camera_msgs/lib/python3.8/site-packages/realsense2_camera_msgs/realsense2_camera_msgs_s__rosidl_typesupport_introspection_c.cpython-38-x86_64-linux-gnu.so
[15.942s] -- Symlinking: /home/jason/Desktop/zam_ws/install/realsense2_camera_msgs/lib/python3.8/site-packages/realsense2_camera_msgs/realsense2_camera_msgs_s__rosidl_typesupport_c.cpython-38-x86_64-linux-gnu.so
[15.952s] -- Symlinking: /home/jason/Desktop/zam_ws/install/realsense2_camera_msgs/lib/librealsense2_camera_msgs__python.so
[15.964s] -- Symlinking: /home/jason/Desktop/zam_ws/install/realsense2_camera_msgs/share/realsense2_camera_msgs/msg/IMUInfo.idl
[15.979s] -- Symlinking: /home/jason/Desktop/zam_ws/install/realsense2_camera_msgs/share/realsense2_camera_msgs/msg/Extrinsics.idl
[15.990s] -- Symlinking: /home/jason/Desktop/zam_ws/install/realsense2_camera_msgs/share/realsense2_camera_msgs/msg/Metadata.idl
[16.005s] -- Symlinking: /home/jason/Desktop/zam_ws/install/realsense2_camera_msgs/share/realsense2_camera_msgs/srv/DeviceInfo.idl
[16.015s] -- Symlinking: /home/jason/Desktop/zam_ws/install/realsense2_camera_msgs/share/realsense2_camera_msgs/msg/IMUInfo.msg
[16.026s] -- Symlinking: /home/jason/Desktop/zam_ws/install/realsense2_camera_msgs/share/realsense2_camera_msgs/msg/Extrinsics.msg
[16.036s] -- Symlinking: /home/jason/Desktop/zam_ws/install/realsense2_camera_msgs/share/realsense2_camera_msgs/msg/Metadata.msg
[16.048s] -- Symlinking: /home/jason/Desktop/zam_ws/install/realsense2_camera_msgs/share/realsense2_camera_msgs/srv/DeviceInfo.srv
[16.059s] -- Symlinking: /home/jason/Desktop/zam_ws/install/realsense2_camera_msgs/share/realsense2_camera_msgs/srv/DeviceInfo_Request.msg
[16.069s] -- Symlinking: /home/jason/Desktop/zam_ws/install/realsense2_camera_msgs/share/realsense2_camera_msgs/srv/DeviceInfo_Response.msg
[16.080s] -- Symlinking: /home/jason/Desktop/zam_ws/install/realsense2_camera_msgs/share/ament_index/resource_index/package_run_dependencies/realsense2_camera_msgs
[16.091s] -- Symlinking: /home/jason/Desktop/zam_ws/install/realsense2_camera_msgs/share/ament_index/resource_index/parent_prefix_path/realsense2_camera_msgs
[16.102s] -- Symlinking: /home/jason/Desktop/zam_ws/install/realsense2_camera_msgs/share/realsense2_camera_msgs/environment/ament_prefix_path.sh
[16.114s] -- Symlinking: /home/jason/Desktop/zam_ws/install/realsense2_camera_msgs/share/realsense2_camera_msgs/environment/ament_prefix_path.dsv
[16.124s] -- Symlinking: /home/jason/Desktop/zam_ws/install/realsense2_camera_msgs/share/realsense2_camera_msgs/environment/path.sh
[16.135s] -- Symlinking: /home/jason/Desktop/zam_ws/install/realsense2_camera_msgs/share/realsense2_camera_msgs/environment/path.dsv
[16.146s] -- Symlinking: /home/jason/Desktop/zam_ws/install/realsense2_camera_msgs/share/realsense2_camera_msgs/local_setup.bash
[16.159s] -- Symlinking: /home/jason/Desktop/zam_ws/install/realsense2_camera_msgs/share/realsense2_camera_msgs/local_setup.sh
[16.170s] -- Symlinking: /home/jason/Desktop/zam_ws/install/realsense2_camera_msgs/share/realsense2_camera_msgs/local_setup.zsh
[16.181s] -- Symlinking: /home/jason/Desktop/zam_ws/install/realsense2_camera_msgs/share/realsense2_camera_msgs/local_setup.dsv
[16.192s] -- Symlinking: /home/jason/Desktop/zam_ws/install/realsense2_camera_msgs/share/realsense2_camera_msgs/package.dsv
[16.203s] -- Symlinking: /home/jason/Desktop/zam_ws/install/realsense2_camera_msgs/share/ament_index/resource_index/packages/realsense2_camera_msgs
[16.214s] -- Symlinking: /home/jason/Desktop/zam_ws/install/realsense2_camera_msgs/share/realsense2_camera_msgs/cmake/rosidl_cmake-extras.cmake
[16.224s] -- Symlinking: /home/jason/Desktop/zam_ws/install/realsense2_camera_msgs/share/realsense2_camera_msgs/cmake/ament_cmake_export_dependencies-extras.cmake
[16.236s] -- Symlinking: /home/jason/Desktop/zam_ws/install/realsense2_camera_msgs/share/realsense2_camera_msgs/cmake/ament_cmake_export_libraries-extras.cmake
[16.252s] -- Symlinking: /home/jason/Desktop/zam_ws/install/realsense2_camera_msgs/share/realsense2_camera_msgs/cmake/ament_cmake_export_targets-extras.cmake
[16.265s] -- Symlinking: /home/jason/Desktop/zam_ws/install/realsense2_camera_msgs/share/realsense2_camera_msgs/cmake/ament_cmake_export_include_directories-extras.cmake
[16.279s] -- Symlinking: /home/jason/Desktop/zam_ws/install/realsense2_camera_msgs/share/realsense2_camera_msgs/cmake/rosidl_cmake_export_typesupport_libraries-extras.cmake
[16.294s] -- Symlinking: /home/jason/Desktop/zam_ws/install/realsense2_camera_msgs/share/realsense2_camera_msgs/cmake/rosidl_cmake_export_typesupport_targets-extras.cmake
[16.306s] -- Symlinking: /home/jason/Desktop/zam_ws/install/realsense2_camera_msgs/share/realsense2_camera_msgs/cmake/realsense2_camera_msgsConfig.cmake
[16.320s] -- Symlinking: /home/jason/Desktop/zam_ws/install/realsense2_camera_msgs/share/realsense2_camera_msgs/cmake/realsense2_camera_msgsConfig-version.cmake
[16.334s] -- Symlinking: /home/jason/Desktop/zam_ws/install/realsense2_camera_msgs/share/realsense2_camera_msgs/package.xml
[16.351s] -- Installing: /home/jason/Desktop/zam_ws/install/realsense2_camera_msgs/lib/librealsense2_camera_msgs__rosidl_generator_c.so
[16.351s] -- Set runtime path of "/home/jason/Desktop/zam_ws/install/realsense2_camera_msgs/lib/librealsense2_camera_msgs__rosidl_generator_c.so" to ""
[16.352s] -- Installing: /home/jason/Desktop/zam_ws/install/realsense2_camera_msgs/lib/librealsense2_camera_msgs__rosidl_typesupport_introspection_c.so
[16.352s] -- Set runtime path of "/home/jason/Desktop/zam_ws/install/realsense2_camera_msgs/lib/librealsense2_camera_msgs__rosidl_typesupport_introspection_c.so" to ""
[16.352s] -- Installing: /home/jason/Desktop/zam_ws/install/realsense2_camera_msgs/lib/librealsense2_camera_msgs__rosidl_typesupport_c.so
[16.352s] -- Set runtime path of "/home/jason/Desktop/zam_ws/install/realsense2_camera_msgs/lib/librealsense2_camera_msgs__rosidl_typesupport_c.so" to ""
[16.352s] -- Installing: /home/jason/Desktop/zam_ws/install/realsense2_camera_msgs/lib/librealsense2_camera_msgs__rosidl_typesupport_introspection_cpp.so
[16.353s] -- Set runtime path of "/home/jason/Desktop/zam_ws/install/realsense2_camera_msgs/lib/librealsense2_camera_msgs__rosidl_typesupport_introspection_cpp.so" to ""
[16.353s] -- Installing: /home/jason/Desktop/zam_ws/install/realsense2_camera_msgs/lib/librealsense2_camera_msgs__rosidl_typesupport_cpp.so
[16.354s] -- Set runtime path of "/home/jason/Desktop/zam_ws/install/realsense2_camera_msgs/lib/librealsense2_camera_msgs__rosidl_typesupport_cpp.so" to ""
[16.403s] Compiling '/home/jason/Desktop/zam_ws/install/realsense2_camera_msgs/lib/python3.8/site-packages/realsense2_camera_msgs/__init__.py'...
[16.410s] -- Up-to-date: /home/jason/Desktop/zam_ws/install/realsense2_camera_msgs/share/realsense2_camera_msgs/cmake/realsense2_camera_msgs__rosidl_generator_cExport.cmake
[16.411s] -- Installing: /home/jason/Desktop/zam_ws/install/realsense2_camera_msgs/share/realsense2_camera_msgs/cmake/realsense2_camera_msgs__rosidl_generator_cExport-noconfig.cmake
[16.411s] -- Up-to-date: /home/jason/Desktop/zam_ws/install/realsense2_camera_msgs/share/realsense2_camera_msgs/cmake/realsense2_camera_msgs__rosidl_typesupport_introspection_cExport.cmake
[16.411s] -- Installing: /home/jason/Desktop/zam_ws/install/realsense2_camera_msgs/share/realsense2_camera_msgs/cmake/realsense2_camera_msgs__rosidl_typesupport_introspection_cExport-noconfig.cmake
[16.412s] -- Up-to-date: /home/jason/Desktop/zam_ws/install/realsense2_camera_msgs/share/realsense2_camera_msgs/cmake/realsense2_camera_msgs__rosidl_typesupport_cExport.cmake
[16.412s] -- Installing: /home/jason/Desktop/zam_ws/install/realsense2_camera_msgs/share/realsense2_camera_msgs/cmake/realsense2_camera_msgs__rosidl_typesupport_cExport-noconfig.cmake
[16.413s] -- Up-to-date: /home/jason/Desktop/zam_ws/install/realsense2_camera_msgs/share/realsense2_camera_msgs/cmake/realsense2_camera_msgs__rosidl_generator_cppExport.cmake
[16.413s] -- Up-to-date: /home/jason/Desktop/zam_ws/install/realsense2_camera_msgs/share/realsense2_camera_msgs/cmake/realsense2_camera_msgs__rosidl_typesupport_introspection_cppExport.cmake
[16.413s] -- Installing: /home/jason/Desktop/zam_ws/install/realsense2_camera_msgs/share/realsense2_camera_msgs/cmake/realsense2_camera_msgs__rosidl_typesupport_introspection_cppExport-noconfig.cmake
[16.413s] -- Up-to-date: /home/jason/Desktop/zam_ws/install/realsense2_camera_msgs/share/realsense2_camera_msgs/cmake/realsense2_camera_msgs__rosidl_typesupport_cppExport.cmake
[16.414s] -- Installing: /home/jason/Desktop/zam_ws/install/realsense2_camera_msgs/share/realsense2_camera_msgs/cmake/realsense2_camera_msgs__rosidl_typesupport_cppExport-noconfig.cmake
[16.420s] Invoked command in '/home/jason/Desktop/zam_ws/build/realsense2_camera_msgs' returned '0': CMAKE_PREFIX_PATH=${CMAKE_PREFIX_PATH}:/opt/ros/foxy /usr/bin/cmake --install /home/jason/Desktop/zam_ws/build/realsense2_camera_msgs
