[0.085s] Invoking command in '/home/jason/Desktop/zam_ws/build/autocar_msgs': CMAKE_PREFIX_PATH=${CMAKE_PREFIX_PATH}:/opt/ros/foxy /usr/bin/cmake --build /home/jason/Desktop/zam_ws/build/autocar_msgs -- -j4 -l4
[0.258s] [  2%] Built target autocar_msgs__cpp
[0.308s] [ 16%] Built target autocar_msgs__rosidl_generator_c
[0.378s] [ 30%] Built target autocar_msgs__rosidl_typesupport_fastrtps_cpp
[0.476s] [ 44%] Built target autocar_msgs__rosidl_typesupport_introspection_c
[0.554s] [ 58%] Built target autocar_msgs__rosidl_typesupport_c
[0.638s] [ 72%] Built target autocar_msgs__rosidl_typesupport_fastrtps_c
[0.734s] [ 86%] Built target autocar_msgs__rosidl_typesupport_cpp
[0.830s] [100%] Built target autocar_msgs__rosidl_typesupport_introspection_cpp
[0.912s] [100%] Built target autocar_msgs
[0.948s] Invoked command in '/home/jason/Desktop/zam_ws/build/autocar_msgs' returned '0': CMAKE_PREFIX_PATH=${CMAKE_PREFIX_PATH}:/opt/ros/foxy /usr/bin/cmake --build /home/jason/Desktop/zam_ws/build/autocar_msgs -- -j4 -l4
[1.252s] Invoking command in '/home/jason/Desktop/zam_ws/build/autocar_msgs': CMAKE_PREFIX_PATH=${CMAKE_PREFIX_PATH}:/opt/ros/foxy /usr/bin/cmake --install /home/jason/Desktop/zam_ws/build/autocar_msgs
[1.284s] -- Install configuration: ""
[1.285s] -- Execute custom install script
[1.285s] -- Up-to-date symlink: /home/jason/Desktop/zam_ws/install/autocar_msgs/share/ament_index/resource_index/rosidl_interfaces/autocar_msgs
[1.285s] -- Up-to-date symlink: /home/jason/Desktop/zam_ws/install/autocar_msgs/include/autocar_msgs/msg/detail/path2_d__functions.h
[1.285s] -- Up-to-date symlink: /home/jason/Desktop/zam_ws/install/autocar_msgs/include/autocar_msgs/msg/detail/path2_d__struct.h
[1.285s] -- Up-to-date symlink: /home/jason/Desktop/zam_ws/install/autocar_msgs/include/autocar_msgs/msg/detail/path2_d__type_support.h
[1.285s] -- Up-to-date symlink: /home/jason/Desktop/zam_ws/install/autocar_msgs/include/autocar_msgs/msg/detail/state2_d__functions.h
[1.286s] -- Up-to-date symlink: /home/jason/Desktop/zam_ws/install/autocar_msgs/include/autocar_msgs/msg/detail/state2_d__struct.h
[1.286s] -- Up-to-date symlink: /home/jason/Desktop/zam_ws/install/autocar_msgs/include/autocar_msgs/msg/detail/state2_d__type_support.h
[1.286s] -- Up-to-date symlink: /home/jason/Desktop/zam_ws/install/autocar_msgs/include/autocar_msgs/msg/detail/twist2_d__functions.h
[1.286s] -- Up-to-date symlink: /home/jason/Desktop/zam_ws/install/autocar_msgs/include/autocar_msgs/msg/detail/twist2_d__struct.h
[1.286s] -- Up-to-date symlink: /home/jason/Desktop/zam_ws/install/autocar_msgs/include/autocar_msgs/msg/detail/twist2_d__type_support.h
[1.287s] -- Up-to-date symlink: /home/jason/Desktop/zam_ws/install/autocar_msgs/include/autocar_msgs/msg/path2_d.h
[1.287s] -- Up-to-date symlink: /home/jason/Desktop/zam_ws/install/autocar_msgs/include/autocar_msgs/msg/rosidl_generator_c__visibility_control.h
[1.287s] -- Up-to-date symlink: /home/jason/Desktop/zam_ws/install/autocar_msgs/include/autocar_msgs/msg/state2_d.h
[1.287s] -- Up-to-date symlink: /home/jason/Desktop/zam_ws/install/autocar_msgs/include/autocar_msgs/msg/twist2_d.h
[1.287s] -- Up-to-date symlink: /home/jason/Desktop/zam_ws/install/autocar_msgs/share/autocar_msgs/environment/library_path.sh
[1.287s] -- Up-to-date symlink: /home/jason/Desktop/zam_ws/install/autocar_msgs/share/autocar_msgs/environment/library_path.dsv
[1.288s] -- Up-to-date symlink: /home/jason/Desktop/zam_ws/install/autocar_msgs/include/autocar_msgs/msg/detail/path2_d__rosidl_typesupport_fastrtps_c.h
[1.288s] -- Up-to-date symlink: /home/jason/Desktop/zam_ws/install/autocar_msgs/include/autocar_msgs/msg/detail/state2_d__rosidl_typesupport_fastrtps_c.h
[1.288s] -- Up-to-date symlink: /home/jason/Desktop/zam_ws/install/autocar_msgs/include/autocar_msgs/msg/detail/twist2_d__rosidl_typesupport_fastrtps_c.h
[1.288s] -- Up-to-date symlink: /home/jason/Desktop/zam_ws/install/autocar_msgs/include/autocar_msgs/msg/rosidl_typesupport_fastrtps_c__visibility_control.h
[1.288s] -- Up-to-date symlink: /home/jason/Desktop/zam_ws/install/autocar_msgs/lib/libautocar_msgs__rosidl_typesupport_fastrtps_c.so
[1.289s] -- Up-to-date symlink: /home/jason/Desktop/zam_ws/install/autocar_msgs/include/autocar_msgs/msg/detail/path2_d__rosidl_typesupport_fastrtps_cpp.hpp
[1.289s] -- Up-to-date symlink: /home/jason/Desktop/zam_ws/install/autocar_msgs/include/autocar_msgs/msg/detail/state2_d__rosidl_typesupport_fastrtps_cpp.hpp
[1.289s] -- Up-to-date symlink: /home/jason/Desktop/zam_ws/install/autocar_msgs/include/autocar_msgs/msg/detail/twist2_d__rosidl_typesupport_fastrtps_cpp.hpp
[1.289s] -- Up-to-date symlink: /home/jason/Desktop/zam_ws/install/autocar_msgs/include/autocar_msgs/msg/rosidl_typesupport_fastrtps_cpp__visibility_control.h
[1.289s] -- Up-to-date symlink: /home/jason/Desktop/zam_ws/install/autocar_msgs/lib/libautocar_msgs__rosidl_typesupport_fastrtps_cpp.so
[1.289s] -- Up-to-date symlink: /home/jason/Desktop/zam_ws/install/autocar_msgs/include/autocar_msgs/msg/detail/path2_d__rosidl_typesupport_introspection_c.h
[1.289s] -- Up-to-date symlink: /home/jason/Desktop/zam_ws/install/autocar_msgs/include/autocar_msgs/msg/detail/state2_d__rosidl_typesupport_introspection_c.h
[1.290s] -- Up-to-date symlink: /home/jason/Desktop/zam_ws/install/autocar_msgs/include/autocar_msgs/msg/detail/twist2_d__rosidl_typesupport_introspection_c.h
[1.290s] -- Up-to-date symlink: /home/jason/Desktop/zam_ws/install/autocar_msgs/include/autocar_msgs/msg/rosidl_typesupport_introspection_c__visibility_control.h
[1.290s] -- Up-to-date symlink: /home/jason/Desktop/zam_ws/install/autocar_msgs/include/autocar_msgs/msg/detail/path2_d__builder.hpp
[1.290s] -- Up-to-date symlink: /home/jason/Desktop/zam_ws/install/autocar_msgs/include/autocar_msgs/msg/detail/path2_d__struct.hpp
[1.290s] -- Up-to-date symlink: /home/jason/Desktop/zam_ws/install/autocar_msgs/include/autocar_msgs/msg/detail/path2_d__traits.hpp
[1.290s] -- Up-to-date symlink: /home/jason/Desktop/zam_ws/install/autocar_msgs/include/autocar_msgs/msg/detail/state2_d__builder.hpp
[1.290s] -- Up-to-date symlink: /home/jason/Desktop/zam_ws/install/autocar_msgs/include/autocar_msgs/msg/detail/state2_d__struct.hpp
[1.297s] -- Up-to-date symlink: /home/jason/Desktop/zam_ws/install/autocar_msgs/include/autocar_msgs/msg/detail/state2_d__traits.hpp
[1.297s] -- Up-to-date symlink: /home/jason/Desktop/zam_ws/install/autocar_msgs/include/autocar_msgs/msg/detail/twist2_d__builder.hpp
[1.297s] -- Up-to-date symlink: /home/jason/Desktop/zam_ws/install/autocar_msgs/include/autocar_msgs/msg/detail/twist2_d__struct.hpp
[1.297s] -- Up-to-date symlink: /home/jason/Desktop/zam_ws/install/autocar_msgs/include/autocar_msgs/msg/detail/twist2_d__traits.hpp
[1.297s] -- Up-to-date symlink: /home/jason/Desktop/zam_ws/install/autocar_msgs/include/autocar_msgs/msg/path2_d.hpp
[1.298s] -- Up-to-date symlink: /home/jason/Desktop/zam_ws/install/autocar_msgs/include/autocar_msgs/msg/state2_d.hpp
[1.298s] -- Up-to-date symlink: /home/jason/Desktop/zam_ws/install/autocar_msgs/include/autocar_msgs/msg/twist2_d.hpp
[1.298s] -- Up-to-date symlink: /home/jason/Desktop/zam_ws/install/autocar_msgs/include/autocar_msgs/msg/detail/path2_d__rosidl_typesupport_introspection_cpp.hpp
[1.298s] -- Up-to-date symlink: /home/jason/Desktop/zam_ws/install/autocar_msgs/include/autocar_msgs/msg/detail/state2_d__rosidl_typesupport_introspection_cpp.hpp
[1.298s] -- Up-to-date symlink: /home/jason/Desktop/zam_ws/install/autocar_msgs/include/autocar_msgs/msg/detail/twist2_d__rosidl_typesupport_introspection_cpp.hpp
[1.299s] -- Up-to-date symlink: /home/jason/Desktop/zam_ws/install/autocar_msgs/share/autocar_msgs/msg/Path2D.idl
[1.299s] -- Up-to-date symlink: /home/jason/Desktop/zam_ws/install/autocar_msgs/share/autocar_msgs/msg/State2D.idl
[1.299s] -- Up-to-date symlink: /home/jason/Desktop/zam_ws/install/autocar_msgs/share/autocar_msgs/msg/Twist2D.idl
[1.299s] -- Up-to-date symlink: /home/jason/Desktop/zam_ws/install/autocar_msgs/share/autocar_msgs/msg/Path2D.msg
[1.299s] -- Up-to-date symlink: /home/jason/Desktop/zam_ws/install/autocar_msgs/share/autocar_msgs/msg/State2D.msg
[1.299s] -- Up-to-date symlink: /home/jason/Desktop/zam_ws/install/autocar_msgs/share/autocar_msgs/msg/Twist2D.msg
[1.299s] -- Up-to-date symlink: /home/jason/Desktop/zam_ws/install/autocar_msgs/share/ament_index/resource_index/package_run_dependencies/autocar_msgs
[1.300s] -- Up-to-date symlink: /home/jason/Desktop/zam_ws/install/autocar_msgs/share/ament_index/resource_index/parent_prefix_path/autocar_msgs
[1.300s] -- Up-to-date symlink: /home/jason/Desktop/zam_ws/install/autocar_msgs/share/autocar_msgs/environment/ament_prefix_path.sh
[1.300s] -- Up-to-date symlink: /home/jason/Desktop/zam_ws/install/autocar_msgs/share/autocar_msgs/environment/ament_prefix_path.dsv
[1.300s] -- Up-to-date symlink: /home/jason/Desktop/zam_ws/install/autocar_msgs/share/autocar_msgs/environment/path.sh
[1.300s] -- Up-to-date symlink: /home/jason/Desktop/zam_ws/install/autocar_msgs/share/autocar_msgs/environment/path.dsv
[1.300s] -- Up-to-date symlink: /home/jason/Desktop/zam_ws/install/autocar_msgs/share/autocar_msgs/local_setup.bash
[1.300s] -- Up-to-date symlink: /home/jason/Desktop/zam_ws/install/autocar_msgs/share/autocar_msgs/local_setup.sh
[1.300s] -- Up-to-date symlink: /home/jason/Desktop/zam_ws/install/autocar_msgs/share/autocar_msgs/local_setup.zsh
[1.301s] -- Up-to-date symlink: /home/jason/Desktop/zam_ws/install/autocar_msgs/share/autocar_msgs/local_setup.dsv
[1.301s] -- Symlinking: /home/jason/Desktop/zam_ws/install/autocar_msgs/share/autocar_msgs/package.dsv
[1.312s] -- Up-to-date symlink: /home/jason/Desktop/zam_ws/install/autocar_msgs/share/ament_index/resource_index/packages/autocar_msgs
[1.312s] -- Up-to-date symlink: /home/jason/Desktop/zam_ws/install/autocar_msgs/share/autocar_msgs/cmake/rosidl_cmake-extras.cmake
[1.312s] -- Up-to-date symlink: /home/jason/Desktop/zam_ws/install/autocar_msgs/share/autocar_msgs/cmake/ament_cmake_export_dependencies-extras.cmake
[1.313s] -- Up-to-date symlink: /home/jason/Desktop/zam_ws/install/autocar_msgs/share/autocar_msgs/cmake/ament_cmake_export_libraries-extras.cmake
[1.313s] -- Up-to-date symlink: /home/jason/Desktop/zam_ws/install/autocar_msgs/share/autocar_msgs/cmake/ament_cmake_export_targets-extras.cmake
[1.314s] -- Up-to-date symlink: /home/jason/Desktop/zam_ws/install/autocar_msgs/share/autocar_msgs/cmake/ament_cmake_export_include_directories-extras.cmake
[1.314s] -- Up-to-date symlink: /home/jason/Desktop/zam_ws/install/autocar_msgs/share/autocar_msgs/cmake/rosidl_cmake_export_typesupport_libraries-extras.cmake
[1.315s] -- Up-to-date symlink: /home/jason/Desktop/zam_ws/install/autocar_msgs/share/autocar_msgs/cmake/rosidl_cmake_export_typesupport_targets-extras.cmake
[1.316s] -- Up-to-date symlink: /home/jason/Desktop/zam_ws/install/autocar_msgs/share/autocar_msgs/cmake/autocar_msgsConfig.cmake
[1.316s] -- Up-to-date symlink: /home/jason/Desktop/zam_ws/install/autocar_msgs/share/autocar_msgs/cmake/autocar_msgsConfig-version.cmake
[1.316s] -- Up-to-date symlink: /home/jason/Desktop/zam_ws/install/autocar_msgs/share/autocar_msgs/package.xml
[1.317s] -- Up-to-date: /home/jason/Desktop/zam_ws/install/autocar_msgs/lib/libautocar_msgs__rosidl_generator_c.so
[1.317s] -- Up-to-date: /home/jason/Desktop/zam_ws/install/autocar_msgs/lib/libautocar_msgs__rosidl_typesupport_introspection_c.so
[1.318s] -- Up-to-date: /home/jason/Desktop/zam_ws/install/autocar_msgs/lib/libautocar_msgs__rosidl_typesupport_c.so
[1.319s] -- Up-to-date: /home/jason/Desktop/zam_ws/install/autocar_msgs/lib/libautocar_msgs__rosidl_typesupport_introspection_cpp.so
[1.319s] -- Up-to-date: /home/jason/Desktop/zam_ws/install/autocar_msgs/lib/libautocar_msgs__rosidl_typesupport_cpp.so
[1.320s] -- Up-to-date: /home/jason/Desktop/zam_ws/install/autocar_msgs/share/autocar_msgs/cmake/autocar_msgs__rosidl_generator_cExport.cmake
[1.320s] -- Up-to-date: /home/jason/Desktop/zam_ws/install/autocar_msgs/share/autocar_msgs/cmake/autocar_msgs__rosidl_generator_cExport-noconfig.cmake
[1.320s] -- Up-to-date: /home/jason/Desktop/zam_ws/install/autocar_msgs/share/autocar_msgs/cmake/autocar_msgs__rosidl_typesupport_introspection_cExport.cmake
[1.320s] -- Up-to-date: /home/jason/Desktop/zam_ws/install/autocar_msgs/share/autocar_msgs/cmake/autocar_msgs__rosidl_typesupport_introspection_cExport-noconfig.cmake
[1.321s] -- Up-to-date: /home/jason/Desktop/zam_ws/install/autocar_msgs/share/autocar_msgs/cmake/autocar_msgs__rosidl_typesupport_cExport.cmake
[1.321s] -- Up-to-date: /home/jason/Desktop/zam_ws/install/autocar_msgs/share/autocar_msgs/cmake/autocar_msgs__rosidl_typesupport_cExport-noconfig.cmake
[1.321s] -- Up-to-date: /home/jason/Desktop/zam_ws/install/autocar_msgs/share/autocar_msgs/cmake/autocar_msgs__rosidl_generator_cppExport.cmake
[1.321s] -- Up-to-date: /home/jason/Desktop/zam_ws/install/autocar_msgs/share/autocar_msgs/cmake/autocar_msgs__rosidl_typesupport_introspection_cppExport.cmake
[1.321s] -- Up-to-date: /home/jason/Desktop/zam_ws/install/autocar_msgs/share/autocar_msgs/cmake/autocar_msgs__rosidl_typesupport_introspection_cppExport-noconfig.cmake
[1.322s] -- Up-to-date: /home/jason/Desktop/zam_ws/install/autocar_msgs/share/autocar_msgs/cmake/autocar_msgs__rosidl_typesupport_cppExport.cmake
[1.322s] -- Up-to-date: /home/jason/Desktop/zam_ws/install/autocar_msgs/share/autocar_msgs/cmake/autocar_msgs__rosidl_typesupport_cppExport-noconfig.cmake
[1.330s] Invoked command in '/home/jason/Desktop/zam_ws/build/autocar_msgs' returned '0': CMAKE_PREFIX_PATH=${CMAKE_PREFIX_PATH}:/opt/ros/foxy /usr/bin/cmake --install /home/jason/Desktop/zam_ws/build/autocar_msgs
