[0.063s] Invoking command in '/home/jason/Desktop/zam_ws/build/realsense_msgs': CMAKE_PREFIX_PATH=/home/jason/Desktop/zam_ws/install/keyboard_control:/home/jason/Desktop/zam_ws/install/zam_tools:/opt/ros/foxy:${CMAKE_PREFIX_PATH} /usr/bin/cmake /home/jason/Desktop/zam_ws/src/ros2_intel_realsense/realsense_msgs -DAMENT_CMAKE_SYMLINK_INSTALL=1 -DCMAKE_INSTALL_PREFIX=/home/jason/Desktop/zam_ws/install/realsense_msgs
[0.171s] -- The C compiler identification is GNU 9.4.0
[0.466s] -- The CXX compiler identification is GNU 9.4.0
[0.531s] -- Check for working C compiler: /usr/bin/cc
[0.968s] -- Check for working C compiler: /usr/bin/cc -- works
[0.976s] -- Detecting C compiler ABI info
[1.308s] -- Detecting C compiler ABI info - done
[1.363s] -- Detecting C compile features
[1.364s] -- Detecting C compile features - done
[1.380s] -- Check for working CXX compiler: /usr/bin/c++
[1.623s] -- Check for working CXX compiler: /usr/bin/c++ -- works
[1.623s] -- Detecting CXX compiler ABI info
[1.858s] -- Detecting CXX compiler ABI info - done
[1.892s] -- Detecting CXX compile features
[1.893s] -- Detecting CXX compile features - done
[1.897s] -- Found ament_cmake: 0.9.11 (/opt/ros/foxy/share/ament_cmake/cmake)
[1.962s] -- Found PythonInterp: /usr/bin/python3 (found suitable version "3.8.10", minimum required is "3") 
[1.962s] -- Using PYTHON_EXECUTABLE: /usr/bin/python3
[2.458s] -- Override CMake install command with custom implementation using symlinks instead of copying resources
[2.526s] -- Found rosidl_default_generators: 1.0.1 (/opt/ros/foxy/share/rosidl_default_generators/cmake)
[2.539s] -- Using all available rosidl_typesupport_c: rosidl_typesupport_fastrtps_c;rosidl_typesupport_introspection_c
[2.556s] -- Found rosidl_adapter: 1.3.0 (/opt/ros/foxy/share/rosidl_adapter/cmake)
[2.886s] -- Found OpenSSL: /usr/lib/x86_64-linux-gnu/libcrypto.so (found version "1.1.1f")  
[2.957s] -- Found FastRTPS: /opt/ros/foxy/include  
[3.147s] -- Using all available rosidl_typesupport_cpp: rosidl_typesupport_fastrtps_cpp;rosidl_typesupport_introspection_cpp
[3.231s] -- Found std_msgs: 2.0.5 (/opt/ros/foxy/share/std_msgs/cmake)
[3.496s] -- Found PythonInterp: /usr/bin/python3 (found version "3.8.10") 
[4.133s] -- Found ament_cmake_cppcheck: 0.9.7 (/opt/ros/foxy/share/ament_cmake_cppcheck/cmake)
[4.149s] -- Found ament_cmake_cpplint: 0.9.7 (/opt/ros/foxy/share/ament_cmake_cpplint/cmake)
[4.169s] -- Found ament_cmake_uncrustify: 0.9.7 (/opt/ros/foxy/share/ament_cmake_uncrustify/cmake)
[4.230s] -- Found ament_cmake_ros: 0.9.2 (/opt/ros/foxy/share/ament_cmake_ros/cmake)
[5.042s] -- Using all available rosidl_typesupport_c: rosidl_typesupport_fastrtps_c;rosidl_typesupport_introspection_c
[5.312s] -- Using all available rosidl_typesupport_cpp: rosidl_typesupport_fastrtps_cpp;rosidl_typesupport_introspection_cpp
[5.465s] -- Found PythonInterp: /usr/bin/python3 (found suitable version "3.8.10", minimum required is "3.5") 
[5.476s] -- Found python_cmake_module: 0.8.1 (/opt/ros/foxy/share/python_cmake_module/cmake)
[5.605s] -- Found PythonLibs: /usr/lib/x86_64-linux-gnu/libpython3.8.so (found suitable version "3.8.10", minimum required is "3.5") 
[5.606s] -- Using PYTHON_EXECUTABLE: /usr/bin/python3
[5.606s] -- Using PYTHON_INCLUDE_DIRS: /usr/include/python3.8
[5.606s] -- Using PYTHON_LIBRARIES: /usr/lib/x86_64-linux-gnu/libpython3.8.so
[5.713s] -- Found PythonExtra: .so  
[5.970s] -- Found ament_cmake_flake8: 0.9.7 (/opt/ros/foxy/share/ament_cmake_flake8/cmake)
[5.978s] -- Found ament_cmake_pep257: 0.9.7 (/opt/ros/foxy/share/ament_cmake_pep257/cmake)
[6.029s] -- Configuring done
[6.120s] -- Generating done
[6.125s] -- Build files have been written to: /home/jason/Desktop/zam_ws/build/realsense_msgs
[6.172s] Invoked command in '/home/jason/Desktop/zam_ws/build/realsense_msgs' returned '0': CMAKE_PREFIX_PATH=/home/jason/Desktop/zam_ws/install/keyboard_control:/home/jason/Desktop/zam_ws/install/zam_tools:/opt/ros/foxy:${CMAKE_PREFIX_PATH} /usr/bin/cmake /home/jason/Desktop/zam_ws/src/ros2_intel_realsense/realsense_msgs -DAMENT_CMAKE_SYMLINK_INSTALL=1 -DCMAKE_INSTALL_PREFIX=/home/jason/Desktop/zam_ws/install/realsense_msgs
[6.173s] Invoking command in '/home/jason/Desktop/zam_ws/build/realsense_msgs': CMAKE_PREFIX_PATH=/home/jason/Desktop/zam_ws/install/keyboard_control:/home/jason/Desktop/zam_ws/install/zam_tools:/opt/ros/foxy:${CMAKE_PREFIX_PATH} /usr/bin/cmake --build /home/jason/Desktop/zam_ws/build/realsense_msgs -- -j4 -l4
[6.381s] [35m[1mScanning dependencies of target realsense_msgs__cpp[0m
[6.382s] [  3%] [34m[1mGenerating C code for ROS interfaces[0m
[6.459s] [  6%] [34m[1mGenerating C++ code for ROS interfaces[0m
[7.138s] [35m[1mScanning dependencies of target realsense_msgs__rosidl_generator_c[0m
[7.162s] [  9%] [32mBuilding C object CMakeFiles/realsense_msgs__rosidl_generator_c.dir/rosidl_generator_c/realsense_msgs/msg/detail/imu_info__functions.c.o[0m
[7.211s] [  9%] Built target realsense_msgs__cpp
[7.234s] [ 12%] [34m[1mGenerating C++ type support for eProsima Fast-RTPS[0m
[7.263s] [ 16%] [34m[1mGenerating C++ type support dispatch for ROS interfaces[0m
[7.275s] [ 19%] [34m[1mGenerating C++ introspection for ROS interfaces[0m
[7.329s] [ 22%] [32m[1mLinking C shared library librealsense_msgs__rosidl_generator_c.so[0m
[7.541s] [ 22%] Built target realsense_msgs__rosidl_generator_c
[7.672s] [ 25%] [34m[1mGenerating C introspection for ROS interfaces[0m
[8.851s] [35m[1mScanning dependencies of target realsense_msgs__rosidl_typesupport_fastrtps_cpp[0m
[8.927s] [35m[1mScanning dependencies of target realsense_msgs__rosidl_typesupport_cpp[0m
[8.927s] [35m[1mScanning dependencies of target realsense_msgs__rosidl_typesupport_introspection_cpp[0m
[9.008s] [ 29%] [32mBuilding CXX object CMakeFiles/realsense_msgs__rosidl_typesupport_fastrtps_cpp.dir/rosidl_typesupport_fastrtps_cpp/realsense_msgs/msg/detail/dds_fastrtps/imu_info__type_support.cpp.o[0m
[9.055s] [ 32%] [32mBuilding CXX object CMakeFiles/realsense_msgs__rosidl_typesupport_cpp.dir/rosidl_typesupport_cpp/realsense_msgs/msg/imu_info__type_support.cpp.o[0m
[9.089s] [ 35%] [32mBuilding CXX object CMakeFiles/realsense_msgs__rosidl_typesupport_introspection_cpp.dir/rosidl_typesupport_introspection_cpp/realsense_msgs/msg/detail/imu_info__type_support.cpp.o[0m
[9.196s] [35m[1mScanning dependencies of target realsense_msgs__rosidl_typesupport_introspection_c[0m
[9.299s] [ 38%] [32mBuilding C object CMakeFiles/realsense_msgs__rosidl_typesupport_introspection_c.dir/rosidl_typesupport_introspection_c/realsense_msgs/msg/detail/imu_info__type_support.c.o[0m
[9.588s] [ 41%] [32m[1mLinking C shared library librealsense_msgs__rosidl_typesupport_introspection_c.so[0m
[9.830s] [ 41%] Built target realsense_msgs__rosidl_typesupport_introspection_c
[9.869s] [ 45%] [34m[1mGenerating C type support dispatch for ROS interfaces[0m
[10.246s] [ 48%] [32m[1mLinking CXX shared library librealsense_msgs__rosidl_typesupport_introspection_cpp.so[0m
[10.249s] [ 51%] [32m[1mLinking CXX shared library librealsense_msgs__rosidl_typesupport_cpp.so[0m
[10.530s] [ 51%] Built target realsense_msgs__rosidl_typesupport_cpp
[10.576s] [ 54%] [32m[1mLinking CXX shared library librealsense_msgs__rosidl_typesupport_fastrtps_cpp.so[0m
[10.679s] [ 54%] Built target realsense_msgs__rosidl_typesupport_introspection_cpp
[10.856s] [35m[1mScanning dependencies of target realsense_msgs__rosidl_typesupport_c[0m
[10.864s] [ 54%] Built target realsense_msgs__rosidl_typesupport_fastrtps_cpp
[10.894s] [ 58%] [34m[1mGenerating C type support for eProsima Fast-RTPS[0m
[10.911s] [ 61%] [32mBuilding CXX object CMakeFiles/realsense_msgs__rosidl_typesupport_c.dir/rosidl_typesupport_c/realsense_msgs/msg/imu_info__type_support.cpp.o[0m
[10.998s] [ 64%] [32m[1mLinking CXX shared library librealsense_msgs__rosidl_typesupport_c.so[0m
[11.091s] [ 64%] Built target realsense_msgs__rosidl_typesupport_c
[11.477s] [35m[1mScanning dependencies of target realsense_msgs__rosidl_typesupport_fastrtps_c[0m
[11.510s] [ 67%] [32mBuilding CXX object CMakeFiles/realsense_msgs__rosidl_typesupport_fastrtps_c.dir/rosidl_typesupport_fastrtps_c/realsense_msgs/msg/detail/imu_info__type_support_c.cpp.o[0m
[12.143s] [ 70%] [32m[1mLinking CXX shared library librealsense_msgs__rosidl_typesupport_fastrtps_c.so[0m
[12.325s] [ 70%] Built target realsense_msgs__rosidl_typesupport_fastrtps_c
[12.347s] [35m[1mScanning dependencies of target realsense_msgs[0m
[12.367s] [ 70%] Built target realsense_msgs
[12.387s] [35m[1mScanning dependencies of target realsense_msgs__py[0m
[12.406s] [ 74%] [34m[1mGenerating Python code for ROS interfaces[0m
[13.381s] [ 74%] Built target realsense_msgs__py
[13.405s] [35m[1mScanning dependencies of target realsense_msgs__python[0m
[13.471s] [ 77%] [32mBuilding C object CMakeFiles/realsense_msgs__python.dir/rosidl_generator_py/realsense_msgs/msg/_imu_info_s.c.o[0m
[13.663s] [ 80%] [32m[1mLinking C shared library rosidl_generator_py/realsense_msgs/librealsense_msgs__python.so[0m
[13.763s] [ 80%] Built target realsense_msgs__python
[13.783s] [35m[1mScanning dependencies of target realsense_msgs__rosidl_typesupport_c__pyext[0m
[13.803s] [35m[1mScanning dependencies of target realsense_msgs__rosidl_typesupport_fastrtps_c__pyext[0m
[13.814s] [35m[1mScanning dependencies of target realsense_msgs__rosidl_typesupport_introspection_c__pyext[0m
[13.859s] [ 83%] [32mBuilding C object CMakeFiles/realsense_msgs__rosidl_typesupport_c__pyext.dir/rosidl_generator_py/realsense_msgs/_realsense_msgs_s.ep.rosidl_typesupport_c.c.o[0m
[13.901s] [ 87%] [32mBuilding C object CMakeFiles/realsense_msgs__rosidl_typesupport_fastrtps_c__pyext.dir/rosidl_generator_py/realsense_msgs/_realsense_msgs_s.ep.rosidl_typesupport_fastrtps_c.c.o[0m
[13.925s] [ 90%] [32mBuilding C object CMakeFiles/realsense_msgs__rosidl_typesupport_introspection_c__pyext.dir/rosidl_generator_py/realsense_msgs/_realsense_msgs_s.ep.rosidl_typesupport_introspection_c.c.o[0m
[14.238s] [ 93%] [32m[1mLinking C shared library rosidl_generator_py/realsense_msgs/realsense_msgs_s__rosidl_typesupport_introspection_c.cpython-38-x86_64-linux-gnu.so[0m
[14.264s] [ 96%] [32m[1mLinking C shared library rosidl_generator_py/realsense_msgs/realsense_msgs_s__rosidl_typesupport_c.cpython-38-x86_64-linux-gnu.so[0m
[14.382s] [100%] [32m[1mLinking CXX shared library rosidl_generator_py/realsense_msgs/realsense_msgs_s__rosidl_typesupport_fastrtps_c.cpython-38-x86_64-linux-gnu.so[0m
[14.414s] [100%] Built target realsense_msgs__rosidl_typesupport_c__pyext
[14.425s] [100%] Built target realsense_msgs__rosidl_typesupport_introspection_c__pyext
[14.609s] [100%] Built target realsense_msgs__rosidl_typesupport_fastrtps_c__pyext
[14.634s] Invoked command in '/home/jason/Desktop/zam_ws/build/realsense_msgs' returned '0': CMAKE_PREFIX_PATH=/home/jason/Desktop/zam_ws/install/keyboard_control:/home/jason/Desktop/zam_ws/install/zam_tools:/opt/ros/foxy:${CMAKE_PREFIX_PATH} /usr/bin/cmake --build /home/jason/Desktop/zam_ws/build/realsense_msgs -- -j4 -l4
[14.807s] Invoking command in '/home/jason/Desktop/zam_ws/build/realsense_msgs': CMAKE_PREFIX_PATH=/home/jason/Desktop/zam_ws/install/keyboard_control:/home/jason/Desktop/zam_ws/install/zam_tools:/opt/ros/foxy:${CMAKE_PREFIX_PATH} /usr/bin/cmake --install /home/jason/Desktop/zam_ws/build/realsense_msgs
[14.840s] -- Install configuration: ""
[14.850s] -- Execute custom install script
[14.850s] -- Symlinking: /home/jason/Desktop/zam_ws/install/realsense_msgs/share/ament_index/resource_index/rosidl_interfaces/realsense_msgs
[14.899s] -- Symlinking: /home/jason/Desktop/zam_ws/install/realsense_msgs/include/realsense_msgs/msg/detail/imu_info__functions.h
[14.917s] -- Symlinking: /home/jason/Desktop/zam_ws/install/realsense_msgs/include/realsense_msgs/msg/detail/imu_info__struct.h
[14.936s] -- Symlinking: /home/jason/Desktop/zam_ws/install/realsense_msgs/include/realsense_msgs/msg/detail/imu_info__type_support.h
[14.955s] -- Symlinking: /home/jason/Desktop/zam_ws/install/realsense_msgs/include/realsense_msgs/msg/imu_info.h
[14.978s] -- Symlinking: /home/jason/Desktop/zam_ws/install/realsense_msgs/include/realsense_msgs/msg/rosidl_generator_c__visibility_control.h
[14.998s] -- Symlinking: /home/jason/Desktop/zam_ws/install/realsense_msgs/share/realsense_msgs/environment/library_path.sh
[15.015s] -- Symlinking: /home/jason/Desktop/zam_ws/install/realsense_msgs/share/realsense_msgs/environment/library_path.dsv
[15.036s] -- Symlinking: /home/jason/Desktop/zam_ws/install/realsense_msgs/include/realsense_msgs/msg/detail/imu_info__rosidl_typesupport_fastrtps_c.h
[15.055s] -- Symlinking: /home/jason/Desktop/zam_ws/install/realsense_msgs/include/realsense_msgs/msg/rosidl_typesupport_fastrtps_c__visibility_control.h
[15.078s] -- Symlinking: /home/jason/Desktop/zam_ws/install/realsense_msgs/lib/librealsense_msgs__rosidl_typesupport_fastrtps_c.so
[15.099s] -- Symlinking: /home/jason/Desktop/zam_ws/install/realsense_msgs/include/realsense_msgs/msg/detail/imu_info__rosidl_typesupport_fastrtps_cpp.hpp
[15.121s] -- Symlinking: /home/jason/Desktop/zam_ws/install/realsense_msgs/include/realsense_msgs/msg/rosidl_typesupport_fastrtps_cpp__visibility_control.h
[15.142s] -- Symlinking: /home/jason/Desktop/zam_ws/install/realsense_msgs/lib/librealsense_msgs__rosidl_typesupport_fastrtps_cpp.so
[15.165s] -- Symlinking: /home/jason/Desktop/zam_ws/install/realsense_msgs/include/realsense_msgs/msg/detail/imu_info__rosidl_typesupport_introspection_c.h
[15.187s] -- Symlinking: /home/jason/Desktop/zam_ws/install/realsense_msgs/include/realsense_msgs/msg/rosidl_typesupport_introspection_c__visibility_control.h
[15.209s] -- Symlinking: /home/jason/Desktop/zam_ws/install/realsense_msgs/include/realsense_msgs/msg/detail/imu_info__builder.hpp
[15.231s] -- Symlinking: /home/jason/Desktop/zam_ws/install/realsense_msgs/include/realsense_msgs/msg/detail/imu_info__struct.hpp
[15.249s] -- Symlinking: /home/jason/Desktop/zam_ws/install/realsense_msgs/include/realsense_msgs/msg/detail/imu_info__traits.hpp
[15.268s] -- Symlinking: /home/jason/Desktop/zam_ws/install/realsense_msgs/include/realsense_msgs/msg/imu_info.hpp
[15.287s] -- Symlinking: /home/jason/Desktop/zam_ws/install/realsense_msgs/include/realsense_msgs/msg/detail/imu_info__rosidl_typesupport_introspection_cpp.hpp
[15.312s] -- Symlinking: /home/jason/Desktop/zam_ws/install/realsense_msgs/share/realsense_msgs/environment/pythonpath.sh
[15.330s] -- Symlinking: /home/jason/Desktop/zam_ws/install/realsense_msgs/share/realsense_msgs/environment/pythonpath.dsv
[15.352s] -- Symlinking: /home/jason/Desktop/zam_ws/install/realsense_msgs/lib/python3.8/site-packages/realsense_msgs/__init__.py
[15.372s] -- Symlinking: /home/jason/Desktop/zam_ws/install/realsense_msgs/lib/python3.8/site-packages/realsense_msgs/msg/__init__.py
[15.395s] -- Symlinking: /home/jason/Desktop/zam_ws/install/realsense_msgs/lib/python3.8/site-packages/realsense_msgs/msg/_imu_info.py
[15.415s] -- Symlinking: /home/jason/Desktop/zam_ws/install/realsense_msgs/lib/python3.8/site-packages/realsense_msgs/realsense_msgs_s__rosidl_typesupport_fastrtps_c.cpython-38-x86_64-linux-gnu.so
[15.447s] -- Symlinking: /home/jason/Desktop/zam_ws/install/realsense_msgs/lib/python3.8/site-packages/realsense_msgs/realsense_msgs_s__rosidl_typesupport_introspection_c.cpython-38-x86_64-linux-gnu.so
[15.466s] -- Symlinking: /home/jason/Desktop/zam_ws/install/realsense_msgs/lib/python3.8/site-packages/realsense_msgs/realsense_msgs_s__rosidl_typesupport_c.cpython-38-x86_64-linux-gnu.so
[15.482s] -- Symlinking: /home/jason/Desktop/zam_ws/install/realsense_msgs/lib/librealsense_msgs__python.so
[15.501s] -- Symlinking: /home/jason/Desktop/zam_ws/install/realsense_msgs/share/realsense_msgs/msg/IMUInfo.idl
[15.518s] -- Symlinking: /home/jason/Desktop/zam_ws/install/realsense_msgs/share/realsense_msgs/msg/IMUInfo.msg
[15.544s] -- Symlinking: /home/jason/Desktop/zam_ws/install/realsense_msgs/share/ament_index/resource_index/package_run_dependencies/realsense_msgs
[15.574s] -- Symlinking: /home/jason/Desktop/zam_ws/install/realsense_msgs/share/ament_index/resource_index/parent_prefix_path/realsense_msgs
[15.588s] -- Symlinking: /home/jason/Desktop/zam_ws/install/realsense_msgs/share/realsense_msgs/environment/ament_prefix_path.sh
[15.610s] -- Symlinking: /home/jason/Desktop/zam_ws/install/realsense_msgs/share/realsense_msgs/environment/ament_prefix_path.dsv
[15.628s] -- Symlinking: /home/jason/Desktop/zam_ws/install/realsense_msgs/share/realsense_msgs/environment/path.sh
[15.647s] -- Symlinking: /home/jason/Desktop/zam_ws/install/realsense_msgs/share/realsense_msgs/environment/path.dsv
[15.663s] -- Symlinking: /home/jason/Desktop/zam_ws/install/realsense_msgs/share/realsense_msgs/local_setup.bash
[15.700s] -- Symlinking: /home/jason/Desktop/zam_ws/install/realsense_msgs/share/realsense_msgs/local_setup.sh
[15.746s] -- Symlinking: /home/jason/Desktop/zam_ws/install/realsense_msgs/share/realsense_msgs/local_setup.zsh
[15.785s] -- Symlinking: /home/jason/Desktop/zam_ws/install/realsense_msgs/share/realsense_msgs/local_setup.dsv
[15.825s] -- Symlinking: /home/jason/Desktop/zam_ws/install/realsense_msgs/share/realsense_msgs/package.dsv
[15.861s] -- Symlinking: /home/jason/Desktop/zam_ws/install/realsense_msgs/share/ament_index/resource_index/packages/realsense_msgs
[15.892s] -- Symlinking: /home/jason/Desktop/zam_ws/install/realsense_msgs/share/realsense_msgs/cmake/rosidl_cmake-extras.cmake
[15.923s] -- Symlinking: /home/jason/Desktop/zam_ws/install/realsense_msgs/share/realsense_msgs/cmake/ament_cmake_export_dependencies-extras.cmake
[15.947s] -- Symlinking: /home/jason/Desktop/zam_ws/install/realsense_msgs/share/realsense_msgs/cmake/ament_cmake_export_libraries-extras.cmake
[15.969s] -- Symlinking: /home/jason/Desktop/zam_ws/install/realsense_msgs/share/realsense_msgs/cmake/ament_cmake_export_targets-extras.cmake
[15.991s] -- Symlinking: /home/jason/Desktop/zam_ws/install/realsense_msgs/share/realsense_msgs/cmake/ament_cmake_export_include_directories-extras.cmake
[16.013s] -- Symlinking: /home/jason/Desktop/zam_ws/install/realsense_msgs/share/realsense_msgs/cmake/rosidl_cmake_export_typesupport_libraries-extras.cmake
[16.033s] -- Symlinking: /home/jason/Desktop/zam_ws/install/realsense_msgs/share/realsense_msgs/cmake/rosidl_cmake_export_typesupport_targets-extras.cmake
[16.056s] -- Symlinking: /home/jason/Desktop/zam_ws/install/realsense_msgs/share/realsense_msgs/cmake/realsense_msgsConfig.cmake
[16.074s] -- Symlinking: /home/jason/Desktop/zam_ws/install/realsense_msgs/share/realsense_msgs/cmake/realsense_msgsConfig-version.cmake
[16.098s] -- Symlinking: /home/jason/Desktop/zam_ws/install/realsense_msgs/share/realsense_msgs/package.xml
[16.116s] -- Installing: /home/jason/Desktop/zam_ws/install/realsense_msgs/lib/librealsense_msgs__rosidl_generator_c.so
[16.116s] -- Set runtime path of "/home/jason/Desktop/zam_ws/install/realsense_msgs/lib/librealsense_msgs__rosidl_generator_c.so" to ""
[16.116s] -- Installing: /home/jason/Desktop/zam_ws/install/realsense_msgs/lib/librealsense_msgs__rosidl_typesupport_introspection_c.so
[16.117s] -- Set runtime path of "/home/jason/Desktop/zam_ws/install/realsense_msgs/lib/librealsense_msgs__rosidl_typesupport_introspection_c.so" to ""
[16.117s] -- Installing: /home/jason/Desktop/zam_ws/install/realsense_msgs/lib/librealsense_msgs__rosidl_typesupport_c.so
[16.118s] -- Set runtime path of "/home/jason/Desktop/zam_ws/install/realsense_msgs/lib/librealsense_msgs__rosidl_typesupport_c.so" to ""
[16.118s] -- Installing: /home/jason/Desktop/zam_ws/install/realsense_msgs/lib/librealsense_msgs__rosidl_typesupport_introspection_cpp.so
[16.118s] -- Set runtime path of "/home/jason/Desktop/zam_ws/install/realsense_msgs/lib/librealsense_msgs__rosidl_typesupport_introspection_cpp.so" to ""
[16.119s] -- Installing: /home/jason/Desktop/zam_ws/install/realsense_msgs/lib/librealsense_msgs__rosidl_typesupport_cpp.so
[16.119s] -- Set runtime path of "/home/jason/Desktop/zam_ws/install/realsense_msgs/lib/librealsense_msgs__rosidl_typesupport_cpp.so" to ""
[16.196s] Compiling '/home/jason/Desktop/zam_ws/install/realsense_msgs/lib/python3.8/site-packages/realsense_msgs/__init__.py'...
[16.197s] -- Installing: /home/jason/Desktop/zam_ws/install/realsense_msgs/share/realsense_msgs/cmake/realsense_msgs__rosidl_generator_cExport.cmake
[16.197s] -- Installing: /home/jason/Desktop/zam_ws/install/realsense_msgs/share/realsense_msgs/cmake/realsense_msgs__rosidl_generator_cExport-noconfig.cmake
[16.197s] -- Installing: /home/jason/Desktop/zam_ws/install/realsense_msgs/share/realsense_msgs/cmake/realsense_msgs__rosidl_typesupport_introspection_cExport.cmake
[16.198s] -- Installing: /home/jason/Desktop/zam_ws/install/realsense_msgs/share/realsense_msgs/cmake/realsense_msgs__rosidl_typesupport_introspection_cExport-noconfig.cmake
[16.198s] -- Installing: /home/jason/Desktop/zam_ws/install/realsense_msgs/share/realsense_msgs/cmake/realsense_msgs__rosidl_typesupport_cExport.cmake
[16.198s] -- Installing: /home/jason/Desktop/zam_ws/install/realsense_msgs/share/realsense_msgs/cmake/realsense_msgs__rosidl_typesupport_cExport-noconfig.cmake
[16.199s] -- Installing: /home/jason/Desktop/zam_ws/install/realsense_msgs/share/realsense_msgs/cmake/realsense_msgs__rosidl_generator_cppExport.cmake
[16.199s] -- Installing: /home/jason/Desktop/zam_ws/install/realsense_msgs/share/realsense_msgs/cmake/realsense_msgs__rosidl_typesupport_introspection_cppExport.cmake
[16.199s] -- Installing: /home/jason/Desktop/zam_ws/install/realsense_msgs/share/realsense_msgs/cmake/realsense_msgs__rosidl_typesupport_introspection_cppExport-noconfig.cmake
[16.200s] -- Installing: /home/jason/Desktop/zam_ws/install/realsense_msgs/share/realsense_msgs/cmake/realsense_msgs__rosidl_typesupport_cppExport.cmake
[16.200s] -- Installing: /home/jason/Desktop/zam_ws/install/realsense_msgs/share/realsense_msgs/cmake/realsense_msgs__rosidl_typesupport_cppExport-noconfig.cmake
[16.215s] Invoked command in '/home/jason/Desktop/zam_ws/build/realsense_msgs' returned '0': CMAKE_PREFIX_PATH=/home/jason/Desktop/zam_ws/install/keyboard_control:/home/jason/Desktop/zam_ws/install/zam_tools:/opt/ros/foxy:${CMAKE_PREFIX_PATH} /usr/bin/cmake --install /home/jason/Desktop/zam_ws/build/realsense_msgs
