[0.027s] Invoking command in '/home/jason/Desktop/zam_ws/build/realsense_node': AMENT_PREFIX_PATH=/home/jason/Desktop/zam_ws/install/realsense_ros:/home/jason/Desktop/zam_ws/install/realsense_msgs:${AMENT_PREFIX_PATH} CMAKE_PREFIX_PATH=/home/jason/Desktop/zam_ws/install/realsense_ros:/home/jason/Desktop/zam_ws/install/realsense_msgs:/home/jason/Desktop/zam_ws/install/keyboard_control:/home/jason/Desktop/zam_ws/install/zam_tools:/opt/ros/foxy:${CMAKE_PREFIX_PATH} LD_LIBRARY_PATH=/home/jason/Desktop/zam_ws/install/realsense_ros/lib:/home/jason/Desktop/zam_ws/install/realsense_msgs/lib:${LD_LIBRARY_PATH} PYTHONPATH=/home/jason/Desktop/zam_ws/install/realsense_msgs/lib/python3.8/site-packages:${PYTHONPATH} /usr/bin/cmake /home/jason/Desktop/zam_ws/src/ros2_intel_realsense/realsense_node -DAMENT_CMAKE_SYMLINK_INSTALL=1 -DCMAKE_INSTALL_PREFIX=/home/jason/Desktop/zam_ws/install/realsense_node
[0.094s] -- The C compiler identification is GNU 9.4.0
[0.166s] -- The CXX compiler identification is GNU 9.4.0
[0.172s] -- Check for working C compiler: /usr/bin/cc
[0.282s] -- Check for working C compiler: /usr/bin/cc -- works
[0.283s] -- Detecting C compiler ABI info
[0.415s] -- Detecting C compiler ABI info - done
[0.439s] -- Detecting C compile features
[0.440s] -- Detecting C compile features - done
[0.446s] -- Check for working CXX compiler: /usr/bin/c++
[0.601s] -- Check for working CXX compiler: /usr/bin/c++ -- works
[0.603s] -- Detecting CXX compiler ABI info
[0.748s] -- Detecting CXX compiler ABI info - done
[0.766s] -- Detecting CXX compile features
[0.767s] -- Detecting CXX compile features - done
[0.768s] -- Create Debug Build.
[0.772s] -- Found ament_cmake: 0.9.11 (/opt/ros/foxy/share/ament_cmake/cmake)
[0.835s] -- Found PythonInterp: /usr/bin/python3 (found suitable version "3.8.10", minimum required is "3") 
[0.835s] -- Using PYTHON_EXECUTABLE: /usr/bin/python3
[1.070s] -- Override CMake install command with custom implementation using symlinks instead of copying resources
[1.105s] -- Found rclcpp: 2.4.2 (/opt/ros/foxy/share/rclcpp/cmake)
[1.173s] -- Using all available rosidl_typesupport_c: rosidl_typesupport_fastrtps_c;rosidl_typesupport_introspection_c
[1.183s] -- Found rosidl_adapter: 1.3.0 (/opt/ros/foxy/share/rosidl_adapter/cmake)
[1.331s] -- Found OpenSSL: /usr/lib/x86_64-linux-gnu/libcrypto.so (found version "1.1.1f")  
[1.382s] -- Found FastRTPS: /opt/ros/foxy/include  
[1.495s] -- Using all available rosidl_typesupport_cpp: rosidl_typesupport_fastrtps_cpp;rosidl_typesupport_introspection_cpp
[1.572s] -- Found rmw_implementation_cmake: 1.0.3 (/opt/ros/foxy/share/rmw_implementation_cmake/cmake)
[1.575s] -- Using RMW implementation 'rmw_fastrtps_cpp' as default
[1.577s] -- Looking for pthread.h
[1.683s] -- Looking for pthread.h - found
[1.683s] -- Performing Test CMAKE_HAVE_LIBC_PTHREAD
[1.801s] -- Performing Test CMAKE_HAVE_LIBC_PTHREAD - Failed
[1.801s] -- Looking for pthread_create in pthreads
[1.897s] -- Looking for pthread_create in pthreads - not found
[1.897s] -- Looking for pthread_create in pthread
[2.012s] -- Looking for pthread_create in pthread - found
[2.012s] -- Found Threads: TRUE  
[2.207s] -- Found nav_msgs: 2.0.5 (/opt/ros/foxy/share/nav_msgs/cmake)
[2.430s] -- Found sensor_msgs: 2.0.5 (/opt/ros/foxy/share/sensor_msgs/cmake)
[2.573s] -- Found OpenCV: /usr (found version "4.2.0") 
[2.576s] -- Found tf2: 0.13.13 (/opt/ros/foxy/share/tf2/cmake)
[2.597s] -- Found tf2_ros: 0.13.13 (/opt/ros/foxy/share/tf2_ros/cmake)
[3.036s] -- Found realsense_ros: 2.0.8 (/home/jason/Desktop/zam_ws/install/realsense_ros/share/realsense_ros/cmake)
[3.038s] -- Found realsense_msgs: 2.0.8 (/home/jason/Desktop/zam_ws/install/realsense_msgs/share/realsense_msgs/cmake)
[3.079s] -- Found ament_lint_auto: 0.9.7 (/opt/ros/foxy/share/ament_lint_auto/cmake)
[3.178s] -- Added test 'copyright' to check source files copyright and LICENSE
[3.178s] -- Added test 'cppcheck' to perform static code analysis on C / C++ code
[3.179s] -- Configured cppcheck include dirs: /home/jason/Desktop/zam_ws/src/ros2_intel_realsense/realsense_node/include
[3.179s] -- Configured cppcheck exclude dirs and/or files: 
[3.180s] -- Added test 'cpplint' to check C / C++ code against the Google style
[3.181s] -- Configured cpplint exclude dirs and/or files: 
[3.181s] -- Added test 'lint_cmake' to check CMake code style
[3.183s] -- Added test 'uncrustify' to check C / C++ code style
[3.183s] -- Configured uncrustify additional arguments: 
[3.184s] -- Added test 'xmllint' to check XML markup files
[3.190s] -- Configuring done
[3.230s] -- Generating done
[3.233s] -- Build files have been written to: /home/jason/Desktop/zam_ws/build/realsense_node
[3.256s] Invoked command in '/home/jason/Desktop/zam_ws/build/realsense_node' returned '0': AMENT_PREFIX_PATH=/home/jason/Desktop/zam_ws/install/realsense_ros:/home/jason/Desktop/zam_ws/install/realsense_msgs:${AMENT_PREFIX_PATH} CMAKE_PREFIX_PATH=/home/jason/Desktop/zam_ws/install/realsense_ros:/home/jason/Desktop/zam_ws/install/realsense_msgs:/home/jason/Desktop/zam_ws/install/keyboard_control:/home/jason/Desktop/zam_ws/install/zam_tools:/opt/ros/foxy:${CMAKE_PREFIX_PATH} LD_LIBRARY_PATH=/home/jason/Desktop/zam_ws/install/realsense_ros/lib:/home/jason/Desktop/zam_ws/install/realsense_msgs/lib:${LD_LIBRARY_PATH} PYTHONPATH=/home/jason/Desktop/zam_ws/install/realsense_msgs/lib/python3.8/site-packages:${PYTHONPATH} /usr/bin/cmake /home/jason/Desktop/zam_ws/src/ros2_intel_realsense/realsense_node -DAMENT_CMAKE_SYMLINK_INSTALL=1 -DCMAKE_INSTALL_PREFIX=/home/jason/Desktop/zam_ws/install/realsense_node
[3.259s] Invoking command in '/home/jason/Desktop/zam_ws/build/realsense_node': AMENT_PREFIX_PATH=/home/jason/Desktop/zam_ws/install/realsense_ros:/home/jason/Desktop/zam_ws/install/realsense_msgs:${AMENT_PREFIX_PATH} CMAKE_PREFIX_PATH=/home/jason/Desktop/zam_ws/install/realsense_ros:/home/jason/Desktop/zam_ws/install/realsense_msgs:/home/jason/Desktop/zam_ws/install/keyboard_control:/home/jason/Desktop/zam_ws/install/zam_tools:/opt/ros/foxy:${CMAKE_PREFIX_PATH} LD_LIBRARY_PATH=/home/jason/Desktop/zam_ws/install/realsense_ros/lib:/home/jason/Desktop/zam_ws/install/realsense_msgs/lib:${LD_LIBRARY_PATH} PYTHONPATH=/home/jason/Desktop/zam_ws/install/realsense_msgs/lib/python3.8/site-packages:${PYTHONPATH} /usr/bin/cmake --build /home/jason/Desktop/zam_ws/build/realsense_node -- -j4 -l4
[3.325s] [35m[1mScanning dependencies of target realsense_node[0m
[3.420s] [ 50%] [32mBuilding CXX object CMakeFiles/realsense_node.dir/src/realsense_node.cpp.o[0m
[7.422s] [100%] [32m[1mLinking CXX executable realsense_node[0m
[7.823s] [100%] Built target realsense_node
[7.837s] Invoked command in '/home/jason/Desktop/zam_ws/build/realsense_node' returned '0': AMENT_PREFIX_PATH=/home/jason/Desktop/zam_ws/install/realsense_ros:/home/jason/Desktop/zam_ws/install/realsense_msgs:${AMENT_PREFIX_PATH} CMAKE_PREFIX_PATH=/home/jason/Desktop/zam_ws/install/realsense_ros:/home/jason/Desktop/zam_ws/install/realsense_msgs:/home/jason/Desktop/zam_ws/install/keyboard_control:/home/jason/Desktop/zam_ws/install/zam_tools:/opt/ros/foxy:${CMAKE_PREFIX_PATH} LD_LIBRARY_PATH=/home/jason/Desktop/zam_ws/install/realsense_ros/lib:/home/jason/Desktop/zam_ws/install/realsense_msgs/lib:${LD_LIBRARY_PATH} PYTHONPATH=/home/jason/Desktop/zam_ws/install/realsense_msgs/lib/python3.8/site-packages:${PYTHONPATH} /usr/bin/cmake --build /home/jason/Desktop/zam_ws/build/realsense_node -- -j4 -l4
[7.868s] Invoking command in '/home/jason/Desktop/zam_ws/build/realsense_node': AMENT_PREFIX_PATH=/home/jason/Desktop/zam_ws/install/realsense_ros:/home/jason/Desktop/zam_ws/install/realsense_msgs:${AMENT_PREFIX_PATH} CMAKE_PREFIX_PATH=/home/jason/Desktop/zam_ws/install/realsense_ros:/home/jason/Desktop/zam_ws/install/realsense_msgs:/home/jason/Desktop/zam_ws/install/keyboard_control:/home/jason/Desktop/zam_ws/install/zam_tools:/opt/ros/foxy:${CMAKE_PREFIX_PATH} LD_LIBRARY_PATH=/home/jason/Desktop/zam_ws/install/realsense_ros/lib:/home/jason/Desktop/zam_ws/install/realsense_msgs/lib:${LD_LIBRARY_PATH} PYTHONPATH=/home/jason/Desktop/zam_ws/install/realsense_msgs/lib/python3.8/site-packages:${PYTHONPATH} /usr/bin/cmake --install /home/jason/Desktop/zam_ws/build/realsense_node
[7.878s] -- Install configuration: ""
[7.878s] -- Execute custom install script
[7.879s] -- Symlinking: /home/jason/Desktop/zam_ws/install/realsense_node/lib/realsense_node/realsense_node
[7.890s] -- Symlinking: /home/jason/Desktop/zam_ws/install/realsense_node/bin/realsense_node
[7.901s] -- Symlinking: /home/jason/Desktop/zam_ws/install/realsense_node/share/ament_index/resource_index/package_run_dependencies/realsense_node
[7.914s] -- Symlinking: /home/jason/Desktop/zam_ws/install/realsense_node/share/ament_index/resource_index/parent_prefix_path/realsense_node
[7.925s] -- Symlinking: /home/jason/Desktop/zam_ws/install/realsense_node/share/realsense_node/environment/ament_prefix_path.sh
[7.937s] -- Symlinking: /home/jason/Desktop/zam_ws/install/realsense_node/share/realsense_node/environment/ament_prefix_path.dsv
[7.948s] -- Symlinking: /home/jason/Desktop/zam_ws/install/realsense_node/share/realsense_node/environment/path.sh
[7.959s] -- Symlinking: /home/jason/Desktop/zam_ws/install/realsense_node/share/realsense_node/environment/path.dsv
[7.970s] -- Symlinking: /home/jason/Desktop/zam_ws/install/realsense_node/share/realsense_node/local_setup.bash
[7.982s] -- Symlinking: /home/jason/Desktop/zam_ws/install/realsense_node/share/realsense_node/local_setup.sh
[7.993s] -- Symlinking: /home/jason/Desktop/zam_ws/install/realsense_node/share/realsense_node/local_setup.zsh
[8.005s] -- Symlinking: /home/jason/Desktop/zam_ws/install/realsense_node/share/realsense_node/local_setup.dsv
[8.018s] -- Symlinking: /home/jason/Desktop/zam_ws/install/realsense_node/share/realsense_node/package.dsv
[8.032s] -- Symlinking: /home/jason/Desktop/zam_ws/install/realsense_node/share/ament_index/resource_index/packages/realsense_node
[8.050s] -- Symlinking: /home/jason/Desktop/zam_ws/install/realsense_node/share/realsense_node/cmake/realsense_nodeConfig.cmake
[8.063s] -- Symlinking: /home/jason/Desktop/zam_ws/install/realsense_node/share/realsense_node/cmake/realsense_nodeConfig-version.cmake
[8.080s] -- Symlinking: /home/jason/Desktop/zam_ws/install/realsense_node/share/realsense_node/package.xml
[8.108s] Invoked command in '/home/jason/Desktop/zam_ws/build/realsense_node' returned '0': AMENT_PREFIX_PATH=/home/jason/Desktop/zam_ws/install/realsense_ros:/home/jason/Desktop/zam_ws/install/realsense_msgs:${AMENT_PREFIX_PATH} CMAKE_PREFIX_PATH=/home/jason/Desktop/zam_ws/install/realsense_ros:/home/jason/Desktop/zam_ws/install/realsense_msgs:/home/jason/Desktop/zam_ws/install/keyboard_control:/home/jason/Desktop/zam_ws/install/zam_tools:/opt/ros/foxy:${CMAKE_PREFIX_PATH} LD_LIBRARY_PATH=/home/jason/Desktop/zam_ws/install/realsense_ros/lib:/home/jason/Desktop/zam_ws/install/realsense_msgs/lib:${LD_LIBRARY_PATH} PYTHONPATH=/home/jason/Desktop/zam_ws/install/realsense_msgs/lib/python3.8/site-packages:${PYTHONPATH} /usr/bin/cmake --install /home/jason/Desktop/zam_ws/build/realsense_node
