[0.054s] Invoking command in '/home/jason/Desktop/zam_ws/build/launches': CMAKE_PREFIX_PATH=${CMAKE_PREFIX_PATH}:/home/jason/Desktop/zam_ws/install/zam_tools:/home/jason/Desktop/zam_ws/install/keyboard_control:/opt/ros/foxy /usr/bin/cmake --build /home/jason/Desktop/zam_ws/build/launches -- -j4 -l4
[0.189s] Invoked command in '/home/jason/Desktop/zam_ws/build/launches' returned '0': CMAKE_PREFIX_PATH=${CMAKE_PREFIX_PATH}:/home/jason/Desktop/zam_ws/install/zam_tools:/home/jason/Desktop/zam_ws/install/keyboard_control:/opt/ros/foxy /usr/bin/cmake --build /home/jason/Desktop/zam_ws/build/launches -- -j4 -l4
[0.327s] Invoking command in '/home/jason/Desktop/zam_ws/build/launches': CMAKE_PREFIX_PATH=${CMAKE_PREFIX_PATH}:/home/jason/Desktop/zam_ws/install/zam_tools:/home/jason/Desktop/zam_ws/install/keyboard_control:/opt/ros/foxy /usr/bin/cmake --install /home/jason/Desktop/zam_ws/build/launches
[0.349s] -- Install configuration: ""
[0.349s] -- Execute custom install script
[0.349s] -- Up-to-date symlink: /home/jason/Desktop/zam_ws/install/launches/share/launches/launch/click_launch.py
[0.349s] -- Up-to-date symlink: /home/jason/Desktop/zam_ws/install/launches/share/launches/launch/default_launch.py
[0.349s] -- Up-to-date symlink: /home/jason/Desktop/zam_ws/install/launches/share/launches/launch/launch2.py
[0.350s] -- Up-to-date symlink: /home/jason/Desktop/zam_ws/install/launches/share/launches/launch/launch3.py
[0.351s] -- Up-to-date symlink: /home/jason/Desktop/zam_ws/install/launches/share/ament_index/resource_index/package_run_dependencies/launches
[0.351s] -- Up-to-date symlink: /home/jason/Desktop/zam_ws/install/launches/share/ament_index/resource_index/parent_prefix_path/launches
[0.351s] -- Up-to-date symlink: /home/jason/Desktop/zam_ws/install/launches/share/launches/environment/ament_prefix_path.sh
[0.351s] -- Up-to-date symlink: /home/jason/Desktop/zam_ws/install/launches/share/launches/environment/ament_prefix_path.dsv
[0.352s] -- Up-to-date symlink: /home/jason/Desktop/zam_ws/install/launches/share/launches/environment/path.sh
[0.353s] -- Up-to-date symlink: /home/jason/Desktop/zam_ws/install/launches/share/launches/environment/path.dsv
[0.358s] -- Up-to-date symlink: /home/jason/Desktop/zam_ws/install/launches/share/launches/local_setup.bash
[0.359s] -- Up-to-date symlink: /home/jason/Desktop/zam_ws/install/launches/share/launches/local_setup.sh
[0.361s] -- Up-to-date symlink: /home/jason/Desktop/zam_ws/install/launches/share/launches/local_setup.zsh
[0.362s] -- Up-to-date symlink: /home/jason/Desktop/zam_ws/install/launches/share/launches/local_setup.dsv
[0.363s] -- Symlinking: /home/jason/Desktop/zam_ws/install/launches/share/launches/package.dsv
[0.379s] -- Up-to-date symlink: /home/jason/Desktop/zam_ws/install/launches/share/ament_index/resource_index/packages/launches
[0.380s] -- Up-to-date symlink: /home/jason/Desktop/zam_ws/install/launches/share/launches/cmake/launchesConfig.cmake
[0.380s] -- Up-to-date symlink: /home/jason/Desktop/zam_ws/install/launches/share/launches/cmake/launchesConfig-version.cmake
[0.380s] -- Up-to-date symlink: /home/jason/Desktop/zam_ws/install/launches/share/launches/package.xml
[0.390s] Invoked command in '/home/jason/Desktop/zam_ws/build/launches' returned '0': CMAKE_PREFIX_PATH=${CMAKE_PREFIX_PATH}:/home/jason/Desktop/zam_ws/install/zam_tools:/home/jason/Desktop/zam_ws/install/keyboard_control:/opt/ros/foxy /usr/bin/cmake --install /home/jason/Desktop/zam_ws/build/launches
