[0.081s] Invoking command in '/home/jason/Desktop/zam_ws/build/realsense2_camera_msgs': CMAKE_PREFIX_PATH=${CMAKE_PREFIX_PATH}:/opt/ros/foxy /usr/bin/cmake --build /home/jason/Desktop/zam_ws/build/realsense2_camera_msgs -- -j4 -l4
[0.259s] [ 10%] Built target realsense2_camera_msgs__rosidl_generator_c
[0.284s] [ 12%] Built target realsense2_camera_msgs__cpp
[0.334s] [ 23%] Built target realsense2_camera_msgs__rosidl_typesupport_introspection_c
[0.390s] [ 34%] Built target realsense2_camera_msgs__rosidl_typesupport_c
[0.420s] [ 45%] Built target realsense2_camera_msgs__rosidl_typesupport_fastrtps_cpp
[0.421s] [ 56%] Built target realsense2_camera_msgs__rosidl_typesupport_cpp
[0.439s] [ 67%] Built target realsense2_camera_msgs__rosidl_typesupport_introspection_cpp
[0.530s] [ 78%] Built target realsense2_camera_msgs__rosidl_typesupport_fastrtps_c
[0.575s] [ 78%] Built target realsense2_camera_msgs
[0.644s] [ 80%] Built target realsense2_camera_msgs__py
[0.754s] [ 89%] Built target realsense2_camera_msgs__python
[0.890s] [ 92%] Built target realsense2_camera_msgs__rosidl_typesupport_introspection_c__pyext
[0.895s] [ 96%] Built target realsense2_camera_msgs__rosidl_typesupport_fastrtps_c__pyext
[0.899s] [100%] Built target realsense2_camera_msgs__rosidl_typesupport_c__pyext
[0.957s] Invoked command in '/home/jason/Desktop/zam_ws/build/realsense2_camera_msgs' returned '0': CMAKE_PREFIX_PATH=${CMAKE_PREFIX_PATH}:/opt/ros/foxy /usr/bin/cmake --build /home/jason/Desktop/zam_ws/build/realsense2_camera_msgs -- -j4 -l4
[1.311s] Invoking command in '/home/jason/Desktop/zam_ws/build/realsense2_camera_msgs': CMAKE_PREFIX_PATH=${CMAKE_PREFIX_PATH}:/opt/ros/foxy /usr/bin/cmake --install /home/jason/Desktop/zam_ws/build/realsense2_camera_msgs
[1.332s] -- Install configuration: ""
[1.333s] -- Execute custom install script
[1.334s] -- Up-to-date symlink: /home/jason/Desktop/zam_ws/install/realsense2_camera_msgs/share/ament_index/resource_index/rosidl_interfaces/realsense2_camera_msgs
[1.338s] -- Up-to-date symlink: /home/jason/Desktop/zam_ws/install/realsense2_camera_msgs/include/realsense2_camera_msgs/msg/detail/extrinsics__functions.h
[1.339s] -- Up-to-date symlink: /home/jason/Desktop/zam_ws/install/realsense2_camera_msgs/include/realsense2_camera_msgs/msg/detail/extrinsics__struct.h
[1.339s] -- Up-to-date symlink: /home/jason/Desktop/zam_ws/install/realsense2_camera_msgs/include/realsense2_camera_msgs/msg/detail/extrinsics__type_support.h
[1.339s] -- Up-to-date symlink: /home/jason/Desktop/zam_ws/install/realsense2_camera_msgs/include/realsense2_camera_msgs/msg/detail/imu_info__functions.h
[1.340s] -- Up-to-date symlink: /home/jason/Desktop/zam_ws/install/realsense2_camera_msgs/include/realsense2_camera_msgs/msg/detail/imu_info__struct.h
[1.340s] -- Up-to-date symlink: /home/jason/Desktop/zam_ws/install/realsense2_camera_msgs/include/realsense2_camera_msgs/msg/detail/imu_info__type_support.h
[1.340s] -- Up-to-date symlink: /home/jason/Desktop/zam_ws/install/realsense2_camera_msgs/include/realsense2_camera_msgs/msg/detail/metadata__functions.h
[1.340s] -- Up-to-date symlink: /home/jason/Desktop/zam_ws/install/realsense2_camera_msgs/include/realsense2_camera_msgs/msg/detail/metadata__struct.h
[1.340s] -- Up-to-date symlink: /home/jason/Desktop/zam_ws/install/realsense2_camera_msgs/include/realsense2_camera_msgs/msg/detail/metadata__type_support.h
[1.340s] -- Up-to-date symlink: /home/jason/Desktop/zam_ws/install/realsense2_camera_msgs/include/realsense2_camera_msgs/msg/extrinsics.h
[1.341s] -- Up-to-date symlink: /home/jason/Desktop/zam_ws/install/realsense2_camera_msgs/include/realsense2_camera_msgs/msg/imu_info.h
[1.341s] -- Up-to-date symlink: /home/jason/Desktop/zam_ws/install/realsense2_camera_msgs/include/realsense2_camera_msgs/msg/metadata.h
[1.341s] -- Up-to-date symlink: /home/jason/Desktop/zam_ws/install/realsense2_camera_msgs/include/realsense2_camera_msgs/msg/rosidl_generator_c__visibility_control.h
[1.341s] -- Up-to-date symlink: /home/jason/Desktop/zam_ws/install/realsense2_camera_msgs/include/realsense2_camera_msgs/srv/detail/device_info__functions.h
[1.341s] -- Up-to-date symlink: /home/jason/Desktop/zam_ws/install/realsense2_camera_msgs/include/realsense2_camera_msgs/srv/detail/device_info__struct.h
[1.341s] -- Up-to-date symlink: /home/jason/Desktop/zam_ws/install/realsense2_camera_msgs/include/realsense2_camera_msgs/srv/detail/device_info__type_support.h
[1.342s] -- Up-to-date symlink: /home/jason/Desktop/zam_ws/install/realsense2_camera_msgs/include/realsense2_camera_msgs/srv/device_info.h
[1.342s] -- Up-to-date symlink: /home/jason/Desktop/zam_ws/install/realsense2_camera_msgs/share/realsense2_camera_msgs/environment/library_path.sh
[1.342s] -- Up-to-date symlink: /home/jason/Desktop/zam_ws/install/realsense2_camera_msgs/share/realsense2_camera_msgs/environment/library_path.dsv
[1.344s] -- Up-to-date symlink: /home/jason/Desktop/zam_ws/install/realsense2_camera_msgs/include/realsense2_camera_msgs/msg/detail/extrinsics__rosidl_typesupport_fastrtps_c.h
[1.344s] -- Up-to-date symlink: /home/jason/Desktop/zam_ws/install/realsense2_camera_msgs/include/realsense2_camera_msgs/msg/detail/imu_info__rosidl_typesupport_fastrtps_c.h
[1.344s] -- Up-to-date symlink: /home/jason/Desktop/zam_ws/install/realsense2_camera_msgs/include/realsense2_camera_msgs/msg/detail/metadata__rosidl_typesupport_fastrtps_c.h
[1.344s] -- Up-to-date symlink: /home/jason/Desktop/zam_ws/install/realsense2_camera_msgs/include/realsense2_camera_msgs/msg/rosidl_typesupport_fastrtps_c__visibility_control.h
[1.345s] -- Up-to-date symlink: /home/jason/Desktop/zam_ws/install/realsense2_camera_msgs/include/realsense2_camera_msgs/srv/detail/device_info__rosidl_typesupport_fastrtps_c.h
[1.345s] -- Up-to-date symlink: /home/jason/Desktop/zam_ws/install/realsense2_camera_msgs/lib/librealsense2_camera_msgs__rosidl_typesupport_fastrtps_c.so
[1.349s] -- Up-to-date symlink: /home/jason/Desktop/zam_ws/install/realsense2_camera_msgs/include/realsense2_camera_msgs/msg/detail/extrinsics__rosidl_typesupport_fastrtps_cpp.hpp
[1.349s] -- Up-to-date symlink: /home/jason/Desktop/zam_ws/install/realsense2_camera_msgs/include/realsense2_camera_msgs/msg/detail/imu_info__rosidl_typesupport_fastrtps_cpp.hpp
[1.350s] -- Up-to-date symlink: /home/jason/Desktop/zam_ws/install/realsense2_camera_msgs/include/realsense2_camera_msgs/msg/detail/metadata__rosidl_typesupport_fastrtps_cpp.hpp
[1.350s] -- Up-to-date symlink: /home/jason/Desktop/zam_ws/install/realsense2_camera_msgs/include/realsense2_camera_msgs/msg/rosidl_typesupport_fastrtps_cpp__visibility_control.h
[1.350s] -- Up-to-date symlink: /home/jason/Desktop/zam_ws/install/realsense2_camera_msgs/include/realsense2_camera_msgs/srv/detail/device_info__rosidl_typesupport_fastrtps_cpp.hpp
[1.350s] -- Up-to-date symlink: /home/jason/Desktop/zam_ws/install/realsense2_camera_msgs/lib/librealsense2_camera_msgs__rosidl_typesupport_fastrtps_cpp.so
[1.350s] -- Up-to-date symlink: /home/jason/Desktop/zam_ws/install/realsense2_camera_msgs/include/realsense2_camera_msgs/msg/detail/extrinsics__rosidl_typesupport_introspection_c.h
[1.350s] -- Up-to-date symlink: /home/jason/Desktop/zam_ws/install/realsense2_camera_msgs/include/realsense2_camera_msgs/msg/detail/imu_info__rosidl_typesupport_introspection_c.h
[1.351s] -- Up-to-date symlink: /home/jason/Desktop/zam_ws/install/realsense2_camera_msgs/include/realsense2_camera_msgs/msg/detail/metadata__rosidl_typesupport_introspection_c.h
[1.351s] -- Up-to-date symlink: /home/jason/Desktop/zam_ws/install/realsense2_camera_msgs/include/realsense2_camera_msgs/msg/rosidl_typesupport_introspection_c__visibility_control.h
[1.351s] -- Up-to-date symlink: /home/jason/Desktop/zam_ws/install/realsense2_camera_msgs/include/realsense2_camera_msgs/srv/detail/device_info__rosidl_typesupport_introspection_c.h
[1.353s] -- Up-to-date symlink: /home/jason/Desktop/zam_ws/install/realsense2_camera_msgs/include/realsense2_camera_msgs/msg/detail/extrinsics__builder.hpp
[1.354s] -- Up-to-date symlink: /home/jason/Desktop/zam_ws/install/realsense2_camera_msgs/include/realsense2_camera_msgs/msg/detail/extrinsics__struct.hpp
[1.354s] -- Up-to-date symlink: /home/jason/Desktop/zam_ws/install/realsense2_camera_msgs/include/realsense2_camera_msgs/msg/detail/extrinsics__traits.hpp
[1.354s] -- Up-to-date symlink: /home/jason/Desktop/zam_ws/install/realsense2_camera_msgs/include/realsense2_camera_msgs/msg/detail/imu_info__builder.hpp
[1.355s] -- Up-to-date symlink: /home/jason/Desktop/zam_ws/install/realsense2_camera_msgs/include/realsense2_camera_msgs/msg/detail/imu_info__struct.hpp
[1.355s] -- Up-to-date symlink: /home/jason/Desktop/zam_ws/install/realsense2_camera_msgs/include/realsense2_camera_msgs/msg/detail/imu_info__traits.hpp
[1.355s] -- Up-to-date symlink: /home/jason/Desktop/zam_ws/install/realsense2_camera_msgs/include/realsense2_camera_msgs/msg/detail/metadata__builder.hpp
[1.356s] -- Up-to-date symlink: /home/jason/Desktop/zam_ws/install/realsense2_camera_msgs/include/realsense2_camera_msgs/msg/detail/metadata__struct.hpp
[1.356s] -- Up-to-date symlink: /home/jason/Desktop/zam_ws/install/realsense2_camera_msgs/include/realsense2_camera_msgs/msg/detail/metadata__traits.hpp
[1.357s] -- Up-to-date symlink: /home/jason/Desktop/zam_ws/install/realsense2_camera_msgs/include/realsense2_camera_msgs/msg/extrinsics.hpp
[1.357s] -- Up-to-date symlink: /home/jason/Desktop/zam_ws/install/realsense2_camera_msgs/include/realsense2_camera_msgs/msg/imu_info.hpp
[1.358s] -- Up-to-date symlink: /home/jason/Desktop/zam_ws/install/realsense2_camera_msgs/include/realsense2_camera_msgs/msg/metadata.hpp
[1.358s] -- Up-to-date symlink: /home/jason/Desktop/zam_ws/install/realsense2_camera_msgs/include/realsense2_camera_msgs/srv/detail/device_info__builder.hpp
[1.358s] -- Up-to-date symlink: /home/jason/Desktop/zam_ws/install/realsense2_camera_msgs/include/realsense2_camera_msgs/srv/detail/device_info__struct.hpp
[1.358s] -- Up-to-date symlink: /home/jason/Desktop/zam_ws/install/realsense2_camera_msgs/include/realsense2_camera_msgs/srv/detail/device_info__traits.hpp
[1.359s] -- Up-to-date symlink: /home/jason/Desktop/zam_ws/install/realsense2_camera_msgs/include/realsense2_camera_msgs/srv/device_info.hpp
[1.365s] -- Up-to-date symlink: /home/jason/Desktop/zam_ws/install/realsense2_camera_msgs/include/realsense2_camera_msgs/msg/detail/extrinsics__rosidl_typesupport_introspection_cpp.hpp
[1.366s] -- Up-to-date symlink: /home/jason/Desktop/zam_ws/install/realsense2_camera_msgs/include/realsense2_camera_msgs/msg/detail/imu_info__rosidl_typesupport_introspection_cpp.hpp
[1.366s] -- Up-to-date symlink: /home/jason/Desktop/zam_ws/install/realsense2_camera_msgs/include/realsense2_camera_msgs/msg/detail/metadata__rosidl_typesupport_introspection_cpp.hpp
[1.366s] -- Up-to-date symlink: /home/jason/Desktop/zam_ws/install/realsense2_camera_msgs/include/realsense2_camera_msgs/srv/detail/device_info__rosidl_typesupport_introspection_cpp.hpp
[1.366s] -- Up-to-date symlink: /home/jason/Desktop/zam_ws/install/realsense2_camera_msgs/share/realsense2_camera_msgs/environment/pythonpath.sh
[1.367s] -- Up-to-date symlink: /home/jason/Desktop/zam_ws/install/realsense2_camera_msgs/share/realsense2_camera_msgs/environment/pythonpath.dsv
[1.368s] -- Up-to-date symlink: /home/jason/Desktop/zam_ws/install/realsense2_camera_msgs/lib/python3.8/site-packages/realsense2_camera_msgs/__init__.py
[1.369s] -- Up-to-date symlink: /home/jason/Desktop/zam_ws/install/realsense2_camera_msgs/lib/python3.8/site-packages/realsense2_camera_msgs/msg/__init__.py
[1.369s] -- Up-to-date symlink: /home/jason/Desktop/zam_ws/install/realsense2_camera_msgs/lib/python3.8/site-packages/realsense2_camera_msgs/msg/_extrinsics.py
[1.370s] -- Up-to-date symlink: /home/jason/Desktop/zam_ws/install/realsense2_camera_msgs/lib/python3.8/site-packages/realsense2_camera_msgs/msg/_imu_info.py
[1.370s] -- Up-to-date symlink: /home/jason/Desktop/zam_ws/install/realsense2_camera_msgs/lib/python3.8/site-packages/realsense2_camera_msgs/msg/_metadata.py
[1.371s] -- Up-to-date symlink: /home/jason/Desktop/zam_ws/install/realsense2_camera_msgs/lib/python3.8/site-packages/realsense2_camera_msgs/srv/__init__.py
[1.371s] -- Up-to-date symlink: /home/jason/Desktop/zam_ws/install/realsense2_camera_msgs/lib/python3.8/site-packages/realsense2_camera_msgs/srv/_device_info.py
[1.372s] -- Up-to-date symlink: /home/jason/Desktop/zam_ws/install/realsense2_camera_msgs/lib/python3.8/site-packages/realsense2_camera_msgs/realsense2_camera_msgs_s__rosidl_typesupport_fastrtps_c.cpython-38-x86_64-linux-gnu.so
[1.373s] -- Up-to-date symlink: /home/jason/Desktop/zam_ws/install/realsense2_camera_msgs/lib/python3.8/site-packages/realsense2_camera_msgs/realsense2_camera_msgs_s__rosidl_typesupport_introspection_c.cpython-38-x86_64-linux-gnu.so
[1.373s] -- Up-to-date symlink: /home/jason/Desktop/zam_ws/install/realsense2_camera_msgs/lib/python3.8/site-packages/realsense2_camera_msgs/realsense2_camera_msgs_s__rosidl_typesupport_c.cpython-38-x86_64-linux-gnu.so
[1.374s] -- Up-to-date symlink: /home/jason/Desktop/zam_ws/install/realsense2_camera_msgs/lib/librealsense2_camera_msgs__python.so
[1.375s] -- Up-to-date symlink: /home/jason/Desktop/zam_ws/install/realsense2_camera_msgs/share/realsense2_camera_msgs/msg/IMUInfo.idl
[1.375s] -- Up-to-date symlink: /home/jason/Desktop/zam_ws/install/realsense2_camera_msgs/share/realsense2_camera_msgs/msg/Extrinsics.idl
[1.376s] -- Up-to-date symlink: /home/jason/Desktop/zam_ws/install/realsense2_camera_msgs/share/realsense2_camera_msgs/msg/Metadata.idl
[1.376s] -- Up-to-date symlink: /home/jason/Desktop/zam_ws/install/realsense2_camera_msgs/share/realsense2_camera_msgs/srv/DeviceInfo.idl
[1.376s] -- Up-to-date symlink: /home/jason/Desktop/zam_ws/install/realsense2_camera_msgs/share/realsense2_camera_msgs/msg/IMUInfo.msg
[1.377s] -- Up-to-date symlink: /home/jason/Desktop/zam_ws/install/realsense2_camera_msgs/share/realsense2_camera_msgs/msg/Extrinsics.msg
[1.377s] -- Up-to-date symlink: /home/jason/Desktop/zam_ws/install/realsense2_camera_msgs/share/realsense2_camera_msgs/msg/Metadata.msg
[1.378s] -- Up-to-date symlink: /home/jason/Desktop/zam_ws/install/realsense2_camera_msgs/share/realsense2_camera_msgs/srv/DeviceInfo.srv
[1.378s] -- Up-to-date symlink: /home/jason/Desktop/zam_ws/install/realsense2_camera_msgs/share/realsense2_camera_msgs/srv/DeviceInfo_Request.msg
[1.379s] -- Up-to-date symlink: /home/jason/Desktop/zam_ws/install/realsense2_camera_msgs/share/realsense2_camera_msgs/srv/DeviceInfo_Response.msg
[1.380s] -- Up-to-date symlink: /home/jason/Desktop/zam_ws/install/realsense2_camera_msgs/share/ament_index/resource_index/package_run_dependencies/realsense2_camera_msgs
[1.380s] -- Up-to-date symlink: /home/jason/Desktop/zam_ws/install/realsense2_camera_msgs/share/ament_index/resource_index/parent_prefix_path/realsense2_camera_msgs
[1.381s] -- Up-to-date symlink: /home/jason/Desktop/zam_ws/install/realsense2_camera_msgs/share/realsense2_camera_msgs/environment/ament_prefix_path.sh
[1.381s] -- Up-to-date symlink: /home/jason/Desktop/zam_ws/install/realsense2_camera_msgs/share/realsense2_camera_msgs/environment/ament_prefix_path.dsv
[1.381s] -- Up-to-date symlink: /home/jason/Desktop/zam_ws/install/realsense2_camera_msgs/share/realsense2_camera_msgs/environment/path.sh
[1.382s] -- Up-to-date symlink: /home/jason/Desktop/zam_ws/install/realsense2_camera_msgs/share/realsense2_camera_msgs/environment/path.dsv
[1.382s] -- Up-to-date symlink: /home/jason/Desktop/zam_ws/install/realsense2_camera_msgs/share/realsense2_camera_msgs/local_setup.bash
[1.383s] -- Up-to-date symlink: /home/jason/Desktop/zam_ws/install/realsense2_camera_msgs/share/realsense2_camera_msgs/local_setup.sh
[1.383s] -- Up-to-date symlink: /home/jason/Desktop/zam_ws/install/realsense2_camera_msgs/share/realsense2_camera_msgs/local_setup.zsh
[1.384s] -- Up-to-date symlink: /home/jason/Desktop/zam_ws/install/realsense2_camera_msgs/share/realsense2_camera_msgs/local_setup.dsv
[1.384s] -- Symlinking: /home/jason/Desktop/zam_ws/install/realsense2_camera_msgs/share/realsense2_camera_msgs/package.dsv
[1.398s] -- Up-to-date symlink: /home/jason/Desktop/zam_ws/install/realsense2_camera_msgs/share/ament_index/resource_index/packages/realsense2_camera_msgs
[1.399s] -- Up-to-date symlink: /home/jason/Desktop/zam_ws/install/realsense2_camera_msgs/share/realsense2_camera_msgs/cmake/rosidl_cmake-extras.cmake
[1.399s] -- Up-to-date symlink: /home/jason/Desktop/zam_ws/install/realsense2_camera_msgs/share/realsense2_camera_msgs/cmake/ament_cmake_export_dependencies-extras.cmake
[1.400s] -- Up-to-date symlink: /home/jason/Desktop/zam_ws/install/realsense2_camera_msgs/share/realsense2_camera_msgs/cmake/ament_cmake_export_libraries-extras.cmake
[1.400s] -- Up-to-date symlink: /home/jason/Desktop/zam_ws/install/realsense2_camera_msgs/share/realsense2_camera_msgs/cmake/ament_cmake_export_targets-extras.cmake
[1.400s] -- Up-to-date symlink: /home/jason/Desktop/zam_ws/install/realsense2_camera_msgs/share/realsense2_camera_msgs/cmake/ament_cmake_export_include_directories-extras.cmake
[1.401s] -- Up-to-date symlink: /home/jason/Desktop/zam_ws/install/realsense2_camera_msgs/share/realsense2_camera_msgs/cmake/rosidl_cmake_export_typesupport_libraries-extras.cmake
[1.401s] -- Up-to-date symlink: /home/jason/Desktop/zam_ws/install/realsense2_camera_msgs/share/realsense2_camera_msgs/cmake/rosidl_cmake_export_typesupport_targets-extras.cmake
[1.402s] -- Up-to-date symlink: /home/jason/Desktop/zam_ws/install/realsense2_camera_msgs/share/realsense2_camera_msgs/cmake/realsense2_camera_msgsConfig.cmake
[1.402s] -- Up-to-date symlink: /home/jason/Desktop/zam_ws/install/realsense2_camera_msgs/share/realsense2_camera_msgs/cmake/realsense2_camera_msgsConfig-version.cmake
[1.402s] -- Up-to-date symlink: /home/jason/Desktop/zam_ws/install/realsense2_camera_msgs/share/realsense2_camera_msgs/package.xml
[1.403s] -- Up-to-date: /home/jason/Desktop/zam_ws/install/realsense2_camera_msgs/lib/librealsense2_camera_msgs__rosidl_generator_c.so
[1.404s] -- Up-to-date: /home/jason/Desktop/zam_ws/install/realsense2_camera_msgs/lib/librealsense2_camera_msgs__rosidl_typesupport_introspection_c.so
[1.404s] -- Up-to-date: /home/jason/Desktop/zam_ws/install/realsense2_camera_msgs/lib/librealsense2_camera_msgs__rosidl_typesupport_c.so
[1.405s] -- Up-to-date: /home/jason/Desktop/zam_ws/install/realsense2_camera_msgs/lib/librealsense2_camera_msgs__rosidl_typesupport_introspection_cpp.so
[1.406s] -- Up-to-date: /home/jason/Desktop/zam_ws/install/realsense2_camera_msgs/lib/librealsense2_camera_msgs__rosidl_typesupport_cpp.so
[1.464s] -- Up-to-date: /home/jason/Desktop/zam_ws/install/realsense2_camera_msgs/share/realsense2_camera_msgs/cmake/realsense2_camera_msgs__rosidl_generator_cExport.cmake
[1.464s] -- Up-to-date: /home/jason/Desktop/zam_ws/install/realsense2_camera_msgs/share/realsense2_camera_msgs/cmake/realsense2_camera_msgs__rosidl_generator_cExport-noconfig.cmake
[1.464s] -- Up-to-date: /home/jason/Desktop/zam_ws/install/realsense2_camera_msgs/share/realsense2_camera_msgs/cmake/realsense2_camera_msgs__rosidl_typesupport_introspection_cExport.cmake
[1.465s] -- Up-to-date: /home/jason/Desktop/zam_ws/install/realsense2_camera_msgs/share/realsense2_camera_msgs/cmake/realsense2_camera_msgs__rosidl_typesupport_introspection_cExport-noconfig.cmake
[1.465s] -- Up-to-date: /home/jason/Desktop/zam_ws/install/realsense2_camera_msgs/share/realsense2_camera_msgs/cmake/realsense2_camera_msgs__rosidl_typesupport_cExport.cmake
[1.465s] -- Up-to-date: /home/jason/Desktop/zam_ws/install/realsense2_camera_msgs/share/realsense2_camera_msgs/cmake/realsense2_camera_msgs__rosidl_typesupport_cExport-noconfig.cmake
[1.465s] -- Up-to-date: /home/jason/Desktop/zam_ws/install/realsense2_camera_msgs/share/realsense2_camera_msgs/cmake/realsense2_camera_msgs__rosidl_generator_cppExport.cmake
[1.465s] -- Up-to-date: /home/jason/Desktop/zam_ws/install/realsense2_camera_msgs/share/realsense2_camera_msgs/cmake/realsense2_camera_msgs__rosidl_typesupport_introspection_cppExport.cmake
[1.465s] -- Up-to-date: /home/jason/Desktop/zam_ws/install/realsense2_camera_msgs/share/realsense2_camera_msgs/cmake/realsense2_camera_msgs__rosidl_typesupport_introspection_cppExport-noconfig.cmake
[1.466s] -- Up-to-date: /home/jason/Desktop/zam_ws/install/realsense2_camera_msgs/share/realsense2_camera_msgs/cmake/realsense2_camera_msgs__rosidl_typesupport_cppExport.cmake
[1.466s] -- Up-to-date: /home/jason/Desktop/zam_ws/install/realsense2_camera_msgs/share/realsense2_camera_msgs/cmake/realsense2_camera_msgs__rosidl_typesupport_cppExport-noconfig.cmake
[1.469s] Invoked command in '/home/jason/Desktop/zam_ws/build/realsense2_camera_msgs' returned '0': CMAKE_PREFIX_PATH=${CMAKE_PREFIX_PATH}:/opt/ros/foxy /usr/bin/cmake --install /home/jason/Desktop/zam_ws/build/realsense2_camera_msgs
