[0.057s] Invoking command in '/home/jason/Desktop/zam_ws/build/realsense_msgs': CMAKE_PREFIX_PATH=/home/jason/Desktop/zam_ws/install/realsense_ros2:/home/jason/Desktop/zam_ws/install/realsense_examples:/home/jason/Desktop/zam_ws/install/realsense_node:/home/jason/Desktop/zam_ws/install/realsense_ros:/home/jason/Desktop/zam_ws/install/realsense_msgs:/home/jason/Desktop/zam_ws/install/keyboard_control:/home/jason/Desktop/zam_ws/install/zam_tools:/opt/ros/foxy:/home/jason/Desktop/zam_ws/install/realsense_gazebo_plugin:/home/jason/Desktop/zam_ws/install/realsense2_description:/home/jason/Desktop/zam_ws/install/realsense2_camera:/home/jason/Desktop/zam_ws/install/realsense2_camera_msgs:/home/jason/Desktop/zam_ws/install/launches:/home/jason/Desktop/zam_ws/install/autocar_nav:/home/jason/Desktop/zam_ws/install/autocar_msgs:/home/jason/Desktop/zam_ws/install/autocar_map:/home/jason/Desktop/zam_ws/install/autocar_gazebo:/home/jason/Desktop/zam_ws/install/autocar_description /usr/bin/cmake --build /home/jason/Desktop/zam_ws/build/realsense_msgs -- -j4 -l4
[0.234s] [  3%] Built target realsense_msgs__cpp
[0.249s] [ 12%] Built target realsense_msgs__rosidl_generator_c
[0.488s] [ 22%] Built target realsense_msgs__rosidl_typesupport_c
[0.489s] [ 32%] Built target realsense_msgs__rosidl_typesupport_fastrtps_cpp
[0.507s] [ 41%] Built target realsense_msgs__rosidl_typesupport_introspection_c
[0.549s] [ 51%] Built target realsense_msgs__rosidl_typesupport_cpp
[0.652s] [ 61%] Built target realsense_msgs__rosidl_typesupport_introspection_cpp
[0.687s] [ 70%] Built target realsense_msgs__rosidl_typesupport_fastrtps_c
[0.748s] [ 70%] Built target realsense_msgs
[0.802s] [ 74%] Built target realsense_msgs__py
[0.890s] [ 80%] Built target realsense_msgs__python
[1.003s] [ 87%] Built target realsense_msgs__rosidl_typesupport_c__pyext
[1.014s] [ 93%] Built target realsense_msgs__rosidl_typesupport_fastrtps_c__pyext
[1.052s] [100%] Built target realsense_msgs__rosidl_typesupport_introspection_c__pyext
[1.139s] Invoked command in '/home/jason/Desktop/zam_ws/build/realsense_msgs' returned '0': CMAKE_PREFIX_PATH=/home/jason/Desktop/zam_ws/install/realsense_ros2:/home/jason/Desktop/zam_ws/install/realsense_examples:/home/jason/Desktop/zam_ws/install/realsense_node:/home/jason/Desktop/zam_ws/install/realsense_ros:/home/jason/Desktop/zam_ws/install/realsense_msgs:/home/jason/Desktop/zam_ws/install/keyboard_control:/home/jason/Desktop/zam_ws/install/zam_tools:/opt/ros/foxy:/home/jason/Desktop/zam_ws/install/realsense_gazebo_plugin:/home/jason/Desktop/zam_ws/install/realsense2_description:/home/jason/Desktop/zam_ws/install/realsense2_camera:/home/jason/Desktop/zam_ws/install/realsense2_camera_msgs:/home/jason/Desktop/zam_ws/install/launches:/home/jason/Desktop/zam_ws/install/autocar_nav:/home/jason/Desktop/zam_ws/install/autocar_msgs:/home/jason/Desktop/zam_ws/install/autocar_map:/home/jason/Desktop/zam_ws/install/autocar_gazebo:/home/jason/Desktop/zam_ws/install/autocar_description /usr/bin/cmake --build /home/jason/Desktop/zam_ws/build/realsense_msgs -- -j4 -l4
[1.370s] Invoking command in '/home/jason/Desktop/zam_ws/build/realsense_msgs': CMAKE_PREFIX_PATH=/home/jason/Desktop/zam_ws/install/realsense_ros2:/home/jason/Desktop/zam_ws/install/realsense_examples:/home/jason/Desktop/zam_ws/install/realsense_node:/home/jason/Desktop/zam_ws/install/realsense_ros:/home/jason/Desktop/zam_ws/install/realsense_msgs:/home/jason/Desktop/zam_ws/install/keyboard_control:/home/jason/Desktop/zam_ws/install/zam_tools:/opt/ros/foxy:/home/jason/Desktop/zam_ws/install/realsense_gazebo_plugin:/home/jason/Desktop/zam_ws/install/realsense2_description:/home/jason/Desktop/zam_ws/install/realsense2_camera:/home/jason/Desktop/zam_ws/install/realsense2_camera_msgs:/home/jason/Desktop/zam_ws/install/launches:/home/jason/Desktop/zam_ws/install/autocar_nav:/home/jason/Desktop/zam_ws/install/autocar_msgs:/home/jason/Desktop/zam_ws/install/autocar_map:/home/jason/Desktop/zam_ws/install/autocar_gazebo:/home/jason/Desktop/zam_ws/install/autocar_description /usr/bin/cmake --install /home/jason/Desktop/zam_ws/build/realsense_msgs
[1.408s] -- Install configuration: ""
[1.408s] -- Execute custom install script
[1.408s] -- Up-to-date symlink: /home/jason/Desktop/zam_ws/install/realsense_msgs/share/ament_index/resource_index/rosidl_interfaces/realsense_msgs
[1.408s] -- Up-to-date symlink: /home/jason/Desktop/zam_ws/install/realsense_msgs/include/realsense_msgs/msg/detail/imu_info__functions.h
[1.408s] -- Up-to-date symlink: /home/jason/Desktop/zam_ws/install/realsense_msgs/include/realsense_msgs/msg/detail/imu_info__struct.h
[1.409s] -- Up-to-date symlink: /home/jason/Desktop/zam_ws/install/realsense_msgs/include/realsense_msgs/msg/detail/imu_info__type_support.h
[1.409s] -- Up-to-date symlink: /home/jason/Desktop/zam_ws/install/realsense_msgs/include/realsense_msgs/msg/imu_info.h
[1.409s] -- Up-to-date symlink: /home/jason/Desktop/zam_ws/install/realsense_msgs/include/realsense_msgs/msg/rosidl_generator_c__visibility_control.h
[1.409s] -- Up-to-date symlink: /home/jason/Desktop/zam_ws/install/realsense_msgs/share/realsense_msgs/environment/library_path.sh
[1.409s] -- Up-to-date symlink: /home/jason/Desktop/zam_ws/install/realsense_msgs/share/realsense_msgs/environment/library_path.dsv
[1.409s] -- Up-to-date symlink: /home/jason/Desktop/zam_ws/install/realsense_msgs/include/realsense_msgs/msg/detail/imu_info__rosidl_typesupport_fastrtps_c.h
[1.409s] -- Up-to-date symlink: /home/jason/Desktop/zam_ws/install/realsense_msgs/include/realsense_msgs/msg/rosidl_typesupport_fastrtps_c__visibility_control.h
[1.409s] -- Up-to-date symlink: /home/jason/Desktop/zam_ws/install/realsense_msgs/lib/librealsense_msgs__rosidl_typesupport_fastrtps_c.so
[1.409s] -- Up-to-date symlink: /home/jason/Desktop/zam_ws/install/realsense_msgs/include/realsense_msgs/msg/detail/imu_info__rosidl_typesupport_fastrtps_cpp.hpp
[1.410s] -- Up-to-date symlink: /home/jason/Desktop/zam_ws/install/realsense_msgs/include/realsense_msgs/msg/rosidl_typesupport_fastrtps_cpp__visibility_control.h
[1.410s] -- Up-to-date symlink: /home/jason/Desktop/zam_ws/install/realsense_msgs/lib/librealsense_msgs__rosidl_typesupport_fastrtps_cpp.so
[1.410s] -- Up-to-date symlink: /home/jason/Desktop/zam_ws/install/realsense_msgs/include/realsense_msgs/msg/detail/imu_info__rosidl_typesupport_introspection_c.h
[1.410s] -- Up-to-date symlink: /home/jason/Desktop/zam_ws/install/realsense_msgs/include/realsense_msgs/msg/rosidl_typesupport_introspection_c__visibility_control.h
[1.410s] -- Up-to-date symlink: /home/jason/Desktop/zam_ws/install/realsense_msgs/include/realsense_msgs/msg/detail/imu_info__builder.hpp
[1.410s] -- Up-to-date symlink: /home/jason/Desktop/zam_ws/install/realsense_msgs/include/realsense_msgs/msg/detail/imu_info__struct.hpp
[1.410s] -- Up-to-date symlink: /home/jason/Desktop/zam_ws/install/realsense_msgs/include/realsense_msgs/msg/detail/imu_info__traits.hpp
[1.411s] -- Up-to-date symlink: /home/jason/Desktop/zam_ws/install/realsense_msgs/include/realsense_msgs/msg/imu_info.hpp
[1.411s] -- Up-to-date symlink: /home/jason/Desktop/zam_ws/install/realsense_msgs/include/realsense_msgs/msg/detail/imu_info__rosidl_typesupport_introspection_cpp.hpp
[1.412s] -- Up-to-date symlink: /home/jason/Desktop/zam_ws/install/realsense_msgs/share/realsense_msgs/environment/pythonpath.sh
[1.412s] -- Up-to-date symlink: /home/jason/Desktop/zam_ws/install/realsense_msgs/share/realsense_msgs/environment/pythonpath.dsv
[1.413s] -- Up-to-date symlink: /home/jason/Desktop/zam_ws/install/realsense_msgs/lib/python3.8/site-packages/realsense_msgs/__init__.py
[1.414s] -- Up-to-date symlink: /home/jason/Desktop/zam_ws/install/realsense_msgs/lib/python3.8/site-packages/realsense_msgs/msg/__init__.py
[1.414s] -- Up-to-date symlink: /home/jason/Desktop/zam_ws/install/realsense_msgs/lib/python3.8/site-packages/realsense_msgs/msg/_imu_info.py
[1.415s] -- Up-to-date symlink: /home/jason/Desktop/zam_ws/install/realsense_msgs/lib/python3.8/site-packages/realsense_msgs/realsense_msgs_s__rosidl_typesupport_fastrtps_c.cpython-38-x86_64-linux-gnu.so
[1.418s] -- Up-to-date symlink: /home/jason/Desktop/zam_ws/install/realsense_msgs/lib/python3.8/site-packages/realsense_msgs/realsense_msgs_s__rosidl_typesupport_introspection_c.cpython-38-x86_64-linux-gnu.so
[1.423s] -- Up-to-date symlink: /home/jason/Desktop/zam_ws/install/realsense_msgs/lib/python3.8/site-packages/realsense_msgs/realsense_msgs_s__rosidl_typesupport_c.cpython-38-x86_64-linux-gnu.so
[1.426s] -- Up-to-date symlink: /home/jason/Desktop/zam_ws/install/realsense_msgs/lib/librealsense_msgs__python.so
[1.426s] -- Up-to-date symlink: /home/jason/Desktop/zam_ws/install/realsense_msgs/share/realsense_msgs/msg/IMUInfo.idl
[1.426s] -- Up-to-date symlink: /home/jason/Desktop/zam_ws/install/realsense_msgs/share/realsense_msgs/msg/IMUInfo.msg
[1.427s] -- Up-to-date symlink: /home/jason/Desktop/zam_ws/install/realsense_msgs/share/ament_index/resource_index/package_run_dependencies/realsense_msgs
[1.427s] -- Up-to-date symlink: /home/jason/Desktop/zam_ws/install/realsense_msgs/share/ament_index/resource_index/parent_prefix_path/realsense_msgs
[1.430s] -- Up-to-date symlink: /home/jason/Desktop/zam_ws/install/realsense_msgs/share/realsense_msgs/environment/ament_prefix_path.sh
[1.430s] -- Up-to-date symlink: /home/jason/Desktop/zam_ws/install/realsense_msgs/share/realsense_msgs/environment/ament_prefix_path.dsv
[1.431s] -- Up-to-date symlink: /home/jason/Desktop/zam_ws/install/realsense_msgs/share/realsense_msgs/environment/path.sh
[1.431s] -- Up-to-date symlink: /home/jason/Desktop/zam_ws/install/realsense_msgs/share/realsense_msgs/environment/path.dsv
[1.431s] -- Up-to-date symlink: /home/jason/Desktop/zam_ws/install/realsense_msgs/share/realsense_msgs/local_setup.bash
[1.431s] -- Up-to-date symlink: /home/jason/Desktop/zam_ws/install/realsense_msgs/share/realsense_msgs/local_setup.sh
[1.431s] -- Up-to-date symlink: /home/jason/Desktop/zam_ws/install/realsense_msgs/share/realsense_msgs/local_setup.zsh
[1.431s] -- Up-to-date symlink: /home/jason/Desktop/zam_ws/install/realsense_msgs/share/realsense_msgs/local_setup.dsv
[1.431s] -- Symlinking: /home/jason/Desktop/zam_ws/install/realsense_msgs/share/realsense_msgs/package.dsv
[1.456s] -- Up-to-date symlink: /home/jason/Desktop/zam_ws/install/realsense_msgs/share/ament_index/resource_index/packages/realsense_msgs
[1.456s] -- Up-to-date symlink: /home/jason/Desktop/zam_ws/install/realsense_msgs/share/realsense_msgs/cmake/rosidl_cmake-extras.cmake
[1.456s] -- Up-to-date symlink: /home/jason/Desktop/zam_ws/install/realsense_msgs/share/realsense_msgs/cmake/ament_cmake_export_dependencies-extras.cmake
[1.456s] -- Up-to-date symlink: /home/jason/Desktop/zam_ws/install/realsense_msgs/share/realsense_msgs/cmake/ament_cmake_export_libraries-extras.cmake
[1.456s] -- Up-to-date symlink: /home/jason/Desktop/zam_ws/install/realsense_msgs/share/realsense_msgs/cmake/ament_cmake_export_targets-extras.cmake
[1.456s] -- Up-to-date symlink: /home/jason/Desktop/zam_ws/install/realsense_msgs/share/realsense_msgs/cmake/ament_cmake_export_include_directories-extras.cmake
[1.456s] -- Up-to-date symlink: /home/jason/Desktop/zam_ws/install/realsense_msgs/share/realsense_msgs/cmake/rosidl_cmake_export_typesupport_libraries-extras.cmake
[1.457s] -- Up-to-date symlink: /home/jason/Desktop/zam_ws/install/realsense_msgs/share/realsense_msgs/cmake/rosidl_cmake_export_typesupport_targets-extras.cmake
[1.457s] -- Up-to-date symlink: /home/jason/Desktop/zam_ws/install/realsense_msgs/share/realsense_msgs/cmake/realsense_msgsConfig.cmake
[1.457s] -- Up-to-date symlink: /home/jason/Desktop/zam_ws/install/realsense_msgs/share/realsense_msgs/cmake/realsense_msgsConfig-version.cmake
[1.457s] -- Up-to-date symlink: /home/jason/Desktop/zam_ws/install/realsense_msgs/share/realsense_msgs/package.xml
[1.458s] -- Up-to-date: /home/jason/Desktop/zam_ws/install/realsense_msgs/lib/librealsense_msgs__rosidl_generator_c.so
[1.458s] -- Up-to-date: /home/jason/Desktop/zam_ws/install/realsense_msgs/lib/librealsense_msgs__rosidl_typesupport_introspection_c.so
[1.460s] -- Up-to-date: /home/jason/Desktop/zam_ws/install/realsense_msgs/lib/librealsense_msgs__rosidl_typesupport_c.so
[1.460s] -- Up-to-date: /home/jason/Desktop/zam_ws/install/realsense_msgs/lib/librealsense_msgs__rosidl_typesupport_introspection_cpp.so
[1.478s] -- Up-to-date: /home/jason/Desktop/zam_ws/install/realsense_msgs/lib/librealsense_msgs__rosidl_typesupport_cpp.so
[1.539s] -- Up-to-date: /home/jason/Desktop/zam_ws/install/realsense_msgs/share/realsense_msgs/cmake/realsense_msgs__rosidl_generator_cExport.cmake
[1.539s] -- Up-to-date: /home/jason/Desktop/zam_ws/install/realsense_msgs/share/realsense_msgs/cmake/realsense_msgs__rosidl_generator_cExport-noconfig.cmake
[1.539s] -- Up-to-date: /home/jason/Desktop/zam_ws/install/realsense_msgs/share/realsense_msgs/cmake/realsense_msgs__rosidl_typesupport_introspection_cExport.cmake
[1.539s] -- Up-to-date: /home/jason/Desktop/zam_ws/install/realsense_msgs/share/realsense_msgs/cmake/realsense_msgs__rosidl_typesupport_introspection_cExport-noconfig.cmake
[1.540s] -- Up-to-date: /home/jason/Desktop/zam_ws/install/realsense_msgs/share/realsense_msgs/cmake/realsense_msgs__rosidl_typesupport_cExport.cmake
[1.540s] -- Up-to-date: /home/jason/Desktop/zam_ws/install/realsense_msgs/share/realsense_msgs/cmake/realsense_msgs__rosidl_typesupport_cExport-noconfig.cmake
[1.540s] -- Up-to-date: /home/jason/Desktop/zam_ws/install/realsense_msgs/share/realsense_msgs/cmake/realsense_msgs__rosidl_generator_cppExport.cmake
[1.540s] -- Up-to-date: /home/jason/Desktop/zam_ws/install/realsense_msgs/share/realsense_msgs/cmake/realsense_msgs__rosidl_typesupport_introspection_cppExport.cmake
[1.540s] -- Up-to-date: /home/jason/Desktop/zam_ws/install/realsense_msgs/share/realsense_msgs/cmake/realsense_msgs__rosidl_typesupport_introspection_cppExport-noconfig.cmake
[1.540s] -- Up-to-date: /home/jason/Desktop/zam_ws/install/realsense_msgs/share/realsense_msgs/cmake/realsense_msgs__rosidl_typesupport_cppExport.cmake
[1.541s] -- Up-to-date: /home/jason/Desktop/zam_ws/install/realsense_msgs/share/realsense_msgs/cmake/realsense_msgs__rosidl_typesupport_cppExport-noconfig.cmake
[1.600s] Invoked command in '/home/jason/Desktop/zam_ws/build/realsense_msgs' returned '0': CMAKE_PREFIX_PATH=/home/jason/Desktop/zam_ws/install/realsense_ros2:/home/jason/Desktop/zam_ws/install/realsense_examples:/home/jason/Desktop/zam_ws/install/realsense_node:/home/jason/Desktop/zam_ws/install/realsense_ros:/home/jason/Desktop/zam_ws/install/realsense_msgs:/home/jason/Desktop/zam_ws/install/keyboard_control:/home/jason/Desktop/zam_ws/install/zam_tools:/opt/ros/foxy:/home/jason/Desktop/zam_ws/install/realsense_gazebo_plugin:/home/jason/Desktop/zam_ws/install/realsense2_description:/home/jason/Desktop/zam_ws/install/realsense2_camera:/home/jason/Desktop/zam_ws/install/realsense2_camera_msgs:/home/jason/Desktop/zam_ws/install/launches:/home/jason/Desktop/zam_ws/install/autocar_nav:/home/jason/Desktop/zam_ws/install/autocar_msgs:/home/jason/Desktop/zam_ws/install/autocar_map:/home/jason/Desktop/zam_ws/install/autocar_gazebo:/home/jason/Desktop/zam_ws/install/autocar_description /usr/bin/cmake --install /home/jason/Desktop/zam_ws/build/realsense_msgs
