[0.061s] Invoking command in '/home/jason/Desktop/zam_ws/build/autocar_gazebo': CMAKE_PREFIX_PATH=${CMAKE_PREFIX_PATH}:/opt/ros/foxy /usr/bin/cmake /home/jason/Desktop/zam_ws/src/AutoCarROS2/autocar_gazebo -DAMENT_CMAKE_SYMLINK_INSTALL=1 -DCMAKE_INSTALL_PREFIX=/home/jason/Desktop/zam_ws/install/autocar_gazebo
[0.173s] -- Found ament_cmake: 0.9.11 (/opt/ros/foxy/share/ament_cmake/cmake)
[0.227s] -- Using PYTHON_EXECUTABLE: /usr/bin/python3
[0.792s] -- Override CMake install command with custom implementation using symlinks instead of copying resources
[0.808s] -- Found ament_lint_auto: 0.9.7 (/opt/ros/foxy/share/ament_lint_auto/cmake)
[1.034s] -- Added test 'copyright' to check source files copyright and LICENSE
[1.039s] -- Added test 'lint_cmake' to check CMake code style
[1.044s] -- Added test 'xmllint' to check XML markup files
[1.051s] -- Configuring done
[1.059s] -- Generating done
[1.069s] -- Build files have been written to: /home/jason/Desktop/zam_ws/build/autocar_gazebo
[1.081s] Invoked command in '/home/jason/Desktop/zam_ws/build/autocar_gazebo' returned '0': CMAKE_PREFIX_PATH=${CMAKE_PREFIX_PATH}:/opt/ros/foxy /usr/bin/cmake /home/jason/Desktop/zam_ws/src/AutoCarROS2/autocar_gazebo -DAMENT_CMAKE_SYMLINK_INSTALL=1 -DCMAKE_INSTALL_PREFIX=/home/jason/Desktop/zam_ws/install/autocar_gazebo
[1.093s] Invoking command in '/home/jason/Desktop/zam_ws/build/autocar_gazebo': CMAKE_PREFIX_PATH=${CMAKE_PREFIX_PATH}:/opt/ros/foxy /usr/bin/cmake --build /home/jason/Desktop/zam_ws/build/autocar_gazebo -- -j4 -l4
[1.222s] Invoked command in '/home/jason/Desktop/zam_ws/build/autocar_gazebo' returned '0': CMAKE_PREFIX_PATH=${CMAKE_PREFIX_PATH}:/opt/ros/foxy /usr/bin/cmake --build /home/jason/Desktop/zam_ws/build/autocar_gazebo -- -j4 -l4
[1.408s] Invoking command in '/home/jason/Desktop/zam_ws/build/autocar_gazebo': CMAKE_PREFIX_PATH=${CMAKE_PREFIX_PATH}:/opt/ros/foxy /usr/bin/cmake --install /home/jason/Desktop/zam_ws/build/autocar_gazebo
[1.437s] -- Install configuration: ""
[1.437s] -- Execute custom install script
[1.438s] -- Symlinking: /home/jason/Desktop/zam_ws/install/autocar_gazebo/share/autocar_gazebo/worlds/autocar.world
[1.468s] -- Symlinking: /home/jason/Desktop/zam_ws/install/autocar_gazebo/share/autocar_gazebo/worlds/autocar_city.world
[1.483s] -- Symlinking: /home/jason/Desktop/zam_ws/install/autocar_gazebo/share/autocar_gazebo/worlds/autocar_spawn.world
[1.500s] -- Symlinking: /home/jason/Desktop/zam_ws/install/autocar_gazebo/share/autocar_gazebo/worlds/empty.world
[1.544s] -- Symlinking: /home/jason/Desktop/zam_ws/install/autocar_gazebo/share/autocar_gazebo/worlds/populated_road.world
[1.594s] -- Symlinking: /home/jason/Desktop/zam_ws/install/autocar_gazebo/share/autocar_gazebo/worlds/road.world
[1.619s] -- Symlinking: /home/jason/.gazebo/models/autocar/meshes/bl_1.stl
[1.644s] -- Symlinking: /home/jason/.gazebo/models/autocar/meshes/br_1.stl
[1.665s] -- Symlinking: /home/jason/.gazebo/models/autocar/meshes/burger_base.dae
[1.682s] -- Symlinking: /home/jason/.gazebo/models/autocar/meshes/chassis_link.stl
[1.701s] -- Symlinking: /home/jason/.gazebo/models/autocar/meshes/fl_1.stl
[1.712s] -- Symlinking: /home/jason/.gazebo/models/autocar/meshes/fr_1.stl
[1.727s] -- Symlinking: /home/jason/.gazebo/models/autocar/meshes/hokuyo.dae
[1.742s] -- Symlinking: /home/jason/.gazebo/models/autocar/meshes/lds.dae
[1.757s] -- Symlinking: /home/jason/.gazebo/models/autocar/meshes/spoiler.stl
[1.787s] -- Symlinking: /home/jason/.gazebo/models/autocar/meshes/tire.dae
[1.803s] -- Symlinking: /home/jason/.gazebo/models/autocar/model.config
[1.820s] -- Symlinking: /home/jason/.gazebo/models/autocar/model.sdf
[1.865s] -- Symlinking: /home/jason/Desktop/zam_ws/install/autocar_gazebo/share/ament_index/resource_index/package_run_dependencies/autocar_gazebo
[1.881s] -- Symlinking: /home/jason/Desktop/zam_ws/install/autocar_gazebo/share/ament_index/resource_index/parent_prefix_path/autocar_gazebo
[1.909s] -- Symlinking: /home/jason/Desktop/zam_ws/install/autocar_gazebo/share/autocar_gazebo/environment/ament_prefix_path.sh
[1.942s] -- Symlinking: /home/jason/Desktop/zam_ws/install/autocar_gazebo/share/autocar_gazebo/environment/ament_prefix_path.dsv
[1.970s] -- Symlinking: /home/jason/Desktop/zam_ws/install/autocar_gazebo/share/autocar_gazebo/environment/path.sh
[1.998s] -- Symlinking: /home/jason/Desktop/zam_ws/install/autocar_gazebo/share/autocar_gazebo/environment/path.dsv
[2.035s] -- Symlinking: /home/jason/Desktop/zam_ws/install/autocar_gazebo/share/autocar_gazebo/local_setup.bash
[2.078s] -- Symlinking: /home/jason/Desktop/zam_ws/install/autocar_gazebo/share/autocar_gazebo/local_setup.sh
[2.115s] -- Symlinking: /home/jason/Desktop/zam_ws/install/autocar_gazebo/share/autocar_gazebo/local_setup.zsh
[2.141s] -- Symlinking: /home/jason/Desktop/zam_ws/install/autocar_gazebo/share/autocar_gazebo/local_setup.dsv
[2.163s] -- Symlinking: /home/jason/Desktop/zam_ws/install/autocar_gazebo/share/autocar_gazebo/package.dsv
[2.181s] -- Symlinking: /home/jason/Desktop/zam_ws/install/autocar_gazebo/share/ament_index/resource_index/packages/autocar_gazebo
[2.201s] -- Symlinking: /home/jason/Desktop/zam_ws/install/autocar_gazebo/share/autocar_gazebo/cmake/autocar_gazeboConfig.cmake
[2.226s] -- Symlinking: /home/jason/Desktop/zam_ws/install/autocar_gazebo/share/autocar_gazebo/cmake/autocar_gazeboConfig-version.cmake
[2.256s] -- Symlinking: /home/jason/Desktop/zam_ws/install/autocar_gazebo/share/autocar_gazebo/package.xml
[2.335s] Invoked command in '/home/jason/Desktop/zam_ws/build/autocar_gazebo' returned '0': CMAKE_PREFIX_PATH=${CMAKE_PREFIX_PATH}:/opt/ros/foxy /usr/bin/cmake --install /home/jason/Desktop/zam_ws/build/autocar_gazebo
