[0.071s] Invoking command in '/home/jason/Desktop/zam_ws/build/realsense_gazebo_plugin': /usr/bin/cmake /home/jason/Desktop/zam_ws/src/realsense_gazebo_plugin -DCATKIN_INSTALL_INTO_PREFIX_ROOT=0 -DCATKIN_SYMLINK_INSTALL=ON -DCMAKE_INSTALL_PREFIX=/home/jason/Desktop/zam_ws/install/realsense_gazebo_plugin
[0.150s] -- Found ament_cmake: 0.9.11 (/opt/ros/foxy/share/ament_cmake/cmake)
[0.246s] -- Found PythonInterp: /usr/bin/python3 (found suitable version "3.8.10", minimum required is "3") 
[0.246s] -- Using PYTHON_EXECUTABLE: /usr/bin/python3
[1.390s] -- Found rclcpp: 2.4.2 (/opt/ros/foxy/share/rclcpp/cmake)
[1.649s] -- Using all available rosidl_typesupport_c: rosidl_typesupport_fastrtps_c;rosidl_typesupport_introspection_c
[1.678s] -- Found rosidl_adapter: 1.3.0 (/opt/ros/foxy/share/rosidl_adapter/cmake)
[2.326s] -- Found OpenSSL: /usr/lib/x86_64-linux-gnu/libcrypto.so (found version "1.1.1f")  
[2.421s] -- Found FastRTPS: /opt/ros/foxy/include  
[2.727s] -- Using all available rosidl_typesupport_cpp: rosidl_typesupport_fastrtps_cpp;rosidl_typesupport_introspection_cpp
[3.080s] -- Found rmw_implementation_cmake: 1.0.3 (/opt/ros/foxy/share/rmw_implementation_cmake/cmake)
[3.087s] -- Using RMW implementation 'rmw_fastrtps_cpp' as default
[3.101s] -- Looking for pthread.h
[3.328s] -- Looking for pthread.h - found
[3.328s] -- Performing Test CMAKE_HAVE_LIBC_PTHREAD
[3.468s] -- Performing Test CMAKE_HAVE_LIBC_PTHREAD - Failed
[3.469s] -- Looking for pthread_create in pthreads
[3.593s] -- Looking for pthread_create in pthreads - not found
[3.593s] -- Looking for pthread_create in pthread
[3.749s] -- Looking for pthread_create in pthread - found
[3.750s] -- Found Threads: TRUE  
[4.190s] -- Found gazebo_ros: 3.5.3 (/opt/ros/foxy/share/gazebo_ros/cmake)
[4.215s] -- Found PkgConfig: /usr/bin/pkg-config (found version "0.29.1") 
[4.218s] -- Checking for module 'bullet>=2.82'
[4.256s] --   Found bullet, version 2.88
[4.559s] -- Found ccd: /usr/include (found suitable version "2.0", minimum required is "2.0") 
[4.684s] -- Found fcl: /usr/include (found suitable version "0.5.0", minimum required is "0.3.2") 
[4.865s] -- Found assimp: /usr/include (found version "5.0.0") 
[4.921s] -- Found DART: /usr/include (Required is at least version "6.6") found components: dart 
[4.992s] -- Found Boost: /usr/lib/x86_64-linux-gnu/cmake/Boost-1.71.0/BoostConfig.cmake (found suitable version "1.71.0", minimum required is "1.40.0") found components: thread system filesystem program_options regex iostreams date_time 
[5.039s] -- Found Protobuf: /usr/lib/x86_64-linux-gnu/libprotobuf.so;-lpthread (found version "3.6.1") 
[5.052s] -- Looking for ignition-math6 -- found version 6.13.0
[5.074s] -- Searching for dependencies of ignition-math6
[5.080s] -- Looking for OGRE...
[5.081s] -- OGRE_PREFIX_WATCH changed.
[5.096s] -- Checking for module 'OGRE'
[5.131s] --   Found OGRE, version 1.9.0
[5.244s] -- Found Ogre Ghadamon (1.9.0)
[5.275s] -- Found OGRE: optimized;/usr/lib/x86_64-linux-gnu/libOgreMain.so;debug;/usr/lib/x86_64-linux-gnu/libOgreMain.so
[5.296s] -- Looking for OGRE_Paging...
[5.322s] -- Found OGRE_Paging: optimized;/usr/lib/x86_64-linux-gnu/libOgrePaging.so;debug;/usr/lib/x86_64-linux-gnu/libOgrePaging.so
[5.322s] -- Looking for OGRE_Terrain...
[5.340s] -- Found OGRE_Terrain: optimized;/usr/lib/x86_64-linux-gnu/libOgreTerrain.so;debug;/usr/lib/x86_64-linux-gnu/libOgreTerrain.so
[5.341s] -- Looking for OGRE_Property...
[5.360s] -- Found OGRE_Property: optimized;/usr/lib/x86_64-linux-gnu/libOgreProperty.so;debug;/usr/lib/x86_64-linux-gnu/libOgreProperty.so
[5.360s] -- Looking for OGRE_RTShaderSystem...
[5.377s] -- Found OGRE_RTShaderSystem: optimized;/usr/lib/x86_64-linux-gnu/libOgreRTShaderSystem.so;debug;/usr/lib/x86_64-linux-gnu/libOgreRTShaderSystem.so
[5.377s] -- Looking for OGRE_Volume...
[5.402s] -- Found OGRE_Volume: optimized;/usr/lib/x86_64-linux-gnu/libOgreVolume.so;debug;/usr/lib/x86_64-linux-gnu/libOgreVolume.so
[5.402s] -- Looking for OGRE_Overlay...
[5.423s] -- Found OGRE_Overlay: optimized;/usr/lib/x86_64-linux-gnu/libOgreOverlay.so;debug;/usr/lib/x86_64-linux-gnu/libOgreOverlay.so
[5.824s] -- Looking for ignition-math6 -- found version 6.13.0
[5.834s] -- Looking for ignition-transport8 -- found version 8.3.0
[5.834s] -- Searching for dependencies of ignition-transport8
[5.873s] -- Found Protobuf: /usr/lib/x86_64-linux-gnu/libprotobuf.so;-lpthread (found suitable version "3.6.1", minimum required is "3") 
[5.908s] -- Config-file not installed for ZeroMQ -- checking for pkg-config
[5.918s] -- Checking for module 'libzmq >= 4'
[5.950s] --   Found libzmq , version 4.3.2
[6.061s] -- Found ZeroMQ: TRUE (Required is at least version "4") 
[6.078s] -- Checking for module 'uuid'
[6.112s] --   Found uuid, version 2.34.0
[6.219s] -- Found UUID: TRUE  
[6.239s] -- Looking for ignition-msgs5 -- found version 5.10.0
[6.239s] -- Searching for dependencies of ignition-msgs5
[6.278s] -- Looking for ignition-math6 -- found version 6.13.0
[6.306s] -- Checking for module 'tinyxml2'
[6.363s] --   Found tinyxml2, version 6.2.0
[6.452s] -- Looking for ignition-msgs5 -- found version 5.10.0
[6.458s] -- Looking for ignition-common3 -- found version 3.14.2
[6.460s] -- Searching for dependencies of ignition-common3
[6.461s] -- Looking for dlfcn.h - found
[6.464s] -- Looking for libdl - found
[6.472s] -- Found DL: TRUE  
[6.486s] -- Searching for <ignition-common3> component [graphics]
[6.491s] -- Looking for ignition-common3-graphics -- found version 3.14.2
[6.492s] -- Searching for dependencies of ignition-common3-graphics
[6.492s] -- Looking for ignition-math6 -- found version 6.13.0
[6.501s] -- Looking for ignition-fuel_tools4 -- found version 4.6.0
[6.502s] -- Searching for dependencies of ignition-fuel_tools4
[6.729s] -- Found CURL: /usr/lib/x86_64-linux-gnu/libcurl.so (found version "7.68.0")  
[6.748s] -- Checking for module 'jsoncpp'
[6.791s] --   Found jsoncpp, version 1.7.4
[6.880s] -- Found JSONCPP: TRUE  
[6.888s] -- Checking for module 'libzip'
[6.916s] --   Found libzip, version 1.5.1
[7.034s] -- Found ZIP: TRUE  
[7.037s] -- Looking for ignition-common3 -- found version 3.14.2
[7.040s] -- Looking for ignition-math6 -- found version 6.13.0
[7.041s] -- Looking for ignition-msgs5 -- found version 5.10.0
[7.046s] -- Gazebo version: 11.11
[7.064s] -- Found image_transport: 2.4.0 (/opt/ros/foxy/share/image_transport/cmake)
[7.584s] -- Found camera_info_manager: 2.4.0 (/opt/ros/foxy/share/camera_info_manager/cmake)
[7.647s] -- Setting yaml-cpp_DIR to: '/opt/ros/foxy/share/yaml_cpp_vendor/cmake/../../../opt/yaml_cpp_vendor/lib/cmake/yaml-cpp'
[7.927s] -- Found ament_lint_auto: 0.9.7 (/opt/ros/foxy/share/ament_lint_auto/cmake)
[8.078s] -- Configuring done
[8.253s] -- Generating done
[8.258s] -- Build files have been written to: /home/jason/Desktop/zam_ws/build/realsense_gazebo_plugin
[8.273s] Invoked command in '/home/jason/Desktop/zam_ws/build/realsense_gazebo_plugin' returned '0': /usr/bin/cmake /home/jason/Desktop/zam_ws/src/realsense_gazebo_plugin -DCATKIN_INSTALL_INTO_PREFIX_ROOT=0 -DCATKIN_SYMLINK_INSTALL=ON -DCMAKE_INSTALL_PREFIX=/home/jason/Desktop/zam_ws/install/realsense_gazebo_plugin
[8.279s] Invoking command in '/home/jason/Desktop/zam_ws/build/realsense_gazebo_plugin': /usr/bin/cmake --build /home/jason/Desktop/zam_ws/build/realsense_gazebo_plugin -- -j4 -l4
[8.430s] [35m[1mScanning dependencies of target realsense_gazebo_plugin[0m
[9.087s] [ 33%] [32mBuilding CXX object CMakeFiles/realsense_gazebo_plugin.dir/src/RealSensePlugin.cpp.o[0m
[9.087s] [ 66%] [32mBuilding CXX object CMakeFiles/realsense_gazebo_plugin.dir/src/gazebo_ros_realsense.cpp.o[0m
[45.827s] [100%] [32m[1mLinking CXX shared library librealsense_gazebo_plugin.so[0m
[48.327s] [100%] Built target realsense_gazebo_plugin
[48.364s] Invoked command in '/home/jason/Desktop/zam_ws/build/realsense_gazebo_plugin' returned '0': /usr/bin/cmake --build /home/jason/Desktop/zam_ws/build/realsense_gazebo_plugin -- -j4 -l4
[48.529s] Invoking command in '/home/jason/Desktop/zam_ws/build/realsense_gazebo_plugin': /usr/bin/cmake --install /home/jason/Desktop/zam_ws/build/realsense_gazebo_plugin
[48.544s] -- Install configuration: ""
[48.544s] -- Installing: /home/jason/Desktop/zam_ws/install/realsense_gazebo_plugin/lib/librealsense_gazebo_plugin.so
[48.551s] -- Set runtime path of "/home/jason/Desktop/zam_ws/install/realsense_gazebo_plugin/lib/librealsense_gazebo_plugin.so" to ""
[48.551s] -- Installing: /home/jason/Desktop/zam_ws/install/realsense_gazebo_plugin/include/
[48.551s] -- Installing: /home/jason/Desktop/zam_ws/install/realsense_gazebo_plugin/include//realsense_gazebo_plugin
[48.551s] -- Installing: /home/jason/Desktop/zam_ws/install/realsense_gazebo_plugin/include//realsense_gazebo_plugin/gazebo_ros_realsense.h
[48.552s] -- Installing: /home/jason/Desktop/zam_ws/install/realsense_gazebo_plugin/include//realsense_gazebo_plugin/RealSensePlugin.h
[48.552s] -- Installing: /home/jason/Desktop/zam_ws/install/realsense_gazebo_plugin/share/realsense_gazebo_plugin/environment/library_path.sh
[48.552s] -- Installing: /home/jason/Desktop/zam_ws/install/realsense_gazebo_plugin/share/realsense_gazebo_plugin/environment/library_path.dsv
[48.552s] -- Installing: /home/jason/Desktop/zam_ws/install/realsense_gazebo_plugin/share/ament_index/resource_index/package_run_dependencies/realsense_gazebo_plugin
[48.553s] -- Installing: /home/jason/Desktop/zam_ws/install/realsense_gazebo_plugin/share/ament_index/resource_index/parent_prefix_path/realsense_gazebo_plugin
[48.553s] -- Installing: /home/jason/Desktop/zam_ws/install/realsense_gazebo_plugin/share/realsense_gazebo_plugin/environment/ament_prefix_path.sh
[48.553s] -- Installing: /home/jason/Desktop/zam_ws/install/realsense_gazebo_plugin/share/realsense_gazebo_plugin/environment/ament_prefix_path.dsv
[48.554s] -- Installing: /home/jason/Desktop/zam_ws/install/realsense_gazebo_plugin/share/realsense_gazebo_plugin/environment/path.sh
[48.554s] -- Installing: /home/jason/Desktop/zam_ws/install/realsense_gazebo_plugin/share/realsense_gazebo_plugin/environment/path.dsv
[48.554s] -- Installing: /home/jason/Desktop/zam_ws/install/realsense_gazebo_plugin/share/realsense_gazebo_plugin/local_setup.bash
[48.555s] -- Installing: /home/jason/Desktop/zam_ws/install/realsense_gazebo_plugin/share/realsense_gazebo_plugin/local_setup.sh
[48.555s] -- Installing: /home/jason/Desktop/zam_ws/install/realsense_gazebo_plugin/share/realsense_gazebo_plugin/local_setup.zsh
[48.555s] -- Installing: /home/jason/Desktop/zam_ws/install/realsense_gazebo_plugin/share/realsense_gazebo_plugin/local_setup.dsv
[48.556s] -- Installing: /home/jason/Desktop/zam_ws/install/realsense_gazebo_plugin/share/realsense_gazebo_plugin/package.dsv
[48.556s] -- Installing: /home/jason/Desktop/zam_ws/install/realsense_gazebo_plugin/share/ament_index/resource_index/packages/realsense_gazebo_plugin
[48.556s] -- Installing: /home/jason/Desktop/zam_ws/install/realsense_gazebo_plugin/share/realsense_gazebo_plugin/cmake/ament_cmake_export_include_directories-extras.cmake
[48.557s] -- Installing: /home/jason/Desktop/zam_ws/install/realsense_gazebo_plugin/share/realsense_gazebo_plugin/cmake/ament_cmake_export_libraries-extras.cmake
[48.558s] -- Installing: /home/jason/Desktop/zam_ws/install/realsense_gazebo_plugin/share/realsense_gazebo_plugin/cmake/realsense_gazebo_pluginConfig.cmake
[48.558s] -- Installing: /home/jason/Desktop/zam_ws/install/realsense_gazebo_plugin/share/realsense_gazebo_plugin/cmake/realsense_gazebo_pluginConfig-version.cmake
[48.559s] -- Installing: /home/jason/Desktop/zam_ws/install/realsense_gazebo_plugin/share/realsense_gazebo_plugin/package.xml
[48.562s] Invoked command in '/home/jason/Desktop/zam_ws/build/realsense_gazebo_plugin' returned '0': /usr/bin/cmake --install /home/jason/Desktop/zam_ws/build/realsense_gazebo_plugin
