[0.036s] Invoking command in '/home/jason/Desktop/zam_ws/build/realsense_ros': AMENT_PREFIX_PATH=/home/jason/Desktop/zam_ws/install/realsense_msgs:${AMENT_PREFIX_PATH} CMAKE_PREFIX_PATH=/home/jason/Desktop/zam_ws/install/realsense_msgs:/home/jason/Desktop/zam_ws/install/keyboard_control:/home/jason/Desktop/zam_ws/install/zam_tools:/opt/ros/foxy:${CMAKE_PREFIX_PATH} LD_LIBRARY_PATH=/home/jason/Desktop/zam_ws/install/realsense_msgs/lib:${LD_LIBRARY_PATH} PYTHONPATH=/home/jason/Desktop/zam_ws/install/realsense_msgs/lib/python3.8/site-packages:${PYTHONPATH} /usr/bin/cmake /home/jason/Desktop/zam_ws/src/ros2_intel_realsense/realsense_ros -DAMENT_CMAKE_SYMLINK_INSTALL=1 -DCMAKE_INSTALL_PREFIX=/home/jason/Desktop/zam_ws/install/realsense_ros
[0.163s] -- The C compiler identification is GNU 9.4.0
[0.275s] -- The CXX compiler identification is GNU 9.4.0
[0.284s] -- Check for working C compiler: /usr/bin/cc
[0.409s] -- Check for working C compiler: /usr/bin/cc -- works
[0.410s] -- Detecting C compiler ABI info
[0.618s] -- Detecting C compiler ABI info - done
[0.641s] -- Detecting C compile features
[0.642s] -- Detecting C compile features - done
[0.647s] -- Check for working CXX compiler: /usr/bin/c++
[0.804s] -- Check for working CXX compiler: /usr/bin/c++ -- works
[0.804s] -- Detecting CXX compiler ABI info
[0.986s] -- Detecting CXX compiler ABI info - done
[1.007s] -- Detecting CXX compile features
[1.008s] -- Detecting CXX compile features - done
[1.009s] -- Create Debug Build.
[1.013s] -- Found ament_cmake: 0.9.11 (/opt/ros/foxy/share/ament_cmake/cmake)
[1.056s] -- Found PythonInterp: /usr/bin/python3 (found suitable version "3.8.10", minimum required is "3") 
[1.056s] -- Using PYTHON_EXECUTABLE: /usr/bin/python3
[1.401s] -- Override CMake install command with custom implementation using symlinks instead of copying resources
[1.452s] -- Found rclcpp: 2.4.2 (/opt/ros/foxy/share/rclcpp/cmake)
[1.555s] -- Using all available rosidl_typesupport_c: rosidl_typesupport_fastrtps_c;rosidl_typesupport_introspection_c
[1.570s] -- Found rosidl_adapter: 1.3.0 (/opt/ros/foxy/share/rosidl_adapter/cmake)
[1.720s] -- Found OpenSSL: /usr/lib/x86_64-linux-gnu/libcrypto.so (found version "1.1.1f")  
[1.774s] -- Found FastRTPS: /opt/ros/foxy/include  
[1.922s] -- Using all available rosidl_typesupport_cpp: rosidl_typesupport_fastrtps_cpp;rosidl_typesupport_introspection_cpp
[2.034s] -- Found rmw_implementation_cmake: 1.0.3 (/opt/ros/foxy/share/rmw_implementation_cmake/cmake)
[2.037s] -- Using RMW implementation 'rmw_fastrtps_cpp' as default
[2.038s] -- Looking for pthread.h
[2.166s] -- Looking for pthread.h - found
[2.166s] -- Performing Test CMAKE_HAVE_LIBC_PTHREAD
[2.307s] -- Performing Test CMAKE_HAVE_LIBC_PTHREAD - Failed
[2.307s] -- Looking for pthread_create in pthreads
[2.401s] -- Looking for pthread_create in pthreads - not found
[2.401s] -- Looking for pthread_create in pthread
[2.503s] -- Looking for pthread_create in pthread - found
[2.505s] -- Found Threads: TRUE  
[2.879s] -- Found rclcpp_components: 2.4.2 (/opt/ros/foxy/share/rclcpp_components/cmake)
[3.004s] -- Found nav_msgs: 2.0.5 (/opt/ros/foxy/share/nav_msgs/cmake)
[3.188s] -- Found sensor_msgs: 2.0.5 (/opt/ros/foxy/share/sensor_msgs/cmake)
[3.317s] -- Found OpenCV: /usr (found version "4.2.0") 
[3.321s] -- Found tf2: 0.13.13 (/opt/ros/foxy/share/tf2/cmake)
[3.334s] -- Found tf2_ros: 0.13.13 (/opt/ros/foxy/share/tf2_ros/cmake)
[3.781s] -- Found realsense_msgs: 2.0.8 (/home/jason/Desktop/zam_ws/install/realsense_msgs/share/realsense_msgs/cmake)
[3.835s] -- Found ament_lint_auto: 0.9.7 (/opt/ros/foxy/share/ament_lint_auto/cmake)
[3.977s] -- Found gtest sources under '/opt/ros/foxy/src/gtest_vendor': C++ tests using 'Google Test' will be built
[3.982s] -- Check if compiler accepts -pthread
[4.083s] -- Check if compiler accepts -pthread - yes
[4.097s] -- Added test 'copyright' to check source files copyright and LICENSE
[4.099s] -- Added test 'cppcheck' to perform static code analysis on C / C++ code
[4.100s] -- Configured cppcheck include dirs: /home/jason/Desktop/zam_ws/src/ros2_intel_realsense/realsense_ros/include
[4.100s] -- Configured cppcheck exclude dirs and/or files: 
[4.102s] -- Added test 'cpplint' to check C / C++ code against the Google style
[4.102s] -- Configured cpplint exclude dirs and/or files: 
[4.103s] -- Added test 'lint_cmake' to check CMake code style
[4.107s] -- Added test 'uncrustify' to check C / C++ code style
[4.107s] -- Configured uncrustify additional arguments: 
[4.108s] -- Added test 'xmllint' to check XML markup files
[4.116s] -- Configuring done
[4.176s] -- Generating done
[4.178s] -- Build files have been written to: /home/jason/Desktop/zam_ws/build/realsense_ros
[4.206s] Invoked command in '/home/jason/Desktop/zam_ws/build/realsense_ros' returned '0': AMENT_PREFIX_PATH=/home/jason/Desktop/zam_ws/install/realsense_msgs:${AMENT_PREFIX_PATH} CMAKE_PREFIX_PATH=/home/jason/Desktop/zam_ws/install/realsense_msgs:/home/jason/Desktop/zam_ws/install/keyboard_control:/home/jason/Desktop/zam_ws/install/zam_tools:/opt/ros/foxy:${CMAKE_PREFIX_PATH} LD_LIBRARY_PATH=/home/jason/Desktop/zam_ws/install/realsense_msgs/lib:${LD_LIBRARY_PATH} PYTHONPATH=/home/jason/Desktop/zam_ws/install/realsense_msgs/lib/python3.8/site-packages:${PYTHONPATH} /usr/bin/cmake /home/jason/Desktop/zam_ws/src/ros2_intel_realsense/realsense_ros -DAMENT_CMAKE_SYMLINK_INSTALL=1 -DCMAKE_INSTALL_PREFIX=/home/jason/Desktop/zam_ws/install/realsense_ros
[4.213s] Invoking command in '/home/jason/Desktop/zam_ws/build/realsense_ros': AMENT_PREFIX_PATH=/home/jason/Desktop/zam_ws/install/realsense_msgs:${AMENT_PREFIX_PATH} CMAKE_PREFIX_PATH=/home/jason/Desktop/zam_ws/install/realsense_msgs:/home/jason/Desktop/zam_ws/install/keyboard_control:/home/jason/Desktop/zam_ws/install/zam_tools:/opt/ros/foxy:${CMAKE_PREFIX_PATH} LD_LIBRARY_PATH=/home/jason/Desktop/zam_ws/install/realsense_msgs/lib:${LD_LIBRARY_PATH} PYTHONPATH=/home/jason/Desktop/zam_ws/install/realsense_msgs/lib/python3.8/site-packages:${PYTHONPATH} /usr/bin/cmake --build /home/jason/Desktop/zam_ws/build/realsense_ros -- -j4 -l4
[4.281s] [35m[1mScanning dependencies of target gtest[0m
[4.314s] [  8%] [32mBuilding CXX object gtest/CMakeFiles/gtest.dir/src/gtest-all.cc.o[0m
[8.482s] [ 16%] [32m[1mLinking CXX static library libgtest.a[0m
[8.555s] [ 16%] Built target gtest
[8.568s] [35m[1mScanning dependencies of target gtest_main[0m
[8.572s] [35m[1mScanning dependencies of target realsense_ros[0m
[8.593s] [ 25%] [32mBuilding CXX object gtest/CMakeFiles/gtest_main.dir/src/gtest_main.cc.o[0m
[8.822s] [ 33%] [32mBuilding CXX object CMakeFiles/realsense_ros.dir/src/rs_factory.cpp.o[0m
[8.869s] [ 41%] [32mBuilding CXX object CMakeFiles/realsense_ros.dir/src/rs_base.cpp.o[0m
[9.897s] [ 50%] [32mBuilding CXX object CMakeFiles/realsense_ros.dir/src/rs_d435.cpp.o[0m
[10.151s] [ 58%] [32m[1mLinking CXX static library libgtest_main.a[0m
[10.213s] [ 58%] Built target gtest_main
[11.236s] [ 66%] [32mBuilding CXX object CMakeFiles/realsense_ros.dir/src/rs_d435i.cpp.o[0m
[14.888s] [01m[K/home/jason/Desktop/zam_ws/src/ros2_intel_realsense/realsense_ros/src/rs_base.cpp:[m[K In constructor ‘[01m[Krealsense::RealSenseBase::RealSenseBase(rs2::context, rs2::device, rclcpp::Node&)[m[K’:
[14.888s] [01m[K/home/jason/Desktop/zam_ws/src/ros2_intel_realsense/realsense_ros/src/rs_base.cpp:45:29:[m[K [01;35m[Kwarning: [m[K‘[01m[Krclcpp::Node::OnParametersSetCallbackType rclcpp::Node::set_on_parameters_set_callback(rclcpp::Node::OnParametersSetCallbackType)[m[K’ is deprecated: use add_on_set_parameters_callback(OnParametersSetCallbackType callback) instead [[01;35m[K-Wdeprecated-declarations[m[K]
[14.888s]    45 |       std::placeholders::_1)[01;35m[K)[m[K;
[14.888s]       |                             [01;35m[K^[m[K
[14.889s] In file included from [01m[K/opt/ros/foxy/include/rclcpp/executors/single_threaded_executor.hpp:28[m[K,
[14.889s]                  from [01m[K/opt/ros/foxy/include/rclcpp/executors.hpp:22[m[K,
[14.889s]                  from [01m[K/opt/ros/foxy/include/rclcpp/rclcpp.hpp:146[m[K,
[14.889s]                  from [01m[K/home/jason/Desktop/zam_ws/src/ros2_intel_realsense/realsense_ros/include/realsense/rs_base.hpp:22[m[K,
[14.889s]                  from [01m[K/home/jason/Desktop/zam_ws/src/ros2_intel_realsense/realsense_ros/src/rs_base.cpp:21[m[K:
[14.889s] [01m[K/opt/ros/foxy/include/rclcpp/node.hpp:866:3:[m[K [01;36m[Knote: [m[Kdeclared here
[14.889s]   866 |   [01;36m[Kset_on_parameters_set_callback[m[K(rclcpp::Node::OnParametersSetCallbackType callback);
[14.889s]       |   [01;36m[K^~~~~~~~~~~~~~~~~~~~~~~~~~~~~~[m[K
[24.514s] [ 75%] [32mBuilding CXX object CMakeFiles/realsense_ros.dir/src/rs_t265.cpp.o[0m
[30.647s] [ 83%] [32m[1mLinking CXX shared library librealsense_ros.so[0m
[32.074s] [ 83%] Built target realsense_ros
[32.092s] [35m[1mScanning dependencies of target camera_core[0m
[32.177s] [ 91%] [32mBuilding CXX object CMakeFiles/camera_core.dir/tests/camera_core.cpp.o[0m
[36.406s] [01m[K/home/jason/Desktop/zam_ws/src/ros2_intel_realsense/realsense_ros/tests/camera_core.cpp:[m[K In function ‘[01m[Kvoid getMsgInfo(rs2_stream, const ConstSharedPtr&)[m[K’:
[36.406s] [01m[K/home/jason/Desktop/zam_ws/src/ros2_intel_realsense/realsense_ros/tests/camera_core.cpp:88:86:[m[K [01;35m[Kwarning: [m[Kformat not a string literal and no format arguments [[01;35m[K-Wformat-security[m[K]
[36.406s]    88 |   snprintf(g_encoding_recv[stream], msg->encoding.length() + 1, msg->encoding.c_str()[01;35m[K)[m[K;
[36.407s]       |                                                                                      [01;35m[K^[m[K
[36.408s] [01m[K/home/jason/Desktop/zam_ws/src/ros2_intel_realsense/realsense_ros/tests/camera_core.cpp:[m[K In function ‘[01m[Kvoid getCameraInfo(rs2_stream, sensor_msgs::msg::CameraInfo_<std::allocator<void> >::SharedPtr)[m[K’:
[36.408s] [01m[K/home/jason/Desktop/zam_ws/src/ros2_intel_realsense/realsense_ros/tests/camera_core.cpp:101:39:[m[K [01;35m[Kwarning: [m[Kformat not a string literal and no format arguments [[01;35m[K-Wformat-security[m[K]
[36.408s]   101 |     info_msg->distortion_model.c_str()[01;35m[K)[m[K;
[36.409s]       |                                       [01;35m[K^[m[K
[46.758s] [100%] [32m[1mLinking CXX executable camera_core[0m
[48.239s] [100%] Built target camera_core
[48.258s] Invoked command in '/home/jason/Desktop/zam_ws/build/realsense_ros' returned '0': AMENT_PREFIX_PATH=/home/jason/Desktop/zam_ws/install/realsense_msgs:${AMENT_PREFIX_PATH} CMAKE_PREFIX_PATH=/home/jason/Desktop/zam_ws/install/realsense_msgs:/home/jason/Desktop/zam_ws/install/keyboard_control:/home/jason/Desktop/zam_ws/install/zam_tools:/opt/ros/foxy:${CMAKE_PREFIX_PATH} LD_LIBRARY_PATH=/home/jason/Desktop/zam_ws/install/realsense_msgs/lib:${LD_LIBRARY_PATH} PYTHONPATH=/home/jason/Desktop/zam_ws/install/realsense_msgs/lib/python3.8/site-packages:${PYTHONPATH} /usr/bin/cmake --build /home/jason/Desktop/zam_ws/build/realsense_ros -- -j4 -l4
[48.306s] Invoking command in '/home/jason/Desktop/zam_ws/build/realsense_ros': AMENT_PREFIX_PATH=/home/jason/Desktop/zam_ws/install/realsense_msgs:${AMENT_PREFIX_PATH} CMAKE_PREFIX_PATH=/home/jason/Desktop/zam_ws/install/realsense_msgs:/home/jason/Desktop/zam_ws/install/keyboard_control:/home/jason/Desktop/zam_ws/install/zam_tools:/opt/ros/foxy:${CMAKE_PREFIX_PATH} LD_LIBRARY_PATH=/home/jason/Desktop/zam_ws/install/realsense_msgs/lib:${LD_LIBRARY_PATH} PYTHONPATH=/home/jason/Desktop/zam_ws/install/realsense_msgs/lib/python3.8/site-packages:${PYTHONPATH} /usr/bin/cmake --install /home/jason/Desktop/zam_ws/build/realsense_ros
[48.321s] -- Install configuration: ""
[48.322s] -- Execute custom install script
[48.323s] -- Symlinking: /home/jason/Desktop/zam_ws/install/realsense_ros/lib/librealsense_ros.so
[48.335s] -- Symlinking: /home/jason/Desktop/zam_ws/install/realsense_ros/include/realsense/rs_base.hpp
[48.348s] -- Symlinking: /home/jason/Desktop/zam_ws/install/realsense_ros/include/realsense/rs_constants.hpp
[48.359s] -- Symlinking: /home/jason/Desktop/zam_ws/install/realsense_ros/include/realsense/rs_d435.hpp
[48.371s] -- Symlinking: /home/jason/Desktop/zam_ws/install/realsense_ros/include/realsense/rs_d435i.hpp
[48.382s] -- Symlinking: /home/jason/Desktop/zam_ws/install/realsense_ros/include/realsense/rs_factory.hpp
[48.393s] -- Symlinking: /home/jason/Desktop/zam_ws/install/realsense_ros/include/realsense/rs_t265.hpp
[48.405s] -- Symlinking: /home/jason/Desktop/zam_ws/install/realsense_ros/share/realsense_ros/environment/library_path.sh
[48.415s] -- Symlinking: /home/jason/Desktop/zam_ws/install/realsense_ros/share/realsense_ros/environment/library_path.dsv
[48.426s] -- Symlinking: /home/jason/Desktop/zam_ws/install/realsense_ros/share/ament_index/resource_index/package_run_dependencies/realsense_ros
[48.439s] -- Symlinking: /home/jason/Desktop/zam_ws/install/realsense_ros/share/ament_index/resource_index/parent_prefix_path/realsense_ros
[48.451s] -- Symlinking: /home/jason/Desktop/zam_ws/install/realsense_ros/share/realsense_ros/environment/ament_prefix_path.sh
[48.462s] -- Symlinking: /home/jason/Desktop/zam_ws/install/realsense_ros/share/realsense_ros/environment/ament_prefix_path.dsv
[48.475s] -- Symlinking: /home/jason/Desktop/zam_ws/install/realsense_ros/share/realsense_ros/environment/path.sh
[48.488s] -- Symlinking: /home/jason/Desktop/zam_ws/install/realsense_ros/share/realsense_ros/environment/path.dsv
[48.500s] -- Symlinking: /home/jason/Desktop/zam_ws/install/realsense_ros/share/realsense_ros/local_setup.bash
[48.511s] -- Symlinking: /home/jason/Desktop/zam_ws/install/realsense_ros/share/realsense_ros/local_setup.sh
[48.524s] -- Symlinking: /home/jason/Desktop/zam_ws/install/realsense_ros/share/realsense_ros/local_setup.zsh
[48.535s] -- Symlinking: /home/jason/Desktop/zam_ws/install/realsense_ros/share/realsense_ros/local_setup.dsv
[48.546s] -- Symlinking: /home/jason/Desktop/zam_ws/install/realsense_ros/share/realsense_ros/package.dsv
[48.557s] -- Symlinking: /home/jason/Desktop/zam_ws/install/realsense_ros/share/ament_index/resource_index/packages/realsense_ros
[48.569s] -- Symlinking: /home/jason/Desktop/zam_ws/install/realsense_ros/share/ament_index/resource_index/rclcpp_components/realsense_ros
[48.582s] -- Symlinking: /home/jason/Desktop/zam_ws/install/realsense_ros/share/realsense_ros/cmake/ament_cmake_export_include_directories-extras.cmake
[48.593s] -- Symlinking: /home/jason/Desktop/zam_ws/install/realsense_ros/share/realsense_ros/cmake/ament_cmake_export_libraries-extras.cmake
[48.604s] -- Symlinking: /home/jason/Desktop/zam_ws/install/realsense_ros/share/realsense_ros/cmake/realsense_rosConfig.cmake
[48.615s] -- Symlinking: /home/jason/Desktop/zam_ws/install/realsense_ros/share/realsense_ros/cmake/realsense_rosConfig-version.cmake
[48.626s] -- Symlinking: /home/jason/Desktop/zam_ws/install/realsense_ros/share/realsense_ros/package.xml
[48.644s] Invoked command in '/home/jason/Desktop/zam_ws/build/realsense_ros' returned '0': AMENT_PREFIX_PATH=/home/jason/Desktop/zam_ws/install/realsense_msgs:${AMENT_PREFIX_PATH} CMAKE_PREFIX_PATH=/home/jason/Desktop/zam_ws/install/realsense_msgs:/home/jason/Desktop/zam_ws/install/keyboard_control:/home/jason/Desktop/zam_ws/install/zam_tools:/opt/ros/foxy:${CMAKE_PREFIX_PATH} LD_LIBRARY_PATH=/home/jason/Desktop/zam_ws/install/realsense_msgs/lib:${LD_LIBRARY_PATH} PYTHONPATH=/home/jason/Desktop/zam_ws/install/realsense_msgs/lib/python3.8/site-packages:${PYTHONPATH} /usr/bin/cmake --install /home/jason/Desktop/zam_ws/build/realsense_ros
