[1.559s] Invoking command in '/home/jason/Desktop/zam_ws/build/keyboard_control': PYTHONPATH=/home/jason/Desktop/zam_ws/build/keyboard_control/prefix_override:/home/jason/Desktop/zam_ws/install/keyboard_control/lib/python3.8/site-packages:${PYTHONPATH} /usr/bin/python3 setup.py develop --editable --build-directory /home/jason/Desktop/zam_ws/build/keyboard_control/build --no-deps install_data
[2.118s] running develop
[2.312s] running egg_info
[2.315s] writing keyboard_control.egg-info/PKG-INFO
[2.315s] writing dependency_links to keyboard_control.egg-info/dependency_links.txt
[2.315s] writing entry points to keyboard_control.egg-info/entry_points.txt
[2.315s] writing requirements to keyboard_control.egg-info/requires.txt
[2.315s] writing top-level names to keyboard_control.egg-info/top_level.txt
[2.316s] reading manifest file 'keyboard_control.egg-info/SOURCES.txt'
[2.321s] writing manifest file 'keyboard_control.egg-info/SOURCES.txt'
[2.370s] running build_ext
[2.417s] Creating /home/jason/Desktop/zam_ws/install/keyboard_control/lib/python3.8/site-packages/site.py
[2.423s] Creating /home/jason/Desktop/zam_ws/install/keyboard_control/lib/python3.8/site-packages/keyboard-control.egg-link (link to .)
[2.423s] Installing keyboard script to /home/jason/Desktop/zam_ws/install/keyboard_control/lib/keyboard_control
[2.423s] 
[2.423s] Installed /home/jason/Desktop/zam_ws/build/keyboard_control
[2.423s] running install_data
[2.423s] creating /home/jason/Desktop/zam_ws/install/keyboard_control/share/ament_index
[2.424s] creating /home/jason/Desktop/zam_ws/install/keyboard_control/share/ament_index/resource_index
[2.424s] creating /home/jason/Desktop/zam_ws/install/keyboard_control/share/ament_index/resource_index/packages
[2.424s] copying resource/keyboard_control -> /home/jason/Desktop/zam_ws/install/keyboard_control/share/ament_index/resource_index/packages
[2.424s] copying package.xml -> /home/jason/Desktop/zam_ws/install/keyboard_control/share/keyboard_control
[2.464s] Invoked command in '/home/jason/Desktop/zam_ws/build/keyboard_control' returned '0': PYTHONPATH=/home/jason/Desktop/zam_ws/build/keyboard_control/prefix_override:/home/jason/Desktop/zam_ws/install/keyboard_control/lib/python3.8/site-packages:${PYTHONPATH} /usr/bin/python3 setup.py develop --editable --build-directory /home/jason/Desktop/zam_ws/build/keyboard_control/build --no-deps install_data
